OpenROAD 26Q1-2900-gdf79404cd8 
Features included (+) or not (-): +GPU +GUI +Python
This program is licensed under the BSD-3 license. See the LICENSE file for details.
Components of this program may be licensed under more restrictive licenses which must be honored.
[INFO ORD-0030] Using 8 thread(s).
read_liberty /OpenROAD-flow-scripts/flow/platforms/nangate45/lib/NangateOpenCellLibrary_typical.lib
read_liberty /OpenROAD-flow-scripts/flow/platforms/nangate45/lib/fakeram45_256x16.lib
read_db ./results/nangate45/ariane133/base/3_3_place_gp.odb
read_sdc ./results/nangate45/ariane133/base/2_floorplan.sdc
source /OpenROAD-flow-scripts/flow/platforms/nangate45/setRC.tcl
estimate_parasitics -placement
Took 10 seconds: estimate_parasitics -placement
Perform buffer insertion and gate resizing...
repair_design -verbose
Iteration |   Area    | Resized | Buffers | Nets repaired | Remaining
---------------------------------------------------------------------
        0 |     +0.0% |       0 |       0 |             0 |    199191
     1000 |     +0.0% |       0 |       0 |             0 |    198191
     2000 |     +0.0% |       0 |       0 |             0 |    197191
     3000 |     +0.0% |       0 |       0 |             0 |    196191
     4000 |     +0.0% |       0 |       0 |             0 |    195191
     5000 |     +0.0% |       0 |       0 |             0 |    194191
     6000 |     +0.0% |       0 |       0 |             0 |    193191
     7000 |     +0.0% |       0 |       0 |             0 |    192191
     8000 |     +0.0% |       0 |       0 |             0 |    191191
     9000 |     +0.0% |       0 |       0 |             0 |    190191
    10000 |     +0.0% |       0 |       0 |             0 |    189191
    11000 |     +0.0% |       0 |       0 |             0 |    188191
    12000 |     +0.0% |       0 |       0 |             0 |    187191
    13000 |     +0.0% |       0 |       0 |             0 |    186191
    14000 |     +0.0% |       0 |       0 |             0 |    185191
    15000 |     +0.0% |       0 |       0 |             0 |    184191
    16000 |     +0.0% |       0 |       0 |             0 |    183191
    17000 |     +0.0% |       0 |       0 |             0 |    182191
    18000 |     +0.0% |       0 |       0 |             0 |    181191
    19000 |     +0.0% |       0 |       0 |             0 |    180191
    20000 |     +0.0% |       0 |       0 |             0 |    179191
    21000 |     +0.0% |       0 |       0 |             0 |    178191
    22000 |     +0.0% |       0 |       0 |             0 |    177191
    23000 |     +0.0% |       0 |       0 |             0 |    176191
    24000 |     +0.0% |       0 |       0 |             0 |    175191
    25000 |     +0.0% |       0 |       0 |             0 |    174191
    26000 |     +0.0% |       0 |       4 |             4 |    173191
    27000 |     +0.0% |       0 |      14 |            14 |    172191
    28000 |     +0.0% |       0 |      14 |            14 |    171191
    29000 |     +0.0% |       0 |      14 |            14 |    170191
    30000 |     +0.0% |       0 |      14 |            22 |    169191
    31000 |     +0.0% |       0 |      21 |            33 |    168191
    32000 |     +0.0% |       0 |      24 |            36 |    167191
    33000 |     +0.0% |       0 |      28 |            42 |    166191
    34000 |     +0.0% |       0 |      28 |            42 |    165191
    35000 |     +0.0% |       0 |      39 |            53 |    164191
    36000 |     +0.0% |       0 |      39 |            53 |    163191
    37000 |     +0.0% |       0 |      50 |            64 |    162191
    38000 |     +0.0% |       0 |      50 |            64 |    161191
    39000 |     +0.0% |       0 |      59 |            73 |    160191
    40000 |     +0.0% |       0 |      62 |            76 |    159191
    41000 |     +0.0% |       0 |      62 |            76 |    158191
    42000 |     +0.0% |       0 |      62 |            76 |    157191
    43000 |     +0.0% |       0 |      62 |            76 |    156191
    44000 |     +0.0% |       0 |      62 |            76 |    155191
    45000 |     +0.0% |       0 |      62 |            76 |    154191
    46000 |     +0.0% |       0 |      62 |            76 |    153191
    47000 |     +0.0% |       0 |      62 |            76 |    152191
    48000 |     +0.0% |       0 |      65 |            79 |    151191
    49000 |     +0.0% |       0 |      67 |            81 |    150191
    50000 |     +0.0% |       0 |      67 |            81 |    149191
    51000 |     +0.0% |       0 |      71 |            85 |    148191
    52000 |     +0.0% |       0 |      71 |            85 |    147191
    53000 |     +0.0% |       1 |      72 |            86 |    146191
    54000 |     +0.0% |       1 |      73 |            87 |    145191
    55000 |     +0.0% |       1 |      73 |            87 |    144191
    56000 |     +0.0% |       1 |      73 |            87 |    143191
    57000 |     +0.0% |       1 |      73 |            87 |    142191
    58000 |     +0.0% |       1 |      74 |            88 |    141191
    59000 |     +0.0% |       1 |      74 |            88 |    140191
    60000 |     +0.0% |       1 |      74 |            88 |    139191
    61000 |     +0.0% |       1 |      75 |            89 |    138191
    62000 |     +0.0% |       1 |      75 |            89 |    137191
    63000 |     +0.0% |       1 |      75 |            89 |    136191
    64000 |     +0.0% |       1 |      75 |            89 |    135191
    65000 |     +0.0% |       1 |      75 |            89 |    134191
    66000 |     +0.0% |       1 |      75 |            89 |    133191
    67000 |     +0.0% |       1 |      75 |            89 |    132191
    68000 |     +0.0% |       1 |      75 |            89 |    131191
    69000 |     +0.0% |       1 |      75 |            89 |    130191
    70000 |     +0.0% |       1 |      75 |            89 |    129191
    71000 |     +0.0% |       1 |      75 |            89 |    128191
    72000 |     +0.0% |       1 |      94 |           108 |    127191
    73000 |     +0.0% |       1 |      94 |           108 |    126191
    74000 |     +0.0% |       1 |      94 |           108 |    125191
    75000 |     +0.0% |       1 |      94 |           108 |    124191
    76000 |     +0.0% |       1 |      94 |           108 |    123191
    77000 |     +0.0% |       1 |     111 |           125 |    122191
    78000 |     +0.0% |       1 |     111 |           125 |    121191
    79000 |     +0.0% |       1 |     121 |           135 |    120191
    80000 |     +0.0% |       1 |     121 |           135 |    119191
    81000 |     +0.0% |       1 |     121 |           135 |    118191
    82000 |     +0.0% |       3 |     159 |           173 |    117191
    83000 |     +0.0% |       3 |     159 |           173 |    116191
    84000 |     +0.0% |       3 |     170 |           184 |    115191
    85000 |     +0.0% |       3 |     170 |           184 |    114191
    86000 |     +0.0% |       3 |     170 |           184 |    113191
    87000 |     +0.0% |      10 |     191 |           204 |    112191
    88000 |     +0.0% |      10 |     191 |           204 |    111191
    89000 |     +0.0% |      10 |     191 |           204 |    110191
    90000 |     +0.0% |      10 |     195 |           208 |    109191
    91000 |     +0.0% |      10 |     195 |           208 |    108191
    92000 |     +0.0% |      10 |     195 |           208 |    107191
    93000 |     +0.1% |      18 |     209 |           222 |    106191
    94000 |     +0.1% |      18 |     209 |           222 |    105191
    95000 |     +0.1% |      18 |     209 |           222 |    104191
    96000 |     +0.1% |      18 |     209 |           222 |    103191
    97000 |     +0.1% |      18 |     211 |           224 |    102191
    98000 |     +0.1% |      18 |     211 |           224 |    101191
    99000 |     +0.1% |      18 |     211 |           224 |    100191
   100000 |     +0.1% |      18 |     212 |           225 |     99191
   101000 |     +0.1% |      23 |     224 |           237 |     98191
   102000 |     +0.1% |      23 |     224 |           237 |     97191
   103000 |     +0.1% |      23 |     225 |           238 |     96191
   104000 |     +0.1% |      23 |     225 |           238 |     95191
   105000 |     +0.1% |      23 |     226 |           239 |     94191
   106000 |     +0.1% |      23 |     226 |           239 |     93191
   107000 |     +0.1% |      23 |     226 |           239 |     92191
   108000 |     +0.1% |      23 |     226 |           239 |     91191
   109000 |     +0.1% |      23 |     234 |           247 |     90191
   110000 |     +0.1% |      23 |     234 |           247 |     89191
   111000 |     +0.1% |      23 |     235 |           248 |     88191
   112000 |     +0.1% |      23 |     235 |           248 |     87191
   113000 |     +0.1% |      23 |     235 |           248 |     86191
   114000 |     +0.1% |      23 |     235 |           248 |     85191
   115000 |     +0.1% |      23 |     236 |           249 |     84191
   116000 |     +0.1% |      23 |     236 |           249 |     83191
   117000 |     +0.1% |      23 |     236 |           249 |     82191
   118000 |     +0.1% |      23 |     237 |           250 |     81191
   119000 |     +0.1% |      23 |     237 |           250 |     80191
   120000 |     +0.1% |      23 |     238 |           251 |     79191
   121000 |     +0.1% |      23 |     238 |           251 |     78191
   122000 |     +0.1% |      23 |     238 |           251 |     77191
   123000 |     +0.1% |      23 |     238 |           251 |     76191
   124000 |     +0.1% |      23 |     238 |           251 |     75191
   125000 |     +0.1% |      23 |     239 |           252 |     74191
   126000 |     +0.1% |      23 |     243 |           256 |     73191
   127000 |     +0.1% |      23 |     243 |           256 |     72191
   128000 |     +0.1% |      23 |     243 |           256 |     71191
   129000 |     +0.1% |      23 |     243 |           256 |     70191
   130000 |     +0.1% |      23 |     243 |           256 |     69191
   131000 |     +0.1% |      23 |     243 |           256 |     68191
   132000 |     +0.1% |      23 |     243 |           256 |     67191
   133000 |     +0.1% |      23 |     243 |           256 |     66191
   134000 |     +0.1% |      23 |     243 |           256 |     65191
   135000 |     +0.1% |      23 |     243 |           256 |     64191
   136000 |     +0.1% |      23 |     243 |           256 |     63191
   137000 |     +0.1% |      23 |     244 |           257 |     62191
   138000 |     +0.1% |      23 |     244 |           257 |     61191
   139000 |     +0.1% |      23 |     244 |           257 |     60191
   140000 |     +0.1% |      23 |     247 |           260 |     59191
   141000 |     +0.1% |      23 |     248 |           261 |     58191
   142000 |     +0.1% |      24 |     250 |           263 |     57191
   143000 |     +0.1% |      24 |     251 |           264 |     56191
   144000 |     +0.1% |      24 |     251 |           264 |     55191
   145000 |     +0.1% |      24 |     252 |           265 |     54191
   146000 |     +0.1% |      24 |     266 |           279 |     53191
   147000 |     +0.1% |      24 |     266 |           279 |     52191
   148000 |     +0.1% |      24 |     266 |           279 |     51191
   149000 |     +0.1% |      24 |     266 |           279 |     50191
   150000 |     +0.1% |      24 |     266 |           279 |     49191
   151000 |     +0.1% |      24 |     266 |           279 |     48191
   152000 |     +0.1% |      24 |     266 |           279 |     47191
   153000 |     +0.1% |      24 |     266 |           279 |     46191
   154000 |     +0.1% |      24 |     266 |           279 |     45191
   155000 |     +0.1% |      24 |     266 |           279 |     44191
   156000 |     +0.1% |      24 |     266 |           279 |     43191
   157000 |     +0.1% |      24 |     266 |           279 |     42191
   158000 |     +0.1% |      24 |     266 |           279 |     41191
   159000 |     +0.1% |      24 |     266 |           279 |     40191
   160000 |     +0.1% |      24 |     266 |           279 |     39191
   161000 |     +0.1% |      24 |     266 |           279 |     38191
   162000 |     +0.1% |      24 |     266 |           279 |     37191
   163000 |     +0.1% |      24 |     268 |           281 |     36191
   164000 |     +0.1% |      24 |     268 |           281 |     35191
   165000 |     +0.1% |      24 |     268 |           281 |     34191
   166000 |     +0.1% |      24 |     268 |           281 |     33191
   167000 |     +0.1% |      24 |     268 |           281 |     32191
   168000 |     +0.1% |      24 |     268 |           281 |     31191
   169000 |     +0.1% |      24 |     268 |           281 |     30191
   170000 |     +0.1% |      24 |     268 |           281 |     29191
   171000 |     +0.1% |      24 |     268 |           281 |     28191
   172000 |     +0.1% |      24 |     268 |           281 |     27191
   173000 |     +0.1% |      24 |     268 |           281 |     26191
   174000 |     +0.1% |      24 |     268 |           281 |     25191
   175000 |     +0.1% |      24 |     268 |           281 |     24191
   176000 |     +0.1% |      24 |     268 |           281 |     23191
   177000 |     +0.1% |      24 |     268 |           281 |     22191
   178000 |     +0.1% |      24 |     268 |           281 |     21191
   179000 |     +0.1% |      24 |     268 |           281 |     20191
   180000 |     +0.1% |      24 |     268 |           281 |     19191
   181000 |     +0.1% |      24 |     268 |           281 |     18191
   182000 |     +0.1% |      24 |     268 |           281 |     17191
   183000 |     +0.1% |      24 |     268 |           281 |     16191
   184000 |     +0.1% |      24 |     268 |           281 |     15191
   185000 |     +0.1% |      24 |     268 |           281 |     14191
   186000 |     +0.1% |      24 |     268 |           281 |     13191
   187000 |     +0.1% |      24 |     268 |           281 |     12191
   188000 |     +0.1% |      24 |     268 |           281 |     11191
   189000 |     +0.1% |      24 |     268 |           281 |     10191
   190000 |     +0.1% |      24 |     268 |           281 |      9191
   191000 |     +0.1% |      24 |     268 |           281 |      8191
   192000 |     +0.1% |      24 |     268 |           281 |      7191
   193000 |     +0.1% |      24 |     268 |           281 |      6191
   194000 |     +0.1% |      24 |     268 |           281 |      5191
   195000 |     +0.1% |      24 |     268 |           281 |      4191
   196000 |     +0.1% |      24 |     268 |           281 |      3191
   197000 |     +0.1% |      24 |     268 |           281 |      2191
   198000 |     +0.1% |      24 |     268 |           281 |      1191
   199000 |     +0.1% |      24 |     268 |           281 |       191
    final |     +0.1% |      24 |     268 |           281 |         0
---------------------------------------------------------------------
[INFO RSZ-0034] Found 222 slew violations.
[INFO RSZ-0036] Found 190 capacitance violations.
[INFO RSZ-0039] Resized 24 instances.
[INFO RSZ-0038] Inserted 268 buffers in 281 nets.
Took 28 seconds: repair_design -verbose
Floating nets: 
Report metrics stage 3, resizer...

==========================================================================
resizer report_design_area
--------------------------------------------------------------------------
Design area 735431 um^2 36% utilization.
Instance count before 185327, after 185595
Pin count before 629090, after 629626
write_db ./results/nangate45/ariane133/base/3_4_place_resized.odb
Elapsed time: 1:43.20[h:]min:sec. CPU time: user 170.29 sys 20.30 (184%). Peak memory: 1206596KB.
Log                        Elapsed/s Peak Memory/MB  sha1sum .odb [0:20)
3_4_place_resized                103           1178 5a2c3b0e45e8ca55897a
