OpenROAD 26Q1-2900-gdf79404cd8 
Features included (+) or not (-): +GPU +GUI +Python
This program is licensed under the BSD-3 license. See the LICENSE file for details.
Components of this program may be licensed under more restrictive licenses which must be honored.
[INFO ORD-0030] Using 8 thread(s).
read_liberty /OpenROAD-flow-scripts/flow/platforms/nangate45/lib/NangateOpenCellLibrary_typical.lib
read_liberty /OpenROAD-flow-scripts/flow/platforms/nangate45/lib/fakeram45_256x16.lib
read_db ./results/nangate45/ariane133/base/3_4_place_resized.odb
read_sdc ./results/nangate45/ariane133/base/2_floorplan.sdc
source /OpenROAD-flow-scripts/flow/platforms/nangate45/setRC.tcl
[INFO DPL-0005] Max displacement: +/- 500 sites horizontally, +/- 100 rows vertically.
Movements Summary
---------------------------------------
Total cells:                  170520
Diamond Move Success:         170520 (100.00%)
Diamond Move Failure:              0
Rip-up and replace Success:        0 (  0.00% of diamond failures)
Rip-up and replace Failure:        0
Total Placement Failures:          0
---------------------------------------
Placement Analysis
---------------------------------
total displacement     118343.1 u
average displacement        0.6 u
max displacement           23.7 u
original HPWL         6848510.2 u
legalized HPWL        6918586.7 u
delta HPWL                    1 %

Detailed placement improvement.
[INFO DPL-0401] Setting random seed to 1.
[INFO DPL-0402] Setting maximum displacement 5 1 to 14000 2800 units.
[INFO DPL-0320] Collected 19909 fixed cells.
[INFO DPL-0318] Collected 170520 single height cells.
[INFO DPL-0321] Collected 0 wide cells.
[INFO DPL-0322] Image (20140, 25200) - (2895980, 2895200)
[INFO DPL-0310] Assigned 170520 cells into segments.  Movement in X-direction is 0.000000, movement in Y-direction is 0.000000.
[INFO DPL-0313] Found 0 cells in wrong regions.
[INFO DPL-0315] Found 0 row alignment problems.
[INFO DPL-0314] Found 0 site alignment problems.
[INFO DPL-0311] Found 0 overlaps between adjacent cells.
[INFO DPL-0312] Found 0 edge spacing violations and 0 padding violations.
[INFO DPL-0303] Running algorithm for independent set matching.
[INFO DPL-0300] Set matching objective is wirelength.
[INFO DPL-0301] Pass   1 of matching; objective is 1.415471e+10.
[INFO DPL-0302] End of matching; objective is 1.415103e+10, improvement is 0.03 percent.
[INFO DPL-0303] Running algorithm for global swaps.
[INFO DPL-0306] Pass   1 of global swaps; hpwl is 1.399821e+10.
[INFO DPL-0306] Pass   2 of global swaps; hpwl is 1.396807e+10.
[INFO DPL-0307] End of global swaps; objective is 1.396807e+10, improvement is 1.29 percent.
[INFO DPL-0303] Running algorithm for vertical swaps.
[INFO DPL-0308] Pass   1 of vertical swaps; hpwl is 1.394579e+10.
[INFO DPL-0309] End of vertical swaps; objective is 1.394579e+10, improvement is 0.16 percent.
[INFO DPL-0303] Running algorithm for reordering.
[INFO DPL-0304] Pass   1 of reordering; objective is 1.394050e+10.
[INFO DPL-0305] End of reordering; objective is 1.394050e+10, improvement is 0.04 percent.
[INFO DPL-0303] Running algorithm for random improvement.
[INFO DPL-0324] Random improver is using random generator.
[INFO DPL-0325] Random improver is using hpwl objective.
[INFO DPL-0326] Random improver cost string is (a).
[INFO DPL-0332] End of pass, Generator random called 3410400 times.
[INFO DPL-0335] Generator random, Cumulative attempts 3410400, swaps 189340, moves 1497521 since last reset.
[INFO DPL-0333] End of pass, Objective hpwl, Initial cost 1.392145e+10, Scratch cost 1.385151e+10, Incremental cost 1.385151e+10, Mismatch? N
[INFO DPL-0338] End of pass, Total cost is 1.385151e+10.
[INFO DPL-0327] Pass   1 of random improver; improvement in cost is 0.50 percent.
[INFO DPL-0328] End of random improver; improvement is 0.502429 percent.
[INFO DPL-0380] Cell flipping.
[INFO DPL-0382] Changed 0 cell orientations for row compatibility.
[INFO DPL-0383] Performed 59403 cell flips.
[INFO DPL-0384] End of flipping; objective is 1.378518e+10, improvement is 0.62 percent.
[INFO DPL-0313] Found 0 cells in wrong regions.
[INFO DPL-0315] Found 0 row alignment problems.
[INFO DPL-0314] Found 0 site alignment problems.
[INFO DPL-0311] Found 0 overlaps between adjacent cells.
[INFO DPL-0312] Found 0 edge spacing violations and 0 padding violations.
Detailed Improvement Results
------------------------------------------
Original HPWL          6918586.7 u ( 3431780.6,  3486806.1)
Final HPWL             6741830.5 u ( 3324028.8,  3417801.8)
Delta HPWL                  -2.6 % (      -3.1,       -2.0)

[INFO DPL-0020] Mirrored 11299 instances
[INFO DPL-0021] HPWL before          6741830.5 u
[INFO DPL-0022] HPWL after           6740540.4 u
[INFO DPL-0023] HPWL delta               -0.0 %
[INFO FLW-0012] Placement violations .
estimate_parasitics -placement
Took 11 seconds: estimate_parasitics -placement
Report metrics stage 3, detailed place...

==========================================================================
detailed place report_design_area
--------------------------------------------------------------------------
Design area 735431 um^2 36% utilization.
write_db ./results/nangate45/ariane133/base/3_5_place_dp.odb
Elapsed time: 2:16.47[h:]min:sec. CPU time: user 183.75 sys 15.04 (145%). Peak memory: 1655496KB.
Log                        Elapsed/s Peak Memory/MB  sha1sum .odb [0:20)
3_5_place_dp                     136           1616 6270fd9c5a0f675aec02
