[2026-07-04 18:12:59.721] [miter_logger] [info] MiterStrategy::run starting
[2026-07-04 18:12:59.721] [miter_logger] [info] Collecting POs for design 0: ariane

[2026-07-04 18:13:00.536] [miter_logger] [info] Collected 67812 POs for design 0

[2026-07-04 18:13:00.543] [miter_logger] [info] Collecting POs for design 1: ariane

[2026-07-04 18:13:01.337] [miter_logger] [info] Collected 67812 POs for design 1

[2026-07-04 18:13:01.337] [miter_logger] [info] normalizeInputs: starting
[2026-07-04 18:13:01.479] [miter_logger] [info] size of common inputs: 46611
[2026-07-04 18:13:01.479] [miter_logger] [info] size of diff0 inputs: 0
[2026-07-04 18:13:01.479] [miter_logger] [info] size of diff1 inputs: 0
[2026-07-04 18:13:01.498] [miter_logger] [info] normalizeOutputs: starting
[2026-07-04 18:13:01.688] [miter_logger] [info] size of common outputs: 67812
[2026-07-04 18:13:01.688] [miter_logger] [info] size of diff0 outputs: 0
[2026-07-04 18:13:01.688] [miter_logger] [info] size of diff1 outputs: 0
[2026-07-04 18:13:01.710] [miter_logger] [info] size of PIs in circuit 0: 46611
[2026-07-04 18:13:01.710] [miter_logger] [info] size of PIs in circuit 1: 46611
[2026-07-04 18:13:01.710] [miter_logger] [info] size of POs in circuit 0: 67812
[2026-07-04 18:13:01.710] [miter_logger] [info] size of POs in circuit 1: 67812
[2026-07-04 18:13:06.460] [miter_logger] [info] Building miter expression
[2026-07-04 18:13:06.473] [miter_logger] [info] Finished building miter expression
[2026-07-04 18:13:07.489] [miter_logger] [info] SAT solver starting
[2026-07-04 18:15:10.379] [miter_logger] [info] SAT solver finished: UNSAT
[2026-07-04 18:15:10.379] [miter_logger] [info] Circuits are IDENTICAL
