OpenROAD 26Q1-2900-gdf79404cd8 
Features included (+) or not (-): +GPU +GUI +Python
This program is licensed under the BSD-3 license. See the LICENSE file for details.
Components of this program may be licensed under more restrictive licenses which must be honored.
[INFO ORD-0030] Using 8 thread(s).
read_liberty /OpenROAD-flow-scripts/flow/platforms/nangate45/lib/NangateOpenCellLibrary_typical.lib
read_liberty /OpenROAD-flow-scripts/flow/platforms/nangate45/lib/fakeram45_256x16.lib
read_db ./results/nangate45/ariane133/base/6_1_fill.odb
read_sdc ./results/nangate45/ariane133/base/6_1_fill.sdc
source /OpenROAD-flow-scripts/flow/platforms/nangate45/setRC.tcl
write_db ./results/nangate45/ariane133/base/6_final.odb
Deleted 0 routing obstructions
[INFO RCX-0431] Defined process_corner X with ext_model_index 0
[INFO RCX-0029] Defined extraction corner X
[INFO RCX-0435] Reading extraction model file /OpenROAD-flow-scripts/flow/platforms/nangate45/rcx_patterns.rules ...
[INFO RCX-0436] RC segment generation ariane (max_merge_res 50.0) ...
[INFO RCX-0040] Final 901333 rc segments
[INFO RCX-0439] Coupling Cap extraction ariane ...
[INFO RCX-0440] Coupling threshhold is 0.1000 fF, coupling capacitance less than 0.1000 fF will be grounded.
[INFO RCX-0442] 4% of 1379965 wires extracted
[INFO RCX-0442] 10% of 1379965 wires extracted
[INFO RCX-0442] 16% of 1379965 wires extracted
[INFO RCX-0442] 23% of 1379965 wires extracted
[INFO RCX-0442] 31% of 1379965 wires extracted
[INFO RCX-0442] 40% of 1379965 wires extracted
[INFO RCX-0442] 48% of 1379965 wires extracted
[INFO RCX-0442] 58% of 1379965 wires extracted
[INFO RCX-0442] 65% of 1379965 wires extracted
[INFO RCX-0442] 71% of 1379965 wires extracted
[INFO RCX-0442] 78% of 1379965 wires extracted
[INFO RCX-0442] 85% of 1379965 wires extracted
[INFO RCX-0442] 90% of 1379965 wires extracted
[INFO RCX-0442] 97% of 1379965 wires extracted
[INFO RCX-0442] 100% of 1379965 wires extracted
[INFO RCX-0045] Extract 203414 nets, 1092107 rsegs, 1092107 caps, 2301551 ccs
[INFO RCX-0042] 100000 nets finished
[INFO RCX-0042] 200000 nets finished
[INFO RCX-0443] 203414 nets finished
[INFO PSM-0040] All shapes on net VDD are connected.
########## IR report #################
Net              : VDD
Corner           : default
Total power      : 3.44e-01 W
Supply voltage   : 1.10e+00 V
Worstcase voltage: 1.09e+00 V
Average voltage  : 1.10e+00 V
Average IR drop  : 6.78e-04 V
Worstcase IR drop: 1.00e-02 V
Percentage drop  : 0.91 %
######################################
[INFO PSM-0040] All shapes on net VSS are connected.
########## IR report #################
Net              : VSS
Corner           : default
Total power      : 3.44e-01 W
Supply voltage   : 0.00e+00 V
Worstcase voltage: 5.08e-03 V
Average voltage  : 6.75e-04 V
Average IR drop  : 6.75e-04 V
Worstcase IR drop: 5.08e-03 V
Percentage drop  : 0.46 %
######################################
Cell type report:                       Count       Area
  Macro                                   132  416463.43
  Fill cell                            379115 1239101.68
  Tap cell                              14943    3974.84
  Clock buffer                           5356    6381.87
  Timing Repair Buffer                  25347   30696.40
  Inverter                              11096    5973.56
  Clock inverter                         1254    1016.65
  Sequential cell                       20622  109784.05
  Multi-Input combinational cell       113559  169037.15
  Total                                571424 1982429.64
Report metrics stage 6, finish...

==========================================================================
finish report_design_area
--------------------------------------------------------------------------
Design area 743328 um^2 36% utilization.
[WARNING GUI-0076] QStandardPaths: XDG_RUNTIME_DIR not set, defaulting to '/tmp/runtime-root'
[WARNING GUI-0066] Heat map "IR Drop" has not been populated with data.
[WARNING GUI-0066] Heat map "Routing Congestion" has not been populated with data.
Elapsed time: 6:20.99[h:]min:sec. CPU time: user 600.66 sys 37.25 (167%). Peak memory: 4598340KB.
Log                        Elapsed/s Peak Memory/MB  sha1sum .odb [0:20)
6_report                         380           4490                  N/A
