OpenROAD 26Q1-2900-gdf79404cd8 
Features included (+) or not (-): +GPU +GUI +Python
This program is licensed under the BSD-3 license. See the LICENSE file for details.
Components of this program may be licensed under more restrictive licenses which must be honored.
[INFO ORD-0030] Using 8 thread(s).
read_liberty /OpenROAD-flow-scripts/flow/platforms/nangate45/lib/NangateOpenCellLibrary_typical.lib
read_liberty /OpenROAD-flow-scripts/flow/platforms/nangate45/lib/fakeram45_256x16.lib
read_db ./results/nangate45/ariane133/base/2_1_floorplan.odb
read_sdc ./results/nangate45/ariane133/base/2_1_floorplan.sdc
source /OpenROAD-flow-scripts/flow/platforms/nangate45/setRC.tcl
[INFO GPL-0022] Initialize gpl and calculate uniform density.
Placement density is 0.5240000075101853, computed from PLACE_DENSITY_LB_ADDON  0.10 and lower bound 0.46000000834465027
rtl_macro_placer -max_num_level 1 -max_num_inst 80000 -min_num_inst 8000 -max_num_macro 30 -min_num_macro 10 -halo_width 8 -halo_height 8 -min_ar 0.33 -area_weight 0.1 -wirelength_weight 100.0 -outline_weight 100.0 -boundary_weight 50.0 -notch_weight 50.0 -report_directory ./objects/nangate45/ariane133/base/rtlmp -fence_lx 0.0 -fence_ly 0.0 -fence_ux 0.0 -fence_uy 0.0 -target_util 0.5240000075101853
Die Area: (0.00, 0.00) (1202.99, 1202.99),  Floorplan Area: (5.13, 5.60) (1197.95, 1197.00)
	Number of std cell instances: 162768
	Area of std cell instances: 297150.73
	Number of macros: 132
	Area of macros: 416463.43
	Default halo (L, B, R, T): (8.00, 8.00, 8.00, 8.00)
	Area of macros with halos: 700126.15
	Area of std cell instances + Area of macros: 713614.16
	Floorplan area: 1421125.75
	Design Utilization: 0.50
	Floorplan Utilization: 0.30
	Manufacturing Grid: 10

[WARNING MPL-0055] Couldn't find a solution for the specified utilization. The utilization was adjusted to 0.56301075.
Took 15 seconds: rtl_macro_placer -max_num_level 1 -max_num_inst 80000 -min_num_inst 8000 -max_num_macro 30 -min_num_macro 10 -halo_width 8 -halo_height 8 -min_ar 0.33 -area_weight 0.1 -wirelength_weight 100.0 -outline_weight 100.0 -boundary_weight 50.0 -notch_weight 50.0 -report_directory ./objects/nangate45/ariane133/base/rtlmp -fence_lx 0.0 -fence_ly 0.0 -fence_ux 0.0 -fence_uy 0.0 -target_util 0.5240000075101853
Design area 713614 um^2 50% utilization.
write_db ./results/nangate45/ariane133/base/2_2_floorplan_macro.odb
Elapsed time: 0:17.44[h:]min:sec. CPU time: user 88.55 sys 0.49 (510%). Peak memory: 763168KB.
Log                        Elapsed/s Peak Memory/MB  sha1sum .odb [0:20)
2_2_floorplan_macro               17            745 6ee5cfa2f11dbb111f0f
