OpenROAD 26Q1-2900-gdf79404cd8 
Features included (+) or not (-): +GPU +GUI +Python
This program is licensed under the BSD-3 license. See the LICENSE file for details.
Components of this program may be licensed under more restrictive licenses which must be honored.
[INFO ORD-0030] Using 8 thread(s).
read_liberty /OpenROAD-flow-scripts/flow/platforms/nangate45/lib/NangateOpenCellLibrary_typical.lib
read_liberty /OpenROAD-flow-scripts/flow/platforms/nangate45/lib/fakeram45_256x16.lib
read_db ./results/nangate45/ariane133/base/3_2_place_iop.odb
read_sdc ./results/nangate45/ariane133/base/2_floorplan.sdc
source /OpenROAD-flow-scripts/flow/platforms/nangate45/setRC.tcl
[INFO RSZ-0026] Removed 17491 buffers.
Perform port buffering...
[INFO RSZ-0027] Inserted 212 BUF_X1 input buffers.
[INFO RSZ-0028] Inserted 224 BUF_X1 output buffers.
[INFO GPL-0022] Initialize gpl and calculate uniform density.
Placement density is 0.49700000643730163, computed from PLACE_DENSITY_LB_ADDON  0.10 and lower bound 0.4300000071525574
global_placement -density 0.49700000643730163 -pad_left 0 -pad_right 0 -routability_driven -timing_driven -force_center_initial_place -min_phi_coef 0.95 -max_phi_coef 1.05
[INFO GPL-0001] ---- Initialize GPL Main Data Structures
[INFO GPL-0002] DBU: 2000
[INFO GPL-0003] SiteSize: (  0.190  1.400 ) um
[INFO GPL-0004] CoreBBox: (  5.130  5.600 ) ( 1197.950 1197.000 ) um
[INFO GPL-0036] Movable instances area:     282388.526 um^2
[INFO GPL-0037] Total instances area:       717666.670 um^2
[INFO GPL-0035] Pin density area adjust:     22728.350 um^2
[INFO GPL-0032] ---- Initialize Region: Top-level
[INFO GPL-0006] Number of instances:            172667
[INFO GPL-0007] Movable instances:              145713
[INFO GPL-0008] Fixed instances:                 12916
[INFO GPL-0009] Dummy instances:                 14038
[INFO GPL-0010] Number of nets:                 174652
[INFO GPL-0011] Number of pins:                 580507
[INFO GPL-0012] Die BBox:  (  0.000  0.000 ) ( 1202.995 1202.995 ) um
[INFO GPL-0013] Core BBox: (  5.130  5.600 ) ( 1197.950 1197.000 ) um
[INFO GPL-0016] Core area:                  1421125.748 um^2
[INFO GPL-0014] Region name: top-level.
[INFO GPL-0015] Region area:                1421125.748 um^2
[INFO GPL-0017] Fixed instances area:       702788.226 um^2
[INFO GPL-0018] Movable instances area:     305116.876 um^2
[INFO GPL-0019] Utilization:                    42.475 %
[INFO GPL-0020] Standard cells area:        305116.876 um^2
[INFO GPL-0021] Large instances area:            0.000 um^2
[INFO GPL-0005] ---- Execute Conjugate Gradient Initial Placement.
[INFO GPL-0051] Source of initial instance position counters:
	Odb location = 0	Core center = 145713	Region center = 0
[InitialPlace]  Iter: 1 conjugate gradient residual: 0.00549826 HPWL: 11001366926
[InitialPlace]  Iter: 2 conjugate gradient residual: 0.00012952 HPWL: 6884260666
[InitialPlace]  Iter: 3 conjugate gradient residual: 0.00004039 HPWL: 6598726885
[InitialPlace]  Iter: 4 conjugate gradient residual: 0.00003912 HPWL: 6255740820
[InitialPlace]  Iter: 5 conjugate gradient residual: 0.00001732 HPWL: 6059529203
[InitialPlace]  Iter: 6 conjugate gradient residual: 0.00001668 HPWL: 5935228040
[InitialPlace]  Iter: 7 conjugate gradient residual: 0.00001632 HPWL: 5853186091
[InitialPlace]  Iter: 8 conjugate gradient residual: 0.00001778 HPWL: 5800837657
[InitialPlace]  Iter: 9 conjugate gradient residual: 0.00001687 HPWL: 5760948403
[InitialPlace]  Iter: 10 conjugate gradient residual: 0.00001735 HPWL: 5725071981
[InitialPlace]  Iter: 11 conjugate gradient residual: 0.00001643 HPWL: 5692247025
[InitialPlace]  Iter: 12 conjugate gradient residual: 0.00001823 HPWL: 5670690955
[InitialPlace]  Iter: 13 conjugate gradient residual: 0.00001815 HPWL: 5658399193
[InitialPlace]  Iter: 14 conjugate gradient residual: 0.00001999 HPWL: 5655013795
[InitialPlace]  Iter: 15 conjugate gradient residual: 0.00001666 HPWL: 5649853533
[InitialPlace]  Iter: 16 conjugate gradient residual: 0.00002000 HPWL: 5647709932
[InitialPlace]  Iter: 17 conjugate gradient residual: 0.00001734 HPWL: 5645312369
[InitialPlace]  Iter: 18 conjugate gradient residual: 0.00001634 HPWL: 5645151049
[InitialPlace]  Iter: 19 conjugate gradient residual: 0.00001753 HPWL: 5642625916
[InitialPlace]  Iter: 20 conjugate gradient residual: 0.00001736 HPWL: 5642812358
[INFO GPL-0033] ---- Initialize Nesterov Region: Top-level
[INFO GPL-0023] Placement target density:       0.4970
[INFO GPL-0024] Movable insts average area:      2.094 um^2
[INFO GPL-0025] Ideal bin area:                  4.213 um^2
[INFO GPL-0026] Ideal bin count:                337303
[INFO GPL-0027] Total bin area:             1421125.748 um^2
[INFO GPL-0028] Bin count (X, Y):         512 ,    512
[INFO GPL-0029] Bin size (W * H):       2.330 *  2.327 um
[INFO GPL-0030] Number of bins:                 262144
[INFO GPL-0007] ---- Execute Nesterov Global Placement.
[INFO GPL-0031] HPWL: Half-Perimeter Wirelength
Iteration | Overflow |     HPWL (um) |  HPWL(%) |   Penalty | Group
---------------------------------------------------------------
        0 |   0.9932 |  1.985422e+06 |   +0.00% |  8.59e-17 |      
       10 |   0.9844 |  2.132899e+06 |   +7.43% |  1.35e-16 |      
       20 |   0.9782 |  2.194368e+06 |   +2.88% |  2.16e-16 |      
       30 |   0.9726 |  2.238992e+06 |   +2.03% |  3.49e-16 |      
       40 |   0.9685 |  2.270117e+06 |   +1.39% |  5.64e-16 |      
       50 |   0.9651 |  2.297653e+06 |   +1.21% |  9.13e-16 |      
       60 |   0.9632 |  2.319839e+06 |   +0.97% |  1.48e-15 |      
       70 |   0.9617 |  2.336025e+06 |   +0.70% |  2.40e-15 |      
       80 |   0.9608 |  2.347275e+06 |   +0.48% |  3.90e-15 |      
       90 |   0.9601 |  2.354957e+06 |   +0.33% |  6.34e-15 |      
      100 |   0.9599 |  2.360811e+06 |   +0.25% |  1.03e-14 |      
      110 |   0.9594 |  2.365952e+06 |   +0.22% |  1.68e-14 |      
      120 |   0.9589 |  2.371085e+06 |   +0.22% |  2.73e-14 |      
      130 |   0.9583 |  2.376183e+06 |   +0.22% |  4.44e-14 |      
      140 |   0.9577 |  2.380858e+06 |   +0.20% |  7.23e-14 |      
      150 |   0.9572 |  2.384726e+06 |   +0.16% |  1.18e-13 |      
      160 |   0.9565 |  2.387961e+06 |   +0.14% |  1.92e-13 |      
      170 |   0.9559 |  2.391680e+06 |   +0.16% |  3.12e-13 |      
      180 |   0.9553 |  2.397964e+06 |   +0.26% |  5.07e-13 |      
      190 |   0.9542 |  2.410827e+06 |   +0.54% |  8.24e-13 |      
      200 |   0.9519 |  2.434544e+06 |   +0.98% |  1.34e-12 |      
      210 |   0.9475 |  2.474825e+06 |   +1.65% |  2.16e-12 |      
      220 |   0.9402 |  2.539652e+06 |   +2.62% |  3.47e-12 |      
      230 |   0.9290 |  2.635817e+06 |   +3.79% |  5.54e-12 |      
      240 |   0.9130 |  2.767343e+06 |   +4.99% |  8.77e-12 |      
      250 |   0.8921 |  2.930634e+06 |   +5.90% |  1.38e-11 |      
      260 |   0.8675 |  3.113670e+06 |   +6.25% |  2.16e-11 |      
      270 |   0.8405 |  3.290808e+06 |   +5.69% |  3.38e-11 |      
      280 |   0.8134 |  3.458050e+06 |   +5.08% |  5.31e-11 |      
      290 |   0.7829 |  3.602520e+06 |   +4.18% |  8.37e-11 |      
      300 |   0.7468 |  3.704937e+06 |   +2.84% |  1.33e-10 |      
      310 |   0.7101 |  3.772389e+06 |   +1.82% |  2.14e-10 |      
      320 |   0.6735 |  3.857803e+06 |   +2.26% |  3.42e-10 |      
      330 |   0.6341 |  3.964635e+06 |   +2.77% |  5.44e-10 |      
[INFO GPL-0100] Timing-driven iteration 1/2, virtual: false.
[INFO GPL-0101]    Iter: 331, overflow: 0.634, keep resizer changes at: 1, HPWL: 7929270369
Iteration |   Area    | Resized | Buffers | Nets repaired | Remaining
---------------------------------------------------------------------
        0 |     +0.0% |       0 |       0 |             0 |    174652
    final |     +1.5% |    1956 |    4612 |          3101 |         0
---------------------------------------------------------------------
[INFO RSZ-0034] Found 2081 slew violations.
[INFO RSZ-0036] Found 2586 capacitance violations.
[INFO RSZ-0037] Found 653 long wires.
[INFO RSZ-0039] Resized 1956 instances.
[INFO RSZ-0038] Inserted 4612 buffers in 3101 nets.
   Iter   |    Area   | Removed | Inserted |   Pins
          |           | Buffers | Buffers  | Remaining
-------------------------------------------------------
        0 |     +0.0% |       0 |        0 |    169490
    16900 |     +0.3% |     322 |     2288 |    152590
    33800 |     +0.6% |    1266 |     4800 |    135690
    50700 |     +0.6% |    1727 |     5743 |    118790
    67600 |     +0.6% |    2132 |     6593 |    101890
    84500 |     +0.6% |    2793 |     7704 |     84990
   101400 |     +0.6% |    2930 |     7993 |     68090
   118300 |     +0.6% |    3652 |     9668 |     51190
   135200 |     +0.7% |    3904 |    10527 |     34290
   152100 |     +0.7% |    4090 |    11127 |     17390
   169000 |     +0.7% |    4310 |    11798 |       490
    final |     +0.8% |    4612 |    12521 |         0
-------------------------------------------------------
[INFO GPL-0106] Timing-driven: worst slack -1.135e-09
[INFO GPL-0107] Timing-driven: repair_design delta area: 15430.852 um^2 (+5.06%)
[INFO GPL-0108] Timing-driven: repair_design, gpl delta gcells: 12521 (+8.59%)
[INFO GPL-0109] Timing-driven: repair_design, gcells created: 17133, deleted: 4612
[INFO GPL-0110] Timing-driven: new target density: 0.5184813
Iteration | Overflow |     HPWL (um) |  HPWL(%) |   Penalty | Group
---------------------------------------------------------------
      340 |   0.6073 |  4.531635e+06 |  +14.30% |  7.71e-10 |      
[INFO GPL-0038] Routability snapshot saved at iter = 347
      346 |   0.5999 |  4.526147e+06 |          |           |      
      350 |   0.5945 |  4.536553e+06 |   +0.11% |  1.25e-09 |      
      360 |   0.5576 |  4.608761e+06 |   +1.59% |  2.01e-09 |      
      370 |   0.5015 |  4.713591e+06 |   +2.27% |  3.20e-09 |      
      380 |   0.4618 |  4.817596e+06 |   +2.21% |  5.10e-09 |      
      390 |   0.4182 |  4.916068e+06 |   +2.04% |  8.12e-09 |      
      400 |   0.3808 |  4.963276e+06 |   +0.96% |  1.31e-08 |      
      410 |   0.3404 |  5.032295e+06 |   +1.39% |  2.05e-08 |      
      420 |   0.3119 |  5.026645e+06 |   -0.11% |  3.01e-08 |      
[INFO GPL-0040] Routability iteration: 1
[WARNING GRT-0281] Net clk_i has a large fanout of 20751 terminals.
[INFO GPL-0041] Total routing overflow: 560.0271
[INFO GPL-0042] Number of overflowed tiles: 6062 (3.40%)
[INFO GPL-0043] Average top 0.5% routing congestion: 1.2950
[INFO GPL-0044] Average top 1.0% routing congestion: 1.2133
[INFO GPL-0045] Average top 2.0% routing congestion: 1.1428
[INFO GPL-0046] Average top 5.0% routing congestion: 1.0575
[INFO GPL-0047] Routability iteration weighted routing congestion: 1.2542
[INFO GPL-0048] Routing congestion (1.2542) lower than previous minimum (1e+30). Updating minimum.
[INFO GPL-0051] Inflated area:                5852.353 um^2 (+1.83%)
[INFO GPL-0052] Placement target density:       0.5185
[INFO GPL-0076] Removing fillers, count: Before: 24817, After: 22019 (-11.27%)
[INFO GPL-0077] Filler area (um^2)     : Before: 51896.874, After: 46044.977 (-11.28%)
[INFO GPL-0078] Removed fillers count: 2798, area removed: 5851.031 um^2. Remaining area to be compensated by modifying density: 1.322 um^2
[INFO GPL-0058] White space area:           718337.522 um^2 (+0.00%)
[INFO GPL-0059] Movable instances area:     372444.594 um^2 (+0.00%)
[INFO GPL-0060] Total filler area:           46044.977 um^2 (-11.28%)
[INFO GPL-0061] Total non-inflated area:    372445.057 um^2 (+0.00%)
[INFO GPL-0062] Total inflated area:        378297.410 um^2 (+0.00%)
[INFO GPL-0063] New Target Density:             0.5185
[INFO GPL-0087] Routability end iteration: increase inflation and revert back to snapshot.
Iteration | Overflow |     HPWL (um) |  HPWL(%) |   Penalty | Group
---------------------------------------------------------------
      430 |   0.5946 |  4.548411e+06 |   -9.51% |  1.31e-09 |      
      440 |   0.5543 |  4.628020e+06 |   +1.75% |  1.90e-09 |      
      450 |   0.5137 |  4.706462e+06 |   +1.69% |  2.76e-09 |      
      460 |   0.4828 |  4.782206e+06 |   +1.61% |  4.02e-09 |      
      470 |   0.4531 |  4.851451e+06 |   +1.45% |  5.85e-09 |      
      480 |   0.4160 |  4.886172e+06 |   +0.72% |  8.55e-09 |      
      490 |   0.3828 |  4.940675e+06 |   +1.12% |  1.25e-08 |      
      500 |   0.3546 |  4.960586e+06 |   +0.40% |  1.83e-08 |      
      510 |   0.3253 |  4.940240e+06 |   -0.41% |  2.69e-08 |      
[INFO GPL-0040] Routability iteration: 2
[INFO GPL-0041] Total routing overflow: 307.1739
[INFO GPL-0042] Number of overflowed tiles: 4621 (2.59%)
[INFO GPL-0043] Average top 0.5% routing congestion: 1.1991
[INFO GPL-0044] Average top 1.0% routing congestion: 1.1353
[INFO GPL-0045] Average top 2.0% routing congestion: 1.0842
[INFO GPL-0046] Average top 5.0% routing congestion: 1.0229
[INFO GPL-0047] Routability iteration weighted routing congestion: 1.1672
[INFO GPL-0048] Routing congestion (1.1672) lower than previous minimum (1.254). Updating minimum.
[INFO GPL-0051] Inflated area:                2324.537 um^2 (+0.71%)
[INFO GPL-0052] Placement target density:       0.5185
[INFO GPL-0076] Removing fillers, count: Before: 22019, After: 20908 (-5.05%)
[INFO GPL-0077] Filler area (um^2)     : Before: 46044.977, After: 43721.712 (-5.05%)
[INFO GPL-0078] Removed fillers count: 1111, area removed: 2323.265 um^2. Remaining area to be compensated by modifying density: 1.272 um^2
[INFO GPL-0058] White space area:           718337.522 um^2 (+0.00%)
[INFO GPL-0059] Movable instances area:     372444.594 um^2 (+0.00%)
[INFO GPL-0060] Total filler area:           43721.712 um^2 (-5.05%)
[INFO GPL-0061] Total non-inflated area:    372446.329 um^2 (+0.00%)
[INFO GPL-0062] Total inflated area:        374770.866 um^2 (+0.00%)
[INFO GPL-0063] New Target Density:             0.5185
[INFO GPL-0087] Routability end iteration: increase inflation and revert back to snapshot.
Iteration | Overflow |     HPWL (um) |  HPWL(%) |   Penalty | Group
---------------------------------------------------------------
      520 |   0.6071 |  4.525737e+06 |   -8.39% |  1.08e-09 |      
      530 |   0.5793 |  4.588888e+06 |   +1.40% |  1.57e-09 |      
      540 |   0.5338 |  4.673953e+06 |   +1.85% |  2.29e-09 |      
      550 |   0.4993 |  4.754039e+06 |   +1.71% |  3.32e-09 |      
      560 |   0.4702 |  4.828551e+06 |   +1.57% |  4.83e-09 |      
      570 |   0.4332 |  4.884340e+06 |   +1.16% |  7.04e-09 |      
      580 |   0.4024 |  4.920950e+06 |   +0.75% |  1.03e-08 |      
      590 |   0.3690 |  4.973343e+06 |   +1.06% |  1.50e-08 |      
      600 |   0.3428 |  4.962426e+06 |   -0.22% |  2.21e-08 |      
      610 |   0.3111 |  4.962600e+06 |   +0.00% |  3.25e-08 |      
[INFO GPL-0040] Routability iteration: 3
[INFO GPL-0041] Total routing overflow: 276.4654
[INFO GPL-0042] Number of overflowed tiles: 4102 (2.30%)
[INFO GPL-0043] Average top 0.5% routing congestion: 1.1948
[INFO GPL-0044] Average top 1.0% routing congestion: 1.1290
[INFO GPL-0045] Average top 2.0% routing congestion: 1.0770
[INFO GPL-0046] Average top 5.0% routing congestion: 1.0168
[INFO GPL-0047] Routability iteration weighted routing congestion: 1.1619
[INFO GPL-0048] Routing congestion (1.1619) lower than previous minimum (1.167). Updating minimum.
[INFO GPL-0051] Inflated area:                2000.025 um^2 (+0.61%)
[INFO GPL-0052] Placement target density:       0.5185
[INFO GPL-0076] Removing fillers, count: Before: 20908, After: 19952 (-4.57%)
[INFO GPL-0077] Filler area (um^2)     : Before: 43721.712, After: 41722.575 (-4.57%)
[INFO GPL-0078] Removed fillers count: 956, area removed: 1999.137 um^2. Remaining area to be compensated by modifying density: 0.888 um^2
[INFO GPL-0058] White space area:           718337.522 um^2 (+0.00%)
[INFO GPL-0059] Movable instances area:     372444.594 um^2 (+0.00%)
[INFO GPL-0060] Total filler area:           41722.575 um^2 (-4.57%)
[INFO GPL-0061] Total non-inflated area:    372447.217 um^2 (+0.00%)
[INFO GPL-0062] Total inflated area:        374447.243 um^2 (+0.00%)
[INFO GPL-0063] New Target Density:             0.5185
[INFO GPL-0087] Routability end iteration: increase inflation and revert back to snapshot.
Iteration | Overflow |     HPWL (um) |  HPWL(%) |   Penalty | Group
---------------------------------------------------------------
      620 |   0.6001 |  4.543161e+06 |   -8.45% |  1.26e-09 |      
      630 |   0.5598 |  4.634437e+06 |   +2.01% |  1.82e-09 |      
      640 |   0.5189 |  4.718342e+06 |   +1.81% |  2.65e-09 |      
      650 |   0.4882 |  4.797084e+06 |   +1.67% |  3.84e-09 |      
      660 |   0.4596 |  4.868641e+06 |   +1.49% |  5.59e-09 |      
      670 |   0.4202 |  4.908337e+06 |   +0.82% |  8.17e-09 |      
      680 |   0.3903 |  4.957032e+06 |   +0.99% |  1.19e-08 |      
      690 |   0.3592 |  5.000689e+06 |   +0.88% |  1.74e-08 |      
      700 |   0.3318 |  4.979528e+06 |   -0.42% |  2.57e-08 |      
      710 |   0.3014 |  4.990821e+06 |   +0.23% |  3.77e-08 |      
[INFO GPL-0040] Routability iteration: 4
[INFO GPL-0041] Total routing overflow: 256.3672
[INFO GPL-0042] Number of overflowed tiles: 3982 (2.24%)
[INFO GPL-0043] Average top 0.5% routing congestion: 1.1798
[INFO GPL-0044] Average top 1.0% routing congestion: 1.1208
[INFO GPL-0045] Average top 2.0% routing congestion: 1.0716
[INFO GPL-0046] Average top 5.0% routing congestion: 1.0135
[INFO GPL-0047] Routability iteration weighted routing congestion: 1.1503
[INFO GPL-0048] Routing congestion (1.1503) lower than previous minimum (1.162). Updating minimum.
[INFO GPL-0051] Inflated area:                1673.030 um^2 (+0.51%)
[INFO GPL-0052] Placement target density:       0.5185
[INFO GPL-0076] Removing fillers, count: Before: 19952, After: 19152 (-4.01%)
[INFO GPL-0077] Filler area (um^2)     : Before: 41722.575, After: 40049.657 (-4.01%)
[INFO GPL-0078] Removed fillers count: 800, area removed: 1672.918 um^2. Remaining area to be compensated by modifying density: 0.112 um^2
[INFO GPL-0058] White space area:           718337.522 um^2 (+0.00%)
[INFO GPL-0059] Movable instances area:     372444.594 um^2 (+0.00%)
[INFO GPL-0060] Total filler area:           40049.657 um^2 (-4.01%)
[INFO GPL-0061] Total non-inflated area:    372447.329 um^2 (+0.00%)
[INFO GPL-0062] Total inflated area:        374120.359 um^2 (+0.00%)
[INFO GPL-0063] New Target Density:             0.5185
[INFO GPL-0087] Routability end iteration: increase inflation and revert back to snapshot.
Iteration | Overflow |     HPWL (um) |  HPWL(%) |   Penalty | Group
---------------------------------------------------------------
      720 |   0.5878 |  4.583998e+06 |   -8.15% |  1.46e-09 |      
      730 |   0.5419 |  4.676204e+06 |   +2.01% |  2.11e-09 |      
      740 |   0.5069 |  4.760095e+06 |   +1.79% |  3.06e-09 |      
      750 |   0.4784 |  4.839487e+06 |   +1.67% |  4.45e-09 |      
      760 |   0.4451 |  4.904382e+06 |   +1.34% |  6.48e-09 |      
      770 |   0.4090 |  4.936475e+06 |   +0.65% |  9.49e-09 |      
      780 |   0.3771 |  4.994997e+06 |   +1.19% |  1.38e-08 |      
      790 |   0.3492 |  5.010734e+06 |   +0.32% |  2.03e-08 |      
      800 |   0.3192 |  5.003012e+06 |   -0.15% |  2.99e-08 |      
[INFO GPL-0040] Routability iteration: 5
[INFO GPL-0041] Total routing overflow: 256.8320
[INFO GPL-0042] Number of overflowed tiles: 3886 (2.18%)
[INFO GPL-0043] Average top 0.5% routing congestion: 1.1869
[INFO GPL-0044] Average top 1.0% routing congestion: 1.1229
[INFO GPL-0045] Average top 2.0% routing congestion: 1.0719
[INFO GPL-0046] Average top 5.0% routing congestion: 1.0124
[INFO GPL-0047] Routability iteration weighted routing congestion: 1.1549
[INFO GPL-0049] Routing congestion (1.1549) higher than minimum (1.1503). Consecutive non-improvement count: 1.
[INFO GPL-0051] Inflated area:                1531.926 um^2 (+0.46%)
[INFO GPL-0052] Placement target density:       0.5185
[INFO GPL-0076] Removing fillers, count: Before: 19152, After: 18420 (-3.82%)
[INFO GPL-0077] Filler area (um^2)     : Before: 40049.657, After: 38518.937 (-3.82%)
[INFO GPL-0078] Removed fillers count: 732, area removed: 1530.720 um^2. Remaining area to be compensated by modifying density: 1.206 um^2
[INFO GPL-0058] White space area:           718337.522 um^2 (+0.00%)
[INFO GPL-0059] Movable instances area:     372444.594 um^2 (+0.00%)
[INFO GPL-0060] Total filler area:           38518.937 um^2 (-3.82%)
[INFO GPL-0061] Total non-inflated area:    372448.535 um^2 (+0.00%)
[INFO GPL-0062] Total inflated area:        373980.461 um^2 (+0.00%)
[INFO GPL-0063] New Target Density:             0.5185
[INFO GPL-0087] Routability end iteration: increase inflation and revert back to snapshot.
Iteration | Overflow |     HPWL (um) |  HPWL(%) |   Penalty | Group
---------------------------------------------------------------
      810 |   0.6096 |  4.499114e+06 |  -10.07% |  1.17e-09 |      
      820 |   0.5705 |  4.628254e+06 |   +2.87% |  1.69e-09 |      
      830 |   0.5274 |  4.719280e+06 |   +1.97% |  2.45e-09 |      
      840 |   0.4964 |  4.801902e+06 |   +1.75% |  3.55e-09 |      
      850 |   0.4671 |  4.877855e+06 |   +1.58% |  5.16e-09 |      
      860 |   0.4292 |  4.930434e+06 |   +1.08% |  7.52e-09 |      
      870 |   0.3984 |  4.967299e+06 |   +0.75% |  1.10e-08 |      
      880 |   0.3658 |  5.028732e+06 |   +1.24% |  1.61e-08 |      
      890 |   0.3394 |  5.020427e+06 |   -0.17% |  2.36e-08 |      
      900 |   0.3074 |  5.024846e+06 |   +0.09% |  3.47e-08 |      
[INFO GPL-0040] Routability iteration: 6
[INFO GPL-0041] Total routing overflow: 242.7656
[INFO GPL-0042] Number of overflowed tiles: 3753 (2.11%)
[INFO GPL-0043] Average top 0.5% routing congestion: 1.1744
[INFO GPL-0044] Average top 1.0% routing congestion: 1.1165
[INFO GPL-0045] Average top 2.0% routing congestion: 1.0681
[INFO GPL-0046] Average top 5.0% routing congestion: 1.0101
[INFO GPL-0047] Routability iteration weighted routing congestion: 1.1454
[INFO GPL-0048] Routing congestion (1.1454) lower than previous minimum (1.15). Updating minimum.
[INFO GPL-0051] Inflated area:                1427.287 um^2 (+0.43%)
[INFO GPL-0052] Placement target density:       0.5185
[INFO GPL-0076] Removing fillers, count: Before: 18420, After: 17738 (-3.70%)
[INFO GPL-0077] Filler area (um^2)     : Before: 38518.937, After: 37092.774 (-3.70%)
[INFO GPL-0078] Removed fillers count: 682, area removed: 1426.163 um^2. Remaining area to be compensated by modifying density: 1.125 um^2
[INFO GPL-0058] White space area:           718337.522 um^2 (+0.00%)
[INFO GPL-0059] Movable instances area:     372444.594 um^2 (+0.00%)
[INFO GPL-0060] Total filler area:           37092.774 um^2 (-3.70%)
[INFO GPL-0061] Total non-inflated area:    372449.660 um^2 (+0.00%)
[INFO GPL-0062] Total inflated area:        373876.947 um^2 (+0.00%)
[INFO GPL-0063] New Target Density:             0.5185
[INFO GPL-0087] Routability end iteration: increase inflation and revert back to snapshot.
Iteration | Overflow |     HPWL (um) |  HPWL(%) |   Penalty | Group
---------------------------------------------------------------
      910 |   0.5963 |  4.571355e+06 |   -9.02% |  1.35e-09 |      
      920 |   0.5501 |  4.675420e+06 |   +2.28% |  1.95e-09 |      
      930 |   0.5143 |  4.762940e+06 |   +1.87% |  2.83e-09 |      
      940 |   0.4859 |  4.845952e+06 |   +1.74% |  4.11e-09 |      
      950 |   0.4556 |  4.915873e+06 |   +1.44% |  5.98e-09 |      
      960 |   0.4165 |  4.954364e+06 |   +0.78% |  8.74e-09 |      
      970 |   0.3860 |  5.006623e+06 |   +1.05% |  1.28e-08 |      
      980 |   0.3552 |  5.050888e+06 |   +0.88% |  1.86e-08 |      
      990 |   0.3270 |  5.036297e+06 |   -0.29% |  2.74e-08 |      
[INFO GPL-0040] Routability iteration: 7
[INFO GPL-0041] Total routing overflow: 216.3455
[INFO GPL-0042] Number of overflowed tiles: 3638 (2.04%)
[INFO GPL-0043] Average top 0.5% routing congestion: 1.1582
[INFO GPL-0044] Average top 1.0% routing congestion: 1.1046
[INFO GPL-0045] Average top 2.0% routing congestion: 1.0607
[INFO GPL-0046] Average top 5.0% routing congestion: 1.0063
[INFO GPL-0047] Routability iteration weighted routing congestion: 1.1314
[INFO GPL-0048] Routing congestion (1.1314) lower than previous minimum (1.145). Updating minimum.
[INFO GPL-0051] Inflated area:                1285.960 um^2 (+0.38%)
[INFO GPL-0052] Placement target density:       0.5185
[INFO GPL-0076] Removing fillers, count: Before: 17738, After: 17124 (-3.46%)
[INFO GPL-0077] Filler area (um^2)     : Before: 37092.774, After: 35808.810 (-3.46%)
[INFO GPL-0078] Removed fillers count: 614, area removed: 1283.965 um^2. Remaining area to be compensated by modifying density: 1.996 um^2
[INFO GPL-0058] White space area:           718337.522 um^2 (+0.00%)
[INFO GPL-0059] Movable instances area:     372444.594 um^2 (+0.00%)
[INFO GPL-0060] Total filler area:           35808.810 um^2 (-3.46%)
[INFO GPL-0061] Total non-inflated area:    372451.656 um^2 (+0.00%)
[INFO GPL-0062] Total inflated area:        373737.616 um^2 (+0.00%)
[INFO GPL-0063] New Target Density:             0.5185
[INFO GPL-0087] Routability end iteration: increase inflation and revert back to snapshot.
Iteration | Overflow |     HPWL (um) |  HPWL(%) |   Penalty | Group
---------------------------------------------------------------
     1000 |   0.6157 |  4.525737e+06 |  -10.14% |  1.08e-09 |      
     1010 |   0.5808 |  4.618294e+06 |   +2.05% |  1.56e-09 |      
     1020 |   0.5356 |  4.717133e+06 |   +2.14% |  2.26e-09 |      
     1030 |   0.5034 |  4.805721e+06 |   +1.88% |  3.28e-09 |      
     1040 |   0.4756 |  4.887470e+06 |   +1.70% |  4.76e-09 |      
     1050 |   0.4389 |  4.950137e+06 |   +1.28% |  6.93e-09 |      
     1060 |   0.4058 |  4.979652e+06 |   +0.60% |  1.02e-08 |      
     1070 |   0.3737 |  5.045291e+06 |   +1.32% |  1.48e-08 |      
     1080 |   0.3451 |  5.058971e+06 |   +0.27% |  2.17e-08 |      
     1090 |   0.3146 |  5.053049e+06 |   -0.12% |  3.19e-08 |      
[INFO GPL-0040] Routability iteration: 8
[INFO GPL-0041] Total routing overflow: 186.0012
[INFO GPL-0042] Number of overflowed tiles: 3430 (1.93%)
[INFO GPL-0043] Average top 0.5% routing congestion: 1.1365
[INFO GPL-0044] Average top 1.0% routing congestion: 1.0912
[INFO GPL-0045] Average top 2.0% routing congestion: 1.0522
[INFO GPL-0046] Average top 5.0% routing congestion: 1.0016
[INFO GPL-0047] Routability iteration weighted routing congestion: 1.1139
[INFO GPL-0048] Routing congestion (1.1139) lower than previous minimum (1.131). Updating minimum.
[INFO GPL-0051] Inflated area:                 986.035 um^2 (+0.29%)
[INFO GPL-0052] Placement target density:       0.5185
[INFO GPL-0076] Removing fillers, count: Before: 17124, After: 16653 (-2.75%)
[INFO GPL-0077] Filler area (um^2)     : Before: 35808.810, After: 34823.879 (-2.75%)
[INFO GPL-0078] Removed fillers count: 471, area removed: 984.930 um^2. Remaining area to be compensated by modifying density: 1.104 um^2
[INFO GPL-0058] White space area:           718337.522 um^2 (+0.00%)
[INFO GPL-0059] Movable instances area:     372444.594 um^2 (+0.00%)
[INFO GPL-0060] Total filler area:           34823.879 um^2 (-2.75%)
[INFO GPL-0061] Total non-inflated area:    372452.760 um^2 (+0.00%)
[INFO GPL-0062] Total inflated area:        373438.795 um^2 (+0.00%)
[INFO GPL-0063] New Target Density:             0.5185
[INFO GPL-0087] Routability end iteration: increase inflation and revert back to snapshot.
Iteration | Overflow |     HPWL (um) |  HPWL(%) |   Penalty | Group
---------------------------------------------------------------
     1100 |   0.6098 |  4.523113e+06 |  -10.49% |  1.22e-09 |      
     1110 |   0.5653 |  4.660539e+06 |   +3.04% |  1.74e-09 |      
     1120 |   0.5253 |  4.755869e+06 |   +2.05% |  2.52e-09 |      
     1130 |   0.4955 |  4.841246e+06 |   +1.80% |  3.66e-09 |      
     1140 |   0.4664 |  4.919295e+06 |   +1.61% |  5.32e-09 |      
     1150 |   0.4277 |  4.971198e+06 |   +1.06% |  7.76e-09 |      
     1160 |   0.3982 |  5.009064e+06 |   +0.76% |  1.14e-08 |      
     1170 |   0.3645 |  5.071657e+06 |   +1.25% |  1.65e-08 |      
     1180 |   0.3377 |  5.066873e+06 |   -0.09% |  2.43e-08 |      
     1190 |   0.3059 |  5.067600e+06 |   +0.01% |  3.58e-08 |      
[INFO GPL-0040] Routability iteration: 9
[INFO GPL-0041] Total routing overflow: 179.0097
[INFO GPL-0042] Number of overflowed tiles: 3358 (1.89%)
[INFO GPL-0043] Average top 0.5% routing congestion: 1.1317
[INFO GPL-0044] Average top 1.0% routing congestion: 1.0881
[INFO GPL-0045] Average top 2.0% routing congestion: 1.0502
[INFO GPL-0046] Average top 5.0% routing congestion: 1.0004
[INFO GPL-0047] Routability iteration weighted routing congestion: 1.1099
[INFO GPL-0048] Routing congestion (1.1099) lower than previous minimum (1.114). Updating minimum.
[INFO GPL-0051] Inflated area:                 876.706 um^2 (+0.26%)
[INFO GPL-0052] Placement target density:       0.5185
[INFO GPL-0076] Removing fillers, count: Before: 16653, After: 16234 (-2.52%)
[INFO GPL-0077] Filler area (um^2)     : Before: 34823.879, After: 33947.689 (-2.52%)
[INFO GPL-0078] Removed fillers count: 419, area removed: 876.191 um^2. Remaining area to be compensated by modifying density: 0.515 um^2
[INFO GPL-0058] White space area:           718337.522 um^2 (+0.00%)
[INFO GPL-0059] Movable instances area:     372444.594 um^2 (+0.00%)
[INFO GPL-0060] Total filler area:           33947.689 um^2 (-2.52%)
[INFO GPL-0061] Total non-inflated area:    372453.275 um^2 (+0.00%)
[INFO GPL-0062] Total inflated area:        373329.981 um^2 (+0.00%)
[INFO GPL-0063] New Target Density:             0.5185
[INFO GPL-0087] Routability end iteration: increase inflation and revert back to snapshot.
Iteration | Overflow |     HPWL (um) |  HPWL(%) |   Penalty | Group
---------------------------------------------------------------
     1200 |   0.5978 |  4.579237e+06 |   -9.64% |  1.35e-09 |      
     1210 |   0.5502 |  4.694098e+06 |   +2.51% |  1.94e-09 |      
     1220 |   0.5159 |  4.787128e+06 |   +1.98% |  2.82e-09 |      
     1230 |   0.4878 |  4.873539e+06 |   +1.81% |  4.09e-09 |      
     1240 |   0.4558 |  4.944964e+06 |   +1.47% |  5.94e-09 |      
     1250 |   0.4185 |  4.982254e+06 |   +0.75% |  8.69e-09 |      
     1260 |   0.3873 |  5.036490e+06 |   +1.09% |  1.27e-08 |      
     1270 |   0.3562 |  5.084345e+06 |   +0.95% |  1.85e-08 |      
     1280 |   0.3283 |  5.072102e+06 |   -0.24% |  2.72e-08 |      
     1290 |   0.2988 |  5.072993e+06 |   +0.02% |  4.01e-08 |      
[INFO GPL-0040] Routability iteration: 10
[INFO GPL-0041] Total routing overflow: 158.6123
[INFO GPL-0042] Number of overflowed tiles: 3210 (1.80%)
[INFO GPL-0043] Average top 0.5% routing congestion: 1.1172
[INFO GPL-0044] Average top 1.0% routing congestion: 1.0795
[INFO GPL-0045] Average top 2.0% routing congestion: 1.0443
[INFO GPL-0046] Average top 5.0% routing congestion: 0.9969
[INFO GPL-0047] Routability iteration weighted routing congestion: 1.0984
[INFO GPL-0048] Routing congestion (1.0984) lower than previous minimum (1.11). Updating minimum.
[INFO GPL-0051] Inflated area:                 801.109 um^2 (+0.24%)
[INFO GPL-0052] Placement target density:       0.5185
[INFO GPL-0076] Removing fillers, count: Before: 16234, After: 15851 (-2.36%)
[INFO GPL-0077] Filler area (um^2)     : Before: 33947.689, After: 33146.779 (-2.36%)
[INFO GPL-0078] Removed fillers count: 383, area removed: 800.909 um^2. Remaining area to be compensated by modifying density: 0.199 um^2
[INFO GPL-0058] White space area:           718337.522 um^2 (+0.00%)
[INFO GPL-0059] Movable instances area:     372444.594 um^2 (+0.00%)
[INFO GPL-0060] Total filler area:           33146.779 um^2 (-2.36%)
[INFO GPL-0061] Total non-inflated area:    372453.474 um^2 (+0.00%)
[INFO GPL-0062] Total inflated area:        373254.583 um^2 (+0.00%)
[INFO GPL-0063] New Target Density:             0.5185
[INFO GPL-0087] Routability end iteration: increase inflation and revert back to snapshot.
Iteration | Overflow |     HPWL (um) |  HPWL(%) |   Penalty | Group
---------------------------------------------------------------
     1300 |   0.5854 |  4.621048e+06 |   -8.91% |  1.50e-09 |      
     1310 |   0.5392 |  4.729529e+06 |   +2.35% |  2.17e-09 |      
     1320 |   0.5075 |  4.821196e+06 |   +1.94% |  3.15e-09 |      
     1330 |   0.4801 |  4.905349e+06 |   +1.75% |  4.57e-09 |      
     1340 |   0.4444 |  4.972809e+06 |   +1.38% |  6.65e-09 |      
     1350 |   0.4109 |  5.001518e+06 |   +0.58% |  9.73e-09 |      
     1360 |   0.3766 |  5.067783e+06 |   +1.32% |  1.42e-08 |      
     1370 |   0.3494 |  5.094796e+06 |   +0.53% |  2.07e-08 |      
     1380 |   0.3199 |  5.082809e+06 |   -0.24% |  3.05e-08 |      
[INFO GPL-0040] Routability iteration: 11
[INFO GPL-0041] Total routing overflow: 155.1919
[INFO GPL-0042] Number of overflowed tiles: 3101 (1.74%)
[INFO GPL-0043] Average top 0.5% routing congestion: 1.1182
[INFO GPL-0044] Average top 1.0% routing congestion: 1.0788
[INFO GPL-0045] Average top 2.0% routing congestion: 1.0431
[INFO GPL-0046] Average top 5.0% routing congestion: 0.9959
[INFO GPL-0047] Routability iteration weighted routing congestion: 1.0985
[INFO GPL-0049] Routing congestion (1.0985) higher than minimum (1.0984). Consecutive non-improvement count: 1.
[INFO GPL-0051] Inflated area:                 691.561 um^2 (+0.20%)
[INFO GPL-0052] Placement target density:       0.5185
[INFO GPL-0076] Removing fillers, count: Before: 15851, After: 15521 (-2.08%)
[INFO GPL-0077] Filler area (um^2)     : Before: 33146.779, After: 32456.700 (-2.08%)
[INFO GPL-0078] Removed fillers count: 330, area removed: 690.079 um^2. Remaining area to be compensated by modifying density: 1.482 um^2
[INFO GPL-0058] White space area:           718337.522 um^2 (+0.00%)
[INFO GPL-0059] Movable instances area:     372444.594 um^2 (+0.00%)
[INFO GPL-0060] Total filler area:           32456.700 um^2 (-2.08%)
[INFO GPL-0061] Total non-inflated area:    372454.957 um^2 (+0.00%)
[INFO GPL-0062] Total inflated area:        373146.518 um^2 (+0.00%)
[INFO GPL-0063] New Target Density:             0.5185
[INFO GPL-0087] Routability end iteration: increase inflation and revert back to snapshot.
Iteration | Overflow |     HPWL (um) |  HPWL(%) |   Penalty | Group
---------------------------------------------------------------
     1390 |   0.6157 |  4.485008e+06 |  -11.76% |  1.17e-09 |      
     1400 |   0.5706 |  4.659055e+06 |   +3.88% |  1.67e-09 |      
     1410 |   0.5296 |  4.761112e+06 |   +2.19% |  2.42e-09 |      
     1420 |   0.4997 |  4.851918e+06 |   +1.91% |  3.51e-09 |      
     1430 |   0.4708 |  4.932096e+06 |   +1.65% |  5.10e-09 |      
     1440 |   0.4323 |  4.986761e+06 |   +1.11% |  7.43e-09 |      
     1450 |   0.4031 |  5.018360e+06 |   +0.63% |  1.09e-08 |      
     1460 |   0.3668 |  5.086803e+06 |   +1.36% |  1.58e-08 |      
     1470 |   0.3413 |  5.092573e+06 |   +0.11% |  2.33e-08 |      
     1480 |   0.3100 |  5.088954e+06 |   -0.07% |  3.42e-08 |      
[INFO GPL-0040] Routability iteration: 12
[INFO GPL-0041] Total routing overflow: 147.7293
[INFO GPL-0042] Number of overflowed tiles: 3048 (1.71%)
[INFO GPL-0043] Average top 0.5% routing congestion: 1.1122
[INFO GPL-0044] Average top 1.0% routing congestion: 1.0751
[INFO GPL-0045] Average top 2.0% routing congestion: 1.0409
[INFO GPL-0046] Average top 5.0% routing congestion: 0.9944
[INFO GPL-0047] Routability iteration weighted routing congestion: 1.0936
[INFO GPL-0048] Routing congestion (1.0936) lower than previous minimum (1.098). Updating minimum.
[INFO GPL-0051] Inflated area:                 632.096 um^2 (+0.19%)
[INFO GPL-0052] Placement target density:       0.5185
[INFO GPL-0076] Removing fillers, count: Before: 15521, After: 15219 (-1.95%)
[INFO GPL-0077] Filler area (um^2)     : Before: 32456.700, After: 31825.174 (-1.95%)
[INFO GPL-0078] Removed fillers count: 302, area removed: 631.527 um^2. Remaining area to be compensated by modifying density: 0.569 um^2
[INFO GPL-0058] White space area:           718337.522 um^2 (+0.00%)
[INFO GPL-0059] Movable instances area:     372444.594 um^2 (+0.00%)
[INFO GPL-0060] Total filler area:           31825.174 um^2 (-1.95%)
[INFO GPL-0061] Total non-inflated area:    372455.526 um^2 (+0.00%)
[INFO GPL-0062] Total inflated area:        373087.622 um^2 (+0.00%)
[INFO GPL-0063] New Target Density:             0.5185
[INFO GPL-0087] Routability end iteration: increase inflation and revert back to snapshot.
Iteration | Overflow |     HPWL (um) |  HPWL(%) |   Penalty | Group
---------------------------------------------------------------
     1490 |   0.6035 |  4.571337e+06 |  -10.17% |  1.30e-09 |      
     1500 |   0.5547 |  4.699990e+06 |   +2.81% |  1.87e-09 |      
     1510 |   0.5198 |  4.797308e+06 |   +2.07% |  2.70e-09 |      
     1520 |   0.4915 |  4.886302e+06 |   +1.86% |  3.92e-09 |      
     1530 |   0.4612 |  4.961072e+06 |   +1.53% |  5.70e-09 |      
     1540 |   0.4219 |  5.004482e+06 |   +0.88% |  8.33e-09 |      
     1550 |   0.3937 |  5.050893e+06 |   +0.93% |  1.22e-08 |      
     1560 |   0.3596 |  5.106779e+06 |   +1.11% |  1.77e-08 |      
     1570 |   0.3341 |  5.094563e+06 |   -0.24% |  2.61e-08 |      
     1580 |   0.3028 |  5.097482e+06 |   +0.06% |  3.83e-08 |      
[INFO GPL-0040] Routability iteration: 13
[INFO GPL-0041] Total routing overflow: 149.2557
[INFO GPL-0042] Number of overflowed tiles: 2916 (1.64%)
[INFO GPL-0043] Average top 0.5% routing congestion: 1.1177
[INFO GPL-0044] Average top 1.0% routing congestion: 1.0772
[INFO GPL-0045] Average top 2.0% routing congestion: 1.0410
[INFO GPL-0046] Average top 5.0% routing congestion: 0.9938
[INFO GPL-0047] Routability iteration weighted routing congestion: 1.0975
[INFO GPL-0049] Routing congestion (1.0975) higher than minimum (1.0936). Consecutive non-improvement count: 1.
[INFO GPL-0051] Inflated area:                 560.864 um^2 (+0.16%)
[INFO GPL-0052] Placement target density:       0.5185
[INFO GPL-0076] Removing fillers, count: Before: 15219, After: 14951 (-1.76%)
[INFO GPL-0077] Filler area (um^2)     : Before: 31825.174, After: 31264.746 (-1.76%)
[INFO GPL-0078] Removed fillers count: 268, area removed: 560.428 um^2. Remaining area to be compensated by modifying density: 0.437 um^2
[INFO GPL-0058] White space area:           718337.522 um^2 (+0.00%)
[INFO GPL-0059] Movable instances area:     372444.594 um^2 (+0.00%)
[INFO GPL-0060] Total filler area:           31264.746 um^2 (-1.76%)
[INFO GPL-0061] Total non-inflated area:    372455.963 um^2 (+0.00%)
[INFO GPL-0062] Total inflated area:        373016.827 um^2 (+0.00%)
[INFO GPL-0063] New Target Density:             0.5185
[INFO GPL-0087] Routability end iteration: increase inflation and revert back to snapshot.
Iteration | Overflow |     HPWL (um) |  HPWL(%) |   Penalty | Group
---------------------------------------------------------------
     1590 |   0.5950 |  4.601435e+06 |   -9.73% |  1.39e-09 |      
     1600 |   0.5461 |  4.723313e+06 |   +2.65% |  2.01e-09 |      
     1610 |   0.5146 |  4.820103e+06 |   +2.05% |  2.91e-09 |      
     1620 |   0.4866 |  4.908059e+06 |   +1.82% |  4.22e-09 |      
     1630 |   0.4535 |  4.979114e+06 |   +1.45% |  6.14e-09 |      
     1640 |   0.4175 |  5.013389e+06 |   +0.69% |  8.98e-09 |      
     1650 |   0.3854 |  5.072696e+06 |   +1.18% |  1.31e-08 |      
     1660 |   0.3556 |  5.112854e+06 |   +0.79% |  1.91e-08 |      
     1670 |   0.3280 |  5.096663e+06 |   -0.32% |  2.82e-08 |      
     1680 |   0.2987 |  5.102627e+06 |   +0.12% |  4.14e-08 |      
[INFO GPL-0040] Routability iteration: 14
[INFO GPL-0041] Total routing overflow: 147.8469
[INFO GPL-0042] Number of overflowed tiles: 2983 (1.68%)
[INFO GPL-0043] Average top 0.5% routing congestion: 1.1151
[INFO GPL-0044] Average top 1.0% routing congestion: 1.0757
[INFO GPL-0045] Average top 2.0% routing congestion: 1.0408
[INFO GPL-0046] Average top 5.0% routing congestion: 0.9942
[INFO GPL-0047] Routability iteration weighted routing congestion: 1.0954
[INFO GPL-0049] Routing congestion (1.0954) higher than minimum (1.0936). Consecutive non-improvement count: 2.
[INFO GPL-0051] Inflated area:                 571.775 um^2 (+0.17%)
[INFO GPL-0052] Placement target density:       0.5185
[INFO GPL-0076] Removing fillers, count: Before: 14951, After: 14678 (-1.83%)
[INFO GPL-0077] Filler area (um^2)     : Before: 31264.746, After: 30693.863 (-1.83%)
[INFO GPL-0078] Removed fillers count: 273, area removed: 570.883 um^2. Remaining area to be compensated by modifying density: 0.891 um^2
[INFO GPL-0058] White space area:           718337.522 um^2 (+0.00%)
[INFO GPL-0059] Movable instances area:     372444.594 um^2 (+0.00%)
[INFO GPL-0060] Total filler area:           30693.863 um^2 (-1.83%)
[INFO GPL-0061] Total non-inflated area:    372456.854 um^2 (+0.00%)
[INFO GPL-0062] Total inflated area:        373028.629 um^2 (+0.00%)
[INFO GPL-0063] New Target Density:             0.5185
[INFO GPL-0087] Routability end iteration: increase inflation and revert back to snapshot.
Iteration | Overflow |     HPWL (um) |  HPWL(%) |   Penalty | Group
---------------------------------------------------------------
     1690 |   0.5858 |  4.631367e+06 |   -9.24% |  1.50e-09 |      
     1700 |   0.5395 |  4.746571e+06 |   +2.49% |  2.16e-09 |      
     1710 |   0.5089 |  4.842712e+06 |   +2.03% |  3.13e-09 |      
     1720 |   0.4815 |  4.927793e+06 |   +1.76% |  4.54e-09 |      
     1730 |   0.4453 |  4.995972e+06 |   +1.38% |  6.61e-09 |      
     1740 |   0.4120 |  5.023779e+06 |   +0.56% |  9.68e-09 |      
     1750 |   0.3777 |  5.090897e+06 |   +1.34% |  1.41e-08 |      
     1760 |   0.3514 |  5.117024e+06 |   +0.51% |  2.06e-08 |      
     1770 |   0.3210 |  5.102029e+06 |   -0.29% |  3.04e-08 |      
[INFO GPL-0040] Routability iteration: 15
[INFO GPL-0041] Total routing overflow: 146.1621
[INFO GPL-0042] Number of overflowed tiles: 2926 (1.64%)
[INFO GPL-0043] Average top 0.5% routing congestion: 1.1146
[INFO GPL-0044] Average top 1.0% routing congestion: 1.0753
[INFO GPL-0045] Average top 2.0% routing congestion: 1.0402
[INFO GPL-0046] Average top 5.0% routing congestion: 0.9939
[INFO GPL-0047] Routability iteration weighted routing congestion: 1.0949
[INFO GPL-0049] Routing congestion (1.0949) higher than minimum (1.0936). Consecutive non-improvement count: 3.
[INFO GPL-0051] Inflated area:                 607.512 um^2 (+0.18%)
[INFO GPL-0052] Placement target density:       0.5185
[INFO GPL-0076] Removing fillers, count: Before: 14678, After: 14388 (-1.98%)
[INFO GPL-0077] Filler area (um^2)     : Before: 30693.863, After: 30087.430 (-1.98%)
[INFO GPL-0078] Removed fillers count: 290, area removed: 606.433 um^2. Remaining area to be compensated by modifying density: 1.079 um^2
[INFO GPL-0054] No improvement in routing congestion for 3 consecutive iterations (limit is 3).
[INFO GPL-0055] Reverting inflation values and target density from the iteration with minimum observed routing congestion.
[INFO GPL-0056] Minimum observed routing congestion: 1.0936
[INFO GPL-0057] Target density at minimum routing congestion: 0.5185
[INFO GPL-0080] Restoring 1133 previously removed fillers.
[INFO GPL-0081] Number of fillers before restoration 14388 and after 15521 . Relative change: +7.87%%
[INFO GPL-0082] Total filler area before restoration 30087.43 and after 32456.70 (um^2). Relative change: +7.87%%
[INFO GPL-0089] Routability finished. Reverting to minimal observed routing congestion, could not reach target.
Iteration | Overflow |     HPWL (um) |  HPWL(%) |   Penalty | Group
---------------------------------------------------------------
     1780 |   0.6151 |  4.499484e+06 |  -11.81% |  1.12e-09 |      
     1790 |   0.5745 |  4.643725e+06 |   +3.21% |  1.62e-09 |      
     1800 |   0.5312 |  4.750662e+06 |   +2.30% |  2.34e-09 |      
     1810 |   0.5009 |  4.843550e+06 |   +1.96% |  3.39e-09 |      
     1820 |   0.4734 |  4.925412e+06 |   +1.69% |  4.92e-09 |      
     1830 |   0.4347 |  4.987412e+06 |   +1.26% |  7.17e-09 |      
     1840 |   0.4047 |  5.016026e+06 |   +0.57% |  1.05e-08 |      
     1850 |   0.3694 |  5.084755e+06 |   +1.37% |  1.53e-08 |      
     1860 |   0.3427 |  5.098059e+06 |   +0.26% |  2.24e-08 |      
     1870 |   0.3124 |  5.091258e+06 |   -0.13% |  3.29e-08 |      
     1880 |   0.2855 |  5.086737e+06 |   -0.09% |  4.84e-08 |      
     1890 |   0.2579 |  5.073934e+06 |   -0.25% |  7.13e-08 |      
     1900 |   0.2330 |  5.064064e+06 |   -0.19% |  1.05e-07 |      
     1910 |   0.2094 |  5.046841e+06 |   -0.34% |  1.54e-07 |      
[INFO GPL-0100] Timing-driven iteration 2/2, virtual: false.
[INFO GPL-0101]    Iter: 1918, overflow: 0.194, keep resizer changes at: 1, HPWL: 10063338472
Iteration |   Area    | Resized | Buffers | Nets repaired | Remaining
---------------------------------------------------------------------
        0 |     +0.0% |       0 |       0 |             0 |    187173
    final |     +0.2% |      60 |     937 |           953 |         0
---------------------------------------------------------------------
[INFO RSZ-0034] Found 138 slew violations.
[INFO RSZ-0036] Found 735 capacitance violations.
[INFO RSZ-0037] Found 217 long wires.
[INFO RSZ-0039] Resized 60 instances.
[INFO RSZ-0038] Inserted 937 buffers in 953 nets.
   Iter   |    Area   | Removed | Inserted |   Pins
          |           | Buffers | Buffers  | Remaining
-------------------------------------------------------
        0 |     +0.0% |       0 |        0 |    169490
    16900 |     -0.0% |    2290 |     2084 |    152590
    33800 |     -0.2% |    4907 |     4368 |    135690
    50700 |     -0.2% |    5937 |     5581 |    118790
    67600 |     -0.2% |    6958 |     6814 |    101890
    84500 |     -0.2% |    8235 |     8132 |     84990
   101400 |     -0.2% |    8619 |     8672 |     68090
   118300 |     -0.1% |   10412 |    11136 |     51190
   135200 |     -0.1% |   11328 |    12314 |     34290
   152100 |     -0.1% |   11953 |    12977 |     17390
   169000 |     -0.1% |   12690 |    13765 |       490
    final |     -0.1% |   13458 |    14739 |         0
-------------------------------------------------------
[INFO GPL-0106] Timing-driven: worst slack -1.135e-09
[INFO GPL-0107] Timing-driven: repair_design delta area: -524.247 um^2 (-0.15%)
[INFO GPL-0108] Timing-driven: repair_design, gpl delta gcells: 2218 (+1.40%)
[INFO GPL-0109] Timing-driven: repair_design, gcells created: 15676, deleted: 13458
[INFO GPL-0110] Timing-driven: new target density: 0.5202226
Iteration | Overflow |     HPWL (um) |  HPWL(%) |   Penalty | Group
---------------------------------------------------------------
     1920 |   0.1906 |  5.245624e+06 |   +3.94% |  2.19e-07 |      
     1930 |   0.1686 |  5.229493e+06 |   -0.31% |  3.20e-07 |      
     1940 |   0.1495 |  5.249012e+06 |   +0.37% |  4.69e-07 |      
     1950 |   0.1317 |  5.233493e+06 |   -0.30% |  6.91e-07 |      
     1960 |   0.1152 |  5.226295e+06 |   -0.14% |  1.02e-06 |      
     1970 |   0.1012 |  5.253668e+06 |   +0.52% |  1.49e-06 |      
     1971 |   0.0999 |  5.256785e+06 |          |  1.61e-06 |      
---------------------------------------------------------------
[INFO GPL-1001] Global placement finished at iteration 1971
[INFO GPL-1003] Routability mode iteration count: 1513
[INFO GPL-1005] Routability final weighted congestion: 1.2553
[INFO GPL-1002] Placed Cell Area            339474.0094
[INFO GPL-1003] Available Free Area         718337.5220
[INFO GPL-1004] Minimum Feasible Density        0.4300 (cell_area / free_area)
[INFO GPL-1006]   Suggested Target Densities:
[INFO GPL-1007]     - For 90% usage of free space: 0.5251
[INFO GPL-1008]     - For 80% usage of free space: 0.5907
[INFO GPL-1009]     - For 50% usage of free space: 0.9452
[INFO GPL-1011] Original area (um^2): 305116.88
[INFO GPL-1012] Total routability artificial inflation: 19450.53 (+6.37%)
[INFO GPL-1013] Total timing-driven delta area: 14906.60 (+4.89%)
[INFO GPL-1014] Final placement area: 339474.01 (+11.26%)
Took 1008 seconds: global_placement -density 0.49700000643730163 -pad_left 0 -pad_right 0 -routability_driven -timing_driven -force_center_initial_place -min_phi_coef 0.95 -max_phi_coef 1.05
estimate_parasitics -placement
Took 9 seconds: estimate_parasitics -placement
Report metrics stage 3, global place...

==========================================================================
global place report_design_area
--------------------------------------------------------------------------
Design area 719526 um^2 51% utilization.
write_db ./results/nangate45/ariane133/base/3_3_place_gp.odb
Elapsed time: 17:40.44[h:]min:sec. CPU time: user 1982.12 sys 214.00 (207%). Peak memory: 2212984KB.
Log                        Elapsed/s Peak Memory/MB  sha1sum .odb [0:20)
3_3_place_gp                    1060           2161 a1c943f93b4b1287fa42
