OpenROAD 26Q1-2900-gdf79404cd8 
Features included (+) or not (-): +GPU +GUI +Python
This program is licensed under the BSD-3 license. See the LICENSE file for details.
Components of this program may be licensed under more restrictive licenses which must be honored.
[INFO ORD-0030] Using 8 thread(s).
read_liberty /OpenROAD-flow-scripts/flow/platforms/nangate45/lib/NangateOpenCellLibrary_typical.lib
read_liberty /OpenROAD-flow-scripts/flow/platforms/nangate45/lib/fakeram45_256x16.lib
read_db ./results/nangate45/ariane133/base/3_place.odb
read_sdc ./results/nangate45/ariane133/base/3_place.sdc
source /OpenROAD-flow-scripts/flow/platforms/nangate45/setRC.tcl
clock_tree_synthesis -sink_clustering_enable -repair_clock_nets
[INFO CTS-0050] Root buffer is CLKBUF_X3.
[INFO CTS-0051] Sink buffer is CLKBUF_X3.
[INFO CTS-0052] The following clock buffers will be used for CTS:
                    CLKBUF_X3
[INFO CTS-0049] Characterization buffer is CLKBUF_X3.
[INFO CTS-0007] Net "clk_i" found for clock "core_clock".
[INFO CTS-0011]  Clock net "clk_i" for macros has 132 sinks.
[INFO CTS-0011]  Clock net "clk_i_regs" for registers has 20618 sinks.
[INFO CTS-0008] TritonCTS found 2 clock nets.
[INFO CTS-0097] Characterization used 1 buffer(s) types.
[INFO CTS-0201] 132 blockages from hard placement blockages and placed macros will be used.
[INFO CTS-0027] Generating H-Tree topology for net clk_i.
[INFO CTS-0028]  Total number of sinks: 132.
[INFO CTS-0029]  Macro  sinks will be clustered in groups of up to 4 and with maximum cluster diameter of 155.4 um.
[INFO CTS-0030]  Number of static layers: 0.
[INFO CTS-0020]  Wire segment unit: 14000  dbu (7 um).
[INFO CTS-0204] A clustering solution was found from clustering size of 4 and clustering diameter of 155.
[INFO CTS-0205] Better solution may be possible if either -sink_clustering_size, -sink_clustering_max_diameter, or both options are omitted to enable automatic clustering.
[INFO CTS-0019]  Total number of sinks after clustering: 42.
[INFO CTS-0024]  Normalized sink region: [(17.4345, 7.755), (158.756, 163.865)].
[INFO CTS-0025]     Width:  141.3212.
[INFO CTS-0026]     Height: 156.1100.
 Level 1
    Direction: Vertical
    Sinks per sub-region: 21
    Sub-region size: 141.3212 X 78.0550
[INFO CTS-0034]     Segment length (rounded): 40.
 Level 2
    Direction: Horizontal
    Sinks per sub-region: 11
    Sub-region size: 70.6606 X 78.0550
[INFO CTS-0034]     Segment length (rounded): 36.
[INFO CTS-0032]  Stop criterion found. Max number of sinks is 15.
[INFO CTS-0035]  Number of sinks covered: 42.
[INFO CTS-0201] 132 blockages from hard placement blockages and placed macros will be used.
[INFO CTS-0027] Generating H-Tree topology for net clk_i_regs.
[INFO CTS-0028]  Total number of sinks: 20618.
[INFO CTS-0090]  Sinks will be clustered based on buffer max cap.
[INFO CTS-0030]  Number of static layers: 0.
[INFO CTS-0020]  Wire segment unit: 14000  dbu (7 um).
[INFO CTS-0206] Best clustering solution was found from clustering size of 20 and clustering diameter of 50.
[INFO CTS-0019]  Total number of sinks after clustering: 3247.
[INFO CTS-0024]  Normalized sink region: [(1.38798, 22.3333), (147.589, 170.427)].
[INFO CTS-0025]     Width:  146.2012.
[INFO CTS-0026]     Height: 148.0938.
 Level 1
    Direction: Vertical
    Sinks per sub-region: 1624
    Sub-region size: 146.2012 X 74.0469
[INFO CTS-0034]     Segment length (rounded): 38.
 Level 2
    Direction: Horizontal
    Sinks per sub-region: 812
    Sub-region size: 73.1006 X 74.0469
[INFO CTS-0034]     Segment length (rounded): 36.
 Level 3
    Direction: Vertical
    Sinks per sub-region: 406
    Sub-region size: 73.1006 X 37.0235
[INFO CTS-0034]     Segment length (rounded): 18.
 Level 4
    Direction: Horizontal
    Sinks per sub-region: 203
    Sub-region size: 36.5503 X 37.0235
[INFO CTS-0034]     Segment length (rounded): 18.
 Level 5
    Direction: Vertical
    Sinks per sub-region: 102
    Sub-region size: 36.5503 X 18.5117
[INFO CTS-0034]     Segment length (rounded): 10.
 Level 6
    Direction: Horizontal
    Sinks per sub-region: 51
    Sub-region size: 18.2752 X 18.5117
[INFO CTS-0034]     Segment length (rounded): 10.
 Level 7
    Direction: Vertical
    Sinks per sub-region: 26
    Sub-region size: 18.2752 X 9.2559
[INFO CTS-0034]     Segment length (rounded): 4.
 Level 8
    Direction: Horizontal
    Sinks per sub-region: 13
    Sub-region size: 9.1376 X 9.2559
[INFO CTS-0034]     Segment length (rounded): 4.
[INFO CTS-0032]  Stop criterion found. Max number of sinks is 15.
[INFO CTS-0035]  Number of sinks covered: 3247.
[INFO CTS-0018]     Created 47 clock buffers.
[INFO CTS-0012]     Minimum number of buffers in the clock path: 3.
[INFO CTS-0013]     Maximum number of buffers in the clock path: 4.
[INFO CTS-0015]     Created 47 clock nets.
[INFO CTS-0016]     Fanout distribution for the current clock = 2:8, 3:14, 4:18, 7:1, 10:1, 12:1, 13:1..
[INFO CTS-0017]     Max level of the clock tree: 2.
[INFO CTS-0018]     Created 3598 clock buffers.
[INFO CTS-0012]     Minimum number of buffers in the clock path: 8.
[INFO CTS-0013]     Maximum number of buffers in the clock path: 8.
[INFO CTS-0015]     Created 3598 clock nets.
[INFO CTS-0016]     Fanout distribution for the current clock = 2:9, 3:25, 4:70, 5:381, 6:1243, 7:1321, 8:241, 9:27, 10:28, 11:23, 12:24, 13:11, 14:18, 15:14, 16:14, 17:18, 18:9, 19:4, 20:8, 21:6, 22:1, 24:2, 25:3, 27:1, 29:1, 30:1..
[INFO CTS-0017]     Max level of the clock tree: 8.
[INFO CTS-0098] Clock net "clk_i"
[INFO CTS-0099]  Sinks 132
[INFO CTS-0100]  Leaf buffers 40
[INFO CTS-0101]  Average sink wire length 1812.75 um
[INFO CTS-0102]  Path depth 3 - 4
[INFO CTS-0207]  Dummy loads inserted 24
[INFO CTS-0098] Clock net "clk_i_regs"
[INFO CTS-0099]  Sinks 23335
[INFO CTS-0100]  Leaf buffers 3247
[INFO CTS-0101]  Average sink wire length 890.64 um
[INFO CTS-0102]  Path depth 7 - 8
[INFO CTS-0207]  Dummy loads inserted 2717
[INFO RSZ-0047] Found 3 long wires.
[INFO RSZ-0048] Inserted 5 buffers in 3 nets.
[INFO CTS-0033] Balancing latency for clock core_clock
[INFO CTS-0036]  inserted 1 delay buffers
[INFO CTS-0037] Total number of delay buffers: 1
Took 25 seconds: clock_tree_synthesis -sink_clustering_enable -repair_clock_nets
estimate_parasitics -placement
Took 9 seconds: estimate_parasitics -placement
[INFO DPL-0005] Max displacement: +/- 500 sites horizontally, +/- 100 rows vertically.
Movements Summary
---------------------------------------
Total cells:                  167115
Diamond Move Success:         167115 (100.00%)
Diamond Move Failure:              0
Rip-up and replace Success:        0 (  0.00% of diamond failures)
Rip-up and replace Failure:        0
Total Placement Failures:          0
---------------------------------------
Placement Analysis
---------------------------------
total displacement       7864.9 u
average displacement        0.0 u
max displacement            7.8 u
original HPWL         5347436.7 u
legalized HPWL        5389468.6 u
delta HPWL                    1 %

estimate_parasitics -placement
Took 9 seconds: estimate_parasitics -placement
repair_timing -setup_margin 0 -hold_margin 0 -repair_tns 100 -skip_gate_cloning -verbose
[INFO RSZ-0100] Repair move sequence: UnbufferMove SizeUpMove SwapPinsMove BufferMove SplitLoadMove 
[INFO RSZ-0094] Found 3225 endpoints with setup violations.
[INFO RSZ-0099] Repairing 3225 out of 3225 (100.00%) violating endpoints...
   Iter   | Removed | Resized | Inserted | Cloned |  Pin  |   Area   |    WNS   |   StTNS    |   EnTNS    |  Viol  |  Worst  
          | Buffers |  Gates  | Buffers  |  Gates | Swaps |          |          |            |            | Endpts | St/EnPt 
------------------------------------------------------------------------------------------------------------------------------
       0* |       0 |       0 |        0 |      0 |     0 |    +0.0% |   -0.595 |      -48.6 |    -1249.5 |   3225 | issue_stage_i.i_scoreboard/mem_q\[1567\]$_DFF_PN0_/D
      10* |       0 |       6 |        1 |      0 |     2 |    +0.0% |   -0.573 |      -45.8 |    -1255.8 |   3225 | issue_stage_i.i_scoreboard/mem_q\[2696\]$_DFF_PN0_/D
      20* |       0 |      12 |        1 |      0 |     6 |    +0.0% |   -0.562 |      -44.7 |    -1228.5 |   3225 | issue_stage_i.i_scoreboard/mem_q\[181\]$_DFF_PN0_/D
      30* |       0 |      17 |        2 |      0 |    10 |    +0.0% |   -0.578 |      -47.1 |    -1315.1 |   3225 | issue_stage_i.i_scoreboard/mem_q\[2696\]$_DFF_PN0_/D
      40* |       0 |      24 |        2 |      0 |    13 |    +0.0% |   -0.587 |      -48.1 |    -1315.3 |   3225 | issue_stage_i.i_scoreboard/mem_q\[911\]$_DFF_PN0_/D
      50* |       0 |      32 |        2 |      0 |    15 |    +0.0% |   -0.555 |      -44.7 |    -1255.5 |   3225 | issue_stage_i.i_scoreboard/mem_q\[181\]$_DFF_PN0_/D
      60* |       0 |      37 |        5 |      0 |    18 |    +0.0% |   -0.550 |      -44.2 |    -1238.4 |   3225 | issue_stage_i.i_scoreboard/mem_q\[181\]$_DFF_PN0_/D
      70* |       0 |      42 |        7 |      0 |    21 |    +0.0% |   -0.578 |      -46.9 |    -1275.8 |   3225 | issue_stage_i.i_scoreboard/mem_q\[193\]$_DFF_PN0_/D
      80* |       0 |      44 |       13 |      0 |    25 |    +0.0% |   -0.559 |      -44.6 |    -1231.9 |   3225 | issue_stage_i.i_scoreboard/mem_q\[193\]$_DFF_PN0_/D
      90* |       0 |      49 |       14 |      0 |    29 |    +0.0% |   -0.566 |      -45.7 |    -1258.1 |   3225 | issue_stage_i.i_scoreboard/mem_q\[193\]$_DFF_PN0_/D
     100* |       1 |      56 |       15 |      0 |    30 |    +0.0% |   -0.557 |      -44.7 |    -1239.4 |   3225 | issue_stage_i.i_scoreboard/mem_q\[193\]$_DFF_PN0_/D
     106* |       0 |      35 |        5 |      0 |    16 |    +0.0% |   -0.543 |      -43.6 |    -1218.1 |   3225 | issue_stage_i.i_scoreboard/mem_q\[181\]$_DFF_PN0_/D
     110* |       0 |      38 |        5 |      0 |    16 |    +0.0% |   -0.543 |      -43.6 |    -1215.6 |   3225 | issue_stage_i.i_scoreboard/mem_q\[181\]$_DFF_PN0_/D
     120* |       0 |      48 |        5 |      0 |    16 |    +0.0% |   -0.542 |      -43.5 |    -1174.4 |   3225 | issue_stage_i.i_scoreboard/mem_q\[181\]$_DFF_PN0_/D
     130* |       0 |      57 |        5 |      0 |    17 |    +0.0% |   -0.542 |      -43.4 |    -1155.4 |   3225 | issue_stage_i.i_scoreboard/mem_q\[181\]$_DFF_PN0_/D
     140* |       0 |      63 |       10 |      0 |    18 |    +0.0% |   -0.542 |      -43.4 |    -1171.7 |   3225 | issue_stage_i.i_scoreboard/mem_q\[181\]$_DFF_PN0_/D
     150* |       0 |      69 |       14 |      0 |    18 |    +0.0% |   -0.534 |      -42.6 |    -1132.7 |   3225 | issue_stage_i.i_scoreboard/mem_q\[181\]$_DFF_PN0_/D
     160* |       0 |      76 |       19 |      0 |    19 |    +0.0% |   -0.531 |      -42.2 |    -1122.1 |   3225 | issue_stage_i.i_scoreboard/mem_q\[181\]$_DFF_PN0_/D
     170* |       0 |      79 |       27 |      0 |    20 |    +0.0% |   -0.525 |      -41.8 |    -1140.8 |   3225 | issue_stage_i.i_scoreboard/mem_q\[181\]$_DFF_PN0_/D
     180* |       1 |      88 |       27 |      0 |    20 |    +0.0% |   -0.529 |      -42.2 |    -1152.9 |   3225 | issue_stage_i.i_scoreboard/mem_q\[181\]$_DFF_PN0_/D
     190* |       1 |      92 |       28 |      0 |    25 |    +0.0% |   -0.526 |      -41.8 |    -1124.4 |   3225 | issue_stage_i.i_scoreboard/mem_q\[181\]$_DFF_PN0_/D
     200* |       1 |      98 |       30 |      0 |    27 |    +0.0% |   -0.526 |      -41.8 |    -1124.5 |   3225 | issue_stage_i.i_scoreboard/mem_q\[181\]$_DFF_PN0_/D
     210* |       1 |     104 |       35 |      0 |    27 |    +0.0% |   -0.529 |      -42.1 |    -1135.3 |   3225 | issue_stage_i.i_scoreboard/mem_q\[181\]$_DFF_PN0_/D
     220* |       1 |     111 |       38 |      0 |    27 |    +0.0% |   -0.526 |      -41.9 |    -1127.7 |   3225 | issue_stage_i.i_scoreboard/mem_q\[181\]$_DFF_PN0_/D
     230* |       1 |     119 |       38 |      0 |    29 |    +0.0% |   -0.530 |      -42.2 |    -1131.4 |   3225 | issue_stage_i.i_scoreboard/mem_q\[181\]$_DFF_PN0_/D
     240* |       1 |     125 |       40 |      0 |    31 |    +0.0% |   -0.529 |      -42.2 |    -1130.0 |   3225 | issue_stage_i.i_scoreboard/mem_q\[181\]$_DFF_PN0_/D
     250* |       1 |     131 |       41 |      0 |    34 |    +0.0% |   -0.556 |      -45.3 |    -1212.2 |   3225 | issue_stage_i.i_scoreboard/mem_q\[181\]$_DFF_PN0_/D
     253* |       1 |      99 |       33 |      0 |    27 |    +0.0% |   -0.520 |      -41.1 |    -1107.3 |   3225 | issue_stage_i.i_scoreboard/mem_q\[181\]$_DFF_PN0_/D
     260* |       1 |     103 |       35 |      0 |    27 |    +0.0% |   -0.538 |      -43.0 |    -1162.3 |   3225 | issue_stage_i.i_scoreboard/mem_q\[181\]$_DFF_PN0_/D
     270* |       1 |     110 |       38 |      0 |    27 |    +0.0% |   -0.530 |      -42.1 |    -1138.4 |   3225 | issue_stage_i.i_scoreboard/mem_q\[181\]$_DFF_PN0_/D
     280* |       1 |     119 |       39 |      0 |    27 |    +0.0% |   -0.525 |      -41.7 |    -1116.2 |   3225 | issue_stage_i.i_scoreboard/mem_q\[181\]$_DFF_PN0_/D
     290* |       1 |     128 |       40 |      0 |    27 |    +0.0% |   -0.530 |      -42.2 |    -1130.8 |   3225 | issue_stage_i.i_scoreboard/mem_q\[181\]$_DFF_PN0_/D
     300* |       1 |     137 |       40 |      0 |    28 |    +0.0% |   -0.527 |      -41.3 |    -1116.5 |   3225 | issue_stage_i.i_scoreboard/mem_q\[181\]$_DFF_PN0_/D
     304* |       1 |      99 |       33 |      0 |    27 |    +0.0% |   -0.520 |      -41.1 |    -1107.3 |   3225 | issue_stage_i.i_scoreboard/mem_q\[181\]$_DFF_PN0_/D
     310* |       1 |     102 |       35 |      0 |    27 |    +0.0% |   -0.533 |      -42.4 |    -1147.9 |   3225 | issue_stage_i.i_scoreboard/mem_q\[181\]$_DFF_PN0_/D
     320* |       1 |     109 |       38 |      0 |    27 |    +0.0% |   -0.527 |      -41.9 |    -1128.5 |   3225 | issue_stage_i.i_scoreboard/mem_q\[181\]$_DFF_PN0_/D
     330* |       1 |     119 |       38 |      0 |    27 |    +0.0% |   -0.526 |      -41.8 |    -1119.6 |   3225 | issue_stage_i.i_scoreboard/mem_q\[181\]$_DFF_PN0_/D
     340* |       1 |     127 |       40 |      0 |    27 |    +0.0% |   -0.529 |      -42.1 |    -1128.4 |   3225 | issue_stage_i.i_scoreboard/mem_q\[181\]$_DFF_PN0_/D
     350* |       1 |     137 |       40 |      0 |    27 |    +0.0% |   -0.521 |      -41.3 |    -1099.9 |   3225 | issue_stage_i.i_scoreboard/mem_q\[181\]$_DFF_PN0_/D
     360* |       1 |     144 |       40 |      0 |    30 |    +0.0% |   -0.517 |      -40.7 |    -1083.4 |   3225 | issue_stage_i.i_scoreboard/mem_q\[1935\]$_DFF_PN0_/D
     370* |       1 |     147 |       46 |      0 |    33 |    +0.0% |   -0.522 |      -41.4 |    -1100.1 |   3225 | issue_stage_i.i_scoreboard/mem_q\[1935\]$_DFF_PN0_/D
     380* |       1 |     156 |       46 |      0 |    34 |    +0.0% |   -0.524 |      -41.5 |    -1101.4 |   3225 | issue_stage_i.i_scoreboard/mem_q\[1935\]$_DFF_PN0_/D
     390* |       1 |     164 |       46 |      0 |    36 |    +0.0% |   -0.526 |      -41.5 |    -1109.4 |   3225 | issue_stage_i.i_scoreboard/mem_q\[1935\]$_DFF_PN0_/D
     400* |       1 |     170 |       49 |      0 |    37 |    +0.0% |   -0.519 |      -41.3 |    -1087.5 |   3225 | issue_stage_i.i_scoreboard/mem_q\[1935\]$_DFF_PN0_/D
     410* |       1 |     176 |       50 |      0 |    40 |    +0.0% |   -0.521 |      -41.3 |    -1095.5 |   3225 | issue_stage_i.i_scoreboard/mem_q\[1935\]$_DFF_PN0_/D
     411* |       1 |     144 |       41 |      0 |    30 |    +0.0% |   -0.516 |      -40.7 |    -1082.1 |   3225 | issue_stage_i.i_scoreboard/mem_q\[1935\]$_DFF_PN0_/D
     420* |       1 |     149 |       43 |      0 |    31 |    +0.0% |   -0.513 |      -40.5 |    -1070.5 |   3225 | issue_stage_i.i_scoreboard/mem_q\[1935\]$_DFF_PN0_/D
     430* |       1 |     155 |       46 |      0 |    32 |    +0.0% |   -0.511 |      -40.3 |    -1062.6 |   3225 | issue_stage_i.i_scoreboard/mem_q\[1935\]$_DFF_PN0_/D
     440* |       1 |     160 |       48 |      0 |    35 |    +0.0% |   -0.515 |      -40.6 |    -1093.9 |   3225 | issue_stage_i.i_scoreboard/mem_q\[1935\]$_DFF_PN0_/D
     450* |       1 |     169 |       49 |      0 |    35 |    +0.0% |   -0.525 |      -41.9 |    -1089.0 |   3225 | issue_stage_i.i_scoreboard/mem_q\[2727\]$_DFF_PN0_/D
     460* |       1 |     178 |       50 |      0 |    35 |    +0.0% |   -0.524 |      -41.7 |    -1085.8 |   3225 | issue_stage_i.i_scoreboard/mem_q\[2727\]$_DFF_PN0_/D
     470* |       1 |     181 |       55 |      0 |    38 |    +0.0% |   -0.527 |      -41.7 |    -1094.6 |   3225 | issue_stage_i.i_scoreboard/mem_q\[2727\]$_DFF_PN0_/D
     480* |       1 |     186 |       56 |      0 |    42 |    +0.0% |   -0.523 |      -41.6 |    -1081.4 |   3225 | issue_stage_i.i_scoreboard/mem_q\[2727\]$_DFF_PN0_/D
     483* |       1 |     157 |       47 |      0 |    32 |    +0.0% |   -0.510 |      -40.3 |    -1058.0 |   3225 | issue_stage_i.i_scoreboard/mem_q\[1935\]$_DFF_PN0_/D
     490* |       1 |     163 |       47 |      0 |    32 |    +0.0% |   -0.515 |      -40.7 |    -1075.5 |   3225 | issue_stage_i.i_scoreboard/mem_q\[1935\]$_DFF_PN0_/D
     500* |       1 |     173 |       47 |      0 |    32 |    +0.0% |   -0.512 |      -40.4 |    -1067.2 |   3225 | issue_stage_i.i_scoreboard/mem_q\[1935\]$_DFF_PN0_/D
     510* |       1 |     183 |       47 |      0 |    32 |    +0.0% |   -0.515 |      -40.7 |    -1075.7 |   3225 | issue_stage_i.i_scoreboard/mem_q\[1935\]$_DFF_PN0_/D
     520* |       1 |     190 |       48 |      0 |    34 |    +0.0% |   -0.513 |      -40.5 |    -1067.2 |   3225 | issue_stage_i.i_scoreboard/mem_q\[1935\]$_DFF_PN0_/D
     530* |       1 |     192 |       51 |      0 |    39 |    +0.0% |   -0.515 |      -40.5 |    -1067.2 |   3225 | issue_stage_i.i_scoreboard/mem_q\[1935\]$_DFF_PN0_/D
     534* |       1 |     157 |       47 |      0 |    32 |    +0.0% |   -0.510 |      -40.3 |    -1058.0 |   3225 | issue_stage_i.i_scoreboard/mem_q\[1935\]$_DFF_PN0_/D
     540* |       1 |     162 |       47 |      0 |    32 |    +0.0% |   -0.514 |      -40.5 |    -1069.6 |   3225 | issue_stage_i.i_scoreboard/mem_q\[1935\]$_DFF_PN0_/D
     550* |       1 |     172 |       47 |      0 |    32 |    +0.0% |   -0.515 |      -40.7 |    -1075.2 |   3225 | issue_stage_i.i_scoreboard/mem_q\[1935\]$_DFF_PN0_/D
     560* |       1 |     182 |       47 |      0 |    32 |    +0.0% |   -0.515 |      -40.6 |    -1074.8 |   3225 | issue_stage_i.i_scoreboard/mem_q\[1935\]$_DFF_PN0_/D
     570* |       1 |     191 |       47 |      0 |    33 |    +0.0% |   -0.512 |      -40.3 |    -1062.9 |   3225 | issue_stage_i.i_scoreboard/mem_q\[1935\]$_DFF_PN0_/D
     580* |       1 |     196 |       52 |      0 |    33 |    +0.0% |   -0.512 |      -40.3 |    -1059.8 |   3225 | issue_stage_i.i_scoreboard/mem_q\[1935\]$_DFF_PN0_/D
     585* |       1 |     157 |       47 |      0 |    32 |    +0.0% |   -0.510 |      -40.3 |    -1058.0 |   3225 | issue_stage_i.i_scoreboard/mem_q\[1935\]$_DFF_PN0_/D
     590* |       1 |     161 |       47 |      0 |    32 |    +0.0% |   -0.513 |      -40.4 |    -1066.2 |   3225 | issue_stage_i.i_scoreboard/mem_q\[1935\]$_DFF_PN0_/D
     600* |       1 |     171 |       47 |      0 |    32 |    +0.0% |   -0.517 |      -40.9 |    -1082.4 |   3225 | issue_stage_i.i_scoreboard/mem_q\[1935\]$_DFF_PN0_/D
     610* |       1 |     181 |       47 |      0 |    32 |    +0.0% |   -0.534 |      -42.9 |    -1135.4 |   3225 | issue_stage_i.i_scoreboard/mem_q\[1935\]$_DFF_PN0_/D
     620* |       1 |     191 |       47 |      0 |    32 |    +0.0% |   -0.512 |      -40.3 |    -1062.9 |   3225 | issue_stage_i.i_scoreboard/mem_q\[1935\]$_DFF_PN0_/D
     630* |       1 |     197 |       51 |      0 |    32 |    +0.0% |   -0.512 |      -40.3 |    -1058.7 |   3225 | issue_stage_i.i_scoreboard/mem_q\[1935\]$_DFF_PN0_/D
     633* |       1 |     157 |       47 |      0 |    32 |    +0.0% |   -0.510 |      -40.3 |    -1058.0 |   3225 | issue_stage_i.i_scoreboard/mem_q\[1935\]$_DFF_PN0_/D
     640* |       1 |     163 |       47 |      0 |    32 |    +0.0% |   -0.515 |      -40.7 |    -1075.5 |   3225 | issue_stage_i.i_scoreboard/mem_q\[1935\]$_DFF_PN0_/D
     650* |       1 |     173 |       47 |      0 |    32 |    +0.0% |   -0.512 |      -40.4 |    -1067.2 |   3225 | issue_stage_i.i_scoreboard/mem_q\[1935\]$_DFF_PN0_/D
     660* |       1 |     183 |       47 |      0 |    32 |    +0.0% |   -0.515 |      -40.7 |    -1075.7 |   3225 | issue_stage_i.i_scoreboard/mem_q\[1935\]$_DFF_PN0_/D
     670* |       1 |     191 |       49 |      0 |    32 |    +0.0% |   -0.512 |      -40.3 |    -1062.1 |   3225 | issue_stage_i.i_scoreboard/mem_q\[1935\]$_DFF_PN0_/D
     680* |       1 |     199 |       51 |      0 |    32 |    +0.0% |   -0.512 |      -40.3 |    -1058.7 |   3225 | issue_stage_i.i_scoreboard/mem_q\[1935\]$_DFF_PN0_/D
     681* |       1 |     157 |       47 |      0 |    32 |    +0.0% |   -0.510 |      -40.3 |    -1058.0 |   3225 | issue_stage_i.i_scoreboard/mem_q\[1935\]$_DFF_PN0_/D
     690* |       1 |     165 |       47 |      0 |    32 |    +0.0% |   -0.515 |      -40.7 |    -1075.2 |   3225 | issue_stage_i.i_scoreboard/mem_q\[1935\]$_DFF_PN0_/D
     700* |       1 |     175 |       47 |      0 |    32 |    +0.0% |   -0.512 |      -40.4 |    -1066.9 |   3225 | issue_stage_i.i_scoreboard/mem_q\[1935\]$_DFF_PN0_/D
     710* |       1 |     185 |       47 |      0 |    32 |    +0.0% |   -0.515 |      -40.7 |    -1075.4 |   3225 | issue_stage_i.i_scoreboard/mem_q\[1935\]$_DFF_PN0_/D
     720* |       1 |     193 |       49 |      0 |    32 |    +0.0% |   -0.512 |      -40.3 |    -1061.7 |   3225 | issue_stage_i.i_scoreboard/mem_q\[1935\]$_DFF_PN0_/D
     728* |       1 |     158 |       47 |      0 |    32 |    +0.0% |   -0.510 |      -40.3 |    -1057.7 |   3225 | issue_stage_i.i_scoreboard/mem_q\[1935\]$_DFF_PN0_/D
     730* |       1 |     159 |       47 |      0 |    32 |    +0.0% |   -0.513 |      -40.4 |    -1068.3 |   3225 | issue_stage_i.i_scoreboard/mem_q\[1935\]$_DFF_PN0_/D
     740* |       1 |     169 |       47 |      0 |    32 |    +0.0% |   -0.515 |      -40.5 |    -1070.1 |   3225 | issue_stage_i.i_scoreboard/mem_q\[1935\]$_DFF_PN0_/D
     750* |       1 |     179 |       47 |      0 |    32 |    +0.0% |   -0.512 |      -40.3 |    -1065.2 |   3225 | issue_stage_i.i_scoreboard/mem_q\[1935\]$_DFF_PN0_/D
     760* |       1 |     189 |       47 |      0 |    32 |    +0.0% |   -0.512 |      -40.3 |    -1065.8 |   3225 | issue_stage_i.i_scoreboard/mem_q\[1935\]$_DFF_PN0_/D
     770* |       1 |     196 |       50 |      0 |    32 |    +0.0% |   -0.512 |      -40.3 |    -1058.7 |   3225 | issue_stage_i.i_scoreboard/mem_q\[1935\]$_DFF_PN0_/D
     775* |       1 |     158 |       47 |      0 |    32 |    +0.0% |   -0.510 |      -40.3 |    -1057.7 |   3225 | issue_stage_i.i_scoreboard/mem_q\[1935\]$_DFF_PN0_/D
     780* |       1 |     162 |       47 |      0 |    32 |    +0.0% |   -0.513 |      -40.4 |    -1065.9 |   3225 | issue_stage_i.i_scoreboard/mem_q\[1935\]$_DFF_PN0_/D
     790* |       1 |     172 |       47 |      0 |    32 |    +0.0% |   -0.517 |      -40.9 |    -1082.1 |   3225 | issue_stage_i.i_scoreboard/mem_q\[1935\]$_DFF_PN0_/D
     800* |       1 |     182 |       47 |      0 |    32 |    +0.0% |   -0.534 |      -42.9 |    -1135.1 |   3225 | issue_stage_i.i_scoreboard/mem_q\[1935\]$_DFF_PN0_/D
     810* |       1 |     192 |       47 |      0 |    32 |    +0.0% |   -0.512 |      -40.3 |    -1062.6 |   3225 | issue_stage_i.i_scoreboard/mem_q\[1935\]$_DFF_PN0_/D
     820* |       1 |     198 |       51 |      0 |    32 |    +0.0% |   -0.512 |      -40.3 |    -1058.4 |   3225 | issue_stage_i.i_scoreboard/mem_q\[1935\]$_DFF_PN0_/D
     823* |       1 |     158 |       47 |      0 |    32 |    +0.0% |   -0.510 |      -40.3 |    -1057.7 |   3225 | issue_stage_i.i_scoreboard/mem_q\[1935\]$_DFF_PN0_/D
     830* |       1 |     164 |       47 |      0 |    32 |    +0.0% |   -0.515 |      -40.7 |    -1075.2 |   3225 | issue_stage_i.i_scoreboard/mem_q\[1935\]$_DFF_PN0_/D
     840* |       1 |     174 |       47 |      0 |    32 |    +0.0% |   -0.512 |      -40.4 |    -1066.9 |   3225 | issue_stage_i.i_scoreboard/mem_q\[1935\]$_DFF_PN0_/D
     850* |       1 |     184 |       47 |      0 |    32 |    +0.0% |   -0.515 |      -40.7 |    -1075.4 |   3225 | issue_stage_i.i_scoreboard/mem_q\[1935\]$_DFF_PN0_/D
     860* |       1 |     192 |       49 |      0 |    32 |    +0.0% |   -0.512 |      -40.3 |    -1061.8 |   3225 | issue_stage_i.i_scoreboard/mem_q\[1935\]$_DFF_PN0_/D
     870* |       1 |     200 |       51 |      0 |    32 |    +0.0% |   -0.512 |      -40.3 |    -1058.4 |   3225 | issue_stage_i.i_scoreboard/mem_q\[1935\]$_DFF_PN0_/D
     871* |       1 |     158 |       47 |      0 |    32 |    +0.0% |   -0.510 |      -40.3 |    -1057.7 |   3225 | issue_stage_i.i_scoreboard/mem_q\[1935\]$_DFF_PN0_/D
     880* |       1 |     166 |       47 |      0 |    32 |    +0.0% |   -0.513 |      -40.4 |    -1067.1 |   3225 | issue_stage_i.i_scoreboard/mem_q\[1935\]$_DFF_PN0_/D
     890* |       1 |     172 |       51 |      0 |    32 |    +0.0% |   -0.515 |      -40.7 |    -1071.8 |   3225 | issue_stage_i.i_scoreboard/mem_q\[1935\]$_DFF_PN0_/D
     900* |       1 |     182 |       51 |      0 |    32 |    +0.0% |   -0.512 |      -40.4 |    -1063.5 |   3225 | issue_stage_i.i_scoreboard/mem_q\[1935\]$_DFF_PN0_/D
     910* |       1 |     192 |       51 |      0 |    32 |    +0.0% |   -0.515 |      -40.7 |    -1072.0 |   3225 | issue_stage_i.i_scoreboard/mem_q\[1935\]$_DFF_PN0_/D
     920* |       1 |     201 |       52 |      0 |    32 |    +0.0% |   -0.511 |      -40.2 |    -1058.5 |   3225 | issue_stage_i.i_scoreboard/mem_q\[1935\]$_DFF_PN0_/D
     924* |       1 |     160 |       47 |      0 |    32 |    +0.0% |   -0.510 |      -40.3 |    -1057.6 |   3225 | issue_stage_i.i_scoreboard/mem_q\[1935\]$_DFF_PN0_/D
     930* |       1 |     165 |       47 |      0 |    32 |    +0.0% |   -0.513 |      -40.4 |    -1068.1 |   3225 | issue_stage_i.i_scoreboard/mem_q\[1935\]$_DFF_PN0_/D
     940* |       1 |     172 |       50 |      0 |    32 |    +0.0% |   -0.514 |      -40.5 |    -1069.7 |   3225 | issue_stage_i.i_scoreboard/mem_q\[1935\]$_DFF_PN0_/D
     950* |       1 |     182 |       50 |      0 |    32 |    +0.0% |   -0.515 |      -40.7 |    -1075.3 |   3225 | issue_stage_i.i_scoreboard/mem_q\[1935\]$_DFF_PN0_/D
     960* |       1 |     192 |       50 |      0 |    32 |    +0.0% |   -0.515 |      -40.6 |    -1074.8 |   3225 | issue_stage_i.i_scoreboard/mem_q\[1935\]$_DFF_PN0_/D
     970* |       1 |     201 |       51 |      0 |    32 |    +0.0% |   -0.511 |      -40.2 |    -1059.2 |   3225 | issue_stage_i.i_scoreboard/mem_q\[1935\]$_DFF_PN0_/D
     975* |       1 |     160 |       47 |      0 |    32 |    +0.0% |   -0.510 |      -40.3 |    -1057.6 |   3225 | issue_stage_i.i_scoreboard/mem_q\[1935\]$_DFF_PN0_/D
     980* |       1 |     164 |       47 |      0 |    32 |    +0.0% |   -0.513 |      -40.4 |    -1068.1 |   3225 | issue_stage_i.i_scoreboard/mem_q\[1935\]$_DFF_PN0_/D
     990* |       1 |     170 |       51 |      0 |    32 |    +0.0% |   -0.513 |      -40.4 |    -1062.5 |   3225 | issue_stage_i.i_scoreboard/mem_q\[1935\]$_DFF_PN0_/D
    1000* |       1 |     180 |       51 |      0 |    32 |    +0.0% |   -0.517 |      -40.9 |    -1078.7 |   3225 | issue_stage_i.i_scoreboard/mem_q\[1935\]$_DFF_PN0_/D
    1010* |       1 |     190 |       51 |      0 |    32 |    +0.0% |   -0.534 |      -42.9 |    -1131.7 |   3225 | issue_stage_i.i_scoreboard/mem_q\[1935\]$_DFF_PN0_/D
    1020* |       1 |     200 |       51 |      0 |    32 |    +0.0% |   -0.512 |      -40.3 |    -1058.9 |   3225 | issue_stage_i.i_scoreboard/mem_q\[1935\]$_DFF_PN0_/D
    1026* |       1 |     160 |       47 |      0 |    32 |    +0.0% |   -0.510 |      -40.3 |    -1057.6 |   3225 | issue_stage_i.i_scoreboard/mem_q\[1935\]$_DFF_PN0_/D
    1030* |       1 |     163 |       47 |      0 |    32 |    +0.0% |   -0.513 |      -40.4 |    -1068.2 |   3225 | issue_stage_i.i_scoreboard/mem_q\[1935\]$_DFF_PN0_/D
    1040* |       1 |     169 |       51 |      0 |    32 |    +0.0% |   -0.513 |      -40.4 |    -1063.8 |   3225 | issue_stage_i.i_scoreboard/mem_q\[1935\]$_DFF_PN0_/D
    1050* |       1 |     179 |       51 |      0 |    32 |    +0.0% |   -0.513 |      -40.4 |    -1064.0 |   3225 | issue_stage_i.i_scoreboard/mem_q\[1935\]$_DFF_PN0_/D
    1060* |       1 |     189 |       51 |      0 |    32 |    +0.0% |   -0.514 |      -40.6 |    -1068.6 |   3225 | issue_stage_i.i_scoreboard/mem_q\[1935\]$_DFF_PN0_/D
    1070* |       1 |     199 |       51 |      0 |    32 |    +0.0% |   -0.512 |      -40.3 |    -1059.0 |   3225 | issue_stage_i.i_scoreboard/mem_q\[1935\]$_DFF_PN0_/D
    1077* |       1 |     160 |       47 |      0 |    32 |    +0.0% |   -0.510 |      -40.3 |    -1057.6 |   3225 | issue_stage_i.i_scoreboard/mem_q\[1935\]$_DFF_PN0_/D
    1080* |       1 |     162 |       47 |      0 |    32 |    +0.0% |   -0.513 |      -40.4 |    -1068.1 |   3225 | issue_stage_i.i_scoreboard/mem_q\[1935\]$_DFF_PN0_/D
    1090* |       1 |     168 |       51 |      0 |    32 |    +0.0% |   -0.513 |      -40.4 |    -1063.9 |   3225 | issue_stage_i.i_scoreboard/mem_q\[1935\]$_DFF_PN0_/D
    1100* |       1 |     178 |       51 |      0 |    32 |    +0.0% |   -0.516 |      -40.8 |    -1074.0 |   3225 | issue_stage_i.i_scoreboard/mem_q\[1935\]$_DFF_PN0_/D
    1110* |       1 |     188 |       51 |      0 |    32 |    +0.0% |   -0.512 |      -40.3 |    -1061.8 |   3225 | issue_stage_i.i_scoreboard/mem_q\[1935\]$_DFF_PN0_/D
    1120* |       1 |     198 |       51 |      0 |    32 |    +0.0% |   -0.512 |      -40.3 |    -1060.3 |   3225 | issue_stage_i.i_scoreboard/mem_q\[1935\]$_DFF_PN0_/D
    1128* |       1 |     160 |       47 |      0 |    32 |    +0.0% |   -0.510 |      -40.3 |    -1057.6 |   3225 | issue_stage_i.i_scoreboard/mem_q\[1935\]$_DFF_PN0_/D
    1130* |       1 |     161 |       47 |      0 |    32 |    +0.0% |   -0.513 |      -40.4 |    -1068.1 |   3225 | issue_stage_i.i_scoreboard/mem_q\[1935\]$_DFF_PN0_/D
    1140* |       1 |     171 |       47 |      0 |    32 |    +0.0% |   -0.515 |      -40.5 |    -1070.0 |   3225 | issue_stage_i.i_scoreboard/mem_q\[1935\]$_DFF_PN0_/D
    1150* |       1 |     181 |       47 |      0 |    32 |    +0.0% |   -0.512 |      -40.3 |    -1065.0 |   3225 | issue_stage_i.i_scoreboard/mem_q\[1935\]$_DFF_PN0_/D
    1160* |       1 |     191 |       47 |      0 |    32 |    +0.0% |   -0.512 |      -40.3 |    -1065.6 |   3225 | issue_stage_i.i_scoreboard/mem_q\[1935\]$_DFF_PN0_/D
    1170* |       1 |     198 |       50 |      0 |    32 |    +0.0% |   -0.512 |      -40.3 |    -1062.8 |   3225 | issue_stage_i.i_scoreboard/mem_q\[1935\]$_DFF_PN0_/D
    1174* |       1 |     160 |       47 |      0 |    32 |    +0.0% |   -0.510 |      -40.3 |    -1057.6 |   3225 | issue_stage_i.i_scoreboard/mem_q\[1935\]$_DFF_PN0_/D
    1180* |       1 |     165 |       47 |      0 |    32 |    +0.0% |   -0.513 |      -40.4 |    -1065.8 |   3225 | issue_stage_i.i_scoreboard/mem_q\[1935\]$_DFF_PN0_/D
    1190* |       1 |     175 |       47 |      0 |    32 |    +0.0% |   -0.517 |      -40.9 |    -1081.9 |   3225 | issue_stage_i.i_scoreboard/mem_q\[1935\]$_DFF_PN0_/D
    1200* |       1 |     185 |       47 |      0 |    32 |    +0.0% |   -0.534 |      -42.9 |    -1134.9 |   3225 | issue_stage_i.i_scoreboard/mem_q\[1935\]$_DFF_PN0_/D
    1200* |       1 |     160 |       47 |      0 |    32 |    +0.0% |   -0.510 |      -40.3 |    -1057.6 |   3225 | issue_stage_i.i_scoreboard/mem_q\[1935\]$_DFF_PN0_/D
    1210* |       1 |     169 |       47 |      0 |    32 |    +0.0% |   -0.518 |      -41.0 |    -1083.5 |   3225 | issue_stage_i.i_scoreboard/mem_q\[1935\]$_DFF_PN0_/D
    1220* |       1 |     179 |       47 |      0 |    32 |    +0.0% |   -0.511 |      -40.2 |    -1063.2 |   3225 | issue_stage_i.i_scoreboard/mem_q\[1935\]$_DFF_PN0_/D
    1230* |       1 |     189 |       47 |      0 |    32 |    +0.0% |   -0.514 |      -40.5 |    -1070.4 |   3225 | issue_stage_i.i_scoreboard/mem_q\[1935\]$_DFF_PN0_/D
    1240* |       1 |     196 |       50 |      0 |    32 |    +0.0% |   -0.511 |      -40.3 |    -1061.5 |   3225 | issue_stage_i.i_scoreboard/mem_q\[1935\]$_DFF_PN0_/D
    1246* |       1 |     160 |       47 |      0 |    32 |    +0.0% |   -0.510 |      -40.3 |    -1057.6 |   3225 | issue_stage_i.i_scoreboard/mem_q\[1935\]$_DFF_PN0_/D
    1250* |       1 |     163 |       47 |      0 |    32 |    +0.0% |   -0.513 |      -40.4 |    -1067.1 |   3225 | issue_stage_i.i_scoreboard/mem_q\[1935\]$_DFF_PN0_/D
    1260* |       1 |     173 |       47 |      0 |    32 |    +0.0% |   -0.516 |      -40.8 |    -1077.3 |   3225 | issue_stage_i.i_scoreboard/mem_q\[1935\]$_DFF_PN0_/D
    1270* |       1 |     183 |       47 |      0 |    32 |    +0.0% |   -0.512 |      -40.3 |    -1065.0 |   3225 | issue_stage_i.i_scoreboard/mem_q\[1935\]$_DFF_PN0_/D
    1280* |       1 |     193 |       47 |      0 |    32 |    +0.0% |   -0.512 |      -40.3 |    -1063.6 |   3225 | issue_stage_i.i_scoreboard/mem_q\[1935\]$_DFF_PN0_/D
    1290* |       1 |     199 |       51 |      0 |    32 |    +0.0% |   -0.512 |      -40.3 |    -1062.6 |   3225 | issue_stage_i.i_scoreboard/mem_q\[1935\]$_DFF_PN0_/D
    1294* |       1 |     160 |       47 |      0 |    32 |    +0.0% |   -0.510 |      -40.3 |    -1057.6 |   3225 | issue_stage_i.i_scoreboard/mem_q\[1935\]$_DFF_PN0_/D
    1300* |       1 |     165 |       47 |      0 |    32 |    +0.0% |   -0.513 |      -40.4 |    -1065.8 |   3225 | issue_stage_i.i_scoreboard/mem_q\[1935\]$_DFF_PN0_/D
    1310* |       1 |     175 |       47 |      0 |    32 |    +0.0% |   -0.517 |      -40.9 |    -1081.9 |   3225 | issue_stage_i.i_scoreboard/mem_q\[1935\]$_DFF_PN0_/D
    1320* |       1 |     185 |       47 |      0 |    32 |    +0.0% |   -0.534 |      -42.9 |    -1134.9 |   3225 | issue_stage_i.i_scoreboard/mem_q\[1935\]$_DFF_PN0_/D
    1330* |       1 |     194 |       48 |      0 |    32 |    +0.0% |   -0.512 |      -40.3 |    -1062.3 |   3225 | issue_stage_i.i_scoreboard/mem_q\[1935\]$_DFF_PN0_/D
    1340* |       1 |     201 |       51 |      0 |    32 |    +0.0% |   -0.512 |      -40.3 |    -1062.5 |   3225 | issue_stage_i.i_scoreboard/mem_q\[1935\]$_DFF_PN0_/D
    1342* |       1 |     160 |       47 |      0 |    32 |    +0.0% |   -0.510 |      -40.3 |    -1057.6 |   3225 | issue_stage_i.i_scoreboard/mem_q\[1935\]$_DFF_PN0_/D
    1350* |       1 |     166 |       49 |      0 |    32 |    +0.0% |   -0.516 |      -40.7 |    -1068.9 |   3225 | issue_stage_i.i_scoreboard/mem_q\[181\]$_DFF_PN0_/D
    1360* |       1 |     170 |       54 |      0 |    33 |    +0.0% |   -0.520 |      -41.2 |    -1102.9 |   3225 | issue_stage_i.i_scoreboard/mem_q\[134\]$_DFF_PN0_/D
    1370* |       1 |     175 |       60 |      0 |    35 |    +0.0% |   -0.521 |      -41.4 |    -1111.8 |   3225 | issue_stage_i.i_scoreboard/mem_q\[134\]$_DFF_PN0_/D
    1380* |       1 |     182 |       62 |      0 |    36 |    +0.0% |   -0.525 |      -41.9 |    -1128.0 |   3225 | issue_stage_i.i_scoreboard/mem_q\[181\]$_DFF_PN0_/D
    1390* |       1 |     192 |       62 |      0 |    36 |    +0.0% |   -0.519 |      -41.1 |    -1107.7 |   3225 | issue_stage_i.i_scoreboard/mem_q\[181\]$_DFF_PN0_/D
    1395* |       1 |     162 |       47 |      0 |    32 |    +0.0% |   -0.510 |      -40.3 |    -1057.5 |   3225 | issue_stage_i.i_scoreboard/mem_q\[1935\]$_DFF_PN0_/D
    1400* |       1 |     164 |       49 |      0 |    33 |    +0.0% |   -0.513 |      -40.4 |    -1068.0 |   3225 | issue_stage_i.i_scoreboard/mem_q\[1935\]$_DFF_PN0_/D
    1400* |       1 |     163 |       47 |      0 |    33 |    +0.0% |   -0.510 |      -40.3 |    -1057.4 |   3225 | issue_stage_i.i_scoreboard/mem_q\[1935\]$_DFF_PN0_/D
    1410* |       1 |     172 |       47 |      0 |    33 |    +0.0% |   -0.518 |      -41.0 |    -1083.3 |   3225 | issue_stage_i.i_scoreboard/mem_q\[1935\]$_DFF_PN0_/D
    1420* |       1 |     182 |       47 |      0 |    33 |    +0.0% |   -0.511 |      -40.2 |    -1063.0 |   3225 | issue_stage_i.i_scoreboard/mem_q\[1935\]$_DFF_PN0_/D
    1430* |       1 |     192 |       47 |      0 |    33 |    +0.0% |   -0.514 |      -40.5 |    -1070.3 |   3225 | issue_stage_i.i_scoreboard/mem_q\[1935\]$_DFF_PN0_/D
    1440* |       1 |     199 |       50 |      0 |    33 |    +0.0% |   -0.511 |      -40.3 |    -1061.3 |   3225 | issue_stage_i.i_scoreboard/mem_q\[1935\]$_DFF_PN0_/D
    1448* |       1 |     163 |       47 |      0 |    33 |    +0.0% |   -0.510 |      -40.3 |    -1057.4 |   3225 | issue_stage_i.i_scoreboard/mem_q\[1935\]$_DFF_PN0_/D
    1450* |       1 |     164 |       47 |      0 |    33 |    +0.0% |   -0.510 |      -40.3 |    -1057.4 |   3225 | issue_stage_i.i_scoreboard/mem_q\[1935\]$_DFF_PN0_/D
    1460* |       1 |     169 |       52 |      0 |    33 |    +0.0% |   -0.519 |      -41.2 |    -1096.1 |   3225 | issue_stage_i.i_scoreboard/mem_q\[134\]$_DFF_PN0_/D
    1470* |       1 |     175 |       54 |      0 |    35 |    +0.0% |   -0.521 |      -41.4 |    -1104.7 |   3225 | issue_stage_i.i_scoreboard/mem_q\[134\]$_DFF_PN0_/D
    1480* |       1 |     185 |       54 |      0 |    35 |    +0.0% |   -0.523 |      -41.6 |    -1110.3 |   3225 | issue_stage_i.i_scoreboard/mem_q\[134\]$_DFF_PN0_/D
    1490* |       1 |     195 |       54 |      0 |    35 |    +0.0% |   -0.523 |      -41.6 |    -1109.9 |   3225 | issue_stage_i.i_scoreboard/mem_q\[134\]$_DFF_PN0_/D
    1500* |       1 |     204 |       55 |      0 |    35 |    +0.0% |   -0.521 |      -41.4 |    -1101.1 |   3225 | issue_stage_i.i_scoreboard/mem_q\[134\]$_DFF_PN0_/D
    1500* |       1 |     164 |       47 |      0 |    33 |    +0.0% |   -0.510 |      -40.3 |    -1057.4 |   3225 | issue_stage_i.i_scoreboard/mem_q\[1935\]$_DFF_PN0_/D
    1500* |       1 |     164 |       47 |      0 |    33 |    +0.0% |   -0.510 |      -40.3 |    -1057.4 |   3225 | issue_stage_i.i_scoreboard/mem_q\[1935\]$_DFF_PN0_/D
    1500+ |       1 |     164 |       47 |      0 |    33 |    +0.0% |   -0.510 |      -40.3 |    -1057.4 |   3170 | issue_stage_i.i_scoreboard/mem_q\[1935\]$_DFF_PN0_/D
    1502+ |       1 |     165 |       47 |      0 |    33 |    +0.0% |   -0.508 |      -40.1 |    -1056.8 |   3170 | issue_stage_i.i_scoreboard/mem_q\[181\]$_DFF_PN0_/D
    1503+ |       1 |     165 |       47 |      0 |    33 |    +0.0% |   -0.508 |      -40.1 |    -1056.8 |   3170 | issue_stage_i.i_scoreboard/mem_q\[181\]$_DFF_PN0_/D
    1504+ |       1 |     165 |       47 |      0 |    33 |    +0.0% |   -0.508 |      -40.1 |    -1056.8 |   3170 | issue_stage_i.i_scoreboard/mem_q\[181\]$_DFF_PN0_/D
    1505+ |       1 |     165 |       47 |      0 |    33 |    +0.0% |   -0.508 |      -40.1 |    -1056.8 |   3170 | issue_stage_i.i_scoreboard/mem_q\[181\]$_DFF_PN0_/D
    1507+ |       1 |     166 |       47 |      0 |    33 |    +0.0% |   -0.508 |      -40.1 |    -1056.4 |   3170 | issue_stage_i.i_scoreboard/mem_q\[181\]$_DFF_PN0_/D
    1508+ |       1 |     166 |       47 |      0 |    33 |    +0.0% |   -0.508 |      -40.1 |    -1056.4 |   3170 | issue_stage_i.i_scoreboard/mem_q\[181\]$_DFF_PN0_/D
    1510+ |       1 |     167 |       47 |      0 |    33 |    +0.0% |   -0.508 |      -40.1 |    -1056.4 |   3170 | issue_stage_i.i_scoreboard/mem_q\[181\]$_DFF_PN0_/D
    1511+ |       1 |     168 |       47 |      0 |    33 |    +0.0% |   -0.508 |      -40.1 |    -1056.3 |   3170 | issue_stage_i.i_scoreboard/mem_q\[181\]$_DFF_PN0_/D
    1512+ |       1 |     168 |       47 |      0 |    33 |    +0.0% |   -0.508 |      -40.1 |    -1056.3 |   3170 | issue_stage_i.i_scoreboard/mem_q\[181\]$_DFF_PN0_/D
    1513+ |       1 |     168 |       47 |      0 |    33 |    +0.0% |   -0.508 |      -40.1 |    -1056.3 |   3170 | issue_stage_i.i_scoreboard/mem_q\[181\]$_DFF_PN0_/D
    1514+ |       1 |     168 |       47 |      0 |    33 |    +0.0% |   -0.508 |      -40.1 |    -1056.3 |   3170 | issue_stage_i.i_scoreboard/mem_q\[181\]$_DFF_PN0_/D
    1515+ |       1 |     168 |       47 |      0 |    33 |    +0.0% |   -0.508 |      -40.1 |    -1056.3 |   3170 | issue_stage_i.i_scoreboard/mem_q\[181\]$_DFF_PN0_/D
    1516+ |       1 |     168 |       47 |      0 |    33 |    +0.0% |   -0.508 |      -40.1 |    -1056.3 |   3170 | issue_stage_i.i_scoreboard/mem_q\[181\]$_DFF_PN0_/D
    1517+ |       1 |     168 |       47 |      0 |    33 |    +0.0% |   -0.508 |      -40.1 |    -1056.3 |   3170 | issue_stage_i.i_scoreboard/mem_q\[181\]$_DFF_PN0_/D
    1518+ |       1 |     168 |       47 |      0 |    33 |    +0.0% |   -0.508 |      -40.1 |    -1056.3 |   3170 | issue_stage_i.i_scoreboard/mem_q\[181\]$_DFF_PN0_/D
    1519+ |       1 |     168 |       47 |      0 |    33 |    +0.0% |   -0.508 |      -40.1 |    -1056.3 |   3170 | issue_stage_i.i_scoreboard/mem_q\[181\]$_DFF_PN0_/D
    1520+ |       1 |     168 |       47 |      0 |    33 |    +0.0% |   -0.508 |      -40.1 |    -1056.3 |   3170 | issue_stage_i.i_scoreboard/mem_q\[181\]$_DFF_PN0_/D
    1522+ |       1 |     169 |       47 |      0 |    34 |    +0.0% |   -0.508 |      -40.1 |    -1056.1 |   3170 | issue_stage_i.i_scoreboard/mem_q\[181\]$_DFF_PN0_/D
    1524+ |       1 |     170 |       47 |      0 |    34 |    +0.0% |   -0.508 |      -40.1 |    -1056.1 |   3170 | issue_stage_i.i_scoreboard/mem_q\[181\]$_DFF_PN0_/D
    1525+ |       1 |     170 |       47 |      0 |    34 |    +0.0% |   -0.508 |      -40.1 |    -1056.1 |   3170 | issue_stage_i.i_scoreboard/mem_q\[181\]$_DFF_PN0_/D
    1526+ |       1 |     170 |       47 |      0 |    34 |    +0.0% |   -0.508 |      -40.1 |    -1056.1 |   3170 | issue_stage_i.i_scoreboard/mem_q\[181\]$_DFF_PN0_/D
    1527+ |       1 |     170 |       47 |      0 |    34 |    +0.0% |   -0.508 |      -40.1 |    -1056.1 |   3170 | issue_stage_i.i_scoreboard/mem_q\[181\]$_DFF_PN0_/D
    1528+ |       1 |     170 |       47 |      0 |    34 |    +0.0% |   -0.508 |      -40.1 |    -1056.1 |   3170 | issue_stage_i.i_scoreboard/mem_q\[181\]$_DFF_PN0_/D
    1529+ |       1 |     170 |       47 |      0 |    34 |    +0.0% |   -0.508 |      -40.1 |    -1056.1 |   3170 | issue_stage_i.i_scoreboard/mem_q\[181\]$_DFF_PN0_/D
    1530+ |       1 |     170 |       47 |      0 |    34 |    +0.0% |   -0.508 |      -40.1 |    -1056.1 |   3170 | issue_stage_i.i_scoreboard/mem_q\[181\]$_DFF_PN0_/D
    1530+ |       1 |     170 |       47 |      0 |    34 |    +0.0% |   -0.508 |      -40.1 |    -1056.1 |   3170 | issue_stage_i.i_scoreboard/mem_q\[181\]$_DFF_PN0_/D
    1531+ |       1 |     170 |       47 |      0 |    34 |    +0.0% |   -0.508 |      -40.1 |    -1056.1 |   3170 | issue_stage_i.i_scoreboard/mem_q\[181\]$_DFF_PN0_/D
    1532+ |       1 |     170 |       47 |      0 |    34 |    +0.0% |   -0.508 |      -40.1 |    -1056.1 |   3170 | issue_stage_i.i_scoreboard/mem_q\[181\]$_DFF_PN0_/D
    1533+ |       1 |     170 |       47 |      0 |    34 |    +0.0% |   -0.508 |      -40.1 |    -1056.1 |   3170 | issue_stage_i.i_scoreboard/mem_q\[181\]$_DFF_PN0_/D
    1534+ |       1 |     170 |       47 |      0 |    34 |    +0.0% |   -0.508 |      -40.1 |    -1056.1 |   3170 | issue_stage_i.i_scoreboard/mem_q\[181\]$_DFF_PN0_/D
    1536+ |       1 |     171 |       47 |      0 |    34 |    +0.0% |   -0.508 |      -40.1 |    -1055.6 |   3170 | issue_stage_i.i_scoreboard/mem_q\[181\]$_DFF_PN0_/D
    1537+ |       1 |     171 |       47 |      0 |    34 |    +0.0% |   -0.508 |      -40.1 |    -1055.6 |   3170 | issue_stage_i.i_scoreboard/mem_q\[181\]$_DFF_PN0_/D
    1540+ |       1 |     172 |       47 |      0 |    35 |    +0.0% |   -0.508 |      -40.1 |    -1054.5 |   3170 | issue_stage_i.i_scoreboard/mem_q\[181\]$_DFF_PN0_/D
    1540+ |       1 |     172 |       47 |      0 |    35 |    +0.0% |   -0.508 |      -40.1 |    -1054.5 |   3170 | issue_stage_i.i_scoreboard/mem_q\[181\]$_DFF_PN0_/D
    1542+ |       1 |     173 |       47 |      0 |    35 |    +0.0% |   -0.508 |      -40.1 |    -1054.5 |   3170 | issue_stage_i.i_scoreboard/mem_q\[181\]$_DFF_PN0_/D
    1543+ |       1 |     173 |       47 |      0 |    35 |    +0.0% |   -0.508 |      -40.1 |    -1054.5 |   3170 | issue_stage_i.i_scoreboard/mem_q\[181\]$_DFF_PN0_/D
    1544+ |       1 |     173 |       47 |      0 |    35 |    +0.0% |   -0.508 |      -40.1 |    -1054.5 |   3170 | issue_stage_i.i_scoreboard/mem_q\[181\]$_DFF_PN0_/D
    1545+ |       1 |     173 |       47 |      0 |    35 |    +0.0% |   -0.508 |      -40.1 |    -1054.5 |   3170 | issue_stage_i.i_scoreboard/mem_q\[181\]$_DFF_PN0_/D
    1546+ |       1 |     173 |       47 |      0 |    35 |    +0.0% |   -0.508 |      -40.1 |    -1054.5 |   3170 | issue_stage_i.i_scoreboard/mem_q\[181\]$_DFF_PN0_/D
    1547+ |       1 |     173 |       47 |      0 |    35 |    +0.0% |   -0.508 |      -40.1 |    -1054.5 |   3170 | issue_stage_i.i_scoreboard/mem_q\[181\]$_DFF_PN0_/D
    1549+ |       1 |     174 |       47 |      0 |    35 |    +0.0% |   -0.508 |      -40.1 |    -1054.3 |   3170 | issue_stage_i.i_scoreboard/mem_q\[181\]$_DFF_PN0_/D
    1550+ |       1 |     174 |       47 |      0 |    35 |    +0.0% |   -0.508 |      -40.1 |    -1054.3 |   3170 | issue_stage_i.i_scoreboard/mem_q\[181\]$_DFF_PN0_/D
    1550+ |       1 |     174 |       47 |      0 |    35 |    +0.0% |   -0.508 |      -40.1 |    -1054.3 |   3170 | issue_stage_i.i_scoreboard/mem_q\[181\]$_DFF_PN0_/D
    1551+ |       1 |     174 |       47 |      0 |    35 |    +0.0% |   -0.508 |      -40.1 |    -1054.3 |   3170 | issue_stage_i.i_scoreboard/mem_q\[181\]$_DFF_PN0_/D
    1552+ |       1 |     174 |       47 |      0 |    35 |    +0.0% |   -0.508 |      -40.1 |    -1054.3 |   3170 | issue_stage_i.i_scoreboard/mem_q\[181\]$_DFF_PN0_/D
    1553+ |       1 |     174 |       47 |      0 |    35 |    +0.0% |   -0.508 |      -40.1 |    -1054.3 |   3170 | issue_stage_i.i_scoreboard/mem_q\[181\]$_DFF_PN0_/D
    1554+ |       1 |     174 |       47 |      0 |    35 |    +0.0% |   -0.508 |      -40.1 |    -1054.3 |   3170 | issue_stage_i.i_scoreboard/mem_q\[181\]$_DFF_PN0_/D
    1555+ |       1 |     174 |       47 |      0 |    35 |    +0.0% |   -0.508 |      -40.1 |    -1054.3 |   3170 | issue_stage_i.i_scoreboard/mem_q\[181\]$_DFF_PN0_/D
    1556+ |       1 |     174 |       47 |      0 |    35 |    +0.0% |   -0.508 |      -40.1 |    -1054.3 |   3170 | issue_stage_i.i_scoreboard/mem_q\[181\]$_DFF_PN0_/D
    1557+ |       1 |     174 |       47 |      0 |    35 |    +0.0% |   -0.508 |      -40.1 |    -1054.3 |   3170 | issue_stage_i.i_scoreboard/mem_q\[181\]$_DFF_PN0_/D
    1560+ |       1 |     176 |       47 |      0 |    35 |    +0.0% |   -0.508 |      -40.1 |    -1053.8 |   3170 | issue_stage_i.i_scoreboard/mem_q\[181\]$_DFF_PN0_/D
    1561+ |       1 |     177 |       47 |      0 |    35 |    +0.0% |   -0.508 |      -40.1 |    -1053.7 |   3170 | issue_stage_i.i_scoreboard/mem_q\[181\]$_DFF_PN0_/D
    1562+ |       1 |     177 |       47 |      0 |    35 |    +0.0% |   -0.508 |      -40.1 |    -1053.7 |   3170 | issue_stage_i.i_scoreboard/mem_q\[181\]$_DFF_PN0_/D
    1563+ |       1 |     177 |       47 |      0 |    35 |    +0.0% |   -0.508 |      -40.1 |    -1053.7 |   3170 | issue_stage_i.i_scoreboard/mem_q\[181\]$_DFF_PN0_/D
    1566+ |       1 |     179 |       47 |      0 |    35 |    +0.0% |   -0.508 |      -40.1 |    -1053.2 |   3170 | issue_stage_i.i_scoreboard/mem_q\[181\]$_DFF_PN0_/D
    1567+ |       1 |     179 |       47 |      0 |    35 |    +0.0% |   -0.508 |      -40.1 |    -1053.2 |   3170 | issue_stage_i.i_scoreboard/mem_q\[181\]$_DFF_PN0_/D
    1568+ |       1 |     179 |       47 |      0 |    35 |    +0.0% |   -0.508 |      -40.1 |    -1053.2 |   3170 | issue_stage_i.i_scoreboard/mem_q\[181\]$_DFF_PN0_/D
    1569+ |       1 |     179 |       47 |      0 |    35 |    +0.0% |   -0.508 |      -40.1 |    -1053.2 |   3170 | issue_stage_i.i_scoreboard/mem_q\[181\]$_DFF_PN0_/D
    1570+ |       1 |     179 |       47 |      0 |    35 |    +0.0% |   -0.508 |      -40.1 |    -1053.2 |   3170 | issue_stage_i.i_scoreboard/mem_q\[181\]$_DFF_PN0_/D
    1570+ |       1 |     179 |       47 |      0 |    35 |    +0.0% |   -0.508 |      -40.1 |    -1053.2 |   3170 | issue_stage_i.i_scoreboard/mem_q\[181\]$_DFF_PN0_/D
    1571+ |       1 |     179 |       47 |      0 |    35 |    +0.0% |   -0.508 |      -40.1 |    -1053.2 |   3170 | issue_stage_i.i_scoreboard/mem_q\[181\]$_DFF_PN0_/D
    1572+ |       1 |     179 |       47 |      0 |    35 |    +0.0% |   -0.508 |      -40.1 |    -1053.2 |   3170 | issue_stage_i.i_scoreboard/mem_q\[181\]$_DFF_PN0_/D
    1573+ |       1 |     179 |       47 |      0 |    35 |    +0.0% |   -0.508 |      -40.1 |    -1053.2 |   3170 | issue_stage_i.i_scoreboard/mem_q\[181\]$_DFF_PN0_/D
    1574+ |       1 |     179 |       47 |      0 |    35 |    +0.0% |   -0.508 |      -40.1 |    -1053.2 |   3170 | issue_stage_i.i_scoreboard/mem_q\[181\]$_DFF_PN0_/D
    1575+ |       1 |     179 |       47 |      0 |    35 |    +0.0% |   -0.508 |      -40.1 |    -1053.2 |   3170 | issue_stage_i.i_scoreboard/mem_q\[181\]$_DFF_PN0_/D
    1576+ |       1 |     179 |       47 |      0 |    35 |    +0.0% |   -0.508 |      -40.1 |    -1053.2 |   3170 | issue_stage_i.i_scoreboard/mem_q\[181\]$_DFF_PN0_/D
    1577+ |       1 |     179 |       47 |      0 |    35 |    +0.0% |   -0.508 |      -40.1 |    -1053.2 |   3170 | issue_stage_i.i_scoreboard/mem_q\[181\]$_DFF_PN0_/D
    1578+ |       1 |     179 |       47 |      0 |    35 |    +0.0% |   -0.508 |      -40.1 |    -1053.2 |   3170 | issue_stage_i.i_scoreboard/mem_q\[181\]$_DFF_PN0_/D
    1579+ |       1 |     179 |       47 |      0 |    35 |    +0.0% |   -0.508 |      -40.1 |    -1053.2 |   3170 | issue_stage_i.i_scoreboard/mem_q\[181\]$_DFF_PN0_/D
    1580+ |       1 |     179 |       47 |      0 |    35 |    +0.0% |   -0.508 |      -40.1 |    -1053.2 |   3170 | issue_stage_i.i_scoreboard/mem_q\[181\]$_DFF_PN0_/D
    1580+ |       1 |     179 |       47 |      0 |    35 |    +0.0% |   -0.508 |      -40.1 |    -1053.2 |   3170 | issue_stage_i.i_scoreboard/mem_q\[181\]$_DFF_PN0_/D
    1581+ |       1 |     179 |       47 |      0 |    35 |    +0.0% |   -0.508 |      -40.1 |    -1053.2 |   3170 | issue_stage_i.i_scoreboard/mem_q\[181\]$_DFF_PN0_/D
    1582+ |       1 |     179 |       47 |      0 |    35 |    +0.0% |   -0.508 |      -40.1 |    -1053.2 |   3170 | issue_stage_i.i_scoreboard/mem_q\[181\]$_DFF_PN0_/D
    1583+ |       1 |     179 |       47 |      0 |    35 |    +0.0% |   -0.508 |      -40.1 |    -1053.2 |   3170 | issue_stage_i.i_scoreboard/mem_q\[181\]$_DFF_PN0_/D
    1584+ |       1 |     179 |       47 |      0 |    35 |    +0.0% |   -0.508 |      -40.1 |    -1053.2 |   3170 | issue_stage_i.i_scoreboard/mem_q\[181\]$_DFF_PN0_/D
    1585+ |       1 |     179 |       47 |      0 |    35 |    +0.0% |   -0.508 |      -40.1 |    -1053.2 |   3170 | issue_stage_i.i_scoreboard/mem_q\[181\]$_DFF_PN0_/D
    1586+ |       1 |     179 |       47 |      0 |    35 |    +0.0% |   -0.508 |      -40.1 |    -1053.2 |   3170 | issue_stage_i.i_scoreboard/mem_q\[181\]$_DFF_PN0_/D
    1588+ |       1 |     180 |       47 |      0 |    35 |    +0.0% |   -0.508 |      -40.1 |    -1053.2 |   3170 | issue_stage_i.i_scoreboard/mem_q\[181\]$_DFF_PN0_/D
    1589+ |       1 |     180 |       47 |      0 |    35 |    +0.0% |   -0.508 |      -40.1 |    -1053.2 |   3170 | issue_stage_i.i_scoreboard/mem_q\[181\]$_DFF_PN0_/D
    1590+ |       1 |     180 |       47 |      0 |    35 |    +0.0% |   -0.508 |      -40.1 |    -1053.2 |   3170 | issue_stage_i.i_scoreboard/mem_q\[181\]$_DFF_PN0_/D
    1590+ |       1 |     180 |       47 |      0 |    35 |    +0.0% |   -0.508 |      -40.1 |    -1053.2 |   3170 | issue_stage_i.i_scoreboard/mem_q\[181\]$_DFF_PN0_/D
    1593+ |       1 |     182 |       47 |      0 |    35 |    +0.0% |   -0.508 |      -40.1 |    -1052.5 |   3170 | issue_stage_i.i_scoreboard/mem_q\[181\]$_DFF_PN0_/D
    1594+ |       1 |     182 |       47 |      0 |    35 |    +0.0% |   -0.508 |      -40.1 |    -1052.5 |   3170 | issue_stage_i.i_scoreboard/mem_q\[181\]$_DFF_PN0_/D
    1595+ |       1 |     182 |       47 |      0 |    35 |    +0.0% |   -0.508 |      -40.1 |    -1052.5 |   3170 | issue_stage_i.i_scoreboard/mem_q\[181\]$_DFF_PN0_/D
    1596+ |       1 |     182 |       47 |      0 |    35 |    +0.0% |   -0.508 |      -40.1 |    -1052.5 |   3170 | issue_stage_i.i_scoreboard/mem_q\[181\]$_DFF_PN0_/D
    1598+ |       1 |     183 |       47 |      0 |    35 |    +0.0% |   -0.508 |      -40.1 |    -1052.5 |   3170 | issue_stage_i.i_scoreboard/mem_q\[181\]$_DFF_PN0_/D
    1600+ |       1 |     184 |       47 |      0 |    35 |    +0.0% |   -0.508 |      -40.1 |    -1052.4 |   3170 | issue_stage_i.i_scoreboard/mem_q\[181\]$_DFF_PN0_/D
    1601+ |       1 |     184 |       47 |      0 |    35 |    +0.0% |   -0.508 |      -40.1 |    -1052.4 |   3170 | issue_stage_i.i_scoreboard/mem_q\[181\]$_DFF_PN0_/D
    1602+ |       1 |     184 |       47 |      0 |    35 |    +0.0% |   -0.508 |      -40.1 |    -1052.4 |   3170 | issue_stage_i.i_scoreboard/mem_q\[181\]$_DFF_PN0_/D
    1603+ |       1 |     184 |       47 |      0 |    35 |    +0.0% |   -0.508 |      -40.1 |    -1052.4 |   3170 | issue_stage_i.i_scoreboard/mem_q\[181\]$_DFF_PN0_/D
    1604+ |       1 |     184 |       47 |      0 |    35 |    +0.0% |   -0.508 |      -40.1 |    -1052.4 |   3170 | issue_stage_i.i_scoreboard/mem_q\[181\]$_DFF_PN0_/D
    1605+ |       1 |     184 |       47 |      0 |    35 |    +0.0% |   -0.508 |      -40.1 |    -1052.4 |   3170 | issue_stage_i.i_scoreboard/mem_q\[181\]$_DFF_PN0_/D
    1606+ |       1 |     184 |       47 |      0 |    35 |    +0.0% |   -0.508 |      -40.1 |    -1052.4 |   3170 | issue_stage_i.i_scoreboard/mem_q\[181\]$_DFF_PN0_/D
    1607+ |       1 |     184 |       47 |      0 |    35 |    +0.0% |   -0.508 |      -40.1 |    -1052.4 |   3170 | issue_stage_i.i_scoreboard/mem_q\[181\]$_DFF_PN0_/D
    1609+ |       1 |     185 |       47 |      0 |    35 |    +0.0% |   -0.508 |      -40.1 |    -1052.4 |   3170 | issue_stage_i.i_scoreboard/mem_q\[181\]$_DFF_PN0_/D
    1610+ |       1 |     185 |       47 |      0 |    35 |    +0.0% |   -0.508 |      -40.1 |    -1052.4 |   3170 | issue_stage_i.i_scoreboard/mem_q\[181\]$_DFF_PN0_/D
    1610+ |       1 |     185 |       47 |      0 |    35 |    +0.0% |   -0.508 |      -40.1 |    -1052.4 |   3170 | issue_stage_i.i_scoreboard/mem_q\[181\]$_DFF_PN0_/D
    1611+ |       1 |     185 |       47 |      0 |    35 |    +0.0% |   -0.508 |      -40.1 |    -1052.4 |   3170 | issue_stage_i.i_scoreboard/mem_q\[181\]$_DFF_PN0_/D
    1612+ |       1 |     185 |       47 |      0 |    35 |    +0.0% |   -0.508 |      -40.1 |    -1052.4 |   3170 | issue_stage_i.i_scoreboard/mem_q\[181\]$_DFF_PN0_/D
    1613+ |       1 |     185 |       47 |      0 |    35 |    +0.0% |   -0.508 |      -40.1 |    -1052.4 |   3170 | issue_stage_i.i_scoreboard/mem_q\[181\]$_DFF_PN0_/D
    1614+ |       1 |     185 |       47 |      0 |    35 |    +0.0% |   -0.508 |      -40.1 |    -1052.4 |   3170 | issue_stage_i.i_scoreboard/mem_q\[181\]$_DFF_PN0_/D
    1615+ |       1 |     185 |       47 |      0 |    35 |    +0.0% |   -0.508 |      -40.1 |    -1052.4 |   3170 | issue_stage_i.i_scoreboard/mem_q\[181\]$_DFF_PN0_/D
    1616+ |       1 |     185 |       47 |      0 |    35 |    +0.0% |   -0.508 |      -40.1 |    -1052.4 |   3170 | issue_stage_i.i_scoreboard/mem_q\[181\]$_DFF_PN0_/D
    1617+ |       1 |     185 |       47 |      0 |    35 |    +0.0% |   -0.508 |      -40.1 |    -1052.4 |   3170 | issue_stage_i.i_scoreboard/mem_q\[181\]$_DFF_PN0_/D
    1618+ |       1 |     185 |       47 |      0 |    35 |    +0.0% |   -0.508 |      -40.1 |    -1052.4 |   3170 | issue_stage_i.i_scoreboard/mem_q\[181\]$_DFF_PN0_/D
    1619+ |       1 |     185 |       47 |      0 |    35 |    +0.0% |   -0.508 |      -40.1 |    -1052.4 |   3170 | issue_stage_i.i_scoreboard/mem_q\[181\]$_DFF_PN0_/D
    1620+ |       1 |     185 |       47 |      0 |    35 |    +0.0% |   -0.508 |      -40.1 |    -1052.4 |   3170 | issue_stage_i.i_scoreboard/mem_q\[181\]$_DFF_PN0_/D
    1620+ |       1 |     185 |       47 |      0 |    35 |    +0.0% |   -0.508 |      -40.1 |    -1052.4 |   3170 | issue_stage_i.i_scoreboard/mem_q\[181\]$_DFF_PN0_/D
    1622+ |       1 |     186 |       47 |      0 |    35 |    +0.0% |   -0.508 |      -40.1 |    -1052.4 |   3170 | issue_stage_i.i_scoreboard/mem_q\[181\]$_DFF_PN0_/D
    1623+ |       1 |     186 |       47 |      0 |    35 |    +0.0% |   -0.508 |      -40.1 |    -1052.4 |   3170 | issue_stage_i.i_scoreboard/mem_q\[181\]$_DFF_PN0_/D
    1625+ |       1 |     187 |       47 |      0 |    35 |    +0.0% |   -0.508 |      -40.1 |    -1052.4 |   3170 | issue_stage_i.i_scoreboard/mem_q\[181\]$_DFF_PN0_/D
    1626+ |       1 |     187 |       47 |      0 |    35 |    +0.0% |   -0.508 |      -40.1 |    -1052.4 |   3170 | issue_stage_i.i_scoreboard/mem_q\[181\]$_DFF_PN0_/D
    1627+ |       1 |     187 |       47 |      0 |    35 |    +0.0% |   -0.508 |      -40.1 |    -1052.4 |   3170 | issue_stage_i.i_scoreboard/mem_q\[181\]$_DFF_PN0_/D
    1628+ |       1 |     187 |       47 |      0 |    35 |    +0.0% |   -0.508 |      -40.1 |    -1052.4 |   3170 | issue_stage_i.i_scoreboard/mem_q\[181\]$_DFF_PN0_/D
    1629+ |       1 |     187 |       47 |      0 |    35 |    +0.0% |   -0.508 |      -40.1 |    -1052.4 |   3170 | issue_stage_i.i_scoreboard/mem_q\[181\]$_DFF_PN0_/D
    1630+ |       1 |     187 |       47 |      0 |    35 |    +0.0% |   -0.508 |      -40.1 |    -1052.4 |   3170 | issue_stage_i.i_scoreboard/mem_q\[181\]$_DFF_PN0_/D
    1631+ |       1 |     187 |       47 |      0 |    36 |    +0.0% |   -0.508 |      -40.1 |    -1052.3 |   3170 | issue_stage_i.i_scoreboard/mem_q\[181\]$_DFF_PN0_/D
    1633+ |       1 |     188 |       47 |      0 |    36 |    +0.0% |   -0.508 |      -40.1 |    -1052.2 |   3170 | issue_stage_i.i_scoreboard/mem_q\[181\]$_DFF_PN0_/D
    1634+ |       1 |     188 |       47 |      0 |    36 |    +0.0% |   -0.508 |      -40.1 |    -1052.2 |   3170 | issue_stage_i.i_scoreboard/mem_q\[181\]$_DFF_PN0_/D
    1635+ |       1 |     188 |       47 |      0 |    36 |    +0.0% |   -0.508 |      -40.1 |    -1052.2 |   3170 | issue_stage_i.i_scoreboard/mem_q\[181\]$_DFF_PN0_/D
    1636+ |       1 |     188 |       47 |      0 |    36 |    +0.0% |   -0.508 |      -40.1 |    -1052.2 |   3170 | issue_stage_i.i_scoreboard/mem_q\[181\]$_DFF_PN0_/D
    1637+ |       1 |     188 |       47 |      0 |    36 |    +0.0% |   -0.508 |      -40.1 |    -1052.2 |   3170 | issue_stage_i.i_scoreboard/mem_q\[181\]$_DFF_PN0_/D
    1638+ |       1 |     188 |       47 |      0 |    36 |    +0.0% |   -0.508 |      -40.1 |    -1052.2 |   3170 | issue_stage_i.i_scoreboard/mem_q\[181\]$_DFF_PN0_/D
    1640+ |       1 |     189 |       47 |      0 |    36 |    +0.0% |   -0.508 |      -40.1 |    -1052.1 |   3170 | issue_stage_i.i_scoreboard/mem_q\[181\]$_DFF_PN0_/D
    1641+ |       1 |     190 |       47 |      0 |    36 |    +0.0% |   -0.508 |      -40.1 |    -1052.1 |   3170 | issue_stage_i.i_scoreboard/mem_q\[181\]$_DFF_PN0_/D
    1643+ |       1 |     191 |       47 |      0 |    36 |    +0.0% |   -0.508 |      -40.1 |    -1052.1 |   3170 | issue_stage_i.i_scoreboard/mem_q\[181\]$_DFF_PN0_/D
    1644+ |       1 |     191 |       47 |      0 |    36 |    +0.0% |   -0.508 |      -40.1 |    -1052.1 |   3170 | issue_stage_i.i_scoreboard/mem_q\[181\]$_DFF_PN0_/D
    1645+ |       1 |     191 |       47 |      0 |    36 |    +0.0% |   -0.508 |      -40.1 |    -1052.1 |   3170 | issue_stage_i.i_scoreboard/mem_q\[181\]$_DFF_PN0_/D
    1648+ |       1 |     193 |       47 |      0 |    36 |    +0.0% |   -0.508 |      -40.1 |    -1051.9 |   3170 | issue_stage_i.i_scoreboard/mem_q\[181\]$_DFF_PN0_/D
    1649+ |       1 |     193 |       47 |      0 |    36 |    +0.0% |   -0.508 |      -40.1 |    -1051.9 |   3170 | issue_stage_i.i_scoreboard/mem_q\[181\]$_DFF_PN0_/D
    1650+ |       1 |     193 |       47 |      0 |    36 |    +0.0% |   -0.508 |      -40.1 |    -1051.9 |   3170 | issue_stage_i.i_scoreboard/mem_q\[181\]$_DFF_PN0_/D
    1650+ |       1 |     193 |       47 |      0 |    36 |    +0.0% |   -0.508 |      -40.1 |    -1051.9 |   3170 | issue_stage_i.i_scoreboard/mem_q\[181\]$_DFF_PN0_/D
    1651+ |       1 |     193 |       47 |      0 |    36 |    +0.0% |   -0.508 |      -40.1 |    -1051.9 |   3170 | issue_stage_i.i_scoreboard/mem_q\[181\]$_DFF_PN0_/D
    1653+ |       1 |     194 |       47 |      0 |    36 |    +0.0% |   -0.508 |      -40.1 |    -1051.8 |   3170 | issue_stage_i.i_scoreboard/mem_q\[181\]$_DFF_PN0_/D
    1654+ |       1 |     194 |       47 |      0 |    36 |    +0.0% |   -0.508 |      -40.1 |    -1051.8 |   3170 | issue_stage_i.i_scoreboard/mem_q\[181\]$_DFF_PN0_/D
    1655+ |       1 |     194 |       47 |      0 |    36 |    +0.0% |   -0.508 |      -40.1 |    -1051.8 |   3170 | issue_stage_i.i_scoreboard/mem_q\[181\]$_DFF_PN0_/D
    1656+ |       1 |     194 |       47 |      0 |    36 |    +0.0% |   -0.508 |      -40.1 |    -1051.8 |   3170 | issue_stage_i.i_scoreboard/mem_q\[181\]$_DFF_PN0_/D
    1657+ |       1 |     194 |       47 |      0 |    36 |    +0.0% |   -0.508 |      -40.1 |    -1051.8 |   3170 | issue_stage_i.i_scoreboard/mem_q\[181\]$_DFF_PN0_/D
    1658+ |       1 |     194 |       47 |      0 |    36 |    +0.0% |   -0.508 |      -40.1 |    -1051.8 |   3170 | issue_stage_i.i_scoreboard/mem_q\[181\]$_DFF_PN0_/D
    1659+ |       1 |     194 |       47 |      0 |    36 |    +0.0% |   -0.508 |      -40.1 |    -1051.8 |   3170 | issue_stage_i.i_scoreboard/mem_q\[181\]$_DFF_PN0_/D
    1660+ |       1 |     194 |       47 |      0 |    36 |    +0.0% |   -0.508 |      -40.1 |    -1051.8 |   3170 | issue_stage_i.i_scoreboard/mem_q\[181\]$_DFF_PN0_/D
    1660+ |       1 |     194 |       47 |      0 |    36 |    +0.0% |   -0.508 |      -40.1 |    -1051.8 |   3170 | issue_stage_i.i_scoreboard/mem_q\[181\]$_DFF_PN0_/D
    1661+ |       1 |     194 |       47 |      0 |    36 |    +0.0% |   -0.508 |      -40.1 |    -1051.8 |   3170 | issue_stage_i.i_scoreboard/mem_q\[181\]$_DFF_PN0_/D
    1662+ |       1 |     194 |       47 |      0 |    36 |    +0.0% |   -0.508 |      -40.1 |    -1051.8 |   3170 | issue_stage_i.i_scoreboard/mem_q\[181\]$_DFF_PN0_/D
    1663+ |       1 |     194 |       47 |      0 |    36 |    +0.0% |   -0.508 |      -40.1 |    -1051.8 |   3170 | issue_stage_i.i_scoreboard/mem_q\[181\]$_DFF_PN0_/D
    1664+ |       1 |     194 |       47 |      0 |    36 |    +0.0% |   -0.508 |      -40.1 |    -1051.8 |   3170 | issue_stage_i.i_scoreboard/mem_q\[181\]$_DFF_PN0_/D
    1665+ |       1 |     194 |       47 |      0 |    36 |    +0.0% |   -0.508 |      -40.1 |    -1051.8 |   3170 | issue_stage_i.i_scoreboard/mem_q\[181\]$_DFF_PN0_/D
    1666+ |       1 |     194 |       47 |      0 |    36 |    +0.0% |   -0.508 |      -40.1 |    -1051.8 |   3170 | issue_stage_i.i_scoreboard/mem_q\[181\]$_DFF_PN0_/D
    1667+ |       1 |     194 |       47 |      0 |    36 |    +0.0% |   -0.508 |      -40.1 |    -1051.8 |   3170 | issue_stage_i.i_scoreboard/mem_q\[181\]$_DFF_PN0_/D
    1668+ |       1 |     194 |       47 |      0 |    36 |    +0.0% |   -0.508 |      -40.1 |    -1051.8 |   3170 | issue_stage_i.i_scoreboard/mem_q\[181\]$_DFF_PN0_/D
    1669+ |       1 |     194 |       47 |      0 |    36 |    +0.0% |   -0.508 |      -40.1 |    -1051.8 |   3170 | issue_stage_i.i_scoreboard/mem_q\[181\]$_DFF_PN0_/D
    1670+ |       1 |     194 |       47 |      0 |    36 |    +0.0% |   -0.508 |      -40.1 |    -1051.8 |   3170 | issue_stage_i.i_scoreboard/mem_q\[181\]$_DFF_PN0_/D
    1670+ |       1 |     194 |       47 |      0 |    36 |    +0.0% |   -0.508 |      -40.1 |    -1051.8 |   3170 | issue_stage_i.i_scoreboard/mem_q\[181\]$_DFF_PN0_/D
    1671+ |       1 |     194 |       47 |      0 |    36 |    +0.0% |   -0.508 |      -40.1 |    -1051.8 |   3170 | issue_stage_i.i_scoreboard/mem_q\[181\]$_DFF_PN0_/D
    1672+ |       1 |     194 |       47 |      0 |    36 |    +0.0% |   -0.508 |      -40.1 |    -1051.8 |   3170 | issue_stage_i.i_scoreboard/mem_q\[181\]$_DFF_PN0_/D
    1674+ |       1 |     195 |       47 |      0 |    36 |    +0.0% |   -0.508 |      -40.1 |    -1051.8 |   3170 | issue_stage_i.i_scoreboard/mem_q\[181\]$_DFF_PN0_/D
    1675+ |       1 |     195 |       47 |      0 |    36 |    +0.0% |   -0.508 |      -40.1 |    -1051.8 |   3170 | issue_stage_i.i_scoreboard/mem_q\[181\]$_DFF_PN0_/D
    1676+ |       1 |     195 |       47 |      0 |    36 |    +0.0% |   -0.508 |      -40.1 |    -1051.8 |   3170 | issue_stage_i.i_scoreboard/mem_q\[181\]$_DFF_PN0_/D
    1677+ |       1 |     195 |       47 |      0 |    36 |    +0.0% |   -0.508 |      -40.1 |    -1051.8 |   3170 | issue_stage_i.i_scoreboard/mem_q\[181\]$_DFF_PN0_/D
    1678+ |       1 |     195 |       47 |      0 |    36 |    +0.0% |   -0.508 |      -40.1 |    -1051.8 |   3170 | issue_stage_i.i_scoreboard/mem_q\[181\]$_DFF_PN0_/D
    1679+ |       1 |     195 |       47 |      0 |    36 |    +0.0% |   -0.508 |      -40.1 |    -1051.8 |   3170 | issue_stage_i.i_scoreboard/mem_q\[181\]$_DFF_PN0_/D
    1680+ |       1 |     195 |       47 |      0 |    36 |    +0.0% |   -0.508 |      -40.1 |    -1051.8 |   3170 | issue_stage_i.i_scoreboard/mem_q\[181\]$_DFF_PN0_/D
    1680+ |       1 |     195 |       47 |      0 |    36 |    +0.0% |   -0.508 |      -40.1 |    -1051.8 |   3170 | issue_stage_i.i_scoreboard/mem_q\[181\]$_DFF_PN0_/D
    1681+ |       1 |     195 |       47 |      0 |    36 |    +0.0% |   -0.508 |      -40.1 |    -1051.8 |   3170 | issue_stage_i.i_scoreboard/mem_q\[181\]$_DFF_PN0_/D
    1682+ |       1 |     195 |       47 |      0 |    36 |    +0.0% |   -0.508 |      -40.1 |    -1051.8 |   3170 | issue_stage_i.i_scoreboard/mem_q\[181\]$_DFF_PN0_/D
    1683+ |       1 |     195 |       47 |      0 |    36 |    +0.0% |   -0.508 |      -40.1 |    -1051.8 |   3170 | issue_stage_i.i_scoreboard/mem_q\[181\]$_DFF_PN0_/D
    1684+ |       1 |     195 |       47 |      0 |    36 |    +0.0% |   -0.508 |      -40.1 |    -1051.8 |   3170 | issue_stage_i.i_scoreboard/mem_q\[181\]$_DFF_PN0_/D
    1685+ |       1 |     195 |       47 |      0 |    36 |    +0.0% |   -0.508 |      -40.1 |    -1051.8 |   3170 | issue_stage_i.i_scoreboard/mem_q\[181\]$_DFF_PN0_/D
    1686+ |       1 |     195 |       47 |      0 |    36 |    +0.0% |   -0.508 |      -40.1 |    -1051.8 |   3170 | issue_stage_i.i_scoreboard/mem_q\[181\]$_DFF_PN0_/D
    1687+ |       1 |     195 |       47 |      0 |    36 |    +0.0% |   -0.508 |      -40.1 |    -1051.8 |   3170 | issue_stage_i.i_scoreboard/mem_q\[181\]$_DFF_PN0_/D
    1688+ |       1 |     195 |       47 |      0 |    36 |    +0.0% |   -0.508 |      -40.1 |    -1051.8 |   3170 | issue_stage_i.i_scoreboard/mem_q\[181\]$_DFF_PN0_/D
    1689+ |       1 |     195 |       47 |      0 |    36 |    +0.0% |   -0.508 |      -40.1 |    -1051.8 |   3170 | issue_stage_i.i_scoreboard/mem_q\[181\]$_DFF_PN0_/D
    1690+ |       1 |     195 |       47 |      0 |    36 |    +0.0% |   -0.508 |      -40.1 |    -1051.8 |   3170 | issue_stage_i.i_scoreboard/mem_q\[181\]$_DFF_PN0_/D
    1690+ |       1 |     195 |       47 |      0 |    36 |    +0.0% |   -0.508 |      -40.1 |    -1051.8 |   3170 | issue_stage_i.i_scoreboard/mem_q\[181\]$_DFF_PN0_/D
    1691+ |       1 |     195 |       47 |      0 |    36 |    +0.0% |   -0.508 |      -40.1 |    -1051.8 |   3170 | issue_stage_i.i_scoreboard/mem_q\[181\]$_DFF_PN0_/D
    1692+ |       1 |     195 |       47 |      0 |    36 |    +0.0% |   -0.508 |      -40.1 |    -1051.8 |   3170 | issue_stage_i.i_scoreboard/mem_q\[181\]$_DFF_PN0_/D
    1693+ |       1 |     195 |       47 |      0 |    36 |    +0.0% |   -0.508 |      -40.1 |    -1051.8 |   3170 | issue_stage_i.i_scoreboard/mem_q\[181\]$_DFF_PN0_/D
    1694+ |       1 |     195 |       47 |      0 |    36 |    +0.0% |   -0.508 |      -40.1 |    -1051.8 |   3170 | issue_stage_i.i_scoreboard/mem_q\[181\]$_DFF_PN0_/D
    1695+ |       1 |     195 |       47 |      0 |    36 |    +0.0% |   -0.508 |      -40.1 |    -1051.8 |   3170 | issue_stage_i.i_scoreboard/mem_q\[181\]$_DFF_PN0_/D
    1696+ |       1 |     195 |       47 |      0 |    36 |    +0.0% |   -0.508 |      -40.1 |    -1051.8 |   3170 | issue_stage_i.i_scoreboard/mem_q\[181\]$_DFF_PN0_/D
    1698+ |       1 |     196 |       47 |      0 |    36 |    +0.0% |   -0.508 |      -40.1 |    -1051.8 |   3170 | issue_stage_i.i_scoreboard/mem_q\[181\]$_DFF_PN0_/D
    1699+ |       1 |     196 |       47 |      0 |    36 |    +0.0% |   -0.508 |      -40.1 |    -1051.8 |   3170 | issue_stage_i.i_scoreboard/mem_q\[181\]$_DFF_PN0_/D
    1700+ |       1 |     196 |       47 |      0 |    36 |    +0.0% |   -0.508 |      -40.1 |    -1051.8 |   3170 | issue_stage_i.i_scoreboard/mem_q\[181\]$_DFF_PN0_/D
    final |       1 |     196 |       47 |      0 |    36 |    +0.0% |   -0.508 |      -40.1 |    -1051.8 |   3170 | issue_stage_i.i_scoreboard/mem_q\[181\]$_DFF_PN0_/D
------------------------------------------------------------------------------------------------------------------------------
[INFO RSZ-0059] Removed 1 buffers.
[INFO RSZ-0045] Inserted 47 buffers, 4 to split loads.
[INFO RSZ-0051] Resized 196 instances: 196 up, 0 up match, 0 down, 0 VT
[INFO RSZ-0043] Swapped pins on 36 instances.
[WARNING RSZ-0062] Unable to repair all setup violations.
[INFO RSZ-0046] Found 211 endpoints with hold violations.
Iteration | Resized | Buffers | Cloned Gates |   Area   |   WNS   |   TNS   | Endpoint
--------------------------------------------------------------------------------------
        0 |       0 |       0 |            0 |    +0.0% |  -0.164 | -11.695 | i_perf_counters/perf_counter_q[285]$_DFF_PN0_/RN
       10 |       1 |       5 |            0 |    +0.0% |   0.014 |   0.000 | i_frontend/i_fetch_fifo.i_fifo_v3.mem_q[758]$_DFFE_PN0P_/RN
       20 |       1 |       5 |            0 |    +0.0% |   0.014 |   0.000 | i_frontend/i_fetch_fifo.i_fifo_v3.mem_q[758]$_DFFE_PN0P_/RN
       30 |       1 |       5 |            0 |    +0.0% |   0.014 |   0.000 | i_frontend/i_fetch_fifo.i_fifo_v3.mem_q[758]$_DFFE_PN0P_/RN
       40 |       1 |       5 |            0 |    +0.0% |   0.014 |   0.000 | i_frontend/i_fetch_fifo.i_fifo_v3.mem_q[758]$_DFFE_PN0P_/RN
       50 |       1 |       5 |            0 |    +0.0% |   0.014 |   0.000 | i_frontend/i_fetch_fifo.i_fifo_v3.mem_q[758]$_DFFE_PN0P_/RN
       60 |       1 |       5 |            0 |    +0.0% |   0.014 |   0.000 | i_frontend/i_fetch_fifo.i_fifo_v3.mem_q[758]$_DFFE_PN0P_/RN
       70 |       1 |       5 |            0 |    +0.0% |   0.014 |   0.000 | i_frontend/i_fetch_fifo.i_fifo_v3.mem_q[758]$_DFFE_PN0P_/RN
       80 |       1 |       5 |            0 |    +0.0% |   0.014 |   0.000 | i_frontend/i_fetch_fifo.i_fifo_v3.mem_q[758]$_DFFE_PN0P_/RN
       90 |       1 |       5 |            0 |    +0.0% |   0.014 |   0.000 | i_frontend/i_fetch_fifo.i_fifo_v3.mem_q[758]$_DFFE_PN0P_/RN
      100 |       1 |       5 |            0 |    +0.0% |   0.014 |   0.000 | i_frontend/i_fetch_fifo.i_fifo_v3.mem_q[758]$_DFFE_PN0P_/RN
      110 |       1 |       5 |            0 |    +0.0% |   0.014 |   0.000 | i_frontend/i_fetch_fifo.i_fifo_v3.mem_q[758]$_DFFE_PN0P_/RN
      120 |       1 |       5 |            0 |    +0.0% |   0.014 |   0.000 | i_frontend/i_fetch_fifo.i_fifo_v3.mem_q[758]$_DFFE_PN0P_/RN
      130 |       1 |       5 |            0 |    +0.0% |   0.014 |   0.000 | i_frontend/i_fetch_fifo.i_fifo_v3.mem_q[758]$_DFFE_PN0P_/RN
      140 |       1 |       5 |            0 |    +0.0% |   0.014 |   0.000 | i_frontend/i_fetch_fifo.i_fifo_v3.mem_q[758]$_DFFE_PN0P_/RN
      150 |       1 |       5 |            0 |    +0.0% |   0.014 |   0.000 | i_frontend/i_fetch_fifo.i_fifo_v3.mem_q[758]$_DFFE_PN0P_/RN
      160 |       1 |       5 |            0 |    +0.0% |   0.014 |   0.000 | i_frontend/i_fetch_fifo.i_fifo_v3.mem_q[758]$_DFFE_PN0P_/RN
      170 |       1 |       5 |            0 |    +0.0% |   0.014 |   0.000 | i_frontend/i_fetch_fifo.i_fifo_v3.mem_q[758]$_DFFE_PN0P_/RN
      180 |       1 |       5 |            0 |    +0.0% |   0.014 |   0.000 | i_frontend/i_fetch_fifo.i_fifo_v3.mem_q[758]$_DFFE_PN0P_/RN
      190 |       1 |       5 |            0 |    +0.0% |   0.014 |   0.000 | i_frontend/i_fetch_fifo.i_fifo_v3.mem_q[758]$_DFFE_PN0P_/RN
      200 |       1 |       5 |            0 |    +0.0% |   0.014 |   0.000 | i_frontend/i_fetch_fifo.i_fifo_v3.mem_q[758]$_DFFE_PN0P_/RN
      210 |       1 |       5 |            0 |    +0.0% |   0.014 |   0.000 | i_frontend/i_fetch_fifo.i_fifo_v3.mem_q[758]$_DFFE_PN0P_/RN
    final |       1 |       5 |            0 |    +0.0% |   0.014 |   0.000 | i_frontend/i_fetch_fifo.i_fifo_v3.mem_q[758]$_DFFE_PN0P_/RN
--------------------------------------------------------------------------------------
[INFO RSZ-0032] Inserted 5 hold buffers.
Took 859 seconds: repair_timing -setup_margin 0 -hold_margin 0 -repair_tns 100 -skip_gate_cloning -verbose
Repair timing output passed lec test
[INFO DPL-0005] Max displacement: +/- 500 sites horizontally, +/- 100 rows vertically.
Movements Summary
---------------------------------------
Total cells:                  167166
Diamond Move Success:         167166 (100.00%)
Diamond Move Failure:              0
Rip-up and replace Success:        0 (  0.00% of diamond failures)
Rip-up and replace Failure:        0
Total Placement Failures:          0
---------------------------------------
Placement Analysis
---------------------------------
total displacement        195.6 u
average displacement        0.0 u
max displacement            3.5 u
original HPWL         5390543.2 u
legalized HPWL        5390645.8 u
delta HPWL                    0 %

Report metrics stage 4, cts final...

==========================================================================
cts final report_design_area
--------------------------------------------------------------------------
Design area 727298 um^2 51% utilization.
write_db ./results/nangate45/ariane133/base/4_1_cts.odb
write_sdc -no_timestamp ./results/nangate45/ariane133/base/4_cts.sdc
Elapsed time: 21:37.78[h:]min:sec. CPU time: user 3820.01 sys 514.95 (334%). Peak memory: 1703020KB.
Log                        Elapsed/s Peak Memory/MB  sha1sum .odb [0:20)
4_1_cts                         1297           1663 d63956383be884b04454
