
==========================================================================
global place report_tns
--------------------------------------------------------------------------
tns max -5271.86

==========================================================================
global place report_wns
--------------------------------------------------------------------------
wns max -1.61

==========================================================================
global place report_worst_slack
--------------------------------------------------------------------------
worst slack max -1.61

==========================================================================
global place report_clock_min_period
--------------------------------------------------------------------------
core_clock period_min = 3.83 fmax = 260.85
vclk_core_clock period_min = 1.14 fmax = 880.87

==========================================================================
global place report_checks -path_delay min
--------------------------------------------------------------------------
Startpoint: rst_ni (input port clocked by vclk_core_clock)
Endpoint: i_perf_counters/perf_counter_q[373]$_DFF_PN0_
          (removal check against rising-edge clock core_clock)
Path Group: asynchronous
Path Type: min

Fanout     Cap    Slew   Delay    Time   Description
-----------------------------------------------------------------------------
                  0.00    0.00    0.00   clock vclk_core_clock (rise edge)
                          0.54    0.54   clock network delay (ideal)
                          0.44    0.98 ^ input external delay
     1    2.70    0.00    0.00    0.98 ^ rst_ni (in)
                                         rst_ni (net)
                  0.00    0.00    0.98 ^ input3253/A (CLKBUF_X3)
     8   78.81    0.05    0.07    1.05 ^ input3253/Z (CLKBUF_X3)
                                         net3252 (net)
                  0.05    0.00    1.06 ^ i_perf_counters/perf_counter_q[373]$_DFF_PN0_/RN (DFFR_X1)
                                  1.06   data arrival time

                  0.00    0.00    0.00   clock core_clock (rise edge)
                          0.54    0.54   clock network delay (ideal)
                          0.00    0.54   clock reconvergence pessimism
                                  0.54 ^ i_perf_counters/perf_counter_q[373]$_DFF_PN0_/CK (DFFR_X1)
                          0.25    0.78   library removal time
                                  0.78   data required time
-----------------------------------------------------------------------------
                                  0.78   data required time
                                 -1.06   data arrival time
-----------------------------------------------------------------------------
                                  0.27   slack (MET)


Startpoint: ex_stage_i/lsu_i.i_store_unit.store_buffer_i.speculative_queue_q_2__valid_$_DFF_PN0_
            (rising edge-triggered flip-flop clocked by core_clock)
Endpoint: ex_stage_i/lsu_i.i_store_unit.store_buffer_i.speculative_queue_q_2__valid_$_DFF_PN0_
          (rising edge-triggered flip-flop clocked by core_clock)
Path Group: core_clock
Path Type: min

Fanout     Cap    Slew   Delay    Time   Description
-----------------------------------------------------------------------------
                  0.00    0.00    0.00   clock core_clock (rise edge)
                          0.54    0.54   clock network delay (ideal)
                  0.00    0.00    0.54 ^ ex_stage_i/lsu_i.i_store_unit.store_buffer_i.speculative_queue_q_2__valid_$_DFF_PN0_/CK (DFFR_X1)
     1    1.74    0.01    0.07    0.60 ^ ex_stage_i/lsu_i.i_store_unit.store_buffer_i.speculative_queue_q_2__valid_$_DFF_PN0_/QN (DFFR_X1)
                                         ex_stage_i/_00019_ (net)
                  0.01    0.00    0.60 ^ ex_stage_i/_26470_/C1 (AOI221_X1)
     1    1.29    0.01    0.01    0.61 v ex_stage_i/_26470_/ZN (AOI221_X1)
                                         ex_stage_i/lsu_i.i_store_unit.store_buffer_i.speculative_queue_n_2__valid_ (net)
                  0.01    0.00    0.61 v ex_stage_i/lsu_i.i_store_unit.store_buffer_i.speculative_queue_q_2__valid_$_DFF_PN0_/D (DFFR_X1)
                                  0.61   data arrival time

                  0.00    0.00    0.00   clock core_clock (rise edge)
                          0.54    0.54   clock network delay (ideal)
                          0.00    0.54   clock reconvergence pessimism
                                  0.54 ^ ex_stage_i/lsu_i.i_store_unit.store_buffer_i.speculative_queue_q_2__valid_$_DFF_PN0_/CK (DFFR_X1)
                          0.00    0.54   library hold time
                                  0.54   data required time
-----------------------------------------------------------------------------
                                  0.54   data required time
                                 -0.61   data arrival time
-----------------------------------------------------------------------------
                                  0.08   slack (MET)


Startpoint: i_cache_subsystem.i_nbdcache/i_miss_handler/mshr_q_addr__2_$_DFFE_PN0P_
            (rising edge-triggered flip-flop clocked by core_clock)
Endpoint: axi_req_o[212] (output port clocked by vclk_core_clock)
Path Group: vclk_core_clock
Path Type: min

Fanout     Cap    Slew   Delay    Time   Description
-----------------------------------------------------------------------------
                  0.00    0.00    0.00   clock core_clock (rise edge)
                          0.54    0.54   clock network delay (ideal)
                  0.00    0.00    0.54 ^ i_cache_subsystem.i_nbdcache/i_miss_handler/mshr_q_addr__2_$_DFFE_PN0P_/CK (DFFR_X1)
     1    1.71    0.01    0.07    0.60 ^ i_cache_subsystem.i_nbdcache/i_miss_handler/mshr_q_addr__2_$_DFFE_PN0P_/QN (DFFR_X1)
                                         i_cache_subsystem.i_nbdcache/i_miss_handler/_00141_ (net)
                  0.01    0.00    0.60 ^ i_cache_subsystem.i_nbdcache/i_miss_handler/_13554_/B2 (OAI22_X1)
     1    1.83    0.01    0.02    0.62 v i_cache_subsystem.i_nbdcache/i_miss_handler/_13554_/ZN (OAI22_X1)
                                         i_cache_subsystem.axi_req_data[212] (net)
                  0.01    0.00    0.62 v _08046_/A1 (NAND3_X1)
     1    1.85    0.01    0.02    0.63 ^ _08046_/ZN (NAND3_X1)
                                         _02586_ (net)
                  0.01    0.00    0.63 ^ _08048_/A (OAI21_X1)
     1    5.13    0.01    0.02    0.65 v _08048_/ZN (OAI21_X1)
                                         net3341 (net)
                  0.01    0.00    0.65 v output3342/A (BUF_X1)
     1    9.84    0.01    0.04    0.69 v output3342/Z (BUF_X1)
                                         axi_req_o[212] (net)
                  0.01    0.00    0.69 v axi_req_o[212] (out)
                                  0.69   data arrival time

                  0.00    0.00    0.00   clock vclk_core_clock (rise edge)
                          0.54    0.54   clock network delay (ideal)
                          0.00    0.54   clock reconvergence pessimism
                         -0.44    0.09   output external delay
                                  0.09   data required time
-----------------------------------------------------------------------------
                                  0.09   data required time
                                 -0.69   data arrival time
-----------------------------------------------------------------------------
                                  0.60   slack (MET)



==========================================================================
global place report_checks -path_delay max
--------------------------------------------------------------------------
Startpoint: rst_ni (input port clocked by vclk_core_clock)
Endpoint: i_frontend/i_btb.btb_q[981]$_DFFE_PN0P_
          (recovery check against rising-edge clock core_clock)
Path Group: asynchronous
Path Type: max

Fanout     Cap    Slew   Delay    Time   Description
-----------------------------------------------------------------------------
                  0.00    0.00    0.00   clock vclk_core_clock (rise edge)
                          0.54    0.54   clock network delay (ideal)
                          0.44    0.98 ^ input external delay
     1    2.70    0.00    0.00    0.98 ^ rst_ni (in)
                                         rst_ni (net)
                  0.00    0.00    0.98 ^ input3253/A (CLKBUF_X3)
     8   78.81    0.05    0.07    1.05 ^ input3253/Z (CLKBUF_X3)
                                         net3252 (net)
                  0.06    0.02    1.07 ^ place60065/A (BUF_X4)
     3   45.52    0.02    0.04    1.11 ^ place60065/Z (BUF_X4)
                                         net60064 (net)
                  0.04    0.03    1.14 ^ place60064/A (BUF_X8)
     1   23.72    0.01    0.03    1.17 ^ place60064/Z (BUF_X8)
                                         net60063 (net)
                  0.01    0.01    1.18 ^ place60063/A (BUF_X4)
     3   36.06    0.02    0.03    1.21 ^ place60063/Z (BUF_X4)
                                         net60062 (net)
                  0.03    0.02    1.23 ^ place60062/A (BUF_X2)
     6   62.43    0.06    0.07    1.30 ^ place60062/Z (BUF_X2)
                                         net60061 (net)
                  0.08    0.04    1.34 ^ i_frontend/place60012/A (BUF_X2)
    23   77.87    0.09    0.11    1.45 ^ i_frontend/place60012/Z (BUF_X2)
                                         i_frontend/net60011 (net)
                  0.09    0.02    1.47 ^ i_frontend/place60007/A (BUF_X2)
    23   60.93    0.07    0.10    1.57 ^ i_frontend/place60007/Z (BUF_X2)
                                         i_frontend/net60006 (net)
                  0.07    0.01    1.57 ^ i_frontend/place59993/A (BUF_X1)
    18   44.83    0.10    0.13    1.71 ^ i_frontend/place59993/Z (BUF_X1)
                                         i_frontend/net59992 (net)
                  0.10    0.00    1.71 ^ i_frontend/place59992/A (BUF_X1)
    19   44.29    0.10    0.13    1.84 ^ i_frontend/place59992/Z (BUF_X1)
                                         i_frontend/net59991 (net)
                  0.10    0.00    1.85 ^ i_frontend/i_btb.btb_q[981]$_DFFE_PN0P_/RN (DFFR_X1)
                                  1.85   data arrival time

                  0.00    2.22    2.22   clock core_clock (rise edge)
                          0.54    2.76   clock network delay (ideal)
                          0.00    2.76   clock reconvergence pessimism
                                  2.76 ^ i_frontend/i_btb.btb_q[981]$_DFFE_PN0P_/CK (DFFR_X1)
                          0.04    2.79   library recovery time
                                  2.79   data required time
-----------------------------------------------------------------------------
                                  2.79   data required time
                                 -1.85   data arrival time
-----------------------------------------------------------------------------
                                  0.95   slack (MET)


Startpoint: issue_stage_i.i_scoreboard/commit_pointer_q[1]$_DFF_PN0_
            (rising edge-triggered flip-flop clocked by core_clock)
Endpoint: issue_stage_i.i_scoreboard/mem_q[2733]$_DFF_PN0_
          (rising edge-triggered flip-flop clocked by core_clock)
Path Group: core_clock
Path Type: max

Fanout     Cap    Slew   Delay    Time   Description
-----------------------------------------------------------------------------
                  0.00    0.00    0.00   clock core_clock (rise edge)
                          0.54    0.54   clock network delay (ideal)
                  0.00    0.00    0.54 ^ issue_stage_i.i_scoreboard/commit_pointer_q[1]$_DFF_PN0_/CK (DFFR_X1)
     3    7.76    0.01    0.09    0.63 v issue_stage_i.i_scoreboard/commit_pointer_q[1]$_DFF_PN0_/Q (DFFR_X1)
                                         issue_stage_i.i_scoreboard/commit_pointer_q[1] (net)
                  0.01    0.00    0.63 v issue_stage_i.i_scoreboard/_59744_/A (HA_X1)
     3   11.12    0.01    0.04    0.67 v issue_stage_i.i_scoreboard/_59744_/CO (HA_X1)
                                         issue_stage_i.i_scoreboard/_00110_ (net)
                  0.01    0.00    0.67 v issue_stage_i.i_scoreboard/_33259_/A2 (AND2_X4)
     4   12.79    0.01    0.03    0.71 v issue_stage_i.i_scoreboard/_33259_/ZN (AND2_X4)
                                         issue_stage_i.i_scoreboard/_02605_ (net)
                  0.01    0.00    0.71 v issue_stage_i.i_scoreboard/place51175/A (BUF_X1)
     2    3.85    0.01    0.03    0.74 v issue_stage_i.i_scoreboard/place51175/Z (BUF_X1)
                                         issue_stage_i.i_scoreboard/net51174 (net)
                  0.01    0.00    0.74 v issue_stage_i.i_scoreboard/place51174/A (BUF_X1)
     5   10.22    0.01    0.04    0.78 v issue_stage_i.i_scoreboard/place51174/Z (BUF_X1)
                                         issue_stage_i.i_scoreboard/net51173 (net)
                  0.01    0.00    0.78 v issue_stage_i.i_scoreboard/_51697_/C2 (AOI221_X1)
     1    2.14    0.04    0.06    0.84 ^ issue_stage_i.i_scoreboard/_51697_/ZN (AOI221_X1)
                                         issue_stage_i.i_scoreboard/_18734_ (net)
                  0.04    0.00    0.84 ^ issue_stage_i.i_scoreboard/_51698_/A3 (NOR3_X1)
     1    3.55    0.02    0.02    0.86 v issue_stage_i.i_scoreboard/_51698_/ZN (NOR3_X1)
                                         issue_stage_i.i_scoreboard/_18735_ (net)
                  0.02    0.00    0.86 v issue_stage_i.i_scoreboard/_51699_/A (AOI21_X1)
     1    6.45    0.04    0.07    0.92 ^ issue_stage_i.i_scoreboard/_51699_/ZN (AOI21_X1)
                                         issue_stage_i.i_scoreboard/_18736_ (net)
                  0.04    0.00    0.93 ^ issue_stage_i.i_scoreboard/_51700_/B1 (OAI21_X1)
     1    1.65    0.01    0.02    0.95 v issue_stage_i.i_scoreboard/_51700_/ZN (OAI21_X1)
                                         issue_stage_i.i_scoreboard/_18737_ (net)
                  0.01    0.00    0.95 v issue_stage_i.i_scoreboard/_51701_/B (MUX2_X1)
     1    2.03    0.01    0.06    1.01 v issue_stage_i.i_scoreboard/_51701_/Z (MUX2_X1)
                                         issue_stage_i.i_scoreboard/_18738_ (net)
                  0.01    0.00    1.01 v issue_stage_i.i_scoreboard/_51702_/B (MUX2_X1)
     1    1.03    0.01    0.06    1.06 v issue_stage_i.i_scoreboard/_51702_/Z (MUX2_X1)
                                         issue_stage_i.i_scoreboard/_18739_ (net)
                  0.01    0.00    1.06 v issue_stage_i.i_scoreboard/_51703_/B (MUX2_X1)
     2    5.76    0.01    0.07    1.13 v issue_stage_i.i_scoreboard/_51703_/Z (MUX2_X1)
                                         commit_instr_id_commit[294] (net)
                  0.01    0.00    1.13 v _05366_/A1 (NOR2_X1)
     1   11.20    0.06    0.07    1.20 ^ _05366_/ZN (NOR2_X1)
                                         _00591_ (net)
                  0.06    0.00    1.21 ^ place45464/A (BUF_X2)
     2    6.91    0.01    0.03    1.24 ^ place45464/Z (BUF_X2)
                                         net45463 (net)
                  0.01    0.00    1.24 ^ _05829_/A2 (NAND2_X1)
     2    4.01    0.02    0.02    1.26 v _05829_/ZN (NAND2_X1)
                                         _00922_ (net)
                  0.02    0.00    1.26 v _05830_/A2 (NOR2_X1)
     1    4.78    0.03    0.05    1.31 ^ _05830_/ZN (NOR2_X1)
                                         _00923_ (net)
                  0.03    0.00    1.31 ^ place44938/A (BUF_X4)
     1   16.85    0.01    0.03    1.34 ^ place44938/Z (BUF_X4)
                                         net44937 (net)
                  0.01    0.00    1.34 ^ _05831_/A1 (NAND2_X4)
     7   25.11    0.01    0.02    1.37 v _05831_/ZN (NAND2_X4)
                                         _00924_ (net)
                  0.01    0.00    1.37 v _06076_/A2 (NOR2_X2)
     3    7.27    0.02    0.04    1.41 ^ _06076_/ZN (NOR2_X2)
                                         commit_stage_i.csr_op_o[2] (net)
                  0.02    0.00    1.41 ^ csr_regfile_i/_07761_/A3 (OR3_X4)
     2    8.27    0.01    0.03    1.44 ^ csr_regfile_i/_07761_/ZN (OR3_X4)
                                         csr_regfile_i/_02549_ (net)
                  0.01    0.00    1.44 ^ csr_regfile_i/_07762_/A1 (NOR3_X4)
     2    8.88    0.01    0.01    1.45 v csr_regfile_i/_07762_/ZN (NOR3_X4)
                                         csr_regfile_i/_02550_ (net)
                  0.01    0.00    1.45 v csr_regfile_i/_07768_/A (AOI21_X4)
     5   21.18    0.04    0.06    1.51 ^ csr_regfile_i/_07768_/ZN (AOI21_X4)
                                         csr_regfile_i/_02556_ (net)
                  0.04    0.00    1.51 ^ csr_regfile_i/_07769_/A1 (NOR2_X4)
     2   16.80    0.01    0.02    1.53 v csr_regfile_i/_07769_/ZN (NOR2_X4)
                                         csr_regfile_i/_02557_ (net)
                  0.01    0.00    1.53 v csr_regfile_i/_07883_/A1 (NAND4_X4)
     2    4.62    0.02    0.02    1.55 ^ csr_regfile_i/_07883_/ZN (NAND4_X4)
                                         csr_regfile_i/_02671_ (net)
                  0.02    0.00    1.55 ^ csr_regfile_i/_07956_/A1 (AND4_X4)
     2   20.38    0.02    0.06    1.61 ^ csr_regfile_i/_07956_/ZN (AND4_X4)
                                         csr_regfile_i/_02744_ (net)
                  0.02    0.01    1.61 ^ csr_regfile_i/_07991_/A2 (NOR2_X4)
     4   12.28    0.01    0.01    1.63 v csr_regfile_i/_07991_/ZN (NOR2_X4)
                                         csr_regfile_i/_02778_ (net)
                  0.01    0.00    1.63 v csr_regfile_i/_07997_/A1 (NOR3_X4)
     1   13.17    0.04    0.05    1.68 ^ csr_regfile_i/_07997_/ZN (NOR3_X4)
                                         commit_stage_i.csr_exception_i[65] (net)
                  0.04    0.00    1.68 ^ place42221/A (BUF_X4)
     3   11.34    0.01    0.03    1.71 ^ place42221/Z (BUF_X4)
                                         net42220 (net)
                  0.01    0.00    1.71 ^ _05395_/A (INV_X1)
     1    6.13    0.01    0.01    1.72 v _05395_/ZN (INV_X1)
                                         _00616_ (net)
                  0.01    0.00    1.72 v _05396_/B2 (AOI21_X4)
    16   39.57    0.06    0.07    1.79 ^ _05396_/ZN (AOI21_X4)
                                         _00617_ (net)
                  0.06    0.01    1.80 ^ place41753/A (BUF_X1)
     3    6.07    0.02    0.04    1.84 ^ place41753/Z (BUF_X1)
                                         net41752 (net)
                  0.02    0.00    1.84 ^ _05431_/A (AOI21_X1)
     1    3.07    0.01    0.02    1.86 v _05431_/ZN (AOI21_X1)
                                         _00647_ (net)
                  0.01    0.00    1.86 v _05432_/A (AOI21_X1)
     1    3.43    0.03    0.05    1.91 ^ _05432_/ZN (AOI21_X1)
                                         _00648_ (net)
                  0.03    0.00    1.91 ^ _05433_/A2 (NOR2_X1)
     2    3.59    0.02    0.02    1.93 v _05433_/ZN (NOR2_X1)
                                         commit_stage_i.exception_o[122] (net)
                  0.02    0.00    1.93 v csr_regfile_i/_08853_/A1 (NOR4_X1)
     1    2.51    0.05    0.06    1.98 ^ csr_regfile_i/_08853_/ZN (NOR4_X1)
                                         csr_regfile_i/_03616_ (net)
                  0.05    0.00    1.98 ^ csr_regfile_i/place39139/A (BUF_X1)
     1    4.56    0.01    0.04    2.02 ^ csr_regfile_i/place39139/Z (BUF_X1)
                                         csr_regfile_i/net39138 (net)
                  0.01    0.00    2.02 ^ csr_regfile_i/_08856_/A1 (NAND4_X1)
     1    1.98    0.02    0.03    2.05 v csr_regfile_i/_08856_/ZN (NAND4_X1)
                                         csr_regfile_i/_03619_ (net)
                  0.02    0.00    2.05 v csr_regfile_i/place39112/A (BUF_X2)
     2    7.93    0.01    0.04    2.08 v csr_regfile_i/place39112/Z (BUF_X2)
                                         csr_regfile_i/net39111 (net)
                  0.01    0.00    2.08 v csr_regfile_i/_09159_/A3 (NOR3_X1)
     1    1.97    0.03    0.05    2.13 ^ csr_regfile_i/_09159_/ZN (NOR3_X1)
                                         csr_regfile_i/_03901_ (net)
                  0.03    0.00    2.13 ^ csr_regfile_i/_09160_/A3 (NAND3_X1)
     1   11.37    0.03    0.05    2.19 v csr_regfile_i/_09160_/ZN (NAND3_X1)
                                         csr_regfile_i/_03902_ (net)
                  0.03    0.00    2.19 v csr_regfile_i/place38977/A (BUF_X4)
     3   12.76    0.01    0.04    2.23 v csr_regfile_i/place38977/Z (BUF_X4)
                                         csr_regfile_i/net38976 (net)
                  0.01    0.00    2.23 v csr_regfile_i/_13887_/B1 (OAI21_X4)
     2   11.29    0.02    0.03    2.26 ^ csr_regfile_i/_13887_/ZN (OAI21_X4)
                                         controller_i.set_debug_pc_i (net)
                  0.02    0.00    2.26 ^ _05388_/A1 (NOR3_X4)
     1    6.10    0.02    0.01    2.27 v _05388_/ZN (NOR3_X4)
                                         _00612_ (net)
                  0.02    0.00    2.27 v _05389_/A1 (NAND2_X4)
     5   71.83    0.04    0.04    2.31 ^ _05389_/ZN (NAND2_X4)
                                         controller_i.flush_ex_o (net)
                  0.06    0.04    2.35 ^ ex_stage_i/place38015/A (BUF_X8)
     2   36.28    0.01    0.03    2.39 ^ ex_stage_i/place38015/Z (BUF_X8)
                                         ex_stage_i/net38014 (net)
                  0.02    0.01    2.40 ^ ex_stage_i/_24918_/A (INV_X16)
     2    7.05    0.00    0.01    2.40 v ex_stage_i/_24918_/ZN (INV_X16)
                                         ex_stage_i/_06613_ (net)
                  0.00    0.00    2.40 v ex_stage_i/_27495_/B1 (AOI21_X4)
     2    8.65    0.02    0.03    2.43 ^ ex_stage_i/_27495_/ZN (AOI21_X4)
                                         ex_stage_i/_08770_ (net)
                  0.02    0.00    2.43 ^ ex_stage_i/_27496_/A1 (NOR2_X4)
     4   40.72    0.02    0.02    2.45 v ex_stage_i/_27496_/ZN (NOR2_X4)
                                         ex_stage_i/_08771_ (net)
                  0.03    0.02    2.47 v ex_stage_i/_31310_/S (MUX2_X2)
     8   23.71    0.03    0.10    2.57 ^ ex_stage_i/_31310_/Z (MUX2_X2)
                                         flu_trans_id_ex_id[2] (net)
                  0.03    0.00    2.57 ^ issue_stage_i.i_scoreboard/place37532/A (BUF_X4)
     5   14.83    0.01    0.03    2.60 ^ issue_stage_i.i_scoreboard/place37532/Z (BUF_X4)
                                         issue_stage_i.i_scoreboard/net37531 (net)
                  0.01    0.00    2.60 ^ issue_stage_i.i_scoreboard/_48182_/A2 (AND2_X2)
     5   10.34    0.02    0.04    2.64 ^ issue_stage_i.i_scoreboard/_48182_/ZN (AND2_X2)
                                         issue_stage_i.i_scoreboard/_15425_ (net)
                  0.02    0.00    2.64 ^ issue_stage_i.i_scoreboard/_48253_/B1 (AOI21_X1)
     1    3.30    0.01    0.02    2.66 v issue_stage_i.i_scoreboard/_48253_/ZN (AOI21_X1)
                                         issue_stage_i.i_scoreboard/_15496_ (net)
                  0.01    0.00    2.66 v issue_stage_i.i_scoreboard/_48255_/A (AOI221_X2)
     2    5.94    0.05    0.08    2.74 ^ issue_stage_i.i_scoreboard/_48255_/ZN (AOI221_X2)
                                         issue_stage_i.i_scoreboard/_15498_ (net)
                  0.05    0.00    2.74 ^ issue_stage_i.i_scoreboard/_48286_/A1 (OAI33_X1)
     1    2.84    0.02    0.03    2.78 v issue_stage_i.i_scoreboard/_48286_/ZN (OAI33_X1)
                                         issue_stage_i.i_scoreboard/_15529_ (net)
                  0.02    0.00    2.78 v issue_stage_i.i_scoreboard/_48290_/A1 (OR4_X4)
     2    6.97    0.02    0.08    2.86 v issue_stage_i.i_scoreboard/_48290_/ZN (OR4_X4)
                                         issue_stage_i.i_scoreboard/_15533_ (net)
                  0.02    0.00    2.86 v issue_stage_i.i_scoreboard/_48377_/A4 (OR4_X4)
     2    6.72    0.02    0.11    2.97 v issue_stage_i.i_scoreboard/_48377_/ZN (OR4_X4)
                                         issue_stage_i.i_scoreboard/_15619_ (net)
                  0.02    0.00    2.97 v issue_stage_i.i_scoreboard/_48378_/B3 (OAI33_X1)
     1    5.43    0.09    0.11    3.08 ^ issue_stage_i.i_scoreboard/_48378_/ZN (OAI33_X1)
                                         issue_stage_i.i_scoreboard/_15620_ (net)
                  0.09    0.00    3.08 ^ issue_stage_i.i_scoreboard/place37062/A (BUF_X2)
     1    8.45    0.01    0.04    3.12 ^ issue_stage_i.i_scoreboard/place37062/Z (BUF_X2)
                                         issue_stage_i.i_scoreboard/net37061 (net)
                  0.01    0.00    3.12 ^ issue_stage_i.i_scoreboard/_48379_/A1 (NAND4_X2)
     2    7.52    0.04    0.03    3.15 v issue_stage_i.i_scoreboard/_48379_/ZN (NAND4_X2)
                                         issue_stage_i.i_scoreboard/_15621_ (net)
                  0.04    0.00    3.15 v issue_stage_i.i_scoreboard/_48381_/B2 (AOI21_X4)
     2    8.23    0.03    0.05    3.20 ^ issue_stage_i.i_scoreboard/_48381_/ZN (AOI21_X4)
                                         issue_stage_i.i_scoreboard/_15623_ (net)
                  0.03    0.00    3.20 ^ issue_stage_i.i_scoreboard/_50913_/A2 (NOR2_X4)
     1    6.27    0.15    0.01    3.21 v issue_stage_i.i_scoreboard/_50913_/ZN (NOR2_X4)
                                         issue_stage_i.i_scoreboard/_18019_ (net)
                  0.15    0.00    3.21 v issue_stage_i.i_scoreboard/_50914_/B1 (AOI22_X4)
     2    9.81    0.04    0.09    3.30 ^ issue_stage_i.i_scoreboard/_50914_/ZN (AOI22_X4)
                                         issue_stage_i.rs1_valid_sb_iro (net)
                  0.04    0.00    3.30 ^ issue_stage_i.i_issue_read_operands/_15244_/A (INV_X4)
     2    7.77    0.01    0.01    3.32 v issue_stage_i.i_issue_read_operands/_15244_/ZN (INV_X4)
                                         issue_stage_i.i_issue_read_operands/_11708_ (net)
                  0.01    0.00    3.32 v issue_stage_i.i_issue_read_operands/_15295_/A1 (NOR2_X4)
     1    6.71    0.02    0.02    3.34 ^ issue_stage_i.i_issue_read_operands/_15295_/ZN (NOR2_X4)
                                         issue_stage_i.i_issue_read_operands/_11759_ (net)
                  0.02    0.00    3.34 ^ issue_stage_i.i_issue_read_operands/_15409_/B2 (AOI22_X4)
     1    3.91    0.01    0.02    3.36 v issue_stage_i.i_issue_read_operands/_15409_/ZN (AOI22_X4)
                                         issue_stage_i.i_issue_read_operands/_11873_ (net)
                  0.01    0.00    3.36 v issue_stage_i.i_issue_read_operands/_15681_/A (OAI221_X2)
     2    5.10    0.04    0.03    3.39 ^ issue_stage_i.i_issue_read_operands/_15681_/ZN (OAI221_X2)
                                         issue_stage_i.i_issue_read_operands/_12145_ (net)
                  0.04    0.00    3.39 ^ issue_stage_i.i_issue_read_operands/_15687_/B2 (OAI221_X2)
     2    7.16    0.03    0.04    3.43 v issue_stage_i.i_issue_read_operands/_15687_/ZN (OAI221_X2)
                                         issue_stage_i.i_issue_read_operands/_12151_ (net)
                  0.03    0.00    3.43 v issue_stage_i.i_issue_read_operands/_15689_/A1 (NOR2_X4)
     2   20.96    0.03    0.05    3.48 ^ issue_stage_i.i_issue_read_operands/_15689_/ZN (NOR2_X4)
                                         issue_stage_i.issue_ack_iro_sb (net)
                  0.03    0.01    3.49 ^ issue_stage_i.i_scoreboard/_33060_/A1 (AND2_X4)
     3   19.79    0.01    0.04    3.53 ^ issue_stage_i.i_scoreboard/_33060_/ZN (AND2_X4)
                                         issue_stage_i.i_scoreboard/_02408_ (net)
                  0.01    0.00    3.53 ^ issue_stage_i.i_scoreboard/place36748/A (BUF_X8)
     6   26.66    0.01    0.03    3.56 ^ issue_stage_i.i_scoreboard/place36748/Z (BUF_X8)
                                         issue_stage_i.i_scoreboard/net36747 (net)
                  0.01    0.00    3.56 ^ issue_stage_i.i_scoreboard/_33174_/A4 (AND4_X4)
    10   39.46    0.03    0.08    3.64 ^ issue_stage_i.i_scoreboard/_33174_/ZN (AND4_X4)
                                         issue_stage_i.i_scoreboard/_02522_ (net)
                  0.03    0.00    3.64 ^ issue_stage_i.i_scoreboard/place36684/A (BUF_X2)
     5    9.75    0.01    0.03    3.67 ^ issue_stage_i.i_scoreboard/place36684/Z (BUF_X2)
                                         issue_stage_i.i_scoreboard/net36683 (net)
                  0.01    0.00    3.67 ^ issue_stage_i.i_scoreboard/_34557_/B1 (AOI21_X1)
     3    5.31    0.02    0.02    3.70 v issue_stage_i.i_scoreboard/_34557_/ZN (AOI21_X1)
                                         issue_stage_i.i_scoreboard/_03788_ (net)
                  0.02    0.00    3.70 v issue_stage_i.i_scoreboard/_34797_/A2 (NOR3_X1)
     1    4.84    0.05    0.07    3.77 ^ issue_stage_i.i_scoreboard/_34797_/ZN (NOR3_X1)
                                         issue_stage_i.i_scoreboard/_04024_ (net)
                  0.05    0.00    3.77 ^ issue_stage_i.i_scoreboard/_34798_/B (AOI211_X2)
     1    2.71    0.03    0.02    3.79 v issue_stage_i.i_scoreboard/_34798_/ZN (AOI211_X2)
                                         issue_stage_i.i_scoreboard/_04025_ (net)
                  0.03    0.00    3.79 v issue_stage_i.i_scoreboard/_34817_/A2 (OAI33_X1)
     1    9.57    0.12    0.12    3.91 ^ issue_stage_i.i_scoreboard/_34817_/ZN (OAI33_X1)
                                         issue_stage_i.i_scoreboard/_04044_ (net)
                  0.12    0.00    3.91 ^ issue_stage_i.i_scoreboard/place36085/A (BUF_X4)
     3    4.91    0.01    0.03    3.94 ^ issue_stage_i.i_scoreboard/place36085/Z (BUF_X4)
                                         issue_stage_i.i_scoreboard/net36084 (net)
                  0.01    0.00    3.94 ^ issue_stage_i.i_scoreboard/_34857_/A2 (AND3_X2)
     2    7.96    0.01    0.05    3.99 ^ issue_stage_i.i_scoreboard/_34857_/ZN (AND3_X2)
                                         issue_stage_i.i_scoreboard/_04084_ (net)
                  0.01    0.00    3.99 ^ issue_stage_i.i_scoreboard/_34858_/A3 (NOR3_X4)
     2    8.86    0.02    0.01    4.00 v issue_stage_i.i_scoreboard/_34858_/ZN (NOR3_X4)
                                         issue_stage_i.i_scoreboard/_04085_ (net)
                  0.02    0.00    4.01 v issue_stage_i.i_scoreboard/place35672/A (BUF_X8)
     6   32.53    0.01    0.03    4.04 v issue_stage_i.i_scoreboard/place35672/Z (BUF_X8)
                                         issue_stage_i.i_scoreboard/net35671 (net)
                  0.01    0.00    4.04 v issue_stage_i.i_scoreboard/_34859_/B1 (OAI22_X4)
     3   40.41    0.07    0.07    4.11 ^ issue_stage_i.i_scoreboard/_34859_/ZN (OAI22_X4)
                                         issue_stage_i.i_scoreboard/_04086_ (net)
                  0.07    0.02    4.13 ^ issue_stage_i.i_scoreboard/place35612/A (BUF_X1)
     2    7.90    0.02    0.05    4.18 ^ issue_stage_i.i_scoreboard/place35612/Z (BUF_X1)
                                         issue_stage_i.i_scoreboard/net35611 (net)
                  0.02    0.00    4.18 ^ issue_stage_i.i_scoreboard/place35610/A (BUF_X4)
    12   32.24    0.02    0.04    4.22 ^ issue_stage_i.i_scoreboard/place35610/Z (BUF_X4)
                                         issue_stage_i.i_scoreboard/net35609 (net)
                  0.02    0.01    4.22 ^ issue_stage_i.i_scoreboard/_34936_/A (AOI21_X1)
     1    2.47    0.02    0.02    4.24 v issue_stage_i.i_scoreboard/_34936_/ZN (AOI21_X1)
                                         issue_stage_i.i_scoreboard/_04158_ (net)
                  0.02    0.00    4.24 v issue_stage_i.i_scoreboard/_34939_/B2 (AOI221_X1)
     1    2.25    0.05    0.08    4.33 ^ issue_stage_i.i_scoreboard/_34939_/ZN (AOI221_X1)
                                         issue_stage_i.i_scoreboard/mem_n[2733] (net)
                  0.05    0.00    4.33 ^ issue_stage_i.i_scoreboard/mem_q[2733]$_DFF_PN0_/D (DFFR_X1)
                                  4.33   data arrival time

                  0.00    2.22    2.22   clock core_clock (rise edge)
                          0.54    2.76   clock network delay (ideal)
                          0.00    2.76   clock reconvergence pessimism
                                  2.76 ^ issue_stage_i.i_scoreboard/mem_q[2733]$_DFF_PN0_/CK (DFFR_X1)
                         -0.04    2.71   library setup time
                                  2.71   data required time
-----------------------------------------------------------------------------
                                  2.71   data required time
                                 -4.33   data arrival time
-----------------------------------------------------------------------------
                                 -1.61   slack (VIOLATED)


Startpoint: i_cache_subsystem.i_nbdcache/i_miss_handler/state_q[2]$_DFFE_PN0P_
            (rising edge-triggered flip-flop clocked by core_clock)
Endpoint: axi_req_o[130] (output port clocked by vclk_core_clock)
Path Group: vclk_core_clock
Path Type: max

Fanout     Cap    Slew   Delay    Time   Description
-----------------------------------------------------------------------------
                  0.00    0.00    0.00   clock core_clock (rise edge)
                          0.54    0.54   clock network delay (ideal)
                  0.00    0.00    0.54 ^ i_cache_subsystem.i_nbdcache/i_miss_handler/state_q[2]$_DFFE_PN0P_/CK (DFFR_X1)
     2    4.32    0.01    0.09    0.62 v i_cache_subsystem.i_nbdcache/i_miss_handler/state_q[2]$_DFFE_PN0P_/Q (DFFR_X1)
                                         i_cache_subsystem.i_nbdcache/i_miss_handler/state_q[2] (net)
                  0.01    0.00    0.62 v i_cache_subsystem.i_nbdcache/i_miss_handler/_11607_/A2 (NAND2_X2)
     2    4.91    0.01    0.02    0.64 ^ i_cache_subsystem.i_nbdcache/i_miss_handler/_11607_/ZN (NAND2_X2)
                                         i_cache_subsystem.i_nbdcache/i_miss_handler/_07265_ (net)
                  0.01    0.00    0.64 ^ i_cache_subsystem.i_nbdcache/i_miss_handler/_11608_/A3 (OR3_X4)
     2    8.51    0.01    0.03    0.67 ^ i_cache_subsystem.i_nbdcache/i_miss_handler/_11608_/ZN (OR3_X4)
                                         i_cache_subsystem.i_nbdcache/i_miss_handler/_07266_ (net)
                  0.01    0.00    0.67 ^ i_cache_subsystem.i_nbdcache/i_miss_handler/place52322/A (BUF_X2)
    13   59.10    0.07    0.08    0.75 ^ i_cache_subsystem.i_nbdcache/i_miss_handler/place52322/Z (BUF_X2)
                                         i_cache_subsystem.i_nbdcache/i_miss_handler/net52321 (net)
                  0.07    0.01    0.76 ^ i_cache_subsystem.i_nbdcache/i_miss_handler/place52321/A (BUF_X4)
    31   91.15    0.05    0.08    0.84 ^ i_cache_subsystem.i_nbdcache/i_miss_handler/place52321/Z (BUF_X4)
                                         i_cache_subsystem.i_nbdcache/i_miss_handler/net52320 (net)
                  0.05    0.00    0.85 ^ i_cache_subsystem.i_nbdcache/i_miss_handler/place52320/A (BUF_X2)
    19   54.06    0.06    0.09    0.93 ^ i_cache_subsystem.i_nbdcache/i_miss_handler/place52320/Z (BUF_X2)
                                         i_cache_subsystem.i_nbdcache/i_miss_handler/net52319 (net)
                  0.06    0.01    0.94 ^ i_cache_subsystem.i_nbdcache/i_miss_handler/_11661_/A (AOI21_X1)
     2   10.33    0.03    0.04    0.98 v i_cache_subsystem.i_nbdcache/i_miss_handler/_11661_/ZN (AOI21_X1)
                                         i_cache_subsystem.i_nbdcache/i_miss_handler/_07315_ (net)
                  0.03    0.00    0.98 v i_cache_subsystem.i_nbdcache/i_miss_handler/_11684_/A1 (NOR3_X2)
     2    2.54    0.03    0.04    1.02 ^ i_cache_subsystem.i_nbdcache/i_miss_handler/_11684_/ZN (NOR3_X2)
                                         i_cache_subsystem.i_nbdcache/i_miss_handler/_07338_ (net)
                  0.03    0.00    1.02 ^ i_cache_subsystem.i_nbdcache/i_miss_handler/_11690_/A2 (AND3_X1)
     2    5.87    0.02    0.06    1.08 ^ i_cache_subsystem.i_nbdcache/i_miss_handler/_11690_/ZN (AND3_X1)
                                         i_cache_subsystem.i_nbdcache/i_miss_handler/_07342_ (net)
                  0.02    0.00    1.08 ^ i_cache_subsystem.i_nbdcache/i_miss_handler/_11705_/A1 (NAND3_X1)
     2    3.39    0.01    0.03    1.11 v i_cache_subsystem.i_nbdcache/i_miss_handler/_11705_/ZN (NAND3_X1)
                                         i_cache_subsystem.i_nbdcache/i_miss_handler/_07350_ (net)
                  0.01    0.00    1.11 v i_cache_subsystem.i_nbdcache/i_miss_handler/_11711_/A1 (OR3_X1)
     2    3.30    0.01    0.07    1.18 v i_cache_subsystem.i_nbdcache/i_miss_handler/_11711_/ZN (OR3_X1)
                                         i_cache_subsystem.i_nbdcache/i_miss_handler/_07354_ (net)
                  0.01    0.00    1.18 v i_cache_subsystem.i_nbdcache/i_miss_handler/_11716_/A1 (OR3_X1)
     2    4.23    0.02    0.07    1.25 v i_cache_subsystem.i_nbdcache/i_miss_handler/_11716_/ZN (OR3_X1)
                                         i_cache_subsystem.i_nbdcache/i_miss_handler/_07357_ (net)
                  0.02    0.00    1.25 v i_cache_subsystem.i_nbdcache/i_miss_handler/_11721_/A1 (OR3_X1)
     2    2.53    0.01    0.07    1.32 v i_cache_subsystem.i_nbdcache/i_miss_handler/_11721_/ZN (OR3_X1)
                                         i_cache_subsystem.i_nbdcache/i_miss_handler/_07360_ (net)
                  0.01    0.00    1.32 v i_cache_subsystem.i_nbdcache/i_miss_handler/_11722_/A2 (NOR2_X1)
     2    6.34    0.04    0.05    1.38 ^ i_cache_subsystem.i_nbdcache/i_miss_handler/_11722_/ZN (NOR2_X1)
                                         i_cache_subsystem.i_nbdcache/i_miss_handler/_07361_ (net)
                  0.04    0.00    1.38 ^ i_cache_subsystem.i_nbdcache/i_miss_handler/place45516/A (BUF_X1)
     3    7.32    0.02    0.04    1.42 ^ i_cache_subsystem.i_nbdcache/i_miss_handler/place45516/Z (BUF_X1)
                                         i_cache_subsystem.i_nbdcache/i_miss_handler/net45515 (net)
                  0.02    0.00    1.42 ^ i_cache_subsystem.i_nbdcache/i_miss_handler/_11730_/A1 (NAND2_X1)
     2    2.81    0.01    0.02    1.44 v i_cache_subsystem.i_nbdcache/i_miss_handler/_11730_/ZN (NAND2_X1)
                                         i_cache_subsystem.i_nbdcache/i_miss_handler/_07368_ (net)
                  0.01    0.00    1.44 v i_cache_subsystem.i_nbdcache/i_miss_handler/place45168/A (BUF_X1)
     1    1.64    0.01    0.03    1.47 v i_cache_subsystem.i_nbdcache/i_miss_handler/place45168/Z (BUF_X1)
                                         i_cache_subsystem.i_nbdcache/i_miss_handler/net45167 (net)
                  0.01    0.00    1.47 v i_cache_subsystem.i_nbdcache/i_miss_handler/_12274_/A2 (NAND2_X1)
     1    2.76    0.01    0.02    1.48 ^ i_cache_subsystem.i_nbdcache/i_miss_handler/_12274_/ZN (NAND2_X1)
                                         i_cache_subsystem.i_nbdcache/i_miss_handler/_07774_ (net)
                  0.01    0.00    1.48 ^ i_cache_subsystem.i_nbdcache/i_miss_handler/_12275_/B (XNOR2_X1)
     1    5.83    0.04    0.05    1.53 ^ i_cache_subsystem.i_nbdcache/i_miss_handler/_12275_/ZN (XNOR2_X1)
                                         i_cache_subsystem.i_nbdcache/i_miss_handler/_00168_ (net)
                  0.04    0.00    1.53 ^ i_cache_subsystem.i_nbdcache/i_miss_handler/_22839_/A (HA_X1)
     2    2.37    0.03    0.06    1.59 ^ i_cache_subsystem.i_nbdcache/i_miss_handler/_22839_/S (HA_X1)
                                         i_cache_subsystem.i_nbdcache/i_miss_handler/_00171_ (net)
                  0.03    0.00    1.59 ^ i_cache_subsystem.i_nbdcache/i_miss_handler/_14734_/A3 (AND3_X1)
     2    3.09    0.01    0.05    1.64 ^ i_cache_subsystem.i_nbdcache/i_miss_handler/_14734_/ZN (AND3_X1)
                                         i_cache_subsystem.i_nbdcache/i_miss_handler/_09410_ (net)
                  0.01    0.00    1.64 ^ i_cache_subsystem.i_nbdcache/i_miss_handler/_14735_/A2 (AND2_X1)
     3    4.51    0.01    0.04    1.68 ^ i_cache_subsystem.i_nbdcache/i_miss_handler/_14735_/ZN (AND2_X1)
                                         i_cache_subsystem.i_nbdcache/i_miss_handler/_09411_ (net)
                  0.01    0.00    1.68 ^ i_cache_subsystem.i_nbdcache/i_miss_handler/_14736_/B2 (AOI21_X1)
     2    3.62    0.01    0.02    1.70 v i_cache_subsystem.i_nbdcache/i_miss_handler/_14736_/ZN (AOI21_X1)
                                         i_cache_subsystem.i_nbdcache/i_miss_handler/_09412_ (net)
                  0.01    0.00    1.70 v i_cache_subsystem.i_nbdcache/i_miss_handler/_14737_/B2 (OAI21_X1)
     2    9.27    0.05    0.07    1.77 ^ i_cache_subsystem.i_nbdcache/i_miss_handler/_14737_/ZN (OAI21_X1)
                                         i_cache_subsystem.i_nbdcache/i_miss_handler/_09413_ (net)
                  0.05    0.00    1.77 ^ i_cache_subsystem.i_nbdcache/i_miss_handler/_14879_/A (AOI21_X4)
     3   10.15    0.02    0.02    1.80 v i_cache_subsystem.i_nbdcache/i_miss_handler/_14879_/ZN (AOI21_X4)
                                         i_cache_subsystem.i_nbdcache/i_miss_handler/_09555_ (net)
                  0.02    0.00    1.80 v i_cache_subsystem.i_nbdcache/i_miss_handler/place43576/A (BUF_X2)
     2    7.52    0.01    0.03    1.83 v i_cache_subsystem.i_nbdcache/i_miss_handler/place43576/Z (BUF_X2)
                                         i_cache_subsystem.i_nbdcache/i_miss_handler/net43575 (net)
                  0.01    0.00    1.83 v i_cache_subsystem.i_nbdcache/i_miss_handler/_14880_/B (XNOR2_X2)
     3    7.15    0.02    0.04    1.87 v i_cache_subsystem.i_nbdcache/i_miss_handler/_14880_/ZN (XNOR2_X2)
                                         i_cache_subsystem.i_nbdcache/i_miss_handler/_09556_ (net)
                  0.02    0.00    1.87 v i_cache_subsystem.i_nbdcache/i_miss_handler/_14881_/S (MUX2_X1)
     4   16.91    0.04    0.09    1.96 ^ i_cache_subsystem.i_nbdcache/i_miss_handler/_14881_/Z (MUX2_X1)
                                         i_cache_subsystem.i_nbdcache/i_miss_handler/_09557_ (net)
                  0.04    0.00    1.96 ^ i_cache_subsystem.i_nbdcache/i_miss_handler/_14882_/A2 (NAND2_X2)
     4   11.10    0.03    0.03    1.99 v i_cache_subsystem.i_nbdcache/i_miss_handler/_14882_/ZN (NAND2_X2)
                                         i_cache_subsystem.i_nbdcache/i_miss_handler/_09558_ (net)
                  0.03    0.00    1.99 v i_cache_subsystem.i_nbdcache/i_miss_handler/place42805/A (BUF_X4)
     5   17.41    0.01    0.04    2.03 v i_cache_subsystem.i_nbdcache/i_miss_handler/place42805/Z (BUF_X4)
                                         i_cache_subsystem.i_nbdcache/i_miss_handler/net42804 (net)
                  0.01    0.00    2.03 v i_cache_subsystem.i_nbdcache/i_miss_handler/_16222_/A2 (AOI22_X1)
     3   16.41    0.09    0.11    2.14 ^ i_cache_subsystem.i_nbdcache/i_miss_handler/_16222_/ZN (AOI22_X1)
                                         i_cache_subsystem.i_nbdcache/i_miss_handler/_10877_ (net)
                  0.09    0.00    2.15 ^ i_cache_subsystem.i_nbdcache/i_miss_handler/_16430_/B (MUX2_X1)
     2    3.65    0.01    0.06    2.21 ^ i_cache_subsystem.i_nbdcache/i_miss_handler/_16430_/Z (MUX2_X1)
                                         i_cache_subsystem.i_nbdcache/i_miss_handler/_01690_ (net)
                  0.01    0.00    2.21 ^ i_cache_subsystem.i_nbdcache/i_miss_handler/_16577_/A2 (NOR2_X1)
     1    1.86    0.02    0.01    2.22 v i_cache_subsystem.i_nbdcache/i_miss_handler/_16577_/ZN (NOR2_X1)
                                         i_cache_subsystem.i_nbdcache/i_miss_handler/_01821_ (net)
                  0.02    0.00    2.22 v i_cache_subsystem.i_nbdcache/i_miss_handler/_16578_/A (AOI21_X1)
     1    2.42    0.03    0.05    2.26 ^ i_cache_subsystem.i_nbdcache/i_miss_handler/_16578_/ZN (AOI21_X1)
                                         i_cache_subsystem.i_nbdcache/i_miss_handler/_01822_ (net)
                  0.03    0.00    2.26 ^ i_cache_subsystem.i_nbdcache/i_miss_handler/_16579_/C2 (OAI221_X1)
     1    6.63    0.04    0.05    2.31 v i_cache_subsystem.i_nbdcache/i_miss_handler/_16579_/ZN (OAI221_X1)
                                         i_cache_subsystem.axi_req_data[130] (net)
                  0.04    0.00    2.31 v place40848/A (BUF_X4)
     1   12.57    0.01    0.04    2.35 v place40848/Z (BUF_X4)
                                         net40847 (net)
                  0.01    0.00    2.35 v _08288_/B2 (AOI22_X1)
     1    4.88    0.04    0.06    2.41 ^ _08288_/ZN (AOI22_X1)
                                         _02736_ (net)
                  0.04    0.00    2.41 ^ place40794/A (BUF_X4)
     1   23.16    0.01    0.04    2.45 ^ place40794/Z (BUF_X4)
                                         net40793 (net)
                  0.02    0.01    2.46 ^ _08289_/A (INV_X1)
     1    1.19    0.01    0.01    2.47 v _08289_/ZN (INV_X1)
                                         net3287 (net)
                  0.01    0.00    2.47 v output3288/A (BUF_X1)
     1    2.05    0.01    0.03    2.49 v output3288/Z (BUF_X1)
                                         axi_req_o[130] (net)
                  0.01    0.00    2.49 v axi_req_o[130] (out)
                                  2.49   data arrival time

                  0.00    2.22    2.22   clock vclk_core_clock (rise edge)
                          0.54    2.76   clock network delay (ideal)
                          0.00    2.76   clock reconvergence pessimism
                         -0.44    2.31   output external delay
                                  2.31   data required time
-----------------------------------------------------------------------------
                                  2.31   data required time
                                 -2.49   data arrival time
-----------------------------------------------------------------------------
                                 -0.18   slack (VIOLATED)



==========================================================================
global place report_checks -unconstrained
--------------------------------------------------------------------------
Startpoint: rst_ni (input port clocked by vclk_core_clock)
Endpoint: i_frontend/i_btb.btb_q[981]$_DFFE_PN0P_
          (recovery check against rising-edge clock core_clock)
Path Group: asynchronous
Path Type: max

Fanout     Cap    Slew   Delay    Time   Description
-----------------------------------------------------------------------------
                  0.00    0.00    0.00   clock vclk_core_clock (rise edge)
                          0.54    0.54   clock network delay (ideal)
                          0.44    0.98 ^ input external delay
     1    2.70    0.00    0.00    0.98 ^ rst_ni (in)
                                         rst_ni (net)
                  0.00    0.00    0.98 ^ input3253/A (CLKBUF_X3)
     8   78.81    0.05    0.07    1.05 ^ input3253/Z (CLKBUF_X3)
                                         net3252 (net)
                  0.06    0.02    1.07 ^ place60065/A (BUF_X4)
     3   45.52    0.02    0.04    1.11 ^ place60065/Z (BUF_X4)
                                         net60064 (net)
                  0.04    0.03    1.14 ^ place60064/A (BUF_X8)
     1   23.72    0.01    0.03    1.17 ^ place60064/Z (BUF_X8)
                                         net60063 (net)
                  0.01    0.01    1.18 ^ place60063/A (BUF_X4)
     3   36.06    0.02    0.03    1.21 ^ place60063/Z (BUF_X4)
                                         net60062 (net)
                  0.03    0.02    1.23 ^ place60062/A (BUF_X2)
     6   62.43    0.06    0.07    1.30 ^ place60062/Z (BUF_X2)
                                         net60061 (net)
                  0.08    0.04    1.34 ^ i_frontend/place60012/A (BUF_X2)
    23   77.87    0.09    0.11    1.45 ^ i_frontend/place60012/Z (BUF_X2)
                                         i_frontend/net60011 (net)
                  0.09    0.02    1.47 ^ i_frontend/place60007/A (BUF_X2)
    23   60.93    0.07    0.10    1.57 ^ i_frontend/place60007/Z (BUF_X2)
                                         i_frontend/net60006 (net)
                  0.07    0.01    1.57 ^ i_frontend/place59993/A (BUF_X1)
    18   44.83    0.10    0.13    1.71 ^ i_frontend/place59993/Z (BUF_X1)
                                         i_frontend/net59992 (net)
                  0.10    0.00    1.71 ^ i_frontend/place59992/A (BUF_X1)
    19   44.29    0.10    0.13    1.84 ^ i_frontend/place59992/Z (BUF_X1)
                                         i_frontend/net59991 (net)
                  0.10    0.00    1.85 ^ i_frontend/i_btb.btb_q[981]$_DFFE_PN0P_/RN (DFFR_X1)
                                  1.85   data arrival time

                  0.00    2.22    2.22   clock core_clock (rise edge)
                          0.54    2.76   clock network delay (ideal)
                          0.00    2.76   clock reconvergence pessimism
                                  2.76 ^ i_frontend/i_btb.btb_q[981]$_DFFE_PN0P_/CK (DFFR_X1)
                          0.04    2.79   library recovery time
                                  2.79   data required time
-----------------------------------------------------------------------------
                                  2.79   data required time
                                 -1.85   data arrival time
-----------------------------------------------------------------------------
                                  0.95   slack (MET)


Startpoint: issue_stage_i.i_scoreboard/commit_pointer_q[1]$_DFF_PN0_
            (rising edge-triggered flip-flop clocked by core_clock)
Endpoint: issue_stage_i.i_scoreboard/mem_q[2733]$_DFF_PN0_
          (rising edge-triggered flip-flop clocked by core_clock)
Path Group: core_clock
Path Type: max

Fanout     Cap    Slew   Delay    Time   Description
-----------------------------------------------------------------------------
                  0.00    0.00    0.00   clock core_clock (rise edge)
                          0.54    0.54   clock network delay (ideal)
                  0.00    0.00    0.54 ^ issue_stage_i.i_scoreboard/commit_pointer_q[1]$_DFF_PN0_/CK (DFFR_X1)
     3    7.76    0.01    0.09    0.63 v issue_stage_i.i_scoreboard/commit_pointer_q[1]$_DFF_PN0_/Q (DFFR_X1)
                                         issue_stage_i.i_scoreboard/commit_pointer_q[1] (net)
                  0.01    0.00    0.63 v issue_stage_i.i_scoreboard/_59744_/A (HA_X1)
     3   11.12    0.01    0.04    0.67 v issue_stage_i.i_scoreboard/_59744_/CO (HA_X1)
                                         issue_stage_i.i_scoreboard/_00110_ (net)
                  0.01    0.00    0.67 v issue_stage_i.i_scoreboard/_33259_/A2 (AND2_X4)
     4   12.79    0.01    0.03    0.71 v issue_stage_i.i_scoreboard/_33259_/ZN (AND2_X4)
                                         issue_stage_i.i_scoreboard/_02605_ (net)
                  0.01    0.00    0.71 v issue_stage_i.i_scoreboard/place51175/A (BUF_X1)
     2    3.85    0.01    0.03    0.74 v issue_stage_i.i_scoreboard/place51175/Z (BUF_X1)
                                         issue_stage_i.i_scoreboard/net51174 (net)
                  0.01    0.00    0.74 v issue_stage_i.i_scoreboard/place51174/A (BUF_X1)
     5   10.22    0.01    0.04    0.78 v issue_stage_i.i_scoreboard/place51174/Z (BUF_X1)
                                         issue_stage_i.i_scoreboard/net51173 (net)
                  0.01    0.00    0.78 v issue_stage_i.i_scoreboard/_51697_/C2 (AOI221_X1)
     1    2.14    0.04    0.06    0.84 ^ issue_stage_i.i_scoreboard/_51697_/ZN (AOI221_X1)
                                         issue_stage_i.i_scoreboard/_18734_ (net)
                  0.04    0.00    0.84 ^ issue_stage_i.i_scoreboard/_51698_/A3 (NOR3_X1)
     1    3.55    0.02    0.02    0.86 v issue_stage_i.i_scoreboard/_51698_/ZN (NOR3_X1)
                                         issue_stage_i.i_scoreboard/_18735_ (net)
                  0.02    0.00    0.86 v issue_stage_i.i_scoreboard/_51699_/A (AOI21_X1)
     1    6.45    0.04    0.07    0.92 ^ issue_stage_i.i_scoreboard/_51699_/ZN (AOI21_X1)
                                         issue_stage_i.i_scoreboard/_18736_ (net)
                  0.04    0.00    0.93 ^ issue_stage_i.i_scoreboard/_51700_/B1 (OAI21_X1)
     1    1.65    0.01    0.02    0.95 v issue_stage_i.i_scoreboard/_51700_/ZN (OAI21_X1)
                                         issue_stage_i.i_scoreboard/_18737_ (net)
                  0.01    0.00    0.95 v issue_stage_i.i_scoreboard/_51701_/B (MUX2_X1)
     1    2.03    0.01    0.06    1.01 v issue_stage_i.i_scoreboard/_51701_/Z (MUX2_X1)
                                         issue_stage_i.i_scoreboard/_18738_ (net)
                  0.01    0.00    1.01 v issue_stage_i.i_scoreboard/_51702_/B (MUX2_X1)
     1    1.03    0.01    0.06    1.06 v issue_stage_i.i_scoreboard/_51702_/Z (MUX2_X1)
                                         issue_stage_i.i_scoreboard/_18739_ (net)
                  0.01    0.00    1.06 v issue_stage_i.i_scoreboard/_51703_/B (MUX2_X1)
     2    5.76    0.01    0.07    1.13 v issue_stage_i.i_scoreboard/_51703_/Z (MUX2_X1)
                                         commit_instr_id_commit[294] (net)
                  0.01    0.00    1.13 v _05366_/A1 (NOR2_X1)
     1   11.20    0.06    0.07    1.20 ^ _05366_/ZN (NOR2_X1)
                                         _00591_ (net)
                  0.06    0.00    1.21 ^ place45464/A (BUF_X2)
     2    6.91    0.01    0.03    1.24 ^ place45464/Z (BUF_X2)
                                         net45463 (net)
                  0.01    0.00    1.24 ^ _05829_/A2 (NAND2_X1)
     2    4.01    0.02    0.02    1.26 v _05829_/ZN (NAND2_X1)
                                         _00922_ (net)
                  0.02    0.00    1.26 v _05830_/A2 (NOR2_X1)
     1    4.78    0.03    0.05    1.31 ^ _05830_/ZN (NOR2_X1)
                                         _00923_ (net)
                  0.03    0.00    1.31 ^ place44938/A (BUF_X4)
     1   16.85    0.01    0.03    1.34 ^ place44938/Z (BUF_X4)
                                         net44937 (net)
                  0.01    0.00    1.34 ^ _05831_/A1 (NAND2_X4)
     7   25.11    0.01    0.02    1.37 v _05831_/ZN (NAND2_X4)
                                         _00924_ (net)
                  0.01    0.00    1.37 v _06076_/A2 (NOR2_X2)
     3    7.27    0.02    0.04    1.41 ^ _06076_/ZN (NOR2_X2)
                                         commit_stage_i.csr_op_o[2] (net)
                  0.02    0.00    1.41 ^ csr_regfile_i/_07761_/A3 (OR3_X4)
     2    8.27    0.01    0.03    1.44 ^ csr_regfile_i/_07761_/ZN (OR3_X4)
                                         csr_regfile_i/_02549_ (net)
                  0.01    0.00    1.44 ^ csr_regfile_i/_07762_/A1 (NOR3_X4)
     2    8.88    0.01    0.01    1.45 v csr_regfile_i/_07762_/ZN (NOR3_X4)
                                         csr_regfile_i/_02550_ (net)
                  0.01    0.00    1.45 v csr_regfile_i/_07768_/A (AOI21_X4)
     5   21.18    0.04    0.06    1.51 ^ csr_regfile_i/_07768_/ZN (AOI21_X4)
                                         csr_regfile_i/_02556_ (net)
                  0.04    0.00    1.51 ^ csr_regfile_i/_07769_/A1 (NOR2_X4)
     2   16.80    0.01    0.02    1.53 v csr_regfile_i/_07769_/ZN (NOR2_X4)
                                         csr_regfile_i/_02557_ (net)
                  0.01    0.00    1.53 v csr_regfile_i/_07883_/A1 (NAND4_X4)
     2    4.62    0.02    0.02    1.55 ^ csr_regfile_i/_07883_/ZN (NAND4_X4)
                                         csr_regfile_i/_02671_ (net)
                  0.02    0.00    1.55 ^ csr_regfile_i/_07956_/A1 (AND4_X4)
     2   20.38    0.02    0.06    1.61 ^ csr_regfile_i/_07956_/ZN (AND4_X4)
                                         csr_regfile_i/_02744_ (net)
                  0.02    0.01    1.61 ^ csr_regfile_i/_07991_/A2 (NOR2_X4)
     4   12.28    0.01    0.01    1.63 v csr_regfile_i/_07991_/ZN (NOR2_X4)
                                         csr_regfile_i/_02778_ (net)
                  0.01    0.00    1.63 v csr_regfile_i/_07997_/A1 (NOR3_X4)
     1   13.17    0.04    0.05    1.68 ^ csr_regfile_i/_07997_/ZN (NOR3_X4)
                                         commit_stage_i.csr_exception_i[65] (net)
                  0.04    0.00    1.68 ^ place42221/A (BUF_X4)
     3   11.34    0.01    0.03    1.71 ^ place42221/Z (BUF_X4)
                                         net42220 (net)
                  0.01    0.00    1.71 ^ _05395_/A (INV_X1)
     1    6.13    0.01    0.01    1.72 v _05395_/ZN (INV_X1)
                                         _00616_ (net)
                  0.01    0.00    1.72 v _05396_/B2 (AOI21_X4)
    16   39.57    0.06    0.07    1.79 ^ _05396_/ZN (AOI21_X4)
                                         _00617_ (net)
                  0.06    0.01    1.80 ^ place41753/A (BUF_X1)
     3    6.07    0.02    0.04    1.84 ^ place41753/Z (BUF_X1)
                                         net41752 (net)
                  0.02    0.00    1.84 ^ _05431_/A (AOI21_X1)
     1    3.07    0.01    0.02    1.86 v _05431_/ZN (AOI21_X1)
                                         _00647_ (net)
                  0.01    0.00    1.86 v _05432_/A (AOI21_X1)
     1    3.43    0.03    0.05    1.91 ^ _05432_/ZN (AOI21_X1)
                                         _00648_ (net)
                  0.03    0.00    1.91 ^ _05433_/A2 (NOR2_X1)
     2    3.59    0.02    0.02    1.93 v _05433_/ZN (NOR2_X1)
                                         commit_stage_i.exception_o[122] (net)
                  0.02    0.00    1.93 v csr_regfile_i/_08853_/A1 (NOR4_X1)
     1    2.51    0.05    0.06    1.98 ^ csr_regfile_i/_08853_/ZN (NOR4_X1)
                                         csr_regfile_i/_03616_ (net)
                  0.05    0.00    1.98 ^ csr_regfile_i/place39139/A (BUF_X1)
     1    4.56    0.01    0.04    2.02 ^ csr_regfile_i/place39139/Z (BUF_X1)
                                         csr_regfile_i/net39138 (net)
                  0.01    0.00    2.02 ^ csr_regfile_i/_08856_/A1 (NAND4_X1)
     1    1.98    0.02    0.03    2.05 v csr_regfile_i/_08856_/ZN (NAND4_X1)
                                         csr_regfile_i/_03619_ (net)
                  0.02    0.00    2.05 v csr_regfile_i/place39112/A (BUF_X2)
     2    7.93    0.01    0.04    2.08 v csr_regfile_i/place39112/Z (BUF_X2)
                                         csr_regfile_i/net39111 (net)
                  0.01    0.00    2.08 v csr_regfile_i/_09159_/A3 (NOR3_X1)
     1    1.97    0.03    0.05    2.13 ^ csr_regfile_i/_09159_/ZN (NOR3_X1)
                                         csr_regfile_i/_03901_ (net)
                  0.03    0.00    2.13 ^ csr_regfile_i/_09160_/A3 (NAND3_X1)
     1   11.37    0.03    0.05    2.19 v csr_regfile_i/_09160_/ZN (NAND3_X1)
                                         csr_regfile_i/_03902_ (net)
                  0.03    0.00    2.19 v csr_regfile_i/place38977/A (BUF_X4)
     3   12.76    0.01    0.04    2.23 v csr_regfile_i/place38977/Z (BUF_X4)
                                         csr_regfile_i/net38976 (net)
                  0.01    0.00    2.23 v csr_regfile_i/_13887_/B1 (OAI21_X4)
     2   11.29    0.02    0.03    2.26 ^ csr_regfile_i/_13887_/ZN (OAI21_X4)
                                         controller_i.set_debug_pc_i (net)
                  0.02    0.00    2.26 ^ _05388_/A1 (NOR3_X4)
     1    6.10    0.02    0.01    2.27 v _05388_/ZN (NOR3_X4)
                                         _00612_ (net)
                  0.02    0.00    2.27 v _05389_/A1 (NAND2_X4)
     5   71.83    0.04    0.04    2.31 ^ _05389_/ZN (NAND2_X4)
                                         controller_i.flush_ex_o (net)
                  0.06    0.04    2.35 ^ ex_stage_i/place38015/A (BUF_X8)
     2   36.28    0.01    0.03    2.39 ^ ex_stage_i/place38015/Z (BUF_X8)
                                         ex_stage_i/net38014 (net)
                  0.02    0.01    2.40 ^ ex_stage_i/_24918_/A (INV_X16)
     2    7.05    0.00    0.01    2.40 v ex_stage_i/_24918_/ZN (INV_X16)
                                         ex_stage_i/_06613_ (net)
                  0.00    0.00    2.40 v ex_stage_i/_27495_/B1 (AOI21_X4)
     2    8.65    0.02    0.03    2.43 ^ ex_stage_i/_27495_/ZN (AOI21_X4)
                                         ex_stage_i/_08770_ (net)
                  0.02    0.00    2.43 ^ ex_stage_i/_27496_/A1 (NOR2_X4)
     4   40.72    0.02    0.02    2.45 v ex_stage_i/_27496_/ZN (NOR2_X4)
                                         ex_stage_i/_08771_ (net)
                  0.03    0.02    2.47 v ex_stage_i/_31310_/S (MUX2_X2)
     8   23.71    0.03    0.10    2.57 ^ ex_stage_i/_31310_/Z (MUX2_X2)
                                         flu_trans_id_ex_id[2] (net)
                  0.03    0.00    2.57 ^ issue_stage_i.i_scoreboard/place37532/A (BUF_X4)
     5   14.83    0.01    0.03    2.60 ^ issue_stage_i.i_scoreboard/place37532/Z (BUF_X4)
                                         issue_stage_i.i_scoreboard/net37531 (net)
                  0.01    0.00    2.60 ^ issue_stage_i.i_scoreboard/_48182_/A2 (AND2_X2)
     5   10.34    0.02    0.04    2.64 ^ issue_stage_i.i_scoreboard/_48182_/ZN (AND2_X2)
                                         issue_stage_i.i_scoreboard/_15425_ (net)
                  0.02    0.00    2.64 ^ issue_stage_i.i_scoreboard/_48253_/B1 (AOI21_X1)
     1    3.30    0.01    0.02    2.66 v issue_stage_i.i_scoreboard/_48253_/ZN (AOI21_X1)
                                         issue_stage_i.i_scoreboard/_15496_ (net)
                  0.01    0.00    2.66 v issue_stage_i.i_scoreboard/_48255_/A (AOI221_X2)
     2    5.94    0.05    0.08    2.74 ^ issue_stage_i.i_scoreboard/_48255_/ZN (AOI221_X2)
                                         issue_stage_i.i_scoreboard/_15498_ (net)
                  0.05    0.00    2.74 ^ issue_stage_i.i_scoreboard/_48286_/A1 (OAI33_X1)
     1    2.84    0.02    0.03    2.78 v issue_stage_i.i_scoreboard/_48286_/ZN (OAI33_X1)
                                         issue_stage_i.i_scoreboard/_15529_ (net)
                  0.02    0.00    2.78 v issue_stage_i.i_scoreboard/_48290_/A1 (OR4_X4)
     2    6.97    0.02    0.08    2.86 v issue_stage_i.i_scoreboard/_48290_/ZN (OR4_X4)
                                         issue_stage_i.i_scoreboard/_15533_ (net)
                  0.02    0.00    2.86 v issue_stage_i.i_scoreboard/_48377_/A4 (OR4_X4)
     2    6.72    0.02    0.11    2.97 v issue_stage_i.i_scoreboard/_48377_/ZN (OR4_X4)
                                         issue_stage_i.i_scoreboard/_15619_ (net)
                  0.02    0.00    2.97 v issue_stage_i.i_scoreboard/_48378_/B3 (OAI33_X1)
     1    5.43    0.09    0.11    3.08 ^ issue_stage_i.i_scoreboard/_48378_/ZN (OAI33_X1)
                                         issue_stage_i.i_scoreboard/_15620_ (net)
                  0.09    0.00    3.08 ^ issue_stage_i.i_scoreboard/place37062/A (BUF_X2)
     1    8.45    0.01    0.04    3.12 ^ issue_stage_i.i_scoreboard/place37062/Z (BUF_X2)
                                         issue_stage_i.i_scoreboard/net37061 (net)
                  0.01    0.00    3.12 ^ issue_stage_i.i_scoreboard/_48379_/A1 (NAND4_X2)
     2    7.52    0.04    0.03    3.15 v issue_stage_i.i_scoreboard/_48379_/ZN (NAND4_X2)
                                         issue_stage_i.i_scoreboard/_15621_ (net)
                  0.04    0.00    3.15 v issue_stage_i.i_scoreboard/_48381_/B2 (AOI21_X4)
     2    8.23    0.03    0.05    3.20 ^ issue_stage_i.i_scoreboard/_48381_/ZN (AOI21_X4)
                                         issue_stage_i.i_scoreboard/_15623_ (net)
                  0.03    0.00    3.20 ^ issue_stage_i.i_scoreboard/_50913_/A2 (NOR2_X4)
     1    6.27    0.15    0.01    3.21 v issue_stage_i.i_scoreboard/_50913_/ZN (NOR2_X4)
                                         issue_stage_i.i_scoreboard/_18019_ (net)
                  0.15    0.00    3.21 v issue_stage_i.i_scoreboard/_50914_/B1 (AOI22_X4)
     2    9.81    0.04    0.09    3.30 ^ issue_stage_i.i_scoreboard/_50914_/ZN (AOI22_X4)
                                         issue_stage_i.rs1_valid_sb_iro (net)
                  0.04    0.00    3.30 ^ issue_stage_i.i_issue_read_operands/_15244_/A (INV_X4)
     2    7.77    0.01    0.01    3.32 v issue_stage_i.i_issue_read_operands/_15244_/ZN (INV_X4)
                                         issue_stage_i.i_issue_read_operands/_11708_ (net)
                  0.01    0.00    3.32 v issue_stage_i.i_issue_read_operands/_15295_/A1 (NOR2_X4)
     1    6.71    0.02    0.02    3.34 ^ issue_stage_i.i_issue_read_operands/_15295_/ZN (NOR2_X4)
                                         issue_stage_i.i_issue_read_operands/_11759_ (net)
                  0.02    0.00    3.34 ^ issue_stage_i.i_issue_read_operands/_15409_/B2 (AOI22_X4)
     1    3.91    0.01    0.02    3.36 v issue_stage_i.i_issue_read_operands/_15409_/ZN (AOI22_X4)
                                         issue_stage_i.i_issue_read_operands/_11873_ (net)
                  0.01    0.00    3.36 v issue_stage_i.i_issue_read_operands/_15681_/A (OAI221_X2)
     2    5.10    0.04    0.03    3.39 ^ issue_stage_i.i_issue_read_operands/_15681_/ZN (OAI221_X2)
                                         issue_stage_i.i_issue_read_operands/_12145_ (net)
                  0.04    0.00    3.39 ^ issue_stage_i.i_issue_read_operands/_15687_/B2 (OAI221_X2)
     2    7.16    0.03    0.04    3.43 v issue_stage_i.i_issue_read_operands/_15687_/ZN (OAI221_X2)
                                         issue_stage_i.i_issue_read_operands/_12151_ (net)
                  0.03    0.00    3.43 v issue_stage_i.i_issue_read_operands/_15689_/A1 (NOR2_X4)
     2   20.96    0.03    0.05    3.48 ^ issue_stage_i.i_issue_read_operands/_15689_/ZN (NOR2_X4)
                                         issue_stage_i.issue_ack_iro_sb (net)
                  0.03    0.01    3.49 ^ issue_stage_i.i_scoreboard/_33060_/A1 (AND2_X4)
     3   19.79    0.01    0.04    3.53 ^ issue_stage_i.i_scoreboard/_33060_/ZN (AND2_X4)
                                         issue_stage_i.i_scoreboard/_02408_ (net)
                  0.01    0.00    3.53 ^ issue_stage_i.i_scoreboard/place36748/A (BUF_X8)
     6   26.66    0.01    0.03    3.56 ^ issue_stage_i.i_scoreboard/place36748/Z (BUF_X8)
                                         issue_stage_i.i_scoreboard/net36747 (net)
                  0.01    0.00    3.56 ^ issue_stage_i.i_scoreboard/_33174_/A4 (AND4_X4)
    10   39.46    0.03    0.08    3.64 ^ issue_stage_i.i_scoreboard/_33174_/ZN (AND4_X4)
                                         issue_stage_i.i_scoreboard/_02522_ (net)
                  0.03    0.00    3.64 ^ issue_stage_i.i_scoreboard/place36684/A (BUF_X2)
     5    9.75    0.01    0.03    3.67 ^ issue_stage_i.i_scoreboard/place36684/Z (BUF_X2)
                                         issue_stage_i.i_scoreboard/net36683 (net)
                  0.01    0.00    3.67 ^ issue_stage_i.i_scoreboard/_34557_/B1 (AOI21_X1)
     3    5.31    0.02    0.02    3.70 v issue_stage_i.i_scoreboard/_34557_/ZN (AOI21_X1)
                                         issue_stage_i.i_scoreboard/_03788_ (net)
                  0.02    0.00    3.70 v issue_stage_i.i_scoreboard/_34797_/A2 (NOR3_X1)
     1    4.84    0.05    0.07    3.77 ^ issue_stage_i.i_scoreboard/_34797_/ZN (NOR3_X1)
                                         issue_stage_i.i_scoreboard/_04024_ (net)
                  0.05    0.00    3.77 ^ issue_stage_i.i_scoreboard/_34798_/B (AOI211_X2)
     1    2.71    0.03    0.02    3.79 v issue_stage_i.i_scoreboard/_34798_/ZN (AOI211_X2)
                                         issue_stage_i.i_scoreboard/_04025_ (net)
                  0.03    0.00    3.79 v issue_stage_i.i_scoreboard/_34817_/A2 (OAI33_X1)
     1    9.57    0.12    0.12    3.91 ^ issue_stage_i.i_scoreboard/_34817_/ZN (OAI33_X1)
                                         issue_stage_i.i_scoreboard/_04044_ (net)
                  0.12    0.00    3.91 ^ issue_stage_i.i_scoreboard/place36085/A (BUF_X4)
     3    4.91    0.01    0.03    3.94 ^ issue_stage_i.i_scoreboard/place36085/Z (BUF_X4)
                                         issue_stage_i.i_scoreboard/net36084 (net)
                  0.01    0.00    3.94 ^ issue_stage_i.i_scoreboard/_34857_/A2 (AND3_X2)
     2    7.96    0.01    0.05    3.99 ^ issue_stage_i.i_scoreboard/_34857_/ZN (AND3_X2)
                                         issue_stage_i.i_scoreboard/_04084_ (net)
                  0.01    0.00    3.99 ^ issue_stage_i.i_scoreboard/_34858_/A3 (NOR3_X4)
     2    8.86    0.02    0.01    4.00 v issue_stage_i.i_scoreboard/_34858_/ZN (NOR3_X4)
                                         issue_stage_i.i_scoreboard/_04085_ (net)
                  0.02    0.00    4.01 v issue_stage_i.i_scoreboard/place35672/A (BUF_X8)
     6   32.53    0.01    0.03    4.04 v issue_stage_i.i_scoreboard/place35672/Z (BUF_X8)
                                         issue_stage_i.i_scoreboard/net35671 (net)
                  0.01    0.00    4.04 v issue_stage_i.i_scoreboard/_34859_/B1 (OAI22_X4)
     3   40.41    0.07    0.07    4.11 ^ issue_stage_i.i_scoreboard/_34859_/ZN (OAI22_X4)
                                         issue_stage_i.i_scoreboard/_04086_ (net)
                  0.07    0.02    4.13 ^ issue_stage_i.i_scoreboard/place35612/A (BUF_X1)
     2    7.90    0.02    0.05    4.18 ^ issue_stage_i.i_scoreboard/place35612/Z (BUF_X1)
                                         issue_stage_i.i_scoreboard/net35611 (net)
                  0.02    0.00    4.18 ^ issue_stage_i.i_scoreboard/place35610/A (BUF_X4)
    12   32.24    0.02    0.04    4.22 ^ issue_stage_i.i_scoreboard/place35610/Z (BUF_X4)
                                         issue_stage_i.i_scoreboard/net35609 (net)
                  0.02    0.01    4.22 ^ issue_stage_i.i_scoreboard/_34936_/A (AOI21_X1)
     1    2.47    0.02    0.02    4.24 v issue_stage_i.i_scoreboard/_34936_/ZN (AOI21_X1)
                                         issue_stage_i.i_scoreboard/_04158_ (net)
                  0.02    0.00    4.24 v issue_stage_i.i_scoreboard/_34939_/B2 (AOI221_X1)
     1    2.25    0.05    0.08    4.33 ^ issue_stage_i.i_scoreboard/_34939_/ZN (AOI221_X1)
                                         issue_stage_i.i_scoreboard/mem_n[2733] (net)
                  0.05    0.00    4.33 ^ issue_stage_i.i_scoreboard/mem_q[2733]$_DFF_PN0_/D (DFFR_X1)
                                  4.33   data arrival time

                  0.00    2.22    2.22   clock core_clock (rise edge)
                          0.54    2.76   clock network delay (ideal)
                          0.00    2.76   clock reconvergence pessimism
                                  2.76 ^ issue_stage_i.i_scoreboard/mem_q[2733]$_DFF_PN0_/CK (DFFR_X1)
                         -0.04    2.71   library setup time
                                  2.71   data required time
-----------------------------------------------------------------------------
                                  2.71   data required time
                                 -4.33   data arrival time
-----------------------------------------------------------------------------
                                 -1.61   slack (VIOLATED)


Startpoint: i_cache_subsystem.i_nbdcache/i_miss_handler/state_q[2]$_DFFE_PN0P_
            (rising edge-triggered flip-flop clocked by core_clock)
Endpoint: axi_req_o[130] (output port clocked by vclk_core_clock)
Path Group: vclk_core_clock
Path Type: max

Fanout     Cap    Slew   Delay    Time   Description
-----------------------------------------------------------------------------
                  0.00    0.00    0.00   clock core_clock (rise edge)
                          0.54    0.54   clock network delay (ideal)
                  0.00    0.00    0.54 ^ i_cache_subsystem.i_nbdcache/i_miss_handler/state_q[2]$_DFFE_PN0P_/CK (DFFR_X1)
     2    4.32    0.01    0.09    0.62 v i_cache_subsystem.i_nbdcache/i_miss_handler/state_q[2]$_DFFE_PN0P_/Q (DFFR_X1)
                                         i_cache_subsystem.i_nbdcache/i_miss_handler/state_q[2] (net)
                  0.01    0.00    0.62 v i_cache_subsystem.i_nbdcache/i_miss_handler/_11607_/A2 (NAND2_X2)
     2    4.91    0.01    0.02    0.64 ^ i_cache_subsystem.i_nbdcache/i_miss_handler/_11607_/ZN (NAND2_X2)
                                         i_cache_subsystem.i_nbdcache/i_miss_handler/_07265_ (net)
                  0.01    0.00    0.64 ^ i_cache_subsystem.i_nbdcache/i_miss_handler/_11608_/A3 (OR3_X4)
     2    8.51    0.01    0.03    0.67 ^ i_cache_subsystem.i_nbdcache/i_miss_handler/_11608_/ZN (OR3_X4)
                                         i_cache_subsystem.i_nbdcache/i_miss_handler/_07266_ (net)
                  0.01    0.00    0.67 ^ i_cache_subsystem.i_nbdcache/i_miss_handler/place52322/A (BUF_X2)
    13   59.10    0.07    0.08    0.75 ^ i_cache_subsystem.i_nbdcache/i_miss_handler/place52322/Z (BUF_X2)
                                         i_cache_subsystem.i_nbdcache/i_miss_handler/net52321 (net)
                  0.07    0.01    0.76 ^ i_cache_subsystem.i_nbdcache/i_miss_handler/place52321/A (BUF_X4)
    31   91.15    0.05    0.08    0.84 ^ i_cache_subsystem.i_nbdcache/i_miss_handler/place52321/Z (BUF_X4)
                                         i_cache_subsystem.i_nbdcache/i_miss_handler/net52320 (net)
                  0.05    0.00    0.85 ^ i_cache_subsystem.i_nbdcache/i_miss_handler/place52320/A (BUF_X2)
    19   54.06    0.06    0.09    0.93 ^ i_cache_subsystem.i_nbdcache/i_miss_handler/place52320/Z (BUF_X2)
                                         i_cache_subsystem.i_nbdcache/i_miss_handler/net52319 (net)
                  0.06    0.01    0.94 ^ i_cache_subsystem.i_nbdcache/i_miss_handler/_11661_/A (AOI21_X1)
     2   10.33    0.03    0.04    0.98 v i_cache_subsystem.i_nbdcache/i_miss_handler/_11661_/ZN (AOI21_X1)
                                         i_cache_subsystem.i_nbdcache/i_miss_handler/_07315_ (net)
                  0.03    0.00    0.98 v i_cache_subsystem.i_nbdcache/i_miss_handler/_11684_/A1 (NOR3_X2)
     2    2.54    0.03    0.04    1.02 ^ i_cache_subsystem.i_nbdcache/i_miss_handler/_11684_/ZN (NOR3_X2)
                                         i_cache_subsystem.i_nbdcache/i_miss_handler/_07338_ (net)
                  0.03    0.00    1.02 ^ i_cache_subsystem.i_nbdcache/i_miss_handler/_11690_/A2 (AND3_X1)
     2    5.87    0.02    0.06    1.08 ^ i_cache_subsystem.i_nbdcache/i_miss_handler/_11690_/ZN (AND3_X1)
                                         i_cache_subsystem.i_nbdcache/i_miss_handler/_07342_ (net)
                  0.02    0.00    1.08 ^ i_cache_subsystem.i_nbdcache/i_miss_handler/_11705_/A1 (NAND3_X1)
     2    3.39    0.01    0.03    1.11 v i_cache_subsystem.i_nbdcache/i_miss_handler/_11705_/ZN (NAND3_X1)
                                         i_cache_subsystem.i_nbdcache/i_miss_handler/_07350_ (net)
                  0.01    0.00    1.11 v i_cache_subsystem.i_nbdcache/i_miss_handler/_11711_/A1 (OR3_X1)
     2    3.30    0.01    0.07    1.18 v i_cache_subsystem.i_nbdcache/i_miss_handler/_11711_/ZN (OR3_X1)
                                         i_cache_subsystem.i_nbdcache/i_miss_handler/_07354_ (net)
                  0.01    0.00    1.18 v i_cache_subsystem.i_nbdcache/i_miss_handler/_11716_/A1 (OR3_X1)
     2    4.23    0.02    0.07    1.25 v i_cache_subsystem.i_nbdcache/i_miss_handler/_11716_/ZN (OR3_X1)
                                         i_cache_subsystem.i_nbdcache/i_miss_handler/_07357_ (net)
                  0.02    0.00    1.25 v i_cache_subsystem.i_nbdcache/i_miss_handler/_11721_/A1 (OR3_X1)
     2    2.53    0.01    0.07    1.32 v i_cache_subsystem.i_nbdcache/i_miss_handler/_11721_/ZN (OR3_X1)
                                         i_cache_subsystem.i_nbdcache/i_miss_handler/_07360_ (net)
                  0.01    0.00    1.32 v i_cache_subsystem.i_nbdcache/i_miss_handler/_11722_/A2 (NOR2_X1)
     2    6.34    0.04    0.05    1.38 ^ i_cache_subsystem.i_nbdcache/i_miss_handler/_11722_/ZN (NOR2_X1)
                                         i_cache_subsystem.i_nbdcache/i_miss_handler/_07361_ (net)
                  0.04    0.00    1.38 ^ i_cache_subsystem.i_nbdcache/i_miss_handler/place45516/A (BUF_X1)
     3    7.32    0.02    0.04    1.42 ^ i_cache_subsystem.i_nbdcache/i_miss_handler/place45516/Z (BUF_X1)
                                         i_cache_subsystem.i_nbdcache/i_miss_handler/net45515 (net)
                  0.02    0.00    1.42 ^ i_cache_subsystem.i_nbdcache/i_miss_handler/_11730_/A1 (NAND2_X1)
     2    2.81    0.01    0.02    1.44 v i_cache_subsystem.i_nbdcache/i_miss_handler/_11730_/ZN (NAND2_X1)
                                         i_cache_subsystem.i_nbdcache/i_miss_handler/_07368_ (net)
                  0.01    0.00    1.44 v i_cache_subsystem.i_nbdcache/i_miss_handler/place45168/A (BUF_X1)
     1    1.64    0.01    0.03    1.47 v i_cache_subsystem.i_nbdcache/i_miss_handler/place45168/Z (BUF_X1)
                                         i_cache_subsystem.i_nbdcache/i_miss_handler/net45167 (net)
                  0.01    0.00    1.47 v i_cache_subsystem.i_nbdcache/i_miss_handler/_12274_/A2 (NAND2_X1)
     1    2.76    0.01    0.02    1.48 ^ i_cache_subsystem.i_nbdcache/i_miss_handler/_12274_/ZN (NAND2_X1)
                                         i_cache_subsystem.i_nbdcache/i_miss_handler/_07774_ (net)
                  0.01    0.00    1.48 ^ i_cache_subsystem.i_nbdcache/i_miss_handler/_12275_/B (XNOR2_X1)
     1    5.83    0.04    0.05    1.53 ^ i_cache_subsystem.i_nbdcache/i_miss_handler/_12275_/ZN (XNOR2_X1)
                                         i_cache_subsystem.i_nbdcache/i_miss_handler/_00168_ (net)
                  0.04    0.00    1.53 ^ i_cache_subsystem.i_nbdcache/i_miss_handler/_22839_/A (HA_X1)
     2    2.37    0.03    0.06    1.59 ^ i_cache_subsystem.i_nbdcache/i_miss_handler/_22839_/S (HA_X1)
                                         i_cache_subsystem.i_nbdcache/i_miss_handler/_00171_ (net)
                  0.03    0.00    1.59 ^ i_cache_subsystem.i_nbdcache/i_miss_handler/_14734_/A3 (AND3_X1)
     2    3.09    0.01    0.05    1.64 ^ i_cache_subsystem.i_nbdcache/i_miss_handler/_14734_/ZN (AND3_X1)
                                         i_cache_subsystem.i_nbdcache/i_miss_handler/_09410_ (net)
                  0.01    0.00    1.64 ^ i_cache_subsystem.i_nbdcache/i_miss_handler/_14735_/A2 (AND2_X1)
     3    4.51    0.01    0.04    1.68 ^ i_cache_subsystem.i_nbdcache/i_miss_handler/_14735_/ZN (AND2_X1)
                                         i_cache_subsystem.i_nbdcache/i_miss_handler/_09411_ (net)
                  0.01    0.00    1.68 ^ i_cache_subsystem.i_nbdcache/i_miss_handler/_14736_/B2 (AOI21_X1)
     2    3.62    0.01    0.02    1.70 v i_cache_subsystem.i_nbdcache/i_miss_handler/_14736_/ZN (AOI21_X1)
                                         i_cache_subsystem.i_nbdcache/i_miss_handler/_09412_ (net)
                  0.01    0.00    1.70 v i_cache_subsystem.i_nbdcache/i_miss_handler/_14737_/B2 (OAI21_X1)
     2    9.27    0.05    0.07    1.77 ^ i_cache_subsystem.i_nbdcache/i_miss_handler/_14737_/ZN (OAI21_X1)
                                         i_cache_subsystem.i_nbdcache/i_miss_handler/_09413_ (net)
                  0.05    0.00    1.77 ^ i_cache_subsystem.i_nbdcache/i_miss_handler/_14879_/A (AOI21_X4)
     3   10.15    0.02    0.02    1.80 v i_cache_subsystem.i_nbdcache/i_miss_handler/_14879_/ZN (AOI21_X4)
                                         i_cache_subsystem.i_nbdcache/i_miss_handler/_09555_ (net)
                  0.02    0.00    1.80 v i_cache_subsystem.i_nbdcache/i_miss_handler/place43576/A (BUF_X2)
     2    7.52    0.01    0.03    1.83 v i_cache_subsystem.i_nbdcache/i_miss_handler/place43576/Z (BUF_X2)
                                         i_cache_subsystem.i_nbdcache/i_miss_handler/net43575 (net)
                  0.01    0.00    1.83 v i_cache_subsystem.i_nbdcache/i_miss_handler/_14880_/B (XNOR2_X2)
     3    7.15    0.02    0.04    1.87 v i_cache_subsystem.i_nbdcache/i_miss_handler/_14880_/ZN (XNOR2_X2)
                                         i_cache_subsystem.i_nbdcache/i_miss_handler/_09556_ (net)
                  0.02    0.00    1.87 v i_cache_subsystem.i_nbdcache/i_miss_handler/_14881_/S (MUX2_X1)
     4   16.91    0.04    0.09    1.96 ^ i_cache_subsystem.i_nbdcache/i_miss_handler/_14881_/Z (MUX2_X1)
                                         i_cache_subsystem.i_nbdcache/i_miss_handler/_09557_ (net)
                  0.04    0.00    1.96 ^ i_cache_subsystem.i_nbdcache/i_miss_handler/_14882_/A2 (NAND2_X2)
     4   11.10    0.03    0.03    1.99 v i_cache_subsystem.i_nbdcache/i_miss_handler/_14882_/ZN (NAND2_X2)
                                         i_cache_subsystem.i_nbdcache/i_miss_handler/_09558_ (net)
                  0.03    0.00    1.99 v i_cache_subsystem.i_nbdcache/i_miss_handler/place42805/A (BUF_X4)
     5   17.41    0.01    0.04    2.03 v i_cache_subsystem.i_nbdcache/i_miss_handler/place42805/Z (BUF_X4)
                                         i_cache_subsystem.i_nbdcache/i_miss_handler/net42804 (net)
                  0.01    0.00    2.03 v i_cache_subsystem.i_nbdcache/i_miss_handler/_16222_/A2 (AOI22_X1)
     3   16.41    0.09    0.11    2.14 ^ i_cache_subsystem.i_nbdcache/i_miss_handler/_16222_/ZN (AOI22_X1)
                                         i_cache_subsystem.i_nbdcache/i_miss_handler/_10877_ (net)
                  0.09    0.00    2.15 ^ i_cache_subsystem.i_nbdcache/i_miss_handler/_16430_/B (MUX2_X1)
     2    3.65    0.01    0.06    2.21 ^ i_cache_subsystem.i_nbdcache/i_miss_handler/_16430_/Z (MUX2_X1)
                                         i_cache_subsystem.i_nbdcache/i_miss_handler/_01690_ (net)
                  0.01    0.00    2.21 ^ i_cache_subsystem.i_nbdcache/i_miss_handler/_16577_/A2 (NOR2_X1)
     1    1.86    0.02    0.01    2.22 v i_cache_subsystem.i_nbdcache/i_miss_handler/_16577_/ZN (NOR2_X1)
                                         i_cache_subsystem.i_nbdcache/i_miss_handler/_01821_ (net)
                  0.02    0.00    2.22 v i_cache_subsystem.i_nbdcache/i_miss_handler/_16578_/A (AOI21_X1)
     1    2.42    0.03    0.05    2.26 ^ i_cache_subsystem.i_nbdcache/i_miss_handler/_16578_/ZN (AOI21_X1)
                                         i_cache_subsystem.i_nbdcache/i_miss_handler/_01822_ (net)
                  0.03    0.00    2.26 ^ i_cache_subsystem.i_nbdcache/i_miss_handler/_16579_/C2 (OAI221_X1)
     1    6.63    0.04    0.05    2.31 v i_cache_subsystem.i_nbdcache/i_miss_handler/_16579_/ZN (OAI221_X1)
                                         i_cache_subsystem.axi_req_data[130] (net)
                  0.04    0.00    2.31 v place40848/A (BUF_X4)
     1   12.57    0.01    0.04    2.35 v place40848/Z (BUF_X4)
                                         net40847 (net)
                  0.01    0.00    2.35 v _08288_/B2 (AOI22_X1)
     1    4.88    0.04    0.06    2.41 ^ _08288_/ZN (AOI22_X1)
                                         _02736_ (net)
                  0.04    0.00    2.41 ^ place40794/A (BUF_X4)
     1   23.16    0.01    0.04    2.45 ^ place40794/Z (BUF_X4)
                                         net40793 (net)
                  0.02    0.01    2.46 ^ _08289_/A (INV_X1)
     1    1.19    0.01    0.01    2.47 v _08289_/ZN (INV_X1)
                                         net3287 (net)
                  0.01    0.00    2.47 v output3288/A (BUF_X1)
     1    2.05    0.01    0.03    2.49 v output3288/Z (BUF_X1)
                                         axi_req_o[130] (net)
                  0.01    0.00    2.49 v axi_req_o[130] (out)
                                  2.49   data arrival time

                  0.00    2.22    2.22   clock vclk_core_clock (rise edge)
                          0.54    2.76   clock network delay (ideal)
                          0.00    2.76   clock reconvergence pessimism
                         -0.44    2.31   output external delay
                                  2.31   data required time
-----------------------------------------------------------------------------
                                  2.31   data required time
                                 -2.49   data arrival time
-----------------------------------------------------------------------------
                                 -0.18   slack (VIOLATED)



==========================================================================
global place report_power
--------------------------------------------------------------------------
Group                  Internal  Switching    Leakage      Total
                          Power      Power      Power      Power (Watts)
----------------------------------------------------------------
Sequential             6.86e-02   2.97e-03   1.66e-03   7.32e-02  25.2%
Combinational          1.01e-02   1.70e-02   5.02e-03   3.20e-02  11.0%
Clock                  0.00e+00   0.00e+00   0.00e+00   0.00e+00   0.0%
Macro                  1.62e-01   0.00e+00   2.24e-02   1.85e-01  63.7%
Pad                    0.00e+00   0.00e+00   0.00e+00   0.00e+00   0.0%
----------------------------------------------------------------
Total                  2.41e-01   1.99e-02   2.91e-02   2.90e-01 100.0%
                          83.1%       6.9%      10.0%
