OpenROAD 26Q1-2900-gdf79404cd8 
Features included (+) or not (-): +GPU +GUI +Python
This program is licensed under the BSD-3 license. See the LICENSE file for details.
Components of this program may be licensed under more restrictive licenses which must be honored.
[INFO ORD-0030] Using 8 thread(s).
read_liberty /OpenROAD-flow-scripts/flow/platforms/nangate45/lib/NangateOpenCellLibrary_typical.lib
read_liberty /OpenROAD-flow-scripts/flow/platforms/nangate45/lib/fakeram45_256x16.lib
read_db ./results/nangate45/ariane133/base/2_floorplan.odb
read_sdc ./results/nangate45/ariane133/base/2_floorplan.sdc
source /OpenROAD-flow-scripts/flow/platforms/nangate45/setRC.tcl
[INFO GPL-0022] Initialize gpl and calculate uniform density.
Placement density is 0.605000010728836, computed from PLACE_DENSITY_LB_ADDON  0.10 and lower bound 0.550000011920929
global_placement -skip_io -density 0.605000010728836 -pad_left 4 -pad_right 4
[INFO GPL-0001] ---- Initialize GPL Main Data Structures
[INFO GPL-0002] DBU: 2000
[INFO GPL-0003] SiteSize: (  0.190  1.400 ) um
[INFO GPL-0004] CoreBBox: ( 10.070 12.600 ) ( 1447.990 1447.600 ) um
[INFO GPL-0036] Movable instances area:     643521.032 um^2
[INFO GPL-0037] Total instances area:       1079410.178 um^2
[INFO GPL-0035] Pin density area adjust:     48046.150 um^2
[INFO GPL-0032] ---- Initialize Region: Top-level
[INFO GPL-0006] Number of instances:            192961
[INFO GPL-0007] Movable instances:              162768
[INFO GPL-0008] Fixed instances:                 15213
[INFO GPL-0009] Dummy instances:                 14980
[INFO GPL-0010] Number of nets:                 191707
[INFO GPL-0011] Number of pins:                 614122
[INFO GPL-0012] Die BBox:  (  0.000  0.000 ) ( 1500.000 1500.000 ) um
[INFO GPL-0013] Core BBox: ( 10.070 12.600 ) ( 1447.990 1447.600 ) um
[INFO GPL-0016] Core area:                  2063415.200 um^2
[INFO GPL-0014] Region name: top-level.
[INFO GPL-0015] Region area:                2063415.200 um^2
[INFO GPL-0017] Fixed instances area:       785019.200 um^2
[INFO GPL-0018] Movable instances area:     691567.182 um^2
[INFO GPL-0019] Utilization:                    54.096 %
[INFO GPL-0020] Standard cells area:        691567.182 um^2
[INFO GPL-0021] Large instances area:            0.000 um^2
[INFO GPL-0005] ---- Execute Conjugate Gradient Initial Placement.
[INFO GPL-0051] Source of initial instance position counters:
	Odb location = 162768	Core center = 0	Region center = 0
[INFO GPL-0033] ---- Initialize Nesterov Region: Top-level
[INFO GPL-0023] Placement target density:       0.6050
[INFO GPL-0024] Movable insts average area:      4.249 um^2
[INFO GPL-0025] Ideal bin area:                  7.023 um^2
[INFO GPL-0026] Ideal bin count:                293816
[INFO GPL-0027] Total bin area:             2063415.200 um^2
[INFO GPL-0028] Bin count (X, Y):         512 ,    512
[INFO GPL-0029] Bin size (W * H):       2.808 *  2.803 um
[INFO GPL-0030] Number of bins:                 262144
[INFO GPL-0007] ---- Execute Nesterov Global Placement.
[INFO GPL-0031] HPWL: Half-Perimeter Wirelength
Iteration | Overflow |     HPWL (um) |  HPWL(%) |   Penalty | Group
---------------------------------------------------------------
        0 |   0.9851 |  6.308398e+06 |   +0.00% |  7.75e-16 |      
       10 |   0.9121 |  5.102531e+06 |  -19.12% |  1.26e-15 |      
       20 |   0.8944 |  4.805601e+06 |   -5.82% |  2.06e-15 |      
       30 |   0.8994 |  4.542164e+06 |   -5.48% |  3.35e-15 |      
       40 |   0.9105 |  4.259885e+06 |   -6.21% |  5.45e-15 |      
       50 |   0.9221 |  4.000719e+06 |   -6.08% |  8.88e-15 |      
       60 |   0.9311 |  3.770560e+06 |   -5.75% |  1.45e-14 |      
       70 |   0.9387 |  3.592968e+06 |   -4.71% |  2.36e-14 |      
       80 |   0.9453 |  3.460422e+06 |   -3.69% |  3.84e-14 |      
       90 |   0.9494 |  3.342282e+06 |   -3.41% |  6.25e-14 |      
      100 |   0.9509 |  3.241267e+06 |   -3.02% |  1.02e-13 |      
      110 |   0.9518 |  3.171121e+06 |   -2.16% |  1.66e-13 |      
      120 |   0.9527 |  3.138009e+06 |   -1.04% |  2.70e-13 |      
      130 |   0.9531 |  3.137546e+06 |   -0.01% |  4.40e-13 |      
      140 |   0.9523 |  3.168579e+06 |   +0.99% |  7.12e-13 |      
      150 |   0.9499 |  3.230778e+06 |   +1.96% |  1.14e-12 |      
      160 |   0.9436 |  3.361707e+06 |   +4.05% |  1.82e-12 |      
      170 |   0.9326 |  3.581937e+06 |   +6.55% |  2.82e-12 |      
      180 |   0.9164 |  3.855156e+06 |   +7.63% |  4.34e-12 |      
      190 |   0.8983 |  4.164362e+06 |   +8.02% |  6.61e-12 |      
      200 |   0.8804 |  4.506314e+06 |   +8.21% |  1.00e-11 |      
      210 |   0.8589 |  4.841182e+06 |   +7.43% |  1.51e-11 |      
      220 |   0.8378 |  5.135389e+06 |   +6.08% |  2.31e-11 |      
      230 |   0.8229 |  5.425520e+06 |   +5.65% |  3.53e-11 |      
      240 |   0.8107 |  5.740296e+06 |   +5.80% |  5.37e-11 |      
      250 |   0.7870 |  6.094842e+06 |   +6.18% |  8.09e-11 |      
      260 |   0.7513 |  6.329342e+06 |   +3.85% |  1.25e-10 |      
      270 |   0.7093 |  6.528191e+06 |   +3.14% |  1.94e-10 |      
      280 |   0.6789 |  6.693876e+06 |   +2.54% |  3.06e-10 |      
      290 |   0.6273 |  6.744788e+06 |   +0.76% |  4.89e-10 |      
      300 |   0.5841 |  6.840001e+06 |   +1.41% |  7.82e-10 |      
      310 |   0.5366 |  7.034250e+06 |   +2.84% |  1.22e-09 |      
      320 |   0.4934 |  7.211912e+06 |   +2.53% |  1.92e-09 |      
      330 |   0.4477 |  7.339288e+06 |   +1.77% |  3.02e-09 |      
      340 |   0.4056 |  7.372811e+06 |   +0.46% |  4.87e-09 |      
      350 |   0.3670 |  7.388340e+06 |   +0.21% |  7.88e-09 |      
      360 |   0.3275 |  7.411687e+06 |   +0.32% |  1.23e-08 |      
      370 |   0.2978 |  7.431835e+06 |   +0.27% |  1.80e-08 |      
      380 |   0.2692 |  7.426980e+06 |   -0.07% |  2.65e-08 |      
      390 |   0.2435 |  7.392106e+06 |   -0.47% |  3.90e-08 |      
      400 |   0.2180 |  7.372342e+06 |   -0.27% |  5.74e-08 |      
      410 |   0.1942 |  7.364226e+06 |   -0.11% |  8.45e-08 |      
      420 |   0.1727 |  7.367033e+06 |   +0.04% |  1.24e-07 |      
      430 |   0.1531 |  7.388250e+06 |   +0.29% |  1.83e-07 |      
      440 |   0.1372 |  7.378963e+06 |   -0.13% |  2.69e-07 |      
      450 |   0.1213 |  7.414866e+06 |   +0.49% |  3.94e-07 |      
      460 |   0.1064 |  7.468385e+06 |   +0.72% |  5.75e-07 |      
      465 |   0.0998 |  7.496246e+06 |          |  7.21e-07 |      
---------------------------------------------------------------
[INFO GPL-1001] Global placement finished at iteration 465
[INFO GPL-1002] Placed Cell Area            691567.1824
[INFO GPL-1003] Available Free Area         1278396.0000
[INFO GPL-1004] Minimum Feasible Density        0.5500 (cell_area / free_area)
[INFO GPL-1006]   Suggested Target Densities:
[INFO GPL-1007]     - For 90% usage of free space: 0.6011
[INFO GPL-1008]     - For 80% usage of free space: 0.6762
[INFO GPL-1014] Final placement area: 691567.18 (+0.00%)
Took 65 seconds: global_placement -skip_io -density 0.605000010728836 -pad_left 4 -pad_right 4
Design area 717626 um^2 35% utilization.
write_db ./results/nangate45/ariane133/base/3_1_place_gp_skip_io.odb
Elapsed time: 1:08.41[h:]min:sec. CPU time: user 149.29 sys 0.61 (219%). Peak memory: 682644KB.
Log                        Elapsed/s Peak Memory/MB  sha1sum .odb [0:20)
3_1_place_gp_skip_io              68            666 8b11e26696db289ab28f
