[2026-07-06 20:55:23.665] [miter_logger] [info] MiterStrategy::run starting
[2026-07-06 20:55:23.665] [miter_logger] [info] Collecting POs for design 0: ariane

[2026-07-06 20:55:24.466] [miter_logger] [info] Collected 67812 POs for design 0

[2026-07-06 20:55:24.472] [miter_logger] [info] Collecting POs for design 1: ariane

[2026-07-06 20:55:25.266] [miter_logger] [info] Collected 67812 POs for design 1

[2026-07-06 20:55:25.266] [miter_logger] [info] normalizeInputs: starting
[2026-07-06 20:55:25.401] [miter_logger] [info] size of common inputs: 46611
[2026-07-06 20:55:25.401] [miter_logger] [info] size of diff0 inputs: 0
[2026-07-06 20:55:25.401] [miter_logger] [info] size of diff1 inputs: 0
[2026-07-06 20:55:25.417] [miter_logger] [info] normalizeOutputs: starting
[2026-07-06 20:55:25.587] [miter_logger] [info] size of common outputs: 67812
[2026-07-06 20:55:25.587] [miter_logger] [info] size of diff0 outputs: 0
[2026-07-06 20:55:25.587] [miter_logger] [info] size of diff1 outputs: 0
[2026-07-06 20:55:25.605] [miter_logger] [info] size of PIs in circuit 0: 46611
[2026-07-06 20:55:25.605] [miter_logger] [info] size of PIs in circuit 1: 46611
[2026-07-06 20:55:25.605] [miter_logger] [info] size of POs in circuit 0: 67812
[2026-07-06 20:55:25.605] [miter_logger] [info] size of POs in circuit 1: 67812
[2026-07-06 20:55:30.208] [miter_logger] [info] Building miter expression
[2026-07-06 20:55:30.232] [miter_logger] [info] Finished building miter expression
[2026-07-06 20:55:31.673] [miter_logger] [info] SAT solver starting
[2026-07-06 20:59:36.868] [miter_logger] [info] SAT solver finished: UNSAT
[2026-07-06 20:59:36.868] [miter_logger] [info] Circuits are IDENTICAL
