OpenROAD 26Q1-2900-gdf79404cd8 
Features included (+) or not (-): +GPU +GUI +Python
This program is licensed under the BSD-3 license. See the LICENSE file for details.
Components of this program may be licensed under more restrictive licenses which must be honored.
[INFO ORD-0030] Using 8 thread(s).
read_liberty /OpenROAD-flow-scripts/flow/platforms/nangate45/lib/NangateOpenCellLibrary_typical.lib
read_liberty /OpenROAD-flow-scripts/flow/platforms/nangate45/lib/fakeram45_256x16.lib
read_db ./results/nangate45/ariane133/base/6_1_fill.odb
read_sdc ./results/nangate45/ariane133/base/6_1_fill.sdc
source /OpenROAD-flow-scripts/flow/platforms/nangate45/setRC.tcl
[WARNING STA-0450] virtual clock vclk_core_clock can not be propagated.
write_db ./results/nangate45/ariane133/base/6_final.odb
Deleted 0 routing obstructions
[INFO RCX-0431] Defined process_corner X with ext_model_index 0
[INFO RCX-0029] Defined extraction corner X
[INFO RCX-0435] Reading extraction model file /OpenROAD-flow-scripts/flow/platforms/nangate45/rcx_patterns.rules ...
[INFO RCX-0436] RC segment generation ariane (max_merge_res 50.0) ...
[INFO RCX-0040] Final 914044 rc segments
[INFO RCX-0439] Coupling Cap extraction ariane ...
[INFO RCX-0440] Coupling threshhold is 0.1000 fF, coupling capacitance less than 0.1000 fF will be grounded.
[INFO RCX-0442] 6% of 1357903 wires extracted
[INFO RCX-0442] 11% of 1357903 wires extracted
[INFO RCX-0442] 19% of 1357903 wires extracted
[INFO RCX-0442] 26% of 1357903 wires extracted
[INFO RCX-0442] 32% of 1357903 wires extracted
[INFO RCX-0442] 39% of 1357903 wires extracted
[INFO RCX-0442] 45% of 1357903 wires extracted
[INFO RCX-0442] 51% of 1357903 wires extracted
[INFO RCX-0442] 59% of 1357903 wires extracted
[INFO RCX-0442] 64% of 1357903 wires extracted
[INFO RCX-0442] 71% of 1357903 wires extracted
[INFO RCX-0442] 80% of 1357903 wires extracted
[INFO RCX-0442] 88% of 1357903 wires extracted
[INFO RCX-0442] 94% of 1357903 wires extracted
[INFO RCX-0442] 100% of 1357903 wires extracted
[INFO RCX-0045] Extract 202312 nets, 1103716 rsegs, 1103716 caps, 2311296 ccs
[INFO RCX-0042] 100000 nets finished
[INFO RCX-0042] 200000 nets finished
[INFO RCX-0443] 202312 nets finished
[INFO PSM-0040] All shapes on net VDD are connected.
########## IR report #################
Net              : VDD
Corner           : default
Total power      : 3.28e-01 W
Supply voltage   : 1.10e+00 V
Worstcase voltage: 1.09e+00 V
Average voltage  : 1.10e+00 V
Average IR drop  : 5.92e-04 V
Worstcase IR drop: 1.12e-02 V
Percentage drop  : 1.02 %
######################################
[INFO PSM-0040] All shapes on net VSS are connected.
########## IR report #################
Net              : VSS
Corner           : default
Total power      : 3.28e-01 W
Supply voltage   : 0.00e+00 V
Worstcase voltage: 5.51e-03 V
Average voltage  : 5.83e-04 V
Average IR drop  : 5.83e-04 V
Worstcase IR drop: 5.51e-03 V
Percentage drop  : 0.50 %
######################################
Cell type report:                       Count       Area
  Macro                                   132  416463.43
  Fill cell                            456401 1240879.89
  Tap cell                              15081    4011.55
  Clock buffer                            964    1284.78
  Timing Repair Buffer                  27187   34180.47
  Inverter                              11096    5975.42
  Clock inverter                          123     359.90
  Sequential cell                       20622  109762.77
  Multi-Input combinational cell       113559  169167.49
  Total                                645165 1982085.70
Report metrics stage 6, finish...

==========================================================================
finish report_design_area
--------------------------------------------------------------------------
Design area 741206 um^2 36% utilization.
[WARNING GUI-0076] QStandardPaths: XDG_RUNTIME_DIR not set, defaulting to '/tmp/runtime-root'
[WARNING GUI-0066] Heat map "IR Drop" has not been populated with data.
[WARNING GUI-0066] Heat map "Routing Congestion" has not been populated with data.
Elapsed time: 6:47.21[h:]min:sec. CPU time: user 632.62 sys 35.14 (163%). Peak memory: 4728192KB.
Log                        Elapsed/s Peak Memory/MB  sha1sum .odb [0:20)
6_report                         407           4617                  N/A
