OpenROAD 26Q1-2900-gdf79404cd8 
Features included (+) or not (-): +GPU +GUI +Python
This program is licensed under the BSD-3 license. See the LICENSE file for details.
Components of this program may be licensed under more restrictive licenses which must be honored.
[INFO ORD-0030] Using 8 thread(s).
read_liberty /OpenROAD-flow-scripts/flow/platforms/nangate45/lib/NangateOpenCellLibrary_typical.lib
read_liberty /OpenROAD-flow-scripts/flow/platforms/nangate45/lib/fakeram45_256x16.lib
read_db ./results/nangate45/ariane133/base/3_2_place_iop.odb
read_sdc ./results/nangate45/ariane133/base/2_floorplan.sdc
source /OpenROAD-flow-scripts/flow/platforms/nangate45/setRC.tcl
[INFO RSZ-0026] Removed 17491 buffers.
Perform port buffering...
[INFO RSZ-0027] Inserted 212 BUF_X1 input buffers.
[INFO RSZ-0028] Inserted 224 BUF_X1 output buffers.
[INFO GPL-0022] Initialize gpl and calculate uniform density.
Placement density is 0.2879999949038029, computed from PLACE_DENSITY_LB_ADDON  0.05    and lower bound 0.23999999463558197
global_placement -density 0.2879999949038029 -pad_left 0 -pad_right 0 -routability_driven -timing_driven -force_center_initial_place -min_phi_coef 0.95 -max_phi_coef 1.05
[INFO GPL-0001] ---- Initialize GPL Main Data Structures
[INFO GPL-0002] DBU: 2000
[INFO GPL-0003] SiteSize: (  0.190  1.400 ) um
[INFO GPL-0004] CoreBBox: ( 10.070 12.600 ) ( 1447.990 1447.600 ) um
[INFO GPL-0036] Movable instances area:     282388.526 um^2
[INFO GPL-0037] Total instances area:       718222.344 um^2
[INFO GPL-0035] Pin density area adjust:     22728.350 um^2
[INFO GPL-0032] ---- Initialize Region: Top-level
[INFO GPL-0006] Number of instances:            175413
[INFO GPL-0007] Movable instances:              145713
[INFO GPL-0008] Fixed instances:                 15095
[INFO GPL-0009] Dummy instances:                 14605
[INFO GPL-0010] Number of nets:                 174652
[INFO GPL-0011] Number of pins:                 580507
[INFO GPL-0012] Die BBox:  (  0.000  0.000 ) ( 1500.000 1500.000 ) um
[INFO GPL-0013] Core BBox: ( 10.070 12.600 ) ( 1447.990 1447.600 ) um
[INFO GPL-0016] Core area:                  2063415.200 um^2
[INFO GPL-0014] Region name: top-level.
[INFO GPL-0015] Region area:                2063415.200 um^2
[INFO GPL-0017] Fixed instances area:       784024.626 um^2
[INFO GPL-0018] Movable instances area:     305116.876 um^2
[INFO GPL-0019] Utilization:                    23.849 %
[INFO GPL-0020] Standard cells area:        305116.876 um^2
[INFO GPL-0021] Large instances area:            0.000 um^2
[INFO GPL-0005] ---- Execute Conjugate Gradient Initial Placement.
[INFO GPL-0051] Source of initial instance position counters:
	Odb location = 0	Core center = 145713	Region center = 0
[InitialPlace]  Iter: 1 conjugate gradient residual: 0.00894050 HPWL: 14046077950
[InitialPlace]  Iter: 2 conjugate gradient residual: 0.00042338 HPWL: 8704204564
[InitialPlace]  Iter: 3 conjugate gradient residual: 0.00004629 HPWL: 8329065781
[InitialPlace]  Iter: 4 conjugate gradient residual: 0.00005378 HPWL: 8012261648
[InitialPlace]  Iter: 5 conjugate gradient residual: 0.00002939 HPWL: 7784905301
[InitialPlace]  Iter: 6 conjugate gradient residual: 0.00002658 HPWL: 7665312885
[InitialPlace]  Iter: 7 conjugate gradient residual: 0.00002422 HPWL: 7585738666
[InitialPlace]  Iter: 8 conjugate gradient residual: 0.00003011 HPWL: 7535483280
[InitialPlace]  Iter: 9 conjugate gradient residual: 0.00002221 HPWL: 7498700303
[InitialPlace]  Iter: 10 conjugate gradient residual: 0.00002311 HPWL: 7465986064
[InitialPlace]  Iter: 11 conjugate gradient residual: 0.00004591 HPWL: 7437208453
[InitialPlace]  Iter: 12 conjugate gradient residual: 0.00002513 HPWL: 7418798802
[InitialPlace]  Iter: 13 conjugate gradient residual: 0.00001889 HPWL: 7405550246
[InitialPlace]  Iter: 14 conjugate gradient residual: 0.00001728 HPWL: 7397032324
[InitialPlace]  Iter: 15 conjugate gradient residual: 0.00001811 HPWL: 7387728896
[InitialPlace]  Iter: 16 conjugate gradient residual: 0.00001808 HPWL: 7383128376
[InitialPlace]  Iter: 17 conjugate gradient residual: 0.00002041 HPWL: 7376497840
[InitialPlace]  Iter: 18 conjugate gradient residual: 0.00002051 HPWL: 7369860832
[InitialPlace]  Iter: 19 conjugate gradient residual: 0.00001989 HPWL: 7365979040
[InitialPlace]  Iter: 20 conjugate gradient residual: 0.00001846 HPWL: 7360761227
[INFO GPL-0033] ---- Initialize Nesterov Region: Top-level
[INFO GPL-0023] Placement target density:       0.2880
[INFO GPL-0024] Movable insts average area:      2.094 um^2
[INFO GPL-0025] Ideal bin area:                  7.271 um^2
[INFO GPL-0026] Ideal bin count:                283799
[INFO GPL-0027] Total bin area:             2063415.200 um^2
[INFO GPL-0028] Bin count (X, Y):         512 ,    512
[INFO GPL-0029] Bin size (W * H):       2.808 *  2.803 um
[INFO GPL-0030] Number of bins:                 262144
[INFO GPL-0007] ---- Execute Nesterov Global Placement.
[INFO GPL-0031] HPWL: Half-Perimeter Wirelength
Iteration | Overflow |     HPWL (um) |  HPWL(%) |   Penalty | Group
---------------------------------------------------------------
        0 |   0.9840 |  2.831914e+06 |   +0.00% |  6.72e-17 |      
       10 |   0.9710 |  3.023021e+06 |   +6.75% |  1.04e-16 |      
       20 |   0.9652 |  3.101477e+06 |   +2.60% |  1.66e-16 |      
       30 |   0.9601 |  3.163362e+06 |   +2.00% |  2.67e-16 |      
       40 |   0.9558 |  3.207504e+06 |   +1.40% |  4.31e-16 |      
       50 |   0.9533 |  3.240257e+06 |   +1.02% |  6.97e-16 |      
       60 |   0.9515 |  3.266288e+06 |   +0.80% |  1.13e-15 |      
       70 |   0.9500 |  3.285863e+06 |   +0.60% |  1.83e-15 |      
       80 |   0.9488 |  3.298767e+06 |   +0.39% |  2.97e-15 |      
       90 |   0.9481 |  3.306555e+06 |   +0.24% |  4.83e-15 |      
      100 |   0.9475 |  3.311452e+06 |   +0.15% |  7.86e-15 |      
      110 |   0.9473 |  3.314811e+06 |   +0.10% |  1.28e-14 |      
      120 |   0.9469 |  3.317733e+06 |   +0.09% |  2.08e-14 |      
      130 |   0.9467 |  3.320516e+06 |   +0.08% |  3.39e-14 |      
      140 |   0.9463 |  3.322936e+06 |   +0.07% |  5.52e-14 |      
      150 |   0.9460 |  3.324185e+06 |   +0.04% |  8.99e-14 |      
      160 |   0.9459 |  3.324421e+06 |   +0.01% |  1.46e-13 |      
      170 |   0.9460 |  3.324360e+06 |   -0.00% |  2.38e-13 |      
      180 |   0.9460 |  3.326254e+06 |   +0.06% |  3.88e-13 |      
      190 |   0.9457 |  3.333395e+06 |   +0.21% |  6.32e-13 |      
      200 |   0.9446 |  3.351091e+06 |   +0.53% |  1.03e-12 |      
      210 |   0.9421 |  3.388265e+06 |   +1.11% |  1.66e-12 |      
      220 |   0.9374 |  3.456101e+06 |   +2.00% |  2.66e-12 |      
      230 |   0.9301 |  3.565148e+06 |   +3.16% |  4.24e-12 |      
      240 |   0.9190 |  3.724501e+06 |   +4.47% |  6.68e-12 |      
      250 |   0.9034 |  3.935507e+06 |   +5.67% |  1.04e-11 |      
      260 |   0.8838 |  4.189349e+06 |   +6.45% |  1.61e-11 |      
      270 |   0.8599 |  4.470830e+06 |   +6.72% |  2.46e-11 |      
      280 |   0.8338 |  4.743737e+06 |   +6.10% |  3.78e-11 |      
      290 |   0.8044 |  4.988708e+06 |   +5.16% |  5.83e-11 |      
      300 |   0.7738 |  5.192776e+06 |   +4.09% |  9.08e-11 |      
      310 |   0.7424 |  5.354251e+06 |   +3.11% |  1.42e-10 |      
      320 |   0.7103 |  5.426192e+06 |   +1.34% |  2.25e-10 |      
      330 |   0.6775 |  5.432140e+06 |   +0.11% |  3.63e-10 |      
[INFO GPL-0100] Timing-driven iteration 1/2, virtual: false.
[INFO GPL-0101]    Iter: 340, overflow: 0.635, keep resizer changes at: 1, HPWL: 11061328716
Iteration |   Area    | Resized | Buffers | Nets repaired | Remaining
---------------------------------------------------------------------
        0 |     +0.0% |       0 |       0 |             0 |    174652
    final |     +2.1% |    2099 |    6834 |          4452 |         0
---------------------------------------------------------------------
[INFO RSZ-0034] Found 2355 slew violations.
[INFO RSZ-0036] Found 3006 capacitance violations.
[INFO RSZ-0037] Found 1734 long wires.
[INFO RSZ-0039] Resized 2099 instances.
[INFO RSZ-0038] Inserted 6834 buffers in 4452 nets.
   Iter   |    Area   | Removed | Inserted |   Pins
          |           | Buffers | Buffers  | Remaining
-------------------------------------------------------
        0 |     +0.0% |       0 |        0 |    169490
    16900 |     +0.4% |     411 |     2627 |    152590
    33800 |     +1.5% |    1959 |     8139 |    135690
    50700 |     +1.8% |    2492 |    10563 |    118790
    67600 |     +2.0% |    3049 |    12805 |    101890
    84500 |     +2.0% |    3581 |    14366 |     84990
   101400 |     +2.1% |    3754 |    15381 |     68090
   118300 |     +2.4% |    4669 |    18616 |     51190
   135200 |     +2.6% |    4954 |    20657 |     34290
   152100 |     +2.7% |    5737 |    22376 |     17390
   169000 |     +2.8% |    6470 |    24176 |       490
    final |     +2.8% |    6834 |    25250 |         0
-------------------------------------------------------
[INFO GPL-0106] Timing-driven: worst slack -1.7577695e-09
[INFO GPL-0107] Timing-driven: repair_design delta area: 34390.746 um^2 (+11.27%)
[INFO GPL-0108] Timing-driven: repair_design, gpl delta gcells: 25250 (+17.33%)
[INFO GPL-0109] Timing-driven: repair_design, gcells created: 32084, deleted: 6834
[INFO GPL-0110] Timing-driven: new target density: 0.31488055
Iteration | Overflow |     HPWL (um) |  HPWL(%) |   Penalty | Group
---------------------------------------------------------------
      340 |   0.6191 |  6.502288e+06 |  +19.70% |  5.79e-10 |      
[INFO GPL-0038] Routability snapshot saved at iter = 343
      342 |   0.5950 |  6.397222e+06 |          |           |      
      350 |   0.5908 |  6.571737e+06 |   +1.07% |  7.97e-10 |      
      360 |   0.5792 |  6.571449e+06 |   -0.00% |  1.29e-09 |      
      370 |   0.5442 |  6.600909e+06 |   +0.45% |  2.09e-09 |      
      380 |   0.4995 |  6.656420e+06 |   +0.84% |  3.36e-09 |      
      390 |   0.4535 |  6.774115e+06 |   +1.77% |  5.34e-09 |      
      400 |   0.4118 |  6.858811e+06 |   +1.25% |  8.52e-09 |      
      410 |   0.3740 |  6.935513e+06 |   +1.12% |  1.37e-08 |      
      420 |   0.3404 |  6.964248e+06 |   +0.41% |  2.16e-08 |      
      430 |   0.3105 |  6.969237e+06 |   +0.07% |  3.17e-08 |      
[INFO GPL-0040] Routability iteration: 1
[WARNING GRT-0281] Net clk_i has a large fanout of 20751 terminals.
[INFO GPL-0041] Total routing overflow: 405.7483
[INFO GPL-0042] Number of overflowed tiles: 4797 (1.73%)
[INFO GPL-0043] Average top 0.5% routing congestion: 1.1967
[INFO GPL-0044] Average top 1.0% routing congestion: 1.1315
[INFO GPL-0045] Average top 2.0% routing congestion: 1.0724
[INFO GPL-0046] Average top 5.0% routing congestion: 0.9927
[INFO GPL-0047] Routability iteration weighted routing congestion: 1.1641
[INFO GPL-0048] Routing congestion (1.1641) lower than previous minimum (1e+30). Updating minimum.
[INFO GPL-0051] Inflated area:                3090.547 um^2 (+0.91%)
[INFO GPL-0052] Placement target density:       0.3149
[INFO GPL-0076] Removing fillers, count: Before: 30293, After: 28816 (-4.88%)
[INFO GPL-0077] Filler area (um^2)     : Before: 63347.586, After: 60258.506 (-4.88%)
[INFO GPL-0078] Removed fillers count: 1477, area removed: 3088.625 um^2. Remaining area to be compensated by modifying density: 1.922 um^2
[INFO GPL-0058] White space area:           1279390.574 um^2 (+0.00%)
[INFO GPL-0059] Movable instances area:     402855.199 um^2 (+0.00%)
[INFO GPL-0060] Total filler area:           60258.506 um^2 (-4.88%)
[INFO GPL-0061] Total non-inflated area:    402856.673 um^2 (+0.00%)
[INFO GPL-0062] Total inflated area:        405947.220 um^2 (+0.00%)
[INFO GPL-0063] New Target Density:             0.3149
[INFO GPL-0087] Routability end iteration: increase inflation and revert back to snapshot.
Iteration | Overflow |     HPWL (um) |  HPWL(%) |   Penalty | Group
---------------------------------------------------------------
      440 |   0.5907 |  6.593800e+06 |   -5.39% |  7.01e-10 |      
      450 |   0.5881 |  6.569236e+06 |   -0.37% |  1.03e-09 |      
      460 |   0.5691 |  6.567389e+06 |   -0.03% |  1.51e-09 |      
      470 |   0.5397 |  6.566771e+06 |   -0.01% |  2.22e-09 |      
      480 |   0.5023 |  6.621785e+06 |   +0.84% |  3.24e-09 |      
      490 |   0.4663 |  6.706007e+06 |   +1.27% |  4.70e-09 |      
      500 |   0.4334 |  6.755688e+06 |   +0.74% |  6.87e-09 |      
      510 |   0.4024 |  6.821445e+06 |   +0.97% |  1.00e-08 |      
      520 |   0.3735 |  6.845275e+06 |   +0.35% |  1.46e-08 |      
      530 |   0.3458 |  6.853473e+06 |   +0.12% |  2.15e-08 |      
      540 |   0.3169 |  6.858027e+06 |   +0.07% |  3.15e-08 |      
[INFO GPL-0040] Routability iteration: 2
[INFO GPL-0041] Total routing overflow: 235.7705
[INFO GPL-0042] Number of overflowed tiles: 3277 (1.18%)
[INFO GPL-0043] Average top 0.5% routing congestion: 1.1374
[INFO GPL-0044] Average top 1.0% routing congestion: 1.0842
[INFO GPL-0045] Average top 2.0% routing congestion: 1.0343
[INFO GPL-0046] Average top 5.0% routing congestion: 0.9680
[INFO GPL-0047] Routability iteration weighted routing congestion: 1.1108
[INFO GPL-0048] Routing congestion (1.1108) lower than previous minimum (1.164). Updating minimum.
[INFO GPL-0051] Inflated area:                1656.718 um^2 (+0.48%)
[INFO GPL-0052] Placement target density:       0.3149
[INFO GPL-0076] Removing fillers, count: Before: 28816, After: 28024 (-2.75%)
[INFO GPL-0077] Filler area (um^2)     : Before: 60258.506, After: 58602.318 (-2.75%)
[INFO GPL-0078] Removed fillers count: 792, area removed: 1656.189 um^2. Remaining area to be compensated by modifying density: 0.529 um^2
[INFO GPL-0058] White space area:           1279390.574 um^2 (+0.00%)
[INFO GPL-0059] Movable instances area:     402855.199 um^2 (+0.00%)
[INFO GPL-0060] Total filler area:           58602.318 um^2 (-2.75%)
[INFO GPL-0061] Total non-inflated area:    402857.202 um^2 (+0.00%)
[INFO GPL-0062] Total inflated area:        404513.920 um^2 (+0.00%)
[INFO GPL-0063] New Target Density:             0.3149
[INFO GPL-0087] Routability end iteration: increase inflation and revert back to snapshot.
Iteration | Overflow |     HPWL (um) |  HPWL(%) |   Penalty | Group
---------------------------------------------------------------
      550 |   0.5923 |  6.556832e+06 |   -4.39% |  6.55e-10 |      
      560 |   0.5915 |  6.567017e+06 |   +0.16% |  9.53e-10 |      
      570 |   0.5745 |  6.564453e+06 |   -0.04% |  1.40e-09 |      
      580 |   0.5464 |  6.567996e+06 |   +0.05% |  2.05e-09 |      
      590 |   0.5102 |  6.619478e+06 |   +0.78% |  3.00e-09 |      
      600 |   0.4747 |  6.700275e+06 |   +1.22% |  4.36e-09 |      
      610 |   0.4418 |  6.753782e+06 |   +0.80% |  6.35e-09 |      
      620 |   0.4073 |  6.819167e+06 |   +0.97% |  9.26e-09 |      
      630 |   0.3805 |  6.852864e+06 |   +0.49% |  1.35e-08 |      
      640 |   0.3527 |  6.864799e+06 |   +0.17% |  1.99e-08 |      
      650 |   0.3245 |  6.870607e+06 |   +0.08% |  2.91e-08 |      
      660 |   0.2979 |  6.875906e+06 |   +0.08% |  4.28e-08 |      
[INFO GPL-0040] Routability iteration: 3
[INFO GPL-0041] Total routing overflow: 173.8359
[INFO GPL-0042] Number of overflowed tiles: 2714 (0.98%)
[INFO GPL-0043] Average top 0.5% routing congestion: 1.1095
[INFO GPL-0044] Average top 1.0% routing congestion: 1.0628
[INFO GPL-0045] Average top 2.0% routing congestion: 1.0191
[INFO GPL-0046] Average top 5.0% routing congestion: 0.9604
[INFO GPL-0047] Routability iteration weighted routing congestion: 1.0862
[INFO GPL-0048] Routing congestion (1.0862) lower than previous minimum (1.111). Updating minimum.
[INFO GPL-0051] Inflated area:                1102.120 um^2 (+0.32%)
[INFO GPL-0052] Placement target density:       0.3149
[INFO GPL-0076] Removing fillers, count: Before: 28024, After: 27497 (-1.88%)
[INFO GPL-0077] Filler area (um^2)     : Before: 58602.318, After: 57500.283 (-1.88%)
[INFO GPL-0078] Removed fillers count: 527, area removed: 1102.035 um^2. Remaining area to be compensated by modifying density: 0.085 um^2
[INFO GPL-0058] White space area:           1279390.574 um^2 (+0.00%)
[INFO GPL-0059] Movable instances area:     402855.199 um^2 (+0.00%)
[INFO GPL-0060] Total filler area:           57500.283 um^2 (-1.88%)
[INFO GPL-0061] Total non-inflated area:    402857.287 um^2 (+0.00%)
[INFO GPL-0062] Total inflated area:        403959.407 um^2 (+0.00%)
[INFO GPL-0063] New Target Density:             0.3149
[INFO GPL-0087] Routability end iteration: increase inflation and revert back to snapshot.
Iteration | Overflow |     HPWL (um) |  HPWL(%) |   Penalty | Group
---------------------------------------------------------------
      670 |   0.5941 |  6.561583e+06 |   -4.57% |  8.49e-10 |      
      680 |   0.5809 |  6.555604e+06 |   -0.09% |  1.25e-09 |      
      690 |   0.5552 |  6.565889e+06 |   +0.16% |  1.83e-09 |      
      700 |   0.5218 |  6.606309e+06 |   +0.62% |  2.67e-09 |      
      710 |   0.4854 |  6.676748e+06 |   +1.07% |  3.89e-09 |      
      720 |   0.4522 |  6.743682e+06 |   +1.00% |  5.66e-09 |      
      730 |   0.4169 |  6.803331e+06 |   +0.88% |  8.26e-09 |      
      740 |   0.3884 |  6.851780e+06 |   +0.71% |  1.21e-08 |      
      750 |   0.3621 |  6.867848e+06 |   +0.23% |  1.77e-08 |      
      760 |   0.3326 |  6.868634e+06 |   +0.01% |  2.59e-08 |      
      770 |   0.3077 |  6.878902e+06 |   +0.15% |  3.80e-08 |      
[INFO GPL-0040] Routability iteration: 4
[INFO GPL-0041] Total routing overflow: 153.7797
[INFO GPL-0042] Number of overflowed tiles: 2437 (0.88%)
[INFO GPL-0043] Average top 0.5% routing congestion: 1.0997
[INFO GPL-0044] Average top 1.0% routing congestion: 1.0551
[INFO GPL-0045] Average top 2.0% routing congestion: 1.0125
[INFO GPL-0046] Average top 5.0% routing congestion: 0.9558
[INFO GPL-0047] Routability iteration weighted routing congestion: 1.0774
[INFO GPL-0048] Routing congestion (1.0774) lower than previous minimum (1.086). Updating minimum.
[INFO GPL-0051] Inflated area:                 968.543 um^2 (+0.28%)
[INFO GPL-0052] Placement target density:       0.3149
[INFO GPL-0076] Removing fillers, count: Before: 27497, After: 27034 (-1.68%)
[INFO GPL-0077] Filler area (um^2)     : Before: 57500.283, After: 56532.082 (-1.68%)
[INFO GPL-0078] Removed fillers count: 463, area removed: 968.201 um^2. Remaining area to be compensated by modifying density: 0.341 um^2
[INFO GPL-0058] White space area:           1279390.574 um^2 (+0.00%)
[INFO GPL-0059] Movable instances area:     402855.199 um^2 (+0.00%)
[INFO GPL-0060] Total filler area:           56532.082 um^2 (-1.68%)
[INFO GPL-0061] Total non-inflated area:    402857.629 um^2 (+0.00%)
[INFO GPL-0062] Total inflated area:        403826.172 um^2 (+0.00%)
[INFO GPL-0063] New Target Density:             0.3149
[INFO GPL-0087] Routability end iteration: increase inflation and revert back to snapshot.
Iteration | Overflow |     HPWL (um) |  HPWL(%) |   Penalty | Group
---------------------------------------------------------------
      780 |   0.5949 |  6.576569e+06 |   -4.40% |  7.57e-10 |      
      790 |   0.5863 |  6.563594e+06 |   -0.20% |  1.11e-09 |      
      800 |   0.5647 |  6.577721e+06 |   +0.22% |  1.63e-09 |      
      810 |   0.5342 |  6.594954e+06 |   +0.26% |  2.39e-09 |      
      820 |   0.4973 |  6.659158e+06 |   +0.97% |  3.48e-09 |      
      830 |   0.4626 |  6.738544e+06 |   +1.19% |  5.06e-09 |      
      840 |   0.4294 |  6.788913e+06 |   +0.75% |  7.39e-09 |      
      850 |   0.3974 |  6.851298e+06 |   +0.92% |  1.08e-08 |      
      860 |   0.3695 |  6.877648e+06 |   +0.38% |  1.58e-08 |      
      870 |   0.3425 |  6.883689e+06 |   +0.09% |  2.31e-08 |      
      880 |   0.3159 |  6.892590e+06 |   +0.13% |  3.39e-08 |      
[INFO GPL-0040] Routability iteration: 5
[INFO GPL-0041] Total routing overflow: 139.1976
[INFO GPL-0042] Number of overflowed tiles: 2212 (0.80%)
[INFO GPL-0043] Average top 0.5% routing congestion: 1.0936
[INFO GPL-0044] Average top 1.0% routing congestion: 1.0490
[INFO GPL-0045] Average top 2.0% routing congestion: 1.0078
[INFO GPL-0046] Average top 5.0% routing congestion: 0.9533
[INFO GPL-0047] Routability iteration weighted routing congestion: 1.0713
[INFO GPL-0048] Routing congestion (1.0713) lower than previous minimum (1.077). Updating minimum.
[INFO GPL-0051] Inflated area:                 765.374 um^2 (+0.22%)
[INFO GPL-0052] Placement target density:       0.3149
[INFO GPL-0076] Removing fillers, count: Before: 27034, After: 26668 (-1.35%)
[INFO GPL-0077] Filler area (um^2)     : Before: 56532.082, After: 55766.722 (-1.35%)
[INFO GPL-0078] Removed fillers count: 366, area removed: 765.360 um^2. Remaining area to be compensated by modifying density: 0.014 um^2
[INFO GPL-0058] White space area:           1279390.574 um^2 (+0.00%)
[INFO GPL-0059] Movable instances area:     402855.199 um^2 (+0.00%)
[INFO GPL-0060] Total filler area:           55766.722 um^2 (-1.35%)
[INFO GPL-0061] Total non-inflated area:    402857.643 um^2 (+0.00%)
[INFO GPL-0062] Total inflated area:        403623.017 um^2 (+0.00%)
[INFO GPL-0063] New Target Density:             0.3149
[INFO GPL-0087] Routability end iteration: increase inflation and revert back to snapshot.
Iteration | Overflow |     HPWL (um) |  HPWL(%) |   Penalty | Group
---------------------------------------------------------------
      890 |   0.5942 |  6.599804e+06 |   -4.25% |  6.81e-10 |      
      900 |   0.5912 |  6.563274e+06 |   -0.55% |  9.89e-10 |      
      910 |   0.5725 |  6.566191e+06 |   +0.04% |  1.45e-09 |      
      920 |   0.5436 |  6.581923e+06 |   +0.24% |  2.13e-09 |      
      930 |   0.5078 |  6.640569e+06 |   +0.89% |  3.10e-09 |      
      940 |   0.4735 |  6.717500e+06 |   +1.16% |  4.51e-09 |      
      950 |   0.4405 |  6.770107e+06 |   +0.78% |  6.58e-09 |      
      960 |   0.4058 |  6.836001e+06 |   +0.97% |  9.59e-09 |      
      970 |   0.3786 |  6.873019e+06 |   +0.54% |  1.40e-08 |      
      980 |   0.3507 |  6.886419e+06 |   +0.19% |  2.05e-08 |      
      990 |   0.3239 |  6.891560e+06 |   +0.07% |  3.01e-08 |      
[INFO GPL-0040] Routability iteration: 6
[INFO GPL-0041] Total routing overflow: 131.0951
[INFO GPL-0042] Number of overflowed tiles: 2069 (0.75%)
[INFO GPL-0043] Average top 0.5% routing congestion: 1.0900
[INFO GPL-0044] Average top 1.0% routing congestion: 1.0453
[INFO GPL-0045] Average top 2.0% routing congestion: 1.0046
[INFO GPL-0046] Average top 5.0% routing congestion: 0.9514
[INFO GPL-0047] Routability iteration weighted routing congestion: 1.0677
[INFO GPL-0048] Routing congestion (1.0677) lower than previous minimum (1.071). Updating minimum.
[INFO GPL-0051] Inflated area:                 705.384 um^2 (+0.20%)
[INFO GPL-0052] Placement target density:       0.3149
[INFO GPL-0076] Removing fillers, count: Before: 26668, After: 26331 (-1.26%)
[INFO GPL-0077] Filler area (um^2)     : Before: 55766.722, After: 55062.005 (-1.26%)
[INFO GPL-0078] Removed fillers count: 337, area removed: 704.717 um^2. Remaining area to be compensated by modifying density: 0.667 um^2
[INFO GPL-0058] White space area:           1279390.574 um^2 (+0.00%)
[INFO GPL-0059] Movable instances area:     402855.199 um^2 (+0.00%)
[INFO GPL-0060] Total filler area:           55062.005 um^2 (-1.26%)
[INFO GPL-0061] Total non-inflated area:    402858.310 um^2 (+0.00%)
[INFO GPL-0062] Total inflated area:        403563.694 um^2 (+0.00%)
[INFO GPL-0063] New Target Density:             0.3149
[INFO GPL-0087] Routability end iteration: increase inflation and revert back to snapshot.
Iteration | Overflow |     HPWL (um) |  HPWL(%) |   Penalty | Group
---------------------------------------------------------------
     1000 |   0.5953 |  6.622566e+06 |   -3.90% |  6.06e-10 |      
     1010 |   0.5948 |  6.562028e+06 |   -0.91% |  8.82e-10 |      
     1020 |   0.5793 |  6.564459e+06 |   +0.04% |  1.30e-09 |      
     1030 |   0.5535 |  6.580281e+06 |   +0.24% |  1.90e-09 |      
     1040 |   0.5194 |  6.628575e+06 |   +0.73% |  2.77e-09 |      
     1050 |   0.4830 |  6.700951e+06 |   +1.09% |  4.03e-09 |      
     1060 |   0.4508 |  6.762946e+06 |   +0.93% |  5.88e-09 |      
     1070 |   0.4158 |  6.825106e+06 |   +0.92% |  8.57e-09 |      
     1080 |   0.3871 |  6.874825e+06 |   +0.73% |  1.25e-08 |      
     1090 |   0.3596 |  6.897316e+06 |   +0.33% |  1.83e-08 |      
     1100 |   0.3322 |  6.899891e+06 |   +0.04% |  2.68e-08 |      
     1110 |   0.3060 |  6.909417e+06 |   +0.14% |  3.93e-08 |      
[INFO GPL-0040] Routability iteration: 7
[INFO GPL-0041] Total routing overflow: 129.4958
[INFO GPL-0042] Number of overflowed tiles: 2002 (0.72%)
[INFO GPL-0043] Average top 0.5% routing congestion: 1.0898
[INFO GPL-0044] Average top 1.0% routing congestion: 1.0445
[INFO GPL-0045] Average top 2.0% routing congestion: 1.0047
[INFO GPL-0046] Average top 5.0% routing congestion: 0.9522
[INFO GPL-0047] Routability iteration weighted routing congestion: 1.0672
[INFO GPL-0049] Routing congestion (1.0672) higher than minimum (1.0677). Consecutive non-improvement count: 1.
[INFO GPL-0051] Inflated area:                 606.819 um^2 (+0.17%)
[INFO GPL-0052] Placement target density:       0.3149
[INFO GPL-0076] Removing fillers, count: Before: 26331, After: 26041 (-1.10%)
[INFO GPL-0077] Filler area (um^2)     : Before: 55062.005, After: 54455.572 (-1.10%)
[INFO GPL-0078] Removed fillers count: 290, area removed: 606.433 um^2. Remaining area to be compensated by modifying density: 0.387 um^2
[INFO GPL-0058] White space area:           1279390.574 um^2 (+0.00%)
[INFO GPL-0059] Movable instances area:     402855.199 um^2 (+0.00%)
[INFO GPL-0060] Total filler area:           54455.572 um^2 (-1.10%)
[INFO GPL-0061] Total non-inflated area:    402858.697 um^2 (+0.00%)
[INFO GPL-0062] Total inflated area:        403465.516 um^2 (+0.00%)
[INFO GPL-0063] New Target Density:             0.3149
[INFO GPL-0087] Routability end iteration: increase inflation and revert back to snapshot.
Iteration | Overflow |     HPWL (um) |  HPWL(%) |   Penalty | Group
---------------------------------------------------------------
     1120 |   0.5962 |  6.558320e+06 |   -5.08% |  7.86e-10 |      
     1130 |   0.5855 |  6.558981e+06 |   +0.01% |  1.15e-09 |      
     1140 |   0.5626 |  6.579107e+06 |   +0.31% |  1.69e-09 |      
     1150 |   0.5308 |  6.609243e+06 |   +0.46% |  2.47e-09 |      
     1160 |   0.4941 |  6.674606e+06 |   +0.99% |  3.60e-09 |      
     1170 |   0.4606 |  6.747496e+06 |   +1.09% |  5.24e-09 |      
     1180 |   0.4268 |  6.803513e+06 |   +0.83% |  7.65e-09 |      
     1190 |   0.3959 |  6.865406e+06 |   +0.91% |  1.11e-08 |      
     1200 |   0.3687 |  6.891653e+06 |   +0.38% |  1.63e-08 |      
     1210 |   0.3403 |  6.899641e+06 |   +0.12% |  2.39e-08 |      
     1220 |   0.3142 |  6.909535e+06 |   +0.14% |  3.50e-08 |      
[INFO GPL-0040] Routability iteration: 8
[INFO GPL-0041] Total routing overflow: 127.3284
[INFO GPL-0042] Number of overflowed tiles: 2114 (0.76%)
[INFO GPL-0043] Average top 0.5% routing congestion: 1.0866
[INFO GPL-0044] Average top 1.0% routing congestion: 1.0442
[INFO GPL-0045] Average top 2.0% routing congestion: 1.0045
[INFO GPL-0046] Average top 5.0% routing congestion: 0.9517
[INFO GPL-0047] Routability iteration weighted routing congestion: 1.0654
[INFO GPL-0048] Routing congestion (1.0654) lower than previous minimum (1.068). Updating minimum.
[INFO GPL-0051] Inflated area:                 570.602 um^2 (+0.16%)
[INFO GPL-0052] Placement target density:       0.3149
[INFO GPL-0076] Removing fillers, count: Before: 26041, After: 25769 (-1.04%)
[INFO GPL-0077] Filler area (um^2)     : Before: 54455.572, After: 53886.780 (-1.04%)
[INFO GPL-0078] Removed fillers count: 272, area removed: 568.792 um^2. Remaining area to be compensated by modifying density: 1.810 um^2
[INFO GPL-0058] White space area:           1279390.574 um^2 (+0.00%)
[INFO GPL-0059] Movable instances area:     402855.199 um^2 (+0.00%)
[INFO GPL-0060] Total filler area:           53886.780 um^2 (-1.04%)
[INFO GPL-0061] Total non-inflated area:    402860.507 um^2 (+0.00%)
[INFO GPL-0062] Total inflated area:        403431.109 um^2 (+0.00%)
[INFO GPL-0063] New Target Density:             0.3149
[INFO GPL-0087] Routability end iteration: increase inflation and revert back to snapshot.
Iteration | Overflow |     HPWL (um) |  HPWL(%) |   Penalty | Group
---------------------------------------------------------------
     1230 |   0.5959 |  6.581044e+06 |   -4.75% |  7.01e-10 |      
     1240 |   0.5907 |  6.565594e+06 |   -0.23% |  1.03e-09 |      
     1250 |   0.5706 |  6.578706e+06 |   +0.20% |  1.51e-09 |      
     1260 |   0.5411 |  6.597452e+06 |   +0.28% |  2.21e-09 |      
     1270 |   0.5049 |  6.659899e+06 |   +0.95% |  3.22e-09 |      
     1280 |   0.4709 |  6.737585e+06 |   +1.17% |  4.68e-09 |      
     1290 |   0.4391 |  6.788235e+06 |   +0.75% |  6.83e-09 |      
     1300 |   0.4046 |  6.858959e+06 |   +1.04% |  9.95e-09 |      
     1310 |   0.3761 |  6.895826e+06 |   +0.54% |  1.45e-08 |      
     1320 |   0.3498 |  6.912865e+06 |   +0.25% |  2.13e-08 |      
     1330 |   0.3217 |  6.921608e+06 |   +0.13% |  3.12e-08 |      
[INFO GPL-0040] Routability iteration: 9
[INFO GPL-0041] Total routing overflow: 114.5424
[INFO GPL-0042] Number of overflowed tiles: 1960 (0.71%)
[INFO GPL-0043] Average top 0.5% routing congestion: 1.0791
[INFO GPL-0044] Average top 1.0% routing congestion: 1.0388
[INFO GPL-0045] Average top 2.0% routing congestion: 1.0008
[INFO GPL-0046] Average top 5.0% routing congestion: 0.9500
[INFO GPL-0047] Routability iteration weighted routing congestion: 1.0589
[INFO GPL-0048] Routing congestion (1.0589) lower than previous minimum (1.065). Updating minimum.
[INFO GPL-0051] Inflated area:                 502.486 um^2 (+0.14%)
[INFO GPL-0052] Placement target density:       0.3149
[INFO GPL-0076] Removing fillers, count: Before: 25769, After: 25529 (-0.93%)
[INFO GPL-0077] Filler area (um^2)     : Before: 53886.780, After: 53384.905 (-0.93%)
[INFO GPL-0078] Removed fillers count: 240, area removed: 501.875 um^2. Remaining area to be compensated by modifying density: 0.611 um^2
[INFO GPL-0058] White space area:           1279390.574 um^2 (+0.00%)
[INFO GPL-0059] Movable instances area:     402855.199 um^2 (+0.00%)
[INFO GPL-0060] Total filler area:           53384.905 um^2 (-0.93%)
[INFO GPL-0061] Total non-inflated area:    402861.117 um^2 (+0.00%)
[INFO GPL-0062] Total inflated area:        403363.603 um^2 (+0.00%)
[INFO GPL-0063] New Target Density:             0.3149
[INFO GPL-0087] Routability end iteration: increase inflation and revert back to snapshot.
Iteration | Overflow |     HPWL (um) |  HPWL(%) |   Penalty | Group
---------------------------------------------------------------
     1340 |   0.5970 |  6.617120e+06 |   -4.40% |  6.06e-10 |      
     1350 |   0.5956 |  6.559405e+06 |   -0.87% |  8.82e-10 |      
     1360 |   0.5798 |  6.565770e+06 |   +0.10% |  1.29e-09 |      
     1370 |   0.5538 |  6.586498e+06 |   +0.32% |  1.90e-09 |      
     1380 |   0.5196 |  6.639055e+06 |   +0.80% |  2.77e-09 |      
     1390 |   0.4839 |  6.710239e+06 |   +1.07% |  4.03e-09 |      
     1400 |   0.4521 |  6.773473e+06 |   +0.94% |  5.87e-09 |      
     1410 |   0.4166 |  6.837058e+06 |   +0.94% |  8.55e-09 |      
     1420 |   0.3879 |  6.887948e+06 |   +0.74% |  1.25e-08 |      
     1430 |   0.3613 |  6.913910e+06 |   +0.38% |  1.83e-08 |      
     1440 |   0.3322 |  6.920396e+06 |   +0.09% |  2.68e-08 |      
     1450 |   0.3069 |  6.934700e+06 |   +0.21% |  3.93e-08 |      
[INFO GPL-0040] Routability iteration: 10
[INFO GPL-0041] Total routing overflow: 112.2188
[INFO GPL-0042] Number of overflowed tiles: 1876 (0.68%)
[INFO GPL-0043] Average top 0.5% routing congestion: 1.0784
[INFO GPL-0044] Average top 1.0% routing congestion: 1.0373
[INFO GPL-0045] Average top 2.0% routing congestion: 0.9996
[INFO GPL-0046] Average top 5.0% routing congestion: 0.9493
[INFO GPL-0047] Routability iteration weighted routing congestion: 1.0579
[INFO GPL-0048] Routing congestion (1.0579) lower than previous minimum (1.059). Updating minimum.
[INFO GPL-0051] Inflated area:                 441.932 um^2 (+0.13%)
[INFO GPL-0052] Placement target density:       0.3149
[INFO GPL-0076] Removing fillers, count: Before: 25529, After: 25318 (-0.83%)
[INFO GPL-0077] Filler area (um^2)     : Before: 53384.905, After: 52943.672 (-0.83%)
[INFO GPL-0078] Removed fillers count: 211, area removed: 441.232 um^2. Remaining area to be compensated by modifying density: 0.700 um^2
[INFO GPL-0058] White space area:           1279390.574 um^2 (+0.00%)
[INFO GPL-0059] Movable instances area:     402855.199 um^2 (+0.00%)
[INFO GPL-0060] Total filler area:           52943.672 um^2 (-0.83%)
[INFO GPL-0061] Total non-inflated area:    402861.817 um^2 (+0.00%)
[INFO GPL-0062] Total inflated area:        403303.749 um^2 (+0.00%)
[INFO GPL-0063] New Target Density:             0.3149
[INFO GPL-0087] Routability end iteration: increase inflation and revert back to snapshot.
Iteration | Overflow |     HPWL (um) |  HPWL(%) |   Penalty | Group
---------------------------------------------------------------
     1460 |   0.5972 |  6.569013e+06 |   -5.27% |  7.57e-10 |      
     1470 |   0.5873 |  6.564205e+06 |   -0.07% |  1.11e-09 |      
     1480 |   0.5654 |  6.588053e+06 |   +0.36% |  1.63e-09 |      
     1490 |   0.5351 |  6.613752e+06 |   +0.39% |  2.38e-09 |      
     1500 |   0.4988 |  6.679588e+06 |   +1.00% |  3.47e-09 |      
     1510 |   0.4653 |  6.756726e+06 |   +1.15% |  5.04e-09 |      
     1520 |   0.4321 |  6.808849e+06 |   +0.77% |  7.36e-09 |      
     1530 |   0.3987 |  6.874537e+06 |   +0.96% |  1.07e-08 |      
     1540 |   0.3718 |  6.906505e+06 |   +0.47% |  1.57e-08 |      
     1550 |   0.3445 |  6.917504e+06 |   +0.16% |  2.30e-08 |      
     1560 |   0.3171 |  6.930355e+06 |   +0.19% |  3.38e-08 |      
[INFO GPL-0040] Routability iteration: 11
[INFO GPL-0041] Total routing overflow: 111.9133
[INFO GPL-0042] Number of overflowed tiles: 1868 (0.68%)
[INFO GPL-0043] Average top 0.5% routing congestion: 1.0783
[INFO GPL-0044] Average top 1.0% routing congestion: 1.0370
[INFO GPL-0045] Average top 2.0% routing congestion: 0.9986
[INFO GPL-0046] Average top 5.0% routing congestion: 0.9483
[INFO GPL-0047] Routability iteration weighted routing congestion: 1.0576
[INFO GPL-0049] Routing congestion (1.0576) higher than minimum (1.0579). Consecutive non-improvement count: 1.
[INFO GPL-0051] Inflated area:                 418.856 um^2 (+0.12%)
[INFO GPL-0052] Placement target density:       0.3149
[INFO GPL-0076] Removing fillers, count: Before: 25318, After: 25118 (-0.79%)
[INFO GPL-0077] Filler area (um^2)     : Before: 52943.672, After: 52525.443 (-0.79%)
[INFO GPL-0078] Removed fillers count: 200, area removed: 418.229 um^2. Remaining area to be compensated by modifying density: 0.627 um^2
[INFO GPL-0058] White space area:           1279390.574 um^2 (+0.00%)
[INFO GPL-0059] Movable instances area:     402855.199 um^2 (+0.00%)
[INFO GPL-0060] Total filler area:           52525.443 um^2 (-0.79%)
[INFO GPL-0061] Total non-inflated area:    402862.444 um^2 (+0.00%)
[INFO GPL-0062] Total inflated area:        403281.300 um^2 (+0.00%)
[INFO GPL-0063] New Target Density:             0.3149
[INFO GPL-0087] Routability end iteration: increase inflation and revert back to snapshot.
Iteration | Overflow |     HPWL (um) |  HPWL(%) |   Penalty | Group
---------------------------------------------------------------
     1570 |   0.5984 |  6.532159e+06 |   -5.75% |  6.55e-10 |      
     1580 |   0.5942 |  6.561940e+06 |   +0.46% |  9.52e-10 |      
     1590 |   0.5758 |  6.573075e+06 |   +0.17% |  1.40e-09 |      
     1600 |   0.5478 |  6.595569e+06 |   +0.34% |  2.04e-09 |      
     1610 |   0.5123 |  6.655959e+06 |   +0.92% |  2.98e-09 |      
     1620 |   0.4785 |  6.731410e+06 |   +1.13% |  4.34e-09 |      
     1630 |   0.4456 |  6.787380e+06 |   +0.83% |  6.32e-09 |      
     1640 |   0.4106 |  6.853943e+06 |   +0.98% |  9.21e-09 |      
     1650 |   0.3825 |  6.897447e+06 |   +0.63% |  1.35e-08 |      
     1660 |   0.3560 |  6.921459e+06 |   +0.35% |  1.97e-08 |      
     1670 |   0.3269 |  6.926664e+06 |   +0.08% |  2.89e-08 |      
     1680 |   0.3007 |  6.940592e+06 |   +0.20% |  4.24e-08 |      
[INFO GPL-0040] Routability iteration: 12
[INFO GPL-0041] Total routing overflow: 101.7267
[INFO GPL-0042] Number of overflowed tiles: 1812 (0.65%)
[INFO GPL-0043] Average top 0.5% routing congestion: 1.0715
[INFO GPL-0044] Average top 1.0% routing congestion: 1.0328
[INFO GPL-0045] Average top 2.0% routing congestion: 0.9963
[INFO GPL-0046] Average top 5.0% routing congestion: 0.9467
[INFO GPL-0047] Routability iteration weighted routing congestion: 1.0522
[INFO GPL-0048] Routing congestion (1.0522) lower than previous minimum (1.058). Updating minimum.
[INFO GPL-0051] Inflated area:                 374.226 um^2 (+0.11%)
[INFO GPL-0052] Placement target density:       0.3149
[INFO GPL-0076] Removing fillers, count: Before: 25118, After: 24940 (-0.71%)
[INFO GPL-0077] Filler area (um^2)     : Before: 52525.443, After: 52153.219 (-0.71%)
[INFO GPL-0078] Removed fillers count: 178, area removed: 372.224 um^2. Remaining area to be compensated by modifying density: 2.002 um^2
[INFO GPL-0058] White space area:           1279390.574 um^2 (+0.00%)
[INFO GPL-0059] Movable instances area:     402855.199 um^2 (+0.00%)
[INFO GPL-0060] Total filler area:           52153.219 um^2 (-0.71%)
[INFO GPL-0061] Total non-inflated area:    402864.446 um^2 (+0.00%)
[INFO GPL-0062] Total inflated area:        403238.672 um^2 (+0.00%)
[INFO GPL-0063] New Target Density:             0.3149
[INFO GPL-0087] Routability end iteration: increase inflation and revert back to snapshot.
Iteration | Overflow |     HPWL (um) |  HPWL(%) |   Penalty | Group
---------------------------------------------------------------
     1690 |   0.5972 |  6.560192e+06 |   -5.48% |  8.17e-10 |      
     1700 |   0.5841 |  6.562654e+06 |   +0.04% |  1.20e-09 |      
     1710 |   0.5594 |  6.589777e+06 |   +0.41% |  1.75e-09 |      
     1720 |   0.5274 |  6.631393e+06 |   +0.63% |  2.56e-09 |      
     1730 |   0.4917 |  6.700328e+06 |   +1.04% |  3.74e-09 |      
     1740 |   0.4589 |  6.770729e+06 |   +1.05% |  5.43e-09 |      
     1750 |   0.4240 |  6.828333e+06 |   +0.85% |  7.93e-09 |      
     1760 |   0.3938 |  6.886699e+06 |   +0.85% |  1.16e-08 |      
     1770 |   0.3665 |  6.916739e+06 |   +0.44% |  1.69e-08 |      
     1780 |   0.3389 |  6.927459e+06 |   +0.15% |  2.48e-08 |      
     1790 |   0.3128 |  6.942982e+06 |   +0.22% |  3.64e-08 |      
[INFO GPL-0040] Routability iteration: 13
[INFO GPL-0041] Total routing overflow: 94.5844
[INFO GPL-0042] Number of overflowed tiles: 1724 (0.62%)
[INFO GPL-0043] Average top 0.5% routing congestion: 1.0671
[INFO GPL-0044] Average top 1.0% routing congestion: 1.0293
[INFO GPL-0045] Average top 2.0% routing congestion: 0.9939
[INFO GPL-0046] Average top 5.0% routing congestion: 0.9457
[INFO GPL-0047] Routability iteration weighted routing congestion: 1.0482
[INFO GPL-0048] Routing congestion (1.0482) lower than previous minimum (1.052). Updating minimum.
[INFO GPL-0051] Inflated area:                 342.502 um^2 (+0.10%)
[INFO GPL-0052] Placement target density:       0.3149
[INFO GPL-0076] Removing fillers, count: Before: 24940, After: 24777 (-0.65%)
[INFO GPL-0077] Filler area (um^2)     : Before: 52153.219, After: 51812.362 (-0.65%)
[INFO GPL-0078] Removed fillers count: 163, area removed: 340.857 um^2. Remaining area to be compensated by modifying density: 1.645 um^2
[INFO GPL-0058] White space area:           1279390.574 um^2 (+0.00%)
[INFO GPL-0059] Movable instances area:     402855.199 um^2 (+0.00%)
[INFO GPL-0060] Total filler area:           51812.362 um^2 (-0.65%)
[INFO GPL-0061] Total non-inflated area:    402866.091 um^2 (+0.00%)
[INFO GPL-0062] Total inflated area:        403208.593 um^2 (+0.00%)
[INFO GPL-0063] New Target Density:             0.3149
[INFO GPL-0087] Routability end iteration: increase inflation and revert back to snapshot.
Iteration | Overflow |     HPWL (um) |  HPWL(%) |   Penalty | Group
---------------------------------------------------------------
     1800 |   0.5975 |  6.576288e+06 |   -5.28% |  7.01e-10 |      
     1810 |   0.5914 |  6.564009e+06 |   -0.19% |  1.03e-09 |      
     1820 |   0.5710 |  6.582462e+06 |   +0.28% |  1.51e-09 |      
     1830 |   0.5412 |  6.608314e+06 |   +0.39% |  2.21e-09 |      
     1840 |   0.5060 |  6.672170e+06 |   +0.97% |  3.21e-09 |      
     1850 |   0.4723 |  6.750469e+06 |   +1.17% |  4.67e-09 |      
     1860 |   0.4393 |  6.801091e+06 |   +0.75% |  6.82e-09 |      
     1870 |   0.4051 |  6.869592e+06 |   +1.01% |  9.93e-09 |      
     1880 |   0.3769 |  6.908467e+06 |   +0.57% |  1.45e-08 |      
     1890 |   0.3510 |  6.927839e+06 |   +0.28% |  2.13e-08 |      
     1900 |   0.3223 |  6.936961e+06 |   +0.13% |  3.13e-08 |      
[INFO GPL-0040] Routability iteration: 14
[INFO GPL-0041] Total routing overflow: 94.4749
[INFO GPL-0042] Number of overflowed tiles: 1692 (0.61%)
[INFO GPL-0043] Average top 0.5% routing congestion: 1.0672
[INFO GPL-0044] Average top 1.0% routing congestion: 1.0291
[INFO GPL-0045] Average top 2.0% routing congestion: 0.9936
[INFO GPL-0046] Average top 5.0% routing congestion: 0.9453
[INFO GPL-0047] Routability iteration weighted routing congestion: 1.0482
[INFO GPL-0049] Routing congestion (1.0482) higher than minimum (1.0482). Consecutive non-improvement count: 1.
[INFO GPL-0051] Inflated area:                 310.101 um^2 (+0.09%)
[INFO GPL-0052] Placement target density:       0.3149
[INFO GPL-0076] Removing fillers, count: Before: 24777, After: 24629 (-0.60%)
[INFO GPL-0077] Filler area (um^2)     : Before: 51812.362, After: 51502.872 (-0.60%)
[INFO GPL-0078] Removed fillers count: 148, area removed: 309.490 um^2. Remaining area to be compensated by modifying density: 0.611 um^2
[INFO GPL-0058] White space area:           1279390.574 um^2 (+0.00%)
[INFO GPL-0059] Movable instances area:     402855.199 um^2 (+0.00%)
[INFO GPL-0060] Total filler area:           51502.872 um^2 (-0.60%)
[INFO GPL-0061] Total non-inflated area:    402866.702 um^2 (+0.00%)
[INFO GPL-0062] Total inflated area:        403176.802 um^2 (+0.00%)
[INFO GPL-0063] New Target Density:             0.3149
[INFO GPL-0087] Routability end iteration: increase inflation and revert back to snapshot.
Iteration | Overflow |     HPWL (um) |  HPWL(%) |   Penalty | Group
---------------------------------------------------------------
     1910 |   0.5989 |  6.611028e+06 |   -4.70% |  6.06e-10 |      
     1920 |   0.5966 |  6.556690e+06 |   -0.82% |  8.81e-10 |      
     1930 |   0.5802 |  6.567702e+06 |   +0.17% |  1.29e-09 |      
     1940 |   0.5540 |  6.595019e+06 |   +0.42% |  1.89e-09 |      
     1950 |   0.5197 |  6.650907e+06 |   +0.85% |  2.76e-09 |      
     1960 |   0.4850 |  6.721431e+06 |   +1.06% |  4.02e-09 |      
     1970 |   0.4529 |  6.784291e+06 |   +0.94% |  5.86e-09 |      
     1980 |   0.4180 |  6.844945e+06 |   +0.89% |  8.54e-09 |      
     1990 |   0.3896 |  6.897291e+06 |   +0.76% |  1.25e-08 |      
     2000 |   0.3613 |  6.926900e+06 |   +0.43% |  1.83e-08 |      
     2010 |   0.3338 |  6.934422e+06 |   +0.11% |  2.68e-08 |      
     2020 |   0.3073 |  6.950740e+06 |   +0.24% |  3.93e-08 |      
[INFO GPL-0040] Routability iteration: 15
[INFO GPL-0041] Total routing overflow: 97.0488
[INFO GPL-0042] Number of overflowed tiles: 1676 (0.61%)
[INFO GPL-0043] Average top 0.5% routing congestion: 1.0692
[INFO GPL-0044] Average top 1.0% routing congestion: 1.0296
[INFO GPL-0045] Average top 2.0% routing congestion: 0.9931
[INFO GPL-0046] Average top 5.0% routing congestion: 0.9446
[INFO GPL-0047] Routability iteration weighted routing congestion: 1.0494
[INFO GPL-0049] Routing congestion (1.0494) higher than minimum (1.0482). Consecutive non-improvement count: 2.
[INFO GPL-0051] Inflated area:                 305.371 um^2 (+0.09%)
[INFO GPL-0052] Placement target density:       0.3149
[INFO GPL-0076] Removing fillers, count: Before: 24629, After: 24483 (-0.59%)
[INFO GPL-0077] Filler area (um^2)     : Before: 51502.872, After: 51197.564 (-0.59%)
[INFO GPL-0078] Removed fillers count: 146, area removed: 305.308 um^2. Remaining area to be compensated by modifying density: 0.063 um^2
[INFO GPL-0058] White space area:           1279390.574 um^2 (+0.00%)
[INFO GPL-0059] Movable instances area:     402855.199 um^2 (+0.00%)
[INFO GPL-0060] Total filler area:           51197.564 um^2 (-0.59%)
[INFO GPL-0061] Total non-inflated area:    402866.765 um^2 (+0.00%)
[INFO GPL-0062] Total inflated area:        403172.136 um^2 (+0.00%)
[INFO GPL-0063] New Target Density:             0.3149
[INFO GPL-0087] Routability end iteration: increase inflation and revert back to snapshot.
Iteration | Overflow |     HPWL (um) |  HPWL(%) |   Penalty | Group
---------------------------------------------------------------
     2030 |   0.5982 |  6.565732e+06 |   -5.54% |  7.57e-10 |      
     2040 |   0.5880 |  6.564121e+06 |   -0.02% |  1.11e-09 |      
     2050 |   0.5659 |  6.592448e+06 |   +0.43% |  1.63e-09 |      
     2060 |   0.5354 |  6.624067e+06 |   +0.48% |  2.38e-09 |      
     2070 |   0.4996 |  6.690369e+06 |   +1.00% |  3.46e-09 |      
     2080 |   0.4666 |  6.766347e+06 |   +1.14% |  5.03e-09 |      
     2090 |   0.4321 |  6.817759e+06 |   +0.76% |  7.35e-09 |      
     2100 |   0.3993 |  6.882769e+06 |   +0.95% |  1.07e-08 |      
     2110 |   0.3715 |  6.918079e+06 |   +0.51% |  1.57e-08 |      
     2120 |   0.3459 |  6.933235e+06 |   +0.22% |  2.30e-08 |      
     2130 |   0.3173 |  6.948895e+06 |   +0.23% |  3.37e-08 |      
[INFO GPL-0040] Routability iteration: 16
[INFO GPL-0041] Total routing overflow: 96.8219
[INFO GPL-0042] Number of overflowed tiles: 1621 (0.59%)
[INFO GPL-0043] Average top 0.5% routing congestion: 1.0693
[INFO GPL-0044] Average top 1.0% routing congestion: 1.0289
[INFO GPL-0045] Average top 2.0% routing congestion: 0.9922
[INFO GPL-0046] Average top 5.0% routing congestion: 0.9441
[INFO GPL-0047] Routability iteration weighted routing congestion: 1.0491
[INFO GPL-0049] Routing congestion (1.0491) higher than minimum (1.0482). Consecutive non-improvement count: 3.
[INFO GPL-0051] Inflated area:                 310.717 um^2 (+0.09%)
[INFO GPL-0052] Placement target density:       0.3149
[INFO GPL-0076] Removing fillers, count: Before: 24483, After: 24335 (-0.60%)
[INFO GPL-0077] Filler area (um^2)     : Before: 51197.564, After: 50888.074 (-0.60%)
[INFO GPL-0078] Removed fillers count: 148, area removed: 309.490 um^2. Remaining area to be compensated by modifying density: 1.227 um^2
[INFO GPL-0054] No improvement in routing congestion for 3 consecutive iterations (limit is 3).
[INFO GPL-0055] Reverting inflation values and target density from the iteration with minimum observed routing congestion.
[INFO GPL-0056] Minimum observed routing congestion: 1.0482
[INFO GPL-0057] Target density at minimum routing congestion: 0.3149
[INFO GPL-0080] Restoring 605 previously removed fillers.
[INFO GPL-0081] Number of fillers before restoration 24335 and after 24940 . Relative change: +2.49%%
[INFO GPL-0082] Total filler area before restoration 50888.07 and after 52153.22 (um^2). Relative change: +2.49%%
[INFO GPL-0089] Routability finished. Reverting to minimal observed routing congestion, could not reach target.
Iteration | Overflow |     HPWL (um) |  HPWL(%) |   Penalty | Group
---------------------------------------------------------------
     2140 |   0.5972 |  6.531204e+06 |   -6.01% |  6.55e-10 |      
     2150 |   0.5933 |  6.558645e+06 |   +0.42% |  9.52e-10 |      
     2160 |   0.5750 |  6.570726e+06 |   +0.18% |  1.40e-09 |      
     2170 |   0.5468 |  6.594979e+06 |   +0.37% |  2.04e-09 |      
     2180 |   0.5116 |  6.657014e+06 |   +0.94% |  2.98e-09 |      
     2190 |   0.4777 |  6.732395e+06 |   +1.13% |  4.34e-09 |      
     2200 |   0.4452 |  6.788937e+06 |   +0.84% |  6.32e-09 |      
     2210 |   0.4097 |  6.855079e+06 |   +0.97% |  9.21e-09 |      
     2220 |   0.3818 |  6.899093e+06 |   +0.64% |  1.35e-08 |      
     2230 |   0.3558 |  6.924512e+06 |   +0.37% |  1.97e-08 |      
     2240 |   0.3266 |  6.932394e+06 |   +0.11% |  2.89e-08 |      
     2250 |   0.3003 |  6.948018e+06 |   +0.23% |  4.24e-08 |      
     2260 |   0.2734 |  6.940154e+06 |   -0.11% |  6.23e-08 |      
     2270 |   0.2494 |  6.925927e+06 |   -0.20% |  9.17e-08 |      
     2280 |   0.2245 |  6.912763e+06 |   -0.19% |  1.35e-07 |      
     2290 |   0.2016 |  6.891043e+06 |   -0.31% |  1.99e-07 |      
[INFO GPL-0100] Timing-driven iteration 2/2, virtual: false.
[INFO GPL-0101]    Iter: 2295, overflow: 0.193, keep resizer changes at: 1, HPWL: 13768503643
Iteration |   Area    | Resized | Buffers | Nets repaired | Remaining
---------------------------------------------------------------------
        0 |     +0.0% |       0 |       0 |             0 |    199902
    final |     +0.3% |      21 |    1455 |          1403 |         0
---------------------------------------------------------------------
[INFO RSZ-0034] Found 102 slew violations.
[INFO RSZ-0036] Found 687 capacitance violations.
[INFO RSZ-0037] Found 732 long wires.
[INFO RSZ-0039] Resized 21 instances.
[INFO RSZ-0038] Inserted 1455 buffers in 1403 nets.
   Iter   |    Area   | Removed | Inserted |   Pins
          |           | Buffers | Buffers  | Remaining
-------------------------------------------------------
        0 |     +0.0% |       0 |        0 |    169490
    16900 |     -0.0% |    2645 |     2640 |    152590
    33800 |     -0.2% |    8467 |     7980 |    135690
    50700 |     -0.3% |   10995 |    10145 |    118790
    67600 |     -0.4% |   13417 |    12499 |    101890
    84500 |     -0.4% |   15136 |    14043 |     84990
   101400 |     -0.4% |   16188 |    14980 |     68090
   118300 |     -0.4% |   19560 |    18586 |     51190
   135200 |     -0.3% |   21633 |    20980 |     34290
   152100 |     -0.3% |   23578 |    22987 |     17390
   169000 |     -0.4% |   25562 |    24947 |       490
    final |     -0.4% |   26706 |    26158 |         0
-------------------------------------------------------
[INFO GPL-0106] Timing-driven: worst slack -1.5673702e-09
[INFO GPL-0107] Timing-driven: repair_design delta area: -1360.921 um^2 (-0.39%)
[INFO GPL-0108] Timing-driven: repair_design, gpl delta gcells: 907 (+0.53%)
[INFO GPL-0109] Timing-driven: repair_design, gcells created: 27613, deleted: 26706
[INFO GPL-0110] Timing-driven: new target density: 0.31457284
Iteration | Overflow |     HPWL (um) |  HPWL(%) |   Penalty | Group
---------------------------------------------------------------
     2300 |   0.1952 |  7.113144e+06 |   +3.22% |  2.78e-07 |      
     2310 |   0.1723 |  7.115091e+06 |   +0.03% |  4.09e-07 |      
     2320 |   0.1554 |  7.110981e+06 |   -0.06% |  6.01e-07 |      
     2330 |   0.1384 |  7.062439e+06 |   -0.68% |  8.86e-07 |      
     2340 |   0.1226 |  7.032380e+06 |   -0.43% |  1.31e-06 |      
     2350 |   0.1091 |  7.042512e+06 |   +0.14% |  1.92e-06 |      
     2358 |   0.0993 |  7.065045e+06 |          |  2.71e-06 |      
---------------------------------------------------------------
[INFO GPL-1001] Global placement finished at iteration 2358
[INFO GPL-1003] Routability mode iteration count: 1892
[INFO GPL-1005] Routability final weighted congestion: 1.1106
[INFO GPL-1002] Placed Cell Area            349350.3066
[INFO GPL-1003] Available Free Area         1279390.5740
[INFO GPL-1004] Minimum Feasible Density        0.2400 (cell_area / free_area)
[INFO GPL-1006]   Suggested Target Densities:
[INFO GPL-1007]     - For 90% usage of free space: 0.3034
[INFO GPL-1008]     - For 80% usage of free space: 0.3413
[INFO GPL-1009]     - For 50% usage of free space: 0.5461
[INFO GPL-1011] Original area (um^2): 305116.88
[INFO GPL-1012] Total routability artificial inflation: 11203.61 (+3.67%)
[INFO GPL-1013] Total timing-driven delta area: 33029.82 (+10.83%)
[INFO GPL-1014] Final placement area: 349350.31 (+14.50%)
Took 1041 seconds: global_placement -density 0.2879999949038029 -pad_left 0 -pad_right 0 -routability_driven -timing_driven -force_center_initial_place -min_phi_coef 0.95 -max_phi_coef 1.05
estimate_parasitics -placement
Took 10 seconds: estimate_parasitics -placement
Report metrics stage 3, global place...

==========================================================================
global place report_design_area
--------------------------------------------------------------------------
Design area 737665 um^2 36% utilization.
write_db ./results/nangate45/ariane133/base/3_3_place_gp.odb
Elapsed time: 18:10.60[h:]min:sec. CPU time: user 2137.22 sys 190.76 (213%). Peak memory: 2393476KB.
Log                        Elapsed/s Peak Memory/MB  sha1sum .odb [0:20)
3_3_place_gp                    1090           2337 55426aa54117206dc919
