OpenROAD 26Q1-2900-gdf79404cd8 
Features included (+) or not (-): +GPU +GUI +Python
This program is licensed under the BSD-3 license. See the LICENSE file for details.
Components of this program may be licensed under more restrictive licenses which must be honored.
[INFO ORD-0030] Using 8 thread(s).
read_liberty /OpenROAD-flow-scripts/flow/platforms/nangate45/lib/NangateOpenCellLibrary_typical.lib
read_liberty /OpenROAD-flow-scripts/flow/platforms/nangate45/lib/fakeram45_256x16.lib
read_db ./results/nangate45/ariane133/base/3_4_place_resized.odb
read_sdc ./results/nangate45/ariane133/base/2_floorplan.sdc
source /OpenROAD-flow-scripts/flow/platforms/nangate45/setRC.tcl
[INFO DPL-0005] Max displacement: +/- 500 sites horizontally, +/- 100 rows vertically.
Movements Summary
---------------------------------------
Total cells:                  172063
Diamond Move Success:         172063 (100.00%)
Diamond Move Failure:              0
Rip-up and replace Success:        0 (  0.00% of diamond failures)
Rip-up and replace Failure:        0
Total Placement Failures:          0
---------------------------------------
Placement Analysis
---------------------------------
total displacement     111266.8 u
average displacement        0.6 u
max displacement           23.8 u
original HPWL         7069140.2 u
legalized HPWL        7129516.0 u
delta HPWL                    1 %

Detailed placement improvement.
[INFO DPL-0401] Setting random seed to 1.
[INFO DPL-0402] Setting maximum displacement 5 1 to 14000 2800 units.
[INFO DPL-0320] Collected 19926 fixed cells.
[INFO DPL-0318] Collected 172063 single height cells.
[INFO DPL-0321] Collected 0 wide cells.
[INFO DPL-0322] Image (20140, 25200) - (2895980, 2895200)
[INFO DPL-0310] Assigned 172063 cells into segments.  Movement in X-direction is 0.000000, movement in Y-direction is 0.000000.
[INFO DPL-0313] Found 0 cells in wrong regions.
[INFO DPL-0315] Found 0 row alignment problems.
[INFO DPL-0314] Found 0 site alignment problems.
[INFO DPL-0311] Found 0 overlaps between adjacent cells.
[INFO DPL-0312] Found 0 edge spacing violations and 0 padding violations.
[INFO DPL-0303] Running algorithm for independent set matching.
[INFO DPL-0300] Set matching objective is wirelength.
[INFO DPL-0301] Pass   1 of matching; objective is 1.461865e+10.
[INFO DPL-0302] End of matching; objective is 1.461675e+10, improvement is 0.01 percent.
[INFO DPL-0303] Running algorithm for global swaps.
[INFO DPL-0306] Pass   1 of global swaps; hpwl is 1.448371e+10.
[INFO DPL-0307] End of global swaps; objective is 1.448371e+10, improvement is 0.91 percent.
[INFO DPL-0303] Running algorithm for vertical swaps.
[INFO DPL-0308] Pass   1 of vertical swaps; hpwl is 1.445759e+10.
[INFO DPL-0309] End of vertical swaps; objective is 1.445759e+10, improvement is 0.18 percent.
[INFO DPL-0303] Running algorithm for reordering.
[INFO DPL-0304] Pass   1 of reordering; objective is 1.445142e+10.
[INFO DPL-0305] End of reordering; objective is 1.445142e+10, improvement is 0.04 percent.
[INFO DPL-0303] Running algorithm for random improvement.
[INFO DPL-0324] Random improver is using random generator.
[INFO DPL-0325] Random improver is using hpwl objective.
[INFO DPL-0326] Random improver cost string is (a).
[INFO DPL-0332] End of pass, Generator random called 3441260 times.
[INFO DPL-0335] Generator random, Cumulative attempts 3441260, swaps 160708, moves 1566355 since last reset.
[INFO DPL-0333] End of pass, Objective hpwl, Initial cost 1.443201e+10, Scratch cost 1.434482e+10, Incremental cost 1.434482e+10, Mismatch? N
[INFO DPL-0338] End of pass, Total cost is 1.434482e+10.
[INFO DPL-0327] Pass   1 of random improver; improvement in cost is 0.60 percent.
[INFO DPL-0328] End of random improver; improvement is 0.604175 percent.
[INFO DPL-0380] Cell flipping.
[INFO DPL-0382] Changed 0 cell orientations for row compatibility.
[INFO DPL-0383] Performed 59627 cell flips.
[INFO DPL-0384] End of flipping; objective is 1.427810e+10, improvement is 0.60 percent.
[INFO DPL-0313] Found 0 cells in wrong regions.
[INFO DPL-0315] Found 0 row alignment problems.
[INFO DPL-0314] Found 0 site alignment problems.
[INFO DPL-0311] Found 0 overlaps between adjacent cells.
[INFO DPL-0312] Found 0 edge spacing violations and 0 padding violations.
Detailed Improvement Results
------------------------------------------
Original HPWL          7129516.0 u ( 3706357.5,  3423158.5)
Final HPWL             6972096.4 u ( 3609654.9,  3362441.4)
Delta HPWL                  -2.2 % (      -2.6,       -1.8)

[INFO DPL-0020] Mirrored 11581 instances
[INFO DPL-0021] HPWL before          6972096.4 u
[INFO DPL-0022] HPWL after           6970882.3 u
[INFO DPL-0023] HPWL delta               -0.0 %
[INFO FLW-0012] Placement violations .
estimate_parasitics -placement
Took 10 seconds: estimate_parasitics -placement
Report metrics stage 3, detailed place...

==========================================================================
detailed place report_design_area
--------------------------------------------------------------------------
Design area 738004 um^2 36% utilization.
write_db ./results/nangate45/ariane133/base/3_5_place_dp.odb
Elapsed time: 2:16.72[h:]min:sec. CPU time: user 186.29 sys 13.98 (146%). Peak memory: 1660508KB.
Log                        Elapsed/s Peak Memory/MB  sha1sum .odb [0:20)
3_5_place_dp                     136           1621 6ffa0519bea64de41f53
