[2026-07-04 20:44:33.985] [miter_logger] [info] MiterStrategy::run starting
[2026-07-04 20:44:33.985] [miter_logger] [info] Collecting POs for design 0: ariane

[2026-07-04 20:44:34.829] [miter_logger] [info] Collected 67812 POs for design 0

[2026-07-04 20:44:34.836] [miter_logger] [info] Collecting POs for design 1: ariane

[2026-07-04 20:44:35.659] [miter_logger] [info] Collected 67812 POs for design 1

[2026-07-04 20:44:35.659] [miter_logger] [info] normalizeInputs: starting
[2026-07-04 20:44:35.802] [miter_logger] [info] size of common inputs: 46611
[2026-07-04 20:44:35.802] [miter_logger] [info] size of diff0 inputs: 0
[2026-07-04 20:44:35.802] [miter_logger] [info] size of diff1 inputs: 0
[2026-07-04 20:44:35.821] [miter_logger] [info] normalizeOutputs: starting
[2026-07-04 20:44:36.003] [miter_logger] [info] size of common outputs: 67812
[2026-07-04 20:44:36.003] [miter_logger] [info] size of diff0 outputs: 0
[2026-07-04 20:44:36.003] [miter_logger] [info] size of diff1 outputs: 0
[2026-07-04 20:44:36.021] [miter_logger] [info] size of PIs in circuit 0: 46611
[2026-07-04 20:44:36.021] [miter_logger] [info] size of PIs in circuit 1: 46611
[2026-07-04 20:44:36.021] [miter_logger] [info] size of POs in circuit 0: 67812
[2026-07-04 20:44:36.021] [miter_logger] [info] size of POs in circuit 1: 67812
[2026-07-04 20:44:40.896] [miter_logger] [info] Building miter expression
[2026-07-04 20:44:40.921] [miter_logger] [info] Finished building miter expression
[2026-07-04 20:44:42.403] [miter_logger] [info] SAT solver starting
[2026-07-04 20:49:05.966] [miter_logger] [info] SAT solver finished: UNSAT
[2026-07-04 20:49:05.966] [miter_logger] [info] Circuits are IDENTICAL
