OpenROAD 26Q1-2900-gdf79404cd8 
Features included (+) or not (-): +GPU +GUI +Python
This program is licensed under the BSD-3 license. See the LICENSE file for details.
Components of this program may be licensed under more restrictive licenses which must be honored.
[INFO ORD-0030] Using 8 thread(s).
read_liberty /OpenROAD-flow-scripts/flow/platforms/nangate45/lib/NangateOpenCellLibrary_typical.lib
read_liberty /OpenROAD-flow-scripts/flow/platforms/nangate45/lib/fakeram45_256x16.lib
read_db ./results/nangate45/ariane133/base/2_floorplan.odb
read_sdc ./results/nangate45/ariane133/base/2_floorplan.sdc
source /OpenROAD-flow-scripts/flow/platforms/nangate45/setRC.tcl
[INFO GPL-0022] Initialize gpl and calculate uniform density.
Placement density is 0.5059999978542328, computed from PLACE_DENSITY_LB_ADDON  0.10 and lower bound 0.4399999976158142
global_placement -skip_io -density 0.5059999978542328 -pad_left 4 -pad_right 4
[INFO GPL-0001] ---- Initialize GPL Main Data Structures
[INFO GPL-0002] DBU: 2000
[INFO GPL-0003] SiteSize: (  0.190  1.400 ) um
[INFO GPL-0004] CoreBBox: ( 10.070 12.600 ) ( 1447.990 1447.600 ) um
[INFO GPL-0036] Movable instances area:     643521.032 um^2
[INFO GPL-0037] Total instances area:       1078539.028 um^2
[INFO GPL-0035] Pin density area adjust:     48046.150 um^2
[INFO GPL-0032] ---- Initialize Region: Top-level
[INFO GPL-0006] Number of instances:            180045
[INFO GPL-0007] Movable instances:              162768
[INFO GPL-0008] Fixed instances:                 11938
[INFO GPL-0009] Dummy instances:                  5339
[INFO GPL-0010] Number of nets:                 191707
[INFO GPL-0011] Number of pins:                 614122
[INFO GPL-0012] Die BBox:  (  0.000  0.000 ) ( 1500.000 1500.000 ) um
[INFO GPL-0013] Core BBox: ( 10.070 12.600 ) ( 1447.990 1447.600 ) um
[INFO GPL-0016] Core area:                  2063415.200 um^2
[INFO GPL-0014] Region name: top-level.
[INFO GPL-0015] Region area:                2063415.200 um^2
[INFO GPL-0017] Fixed instances area:       491349.880 um^2
[INFO GPL-0018] Movable instances area:     691567.182 um^2
[INFO GPL-0019] Utilization:                    43.991 %
[INFO GPL-0020] Standard cells area:        691567.182 um^2
[INFO GPL-0021] Large instances area:            0.000 um^2
[INFO GPL-0005] ---- Execute Conjugate Gradient Initial Placement.
[INFO GPL-0051] Source of initial instance position counters:
	Odb location = 3042	Core center = 159726	Region center = 0
[INFO GPL-0033] ---- Initialize Nesterov Region: Top-level
[INFO GPL-0023] Placement target density:       0.5060
[INFO GPL-0024] Movable insts average area:      4.249 um^2
[INFO GPL-0025] Ideal bin area:                  8.397 um^2
[INFO GPL-0026] Ideal bin count:                245737
[INFO GPL-0027] Total bin area:             2063415.200 um^2
[INFO GPL-0028] Bin count (X, Y):         256 ,    256
[INFO GPL-0029] Bin size (W * H):       5.617 *  5.605 um
[INFO GPL-0030] Number of bins:                  65536
[INFO GPL-0007] ---- Execute Nesterov Global Placement.
[INFO GPL-0031] HPWL: Half-Perimeter Wirelength
Iteration | Overflow |     HPWL (um) |  HPWL(%) |   Penalty | Group
---------------------------------------------------------------
        0 |   0.9886 |  5.118272e+06 |   +0.00% |  4.75e-16 |      
       10 |   0.9696 |  2.637210e+06 |  -48.47% |  7.71e-16 |      
       20 |   0.9653 |  2.611746e+06 |   -0.97% |  1.25e-15 |      
       30 |   0.9642 |  2.645544e+06 |   +1.29% |  2.02e-15 |      
       40 |   0.9641 |  2.663258e+06 |   +0.67% |  3.28e-15 |      
       50 |   0.9633 |  2.673487e+06 |   +0.38% |  5.33e-15 |      
       60 |   0.9631 |  2.682273e+06 |   +0.33% |  8.66e-15 |      
       70 |   0.9627 |  2.693752e+06 |   +0.43% |  1.41e-14 |      
       80 |   0.9623 |  2.708273e+06 |   +0.54% |  2.29e-14 |      
       90 |   0.9613 |  2.728283e+06 |   +0.74% |  3.71e-14 |      
      100 |   0.9607 |  2.755593e+06 |   +1.00% |  6.01e-14 |      
      110 |   0.9597 |  2.790420e+06 |   +1.26% |  9.71e-14 |      
      120 |   0.9583 |  2.835434e+06 |   +1.61% |  1.57e-13 |      
      130 |   0.9565 |  2.895003e+06 |   +2.10% |  2.52e-13 |      
      140 |   0.9537 |  2.975965e+06 |   +2.80% |  4.03e-13 |      
      150 |   0.9495 |  3.086693e+06 |   +3.72% |  6.42e-13 |      
      160 |   0.9437 |  3.235217e+06 |   +4.81% |  1.01e-12 |      
      170 |   0.9353 |  3.421553e+06 |   +5.76% |  1.59e-12 |      
      180 |   0.9248 |  3.638008e+06 |   +6.33% |  2.46e-12 |      
      190 |   0.9111 |  3.889745e+06 |   +6.92% |  3.80e-12 |      
      200 |   0.8936 |  4.177673e+06 |   +7.40% |  5.82e-12 |      
      210 |   0.8734 |  4.489164e+06 |   +7.46% |  8.86e-12 |      
      220 |   0.8542 |  4.808932e+06 |   +7.12% |  1.35e-11 |      
      230 |   0.8335 |  5.133580e+06 |   +6.75% |  2.04e-11 |      
      240 |   0.8091 |  5.437740e+06 |   +5.92% |  3.11e-11 |      
      250 |   0.7815 |  5.698488e+06 |   +4.80% |  4.78e-11 |      
      260 |   0.7540 |  5.923932e+06 |   +3.96% |  7.40e-11 |      
      270 |   0.7218 |  6.107125e+06 |   +3.09% |  1.16e-10 |      
      280 |   0.6907 |  6.296880e+06 |   +3.11% |  1.81e-10 |      
      290 |   0.6579 |  6.500633e+06 |   +3.24% |  2.82e-10 |      
      300 |   0.6225 |  6.659129e+06 |   +2.44% |  4.43e-10 |      
      310 |   0.5809 |  6.765694e+06 |   +1.60% |  7.03e-10 |      
      320 |   0.5351 |  6.886430e+06 |   +1.78% |  1.12e-09 |      
      330 |   0.4905 |  6.995581e+06 |   +1.59% |  1.78e-09 |      
      340 |   0.4456 |  7.082319e+06 |   +1.24% |  2.84e-09 |      
      350 |   0.3994 |  7.159817e+06 |   +1.09% |  4.55e-09 |      
      360 |   0.3506 |  7.241348e+06 |   +1.14% |  7.28e-09 |      
      370 |   0.3158 |  7.257684e+06 |   +0.23% |  1.09e-08 |      
      380 |   0.2794 |  7.263848e+06 |   +0.08% |  1.60e-08 |      
      390 |   0.2485 |  7.268397e+06 |   +0.06% |  2.35e-08 |      
      400 |   0.2176 |  7.264002e+06 |   -0.06% |  3.47e-08 |      
      410 |   0.1904 |  7.258298e+06 |   -0.08% |  5.11e-08 |      
      420 |   0.1644 |  7.248787e+06 |   -0.13% |  7.52e-08 |      
      430 |   0.1418 |  7.241474e+06 |   -0.10% |  1.11e-07 |      
      440 |   0.1213 |  7.237557e+06 |   -0.05% |  1.63e-07 |      
      450 |   0.1033 |  7.235625e+06 |   -0.03% |  2.40e-07 |      
      452 |   0.1000 |  7.235183e+06 |          |  2.70e-07 |      
---------------------------------------------------------------
[INFO GPL-1001] Global placement finished at iteration 452
[INFO GPL-1002] Placed Cell Area            691567.1824
[INFO GPL-1003] Available Free Area         1572065.3200
[INFO GPL-1004] Minimum Feasible Density        0.4400 (cell_area / free_area)
[INFO GPL-1006]   Suggested Target Densities:
[INFO GPL-1007]     - For 90% usage of free space: 0.4888
[INFO GPL-1008]     - For 80% usage of free space: 0.5499
[INFO GPL-1009]     - For 50% usage of free space: 0.8798
[INFO GPL-1014] Final placement area: 691567.18 (+0.00%)
Took 53 seconds: global_placement -skip_io -density 0.5059999978542328 -pad_left 4 -pad_right 4
Design area 716755 um^2 35% utilization.
write_db ./results/nangate45/ariane133/base/3_1_place_gp_skip_io.odb
Elapsed time: 0:55.24[h:]min:sec. CPU time: user 130.85 sys 0.56 (237%). Peak memory: 678800KB.
Log                        Elapsed/s Peak Memory/MB  sha1sum .odb [0:20)
3_1_place_gp_skip_io              55            662 401b442d2621d47716e5
