OpenROAD 26Q1-2900-gdf79404cd8 
Features included (+) or not (-): +GPU +GUI +Python
This program is licensed under the BSD-3 license. See the LICENSE file for details.
Components of this program may be licensed under more restrictive licenses which must be honored.
[INFO ORD-0030] Using 8 thread(s).
read_liberty /OpenROAD-flow-scripts/flow/platforms/nangate45/lib/NangateOpenCellLibrary_typical.lib
read_liberty /OpenROAD-flow-scripts/flow/platforms/nangate45/lib/fakeram45_256x16.lib
read_db ./results/nangate45/ariane133/base/3_3_place_gp.odb
read_sdc ./results/nangate45/ariane133/base/2_floorplan.sdc
source /OpenROAD-flow-scripts/flow/platforms/nangate45/setRC.tcl
estimate_parasitics -placement
Took 11 seconds: estimate_parasitics -placement
Perform buffer insertion and gate resizing...
repair_design -verbose
Iteration |   Area    | Resized | Buffers | Nets repaired | Remaining
---------------------------------------------------------------------
        0 |     +0.0% |       0 |       0 |             0 |    198358
     1000 |     +0.0% |       0 |       0 |             0 |    197358
     2000 |     +0.0% |       0 |       0 |             0 |    196358
     3000 |     +0.0% |       0 |       0 |             0 |    195358
     4000 |     +0.0% |       0 |       0 |             0 |    194358
     5000 |     +0.0% |       0 |       0 |             0 |    193358
     6000 |     +0.0% |       0 |       0 |             0 |    192358
     7000 |     +0.0% |       0 |       0 |             0 |    191358
     8000 |     +0.0% |       0 |       0 |             0 |    190358
     9000 |     +0.0% |       0 |       0 |             0 |    189358
    10000 |     +0.0% |       0 |       0 |             0 |    188358
    11000 |     +0.0% |       0 |       0 |             0 |    187358
    12000 |     +0.0% |       0 |       0 |             0 |    186358
    13000 |     +0.0% |       0 |       0 |             0 |    185358
    14000 |     +0.0% |       0 |       1 |             1 |    184358
    15000 |     +0.0% |       0 |       1 |             1 |    183358
    16000 |     +0.0% |       0 |       1 |             1 |    182358
    17000 |     +0.0% |       0 |       1 |             1 |    181358
    18000 |     +0.0% |       0 |       1 |             1 |    180358
    19000 |     +0.0% |       0 |       3 |             3 |    179358
    20000 |     +0.0% |       0 |       3 |             3 |    178358
    21000 |     +0.0% |       0 |       3 |             3 |    177358
    22000 |     +0.0% |       0 |       3 |             3 |    176358
    23000 |     +0.0% |       0 |       3 |             3 |    175358
    24000 |     +0.0% |       0 |       3 |             3 |    174358
    25000 |     +0.0% |       0 |       3 |             3 |    173358
    26000 |     +0.0% |       0 |       3 |             3 |    172358
    27000 |     +0.0% |       0 |       3 |             3 |    171358
    28000 |     +0.0% |       0 |       3 |             3 |    170358
    29000 |     +0.0% |       0 |       3 |             3 |    169358
    30000 |     +0.0% |       0 |       4 |             4 |    168358
    31000 |     +0.0% |       0 |       4 |             4 |    167358
    32000 |     +0.0% |       0 |       4 |             4 |    166358
    33000 |     +0.0% |       0 |       4 |             4 |    165358
    34000 |     +0.0% |       0 |       4 |             4 |    164358
    35000 |     +0.0% |       0 |       6 |             6 |    163358
    36000 |     +0.0% |       0 |       6 |             6 |    162358
    37000 |     +0.0% |       0 |       6 |             6 |    161358
    38000 |     +0.0% |       0 |       6 |             6 |    160358
    39000 |     +0.0% |       0 |       6 |             6 |    159358
    40000 |     +0.0% |       0 |       6 |             6 |    158358
    41000 |     +0.0% |       0 |       6 |             6 |    157358
    42000 |     +0.0% |       0 |       8 |             8 |    156358
    43000 |     +0.0% |       0 |      11 |            11 |    155358
    44000 |     +0.0% |       0 |      14 |            14 |    154358
    45000 |     +0.0% |       0 |      14 |            14 |    153358
    46000 |     +0.0% |       0 |      15 |            15 |    152358
    47000 |     +0.0% |       0 |      18 |            18 |    151358
    48000 |     +0.0% |       0 |      18 |            18 |    150358
    49000 |     +0.0% |       0 |      20 |            20 |    149358
    50000 |     +0.0% |       0 |      20 |            20 |    148358
    51000 |     +0.0% |       0 |      20 |            20 |    147358
    52000 |     +0.0% |       0 |      21 |            21 |    146358
    53000 |     +0.0% |       0 |      21 |            21 |    145358
    54000 |     +0.0% |       0 |      22 |            22 |    144358
    55000 |     +0.0% |       0 |      23 |            23 |    143358
    56000 |     +0.0% |       0 |      23 |            23 |    142358
    57000 |     +0.0% |       0 |      23 |            23 |    141358
    58000 |     +0.0% |       0 |      23 |            23 |    140358
    59000 |     +0.0% |       0 |      24 |            24 |    139358
    60000 |     +0.0% |       0 |      25 |            25 |    138358
    61000 |     +0.0% |       0 |      25 |            25 |    137358
    62000 |     +0.0% |       0 |      25 |            25 |    136358
    63000 |     +0.0% |       0 |      26 |            26 |    135358
    64000 |     +0.0% |       0 |      26 |            26 |    134358
    65000 |     +0.0% |       0 |      27 |            27 |    133358
    66000 |     +0.0% |       0 |      27 |            27 |    132358
    67000 |     +0.0% |       0 |      27 |            27 |    131358
    68000 |     +0.0% |       0 |      27 |            27 |    130358
    69000 |     +0.0% |       0 |      28 |            28 |    129358
    70000 |     +0.0% |       0 |      28 |            28 |    128358
    71000 |     +0.0% |       0 |      28 |            28 |    127358
    72000 |     +0.0% |       0 |      28 |            28 |    126358
    73000 |     +0.0% |       0 |      29 |            29 |    125358
    74000 |     +0.0% |       0 |      29 |            29 |    124358
    75000 |     +0.0% |       0 |      29 |            29 |    123358
    76000 |     +0.0% |       0 |      29 |            29 |    122358
    77000 |     +0.0% |       0 |      29 |            29 |    121358
    78000 |     +0.0% |       0 |      29 |            29 |    120358
    79000 |     +0.0% |       0 |      29 |            29 |    119358
    80000 |     +0.0% |       0 |      29 |            29 |    118358
    81000 |     +0.0% |       0 |      30 |            30 |    117358
    82000 |     +0.0% |       0 |      33 |            33 |    116358
    83000 |     +0.0% |       0 |      33 |            33 |    115358
    84000 |     +0.0% |       0 |      33 |            33 |    114358
    85000 |     +0.0% |       0 |      34 |            34 |    113358
    86000 |     +0.0% |       0 |      35 |            35 |    112358
    87000 |     +0.0% |       0 |      38 |            38 |    111358
    88000 |     +0.0% |       0 |      38 |            38 |    110358
    89000 |     +0.0% |       0 |      38 |            38 |    109358
    90000 |     +0.0% |       0 |      38 |            38 |    108358
    91000 |     +0.0% |       0 |      38 |            38 |    107358
    92000 |     +0.0% |       0 |      38 |            38 |    106358
    93000 |     +0.0% |       0 |      39 |            39 |    105358
    94000 |     +0.0% |       0 |      39 |            39 |    104358
    95000 |     +0.0% |       0 |      39 |            39 |    103358
    96000 |     +0.0% |       0 |      39 |            39 |    102358
    97000 |     +0.0% |       0 |      39 |            39 |    101358
    98000 |     +0.0% |       0 |      39 |            39 |    100358
    99000 |     +0.0% |       0 |      39 |            39 |     99358
   100000 |     +0.0% |       0 |      40 |            40 |     98358
   101000 |     +0.0% |       0 |      40 |            40 |     97358
   102000 |     +0.0% |       0 |      40 |            40 |     96358
   103000 |     +0.0% |       0 |      40 |            40 |     95358
   104000 |     +0.0% |       0 |      40 |            40 |     94358
   105000 |     +0.0% |       0 |      40 |            40 |     93358
   106000 |     +0.0% |       0 |      40 |            40 |     92358
   107000 |     +0.0% |       0 |      40 |            40 |     91358
   108000 |     +0.0% |       0 |      42 |            42 |     90358
   109000 |     +0.0% |       0 |      44 |            44 |     89358
   110000 |     +0.0% |       0 |      44 |            44 |     88358
   111000 |     +0.0% |       0 |      44 |            44 |     87358
   112000 |     +0.0% |       0 |      44 |            44 |     86358
   113000 |     +0.0% |       0 |      44 |            44 |     85358
   114000 |     +0.0% |       0 |      45 |            45 |     84358
   115000 |     +0.0% |       0 |      45 |            45 |     83358
   116000 |     +0.0% |       0 |      45 |            45 |     82358
   117000 |     +0.0% |       0 |      47 |            47 |     81358
   118000 |     +0.0% |       0 |      47 |            47 |     80358
   119000 |     +0.0% |       0 |      47 |            47 |     79358
   120000 |     +0.0% |       0 |      47 |            47 |     78358
   121000 |     +0.0% |       0 |      47 |            47 |     77358
   122000 |     +0.0% |       0 |      47 |            47 |     76358
   123000 |     +0.0% |       0 |      48 |            48 |     75358
   124000 |     +0.0% |       0 |      48 |            48 |     74358
   125000 |     +0.0% |       0 |      48 |            48 |     73358
   126000 |     +0.0% |       0 |      50 |            50 |     72358
   127000 |     +0.0% |       0 |      52 |            52 |     71358
   128000 |     +0.0% |       0 |      53 |            53 |     70358
   129000 |     +0.0% |       0 |      55 |            55 |     69358
   130000 |     +0.0% |       0 |      55 |            55 |     68358
   131000 |     +0.0% |       0 |      55 |            55 |     67358
   132000 |     +0.0% |       0 |      55 |            55 |     66358
   133000 |     +0.0% |       0 |      56 |            56 |     65358
   134000 |     +0.0% |       0 |      56 |            56 |     64358
   135000 |     +0.0% |       0 |      56 |            56 |     63358
   136000 |     +0.0% |       0 |      57 |            57 |     62358
   137000 |     +0.0% |       0 |      58 |            58 |     61358
   138000 |     +0.0% |       0 |      58 |            58 |     60358
   139000 |     +0.0% |       0 |      58 |            58 |     59358
   140000 |     +0.0% |       0 |      58 |            58 |     58358
   141000 |     +0.0% |       0 |      58 |            58 |     57358
   142000 |     +0.0% |       0 |      58 |            58 |     56358
   143000 |     +0.0% |       0 |      58 |            58 |     55358
   144000 |     +0.0% |       0 |      58 |            58 |     54358
   145000 |     +0.0% |       0 |      61 |            61 |     53358
   146000 |     +0.0% |       0 |      61 |            61 |     52358
   147000 |     +0.0% |       0 |      61 |            61 |     51358
   148000 |     +0.0% |       0 |      61 |            61 |     50358
   149000 |     +0.0% |       0 |      61 |            61 |     49358
   150000 |     +0.0% |       0 |      61 |            61 |     48358
   151000 |     +0.0% |       0 |      61 |            61 |     47358
   152000 |     +0.0% |       0 |      61 |            61 |     46358
   153000 |     +0.0% |       0 |      61 |            61 |     45358
   154000 |     +0.0% |       0 |      61 |            61 |     44358
   155000 |     +0.0% |       0 |      61 |            61 |     43358
   156000 |     +0.0% |       0 |      61 |            61 |     42358
   157000 |     +0.0% |       0 |      61 |            61 |     41358
   158000 |     +0.0% |       0 |      62 |            62 |     40358
   159000 |     +0.0% |       0 |      62 |            62 |     39358
   160000 |     +0.0% |       0 |      62 |            62 |     38358
   161000 |     +0.0% |       0 |      62 |            62 |     37358
   162000 |     +0.0% |       0 |      65 |            65 |     36358
   163000 |     +0.0% |       0 |      65 |            65 |     35358
   164000 |     +0.0% |       0 |      65 |            65 |     34358
   165000 |     +0.0% |       0 |      65 |            65 |     33358
   166000 |     +0.0% |       0 |      65 |            65 |     32358
   167000 |     +0.0% |       0 |      65 |            65 |     31358
   168000 |     +0.0% |       0 |      65 |            65 |     30358
   169000 |     +0.0% |       0 |      65 |            65 |     29358
   170000 |     +0.0% |       0 |      65 |            65 |     28358
   171000 |     +0.0% |       0 |      65 |            65 |     27358
   172000 |     +0.0% |       0 |      65 |            65 |     26358
   173000 |     +0.0% |       0 |      65 |            65 |     25358
   174000 |     +0.0% |       0 |      65 |            65 |     24358
   175000 |     +0.0% |       0 |      65 |            65 |     23358
   176000 |     +0.0% |       0 |      65 |            65 |     22358
   177000 |     +0.0% |       0 |      65 |            65 |     21358
   178000 |     +0.0% |       0 |      65 |            65 |     20358
   179000 |     +0.0% |       0 |      65 |            65 |     19358
   180000 |     +0.0% |       0 |      65 |            65 |     18358
   181000 |     +0.0% |       0 |      65 |            65 |     17358
   182000 |     +0.0% |       0 |      65 |            65 |     16358
   183000 |     +0.0% |       0 |      65 |            65 |     15358
   184000 |     +0.0% |       0 |      65 |            65 |     14358
   185000 |     +0.0% |       0 |      65 |            65 |     13358
   186000 |     +0.0% |       0 |      65 |            65 |     12358
   187000 |     +0.0% |       0 |      67 |            67 |     11358
   188000 |     +0.0% |       0 |      67 |            67 |     10358
   189000 |     +0.0% |       0 |      67 |            67 |      9358
   190000 |     +0.0% |       0 |      67 |            67 |      8358
   191000 |     +0.0% |       0 |      67 |            67 |      7358
   192000 |     +0.0% |       0 |      67 |            67 |      6358
   193000 |     +0.0% |       0 |      67 |            67 |      5358
   194000 |     +0.0% |       0 |      67 |            67 |      4358
   195000 |     +0.0% |       0 |      67 |            67 |      3358
   196000 |     +0.0% |       0 |      67 |            67 |      2358
   197000 |     +0.0% |       0 |      67 |            67 |      1358
   198000 |     +0.0% |       0 |      67 |            67 |       358
    final |     +0.0% |       0 |      67 |            67 |         0
---------------------------------------------------------------------
[INFO RSZ-0034] Found 1 slew violations.
[INFO RSZ-0036] Found 67 capacitance violations.
[INFO RSZ-0038] Inserted 67 buffers in 67 nets.
Took 28 seconds: repair_design -verbose
Floating nets: 
Report metrics stage 3, resizer...

==========================================================================
resizer report_design_area
--------------------------------------------------------------------------
Design area 731962 um^2 35% utilization.
Instance count before 181357, after 181424
Pin count before 627424, after 627558
write_db ./results/nangate45/ariane133/base/3_4_place_resized.odb
Elapsed time: 1:48.01[h:]min:sec. CPU time: user 179.82 sys 20.52 (185%). Peak memory: 1201280KB.
Log                        Elapsed/s Peak Memory/MB  sha1sum .odb [0:20)
3_4_place_resized                108           1173 d104ece14c8d292a707d
