OpenROAD 26Q1-2900-gdf79404cd8 
Features included (+) or not (-): +GPU +GUI +Python
This program is licensed under the BSD-3 license. See the LICENSE file for details.
Components of this program may be licensed under more restrictive licenses which must be honored.
[INFO ORD-0030] Using 8 thread(s).
read_liberty /OpenROAD-flow-scripts/flow/platforms/nangate45/lib/NangateOpenCellLibrary_typical.lib
read_liberty /OpenROAD-flow-scripts/flow/platforms/nangate45/lib/fakeram45_256x16.lib
read_db ./results/nangate45/ariane133/base/6_1_fill.odb
read_sdc ./results/nangate45/ariane133/base/6_1_fill.sdc
source /OpenROAD-flow-scripts/flow/platforms/nangate45/setRC.tcl
[WARNING STA-0450] virtual clock vclk_core_clock can not be propagated.
write_db ./results/nangate45/ariane133/base/6_final.odb
Deleted 0 routing obstructions
[INFO RCX-0431] Defined process_corner X with ext_model_index 0
[INFO RCX-0029] Defined extraction corner X
[INFO RCX-0435] Reading extraction model file /OpenROAD-flow-scripts/flow/platforms/nangate45/rcx_patterns.rules ...
[INFO RCX-0436] RC segment generation ariane (max_merge_res 50.0) ...
[INFO RCX-0040] Final 927659 rc segments
[INFO RCX-0439] Coupling Cap extraction ariane ...
[INFO RCX-0440] Coupling threshhold is 0.1000 fF, coupling capacitance less than 0.1000 fF will be grounded.
[INFO RCX-0442] 6% of 1362765 wires extracted
[INFO RCX-0442] 12% of 1362765 wires extracted
[INFO RCX-0442] 17% of 1362765 wires extracted
[INFO RCX-0442] 23% of 1362765 wires extracted
[INFO RCX-0442] 29% of 1362765 wires extracted
[INFO RCX-0442] 34% of 1362765 wires extracted
[INFO RCX-0442] 40% of 1362765 wires extracted
[INFO RCX-0442] 45% of 1362765 wires extracted
[INFO RCX-0442] 52% of 1362765 wires extracted
[INFO RCX-0442] 56% of 1362765 wires extracted
[INFO RCX-0442] 62% of 1362765 wires extracted
[INFO RCX-0442] 68% of 1362765 wires extracted
[INFO RCX-0442] 75% of 1362765 wires extracted
[INFO RCX-0442] 82% of 1362765 wires extracted
[INFO RCX-0442] 88% of 1362765 wires extracted
[INFO RCX-0442] 96% of 1362765 wires extracted
[INFO RCX-0442] 100% of 1362765 wires extracted
[INFO RCX-0045] Extract 203429 nets, 1118448 rsegs, 1118448 caps, 2315632 ccs
[INFO RCX-0042] 100000 nets finished
[INFO RCX-0042] 200000 nets finished
[INFO RCX-0443] 203429 nets finished
[INFO PSM-0040] All shapes on net VDD are connected.
########## IR report #################
Net              : VDD
Corner           : default
Total power      : 3.13e-01 W
Supply voltage   : 1.10e+00 V
Worstcase voltage: 1.09e+00 V
Average voltage  : 1.10e+00 V
Average IR drop  : 5.42e-04 V
Worstcase IR drop: 7.51e-03 V
Percentage drop  : 0.68 %
######################################
[INFO PSM-0040] All shapes on net VSS are connected.
########## IR report #################
Net              : VSS
Corner           : default
Total power      : 3.13e-01 W
Supply voltage   : 0.00e+00 V
Worstcase voltage: 3.66e-03 V
Average voltage  : 5.39e-04 V
Average IR drop  : 5.39e-04 V
Worstcase IR drop: 3.66e-03 V
Percentage drop  : 0.33 %
######################################
Cell type report:                       Count       Area
  Macro                                   132  416463.43
  Fill cell                            452775 1251086.05
  Tap cell                              11806    3140.40
  Clock buffer                           6309    7584.46
  Timing Repair Buffer                  24569   28304.79
  Inverter                              11096    5968.51
  Clock inverter                         1187     781.24
  Sequential cell                       20622  109787.24
  Multi-Input combinational cell       113559  168928.09
  Total                                642055 1992044.21
Report metrics stage 6, finish...

==========================================================================
finish report_design_area
--------------------------------------------------------------------------
Design area 740958 um^2 36% utilization.
[WARNING GUI-0076] QStandardPaths: XDG_RUNTIME_DIR not set, defaulting to '/tmp/runtime-root'
[WARNING GUI-0066] Heat map "IR Drop" has not been populated with data.
[WARNING GUI-0066] Heat map "Routing Congestion" has not been populated with data.
Elapsed time: 6:54.70[h:]min:sec. CPU time: user 648.98 sys 37.31 (165%). Peak memory: 4739180KB.
Log                        Elapsed/s Peak Memory/MB  sha1sum .odb [0:20)
6_report                         414           4628                  N/A
