OpenROAD 26Q1-2900-gdf79404cd8 
Features included (+) or not (-): +GPU +GUI +Python
This program is licensed under the BSD-3 license. See the LICENSE file for details.
Components of this program may be licensed under more restrictive licenses which must be honored.
[INFO ORD-0030] Using 8 thread(s).
read_liberty /OpenROAD-flow-scripts/flow/platforms/nangate45/lib/NangateOpenCellLibrary_typical.lib
read_liberty /OpenROAD-flow-scripts/flow/platforms/nangate45/lib/fakeram45_256x16.lib
read_db ./results/nangate45/ariane133/base/1_synth.odb
read_sdc ./results/nangate45/ariane133/base/1_synth.sdc
source /OpenROAD-flow-scripts/flow/platforms/nangate45/setRC.tcl
Removed 4800 unused instances and 4961 unused nets.

==========================================================================
Floorplan check_setup
--------------------------------------------------------------------------
Warning: There are 4 unclocked register/latch pins.
Warning: There are 4 unconstrained endpoints.
number instances in verilog is 159918
[WARNING IFP-0028] Core area lower left (10.000, 12.000) snapped to (10.070, 12.600).
[INFO IFP-0001] Added 1025 rows of 7568 site FreePDK45_38x28_10R_NP_162NW_34O.
[INFO IFP-0100] Die BBox:  (  0.000  0.000 ) ( 1500.000 1500.000 ) um
[INFO IFP-0101] Core BBox: ( 10.070 12.600 ) ( 1447.990 1447.600 ) um
[INFO IFP-0102] Core area:                      2063415.200 um^2
[INFO IFP-0103] Total instances area:            711617.298 um^2
[INFO IFP-0104] Effective utilization:                0.345
[INFO IFP-0105] Number of instances:                 159918
source /OpenROAD-flow-scripts/flow/platforms/nangate45/make_tracks.tcl
source /OpenROAD-flow-scripts/flow/platforms/nangate45/fastroute.tcl
Repair tie lo fanout...
[INFO RSZ-0042] Inserted 912 tie LOGIC0_X1 instances.
Repair tie hi fanout...
[INFO RSZ-0042] Inserted 2130 tie LOGIC1_X1 instances.
repair_timing -setup_margin 0 -hold_margin 0 -repair_tns 100 -setup -skip_last_gasp -sequence unbuffer,sizeup,swap,vt_swap -verbose
[WARNING EST-0027] no estimated parasitics. Using wire load models.
[INFO RSZ-0100] Repair move sequence: UnbufferMove SizeUpMove SwapPinsMove 
[INFO RSZ-0094] Found 7612 endpoints with setup violations.
[INFO RSZ-0099] Repairing 7612 out of 7612 (100.00%) violating endpoints...
   Iter   | Removed | Resized | Inserted | Cloned |  Pin  |   Area   |    WNS   |   StTNS    |   EnTNS    |  Viol  |  Worst  
          | Buffers |  Gates  | Buffers  |  Gates | Swaps |          |          |            |            | Endpts | St/EnPt 
------------------------------------------------------------------------------------------------------------------------------
       0* |       0 |       0 |        0 |      0 |     0 |    +0.0% |   -2.080 |     -551.7 |    -7251.3 |   7612 | issue_stage_i.i_scoreboard/mem_q\[138\]$_DFF_PN0_/D
      10* |       0 |       9 |        0 |      0 |     0 |    +0.0% |   -1.853 |     -503.6 |    -5992.1 |   7612 | issue_stage_i.i_scoreboard/mem_q\[138\]$_DFF_PN0_/D
      20* |       0 |      18 |        0 |      0 |     1 |    +0.0% |   -1.782 |     -459.6 |    -5790.0 |   7612 | issue_stage_i.i_scoreboard/mem_q\[138\]$_DFF_PN0_/D
      30* |       0 |      28 |        0 |      0 |     1 |    +0.0% |   -1.686 |     -439.4 |    -5219.6 |   7612 | issue_stage_i.i_scoreboard/mem_q\[138\]$_DFF_PN0_/D
      40* |       0 |      35 |        0 |      0 |     4 |    +0.0% |   -1.665 |     -441.7 |    -5074.2 |   7612 | issue_stage_i.i_scoreboard/mem_q\[138\]$_DFF_PN0_/D
      50* |       0 |      43 |        0 |      0 |     6 |    +0.0% |   -1.628 |     -437.5 |    -4888.2 |   7612 | issue_stage_i.i_scoreboard/mem_q\[138\]$_DFF_PN0_/D
      60* |       0 |      53 |        0 |      0 |     6 |    +0.0% |   -1.595 |     -419.6 |    -4764.2 |   7612 | issue_stage_i.i_scoreboard/mem_q\[138\]$_DFF_PN0_/D
      70* |       0 |      62 |        0 |      0 |     7 |    +0.0% |   -1.551 |     -399.0 |    -4600.2 |   7612 | issue_stage_i.i_scoreboard/mem_q\[138\]$_DFF_PN0_/D
      80* |       0 |      71 |        0 |      0 |     8 |    +0.0% |   -1.528 |     -390.0 |    -4495.5 |   7612 | issue_stage_i.i_scoreboard/mem_q\[138\]$_DFF_PN0_/D
      90* |       0 |      80 |        0 |      0 |     9 |    +0.0% |   -1.493 |     -386.5 |    -4352.9 |   7612 | issue_stage_i.i_scoreboard/mem_q\[138\]$_DFF_PN0_/D
     100* |       0 |      88 |        0 |      0 |    11 |    +0.0% |   -1.482 |     -384.0 |    -4310.6 |   7612 | issue_stage_i.i_scoreboard/mem_q\[138\]$_DFF_PN0_/D
     110* |       0 |      96 |        0 |      0 |    13 |    +0.0% |   -1.458 |     -382.8 |    -4221.0 |   7612 | issue_stage_i.i_scoreboard/mem_q\[138\]$_DFF_PN0_/D
     120* |       0 |     103 |        0 |      0 |    16 |    +0.0% |   -1.424 |     -373.2 |    -4121.2 |   7612 | issue_stage_i.i_scoreboard/mem_q\[138\]$_DFF_PN0_/D
     130* |       0 |     108 |        0 |      0 |    21 |    +0.0% |   -1.421 |     -368.5 |    -4110.3 |   7612 | issue_stage_i.i_scoreboard/mem_q\[138\]$_DFF_PN0_/D
     140* |       0 |     117 |        0 |      0 |    22 |    +0.0% |   -1.393 |     -352.5 |    -4018.2 |   7612 | issue_stage_i.i_scoreboard/mem_q\[138\]$_DFF_PN0_/D
     150* |       0 |     127 |        0 |      0 |    22 |    +0.0% |   -1.369 |     -337.4 |    -3937.9 |   7612 | issue_stage_i.i_scoreboard/mem_q\[138\]$_DFF_PN0_/D
     160* |       0 |     135 |        0 |      0 |    24 |    +0.0% |   -1.361 |     -336.1 |    -3912.2 |   7612 | issue_stage_i.i_scoreboard/mem_q\[138\]$_DFF_PN0_/D
     170* |       0 |     142 |        0 |      0 |    27 |    +0.0% |   -1.352 |     -333.0 |    -3882.0 |   7612 | issue_stage_i.i_scoreboard/mem_q\[138\]$_DFF_PN0_/D
     180* |       0 |     150 |        0 |      0 |    29 |    +0.0% |   -1.340 |     -329.7 |    -3839.4 |   7612 | issue_stage_i.i_scoreboard/mem_q\[138\]$_DFF_PN0_/D
     190* |       0 |     156 |        0 |      0 |    33 |    +0.0% |   -1.320 |     -325.9 |    -3771.8 |   7612 | issue_stage_i.i_scoreboard/mem_q\[138\]$_DFF_PN0_/D
     200* |       0 |     163 |        0 |      0 |    36 |    +0.0% |   -1.312 |     -325.0 |    -3746.8 |   7612 | issue_stage_i.i_scoreboard/mem_q\[138\]$_DFF_PN0_/D
     210* |       0 |     171 |        0 |      0 |    38 |    +0.0% |   -1.303 |     -316.3 |    -3715.0 |   7612 | issue_stage_i.i_scoreboard/mem_q\[138\]$_DFF_PN0_/D
     220* |       0 |     181 |        0 |      0 |    38 |    +0.0% |   -1.294 |     -312.1 |    -3663.9 |   7612 | ex_stage_i/i_mult.i_div.op_a_q\[63\]$_DFFE_PN0P_/D
     230* |       0 |     189 |        0 |      0 |    40 |    +0.0% |   -1.283 |     -305.6 |    -3649.4 |   7612 | issue_stage_i.i_scoreboard/mem_q\[138\]$_DFF_PN0_/D
     240* |       0 |     198 |        0 |      0 |    41 |    +0.0% |   -1.282 |     -306.1 |    -3647.9 |   7612 | issue_stage_i.i_scoreboard/mem_q\[138\]$_DFF_PN0_/D
     250* |       0 |     207 |        0 |      0 |    42 |    +0.0% |   -1.279 |     -304.7 |    -3635.1 |   7612 | issue_stage_i.i_scoreboard/mem_q\[138\]$_DFF_PN0_/D
     260* |       0 |     215 |        0 |      0 |    44 |    +0.0% |   -1.280 |     -304.5 |    -3638.9 |   7612 | issue_stage_i.i_scoreboard/mem_q\[138\]$_DFF_PN0_/D
     270* |       0 |     224 |        0 |      0 |    45 |    +0.0% |   -1.271 |     -304.4 |    -3607.2 |   7612 | issue_stage_i.i_scoreboard/mem_q\[138\]$_DFF_PN0_/D
     280* |       0 |     231 |        0 |      0 |    48 |    +0.0% |   -1.268 |     -303.7 |    -3597.3 |   7612 | issue_stage_i.i_scoreboard/mem_q\[138\]$_DFF_PN0_/D
     290* |       0 |     239 |        0 |      0 |    50 |    +0.0% |   -1.266 |     -306.4 |    -3588.9 |   7612 | issue_stage_i.i_scoreboard/mem_q\[138\]$_DFF_PN0_/D
     300* |       0 |     248 |        0 |      0 |    51 |    +0.0% |   -1.269 |     -306.4 |    -3598.8 |   7612 | issue_stage_i.i_scoreboard/mem_q\[138\]$_DFF_PN0_/D
     310* |       0 |     257 |        0 |      0 |    52 |    +0.0% |   -1.265 |     -306.1 |    -3587.4 |   7612 | issue_stage_i.i_scoreboard/mem_q\[138\]$_DFF_PN0_/D
     320* |       0 |     265 |        0 |      0 |    54 |    +0.0% |   -1.276 |     -314.7 |    -3626.0 |   7612 | issue_stage_i.i_scoreboard/mem_q\[138\]$_DFF_PN0_/D
     330* |       0 |     274 |        0 |      0 |    55 |    +0.0% |   -1.282 |     -319.7 |    -3623.3 |   7612 | issue_stage_i.i_scoreboard/mem_q\[158\]$_DFF_PN0_/D
     331* |       0 |     231 |        0 |      0 |    49 |    +0.0% |   -1.264 |     -303.4 |    -3582.6 |   7612 | issue_stage_i.i_scoreboard/mem_q\[138\]$_DFF_PN0_/D
     340* |       0 |     239 |        0 |      0 |    49 |    +0.0% |   -1.265 |     -303.6 |    -3588.1 |   7612 | issue_stage_i.i_scoreboard/mem_q\[138\]$_DFF_PN0_/D
     350* |       0 |     249 |        0 |      0 |    49 |    +0.0% |   -1.261 |     -303.0 |    -3572.6 |   7612 | issue_stage_i.i_scoreboard/mem_q\[138\]$_DFF_PN0_/D
     360* |       0 |     258 |        0 |      0 |    50 |    +0.0% |   -1.261 |     -303.7 |    -3569.2 |   7612 | issue_stage_i.i_scoreboard/mem_q\[158\]$_DFF_PN0_/D
     370* |       0 |     268 |        0 |      0 |    50 |    +0.0% |   -1.256 |     -303.6 |    -3552.8 |   7612 | issue_stage_i.i_scoreboard/mem_q\[158\]$_DFF_PN0_/D
     380* |       0 |     273 |        0 |      0 |    55 |    +0.0% |   -1.249 |     -299.3 |    -3529.8 |   7612 | issue_stage_i.i_scoreboard/mem_q\[158\]$_DFF_PN0_/D
     390* |       0 |     281 |        0 |      0 |    57 |    +0.0% |   -1.256 |     -303.3 |    -3559.1 |   7612 | issue_stage_i.i_scoreboard/mem_q\[158\]$_DFF_PN0_/D
     400* |       0 |     288 |        0 |      0 |    60 |    +0.0% |   -1.256 |     -303.4 |    -3557.3 |   7612 | issue_stage_i.i_scoreboard/mem_q\[158\]$_DFF_PN0_/D
     410* |       0 |     297 |        0 |      0 |    61 |    +0.0% |   -1.249 |     -298.9 |    -3534.7 |   7612 | issue_stage_i.i_scoreboard/mem_q\[158\]$_DFF_PN0_/D
     420* |       0 |     306 |        0 |      0 |    62 |    +0.0% |   -1.255 |     -299.6 |    -3554.4 |   7612 | issue_stage_i.i_scoreboard/mem_q\[158\]$_DFF_PN0_/D
     426* |       0 |     271 |        0 |      0 |    53 |    +0.0% |   -1.245 |     -296.0 |    -3530.1 |   7612 | issue_stage_i.i_scoreboard/mem_q\[158\]$_DFF_PN0_/D
     430* |       0 |     273 |        0 |      0 |    54 |    +0.0% |   -1.245 |     -296.0 |    -3529.7 |   7612 | issue_stage_i.i_scoreboard/mem_q\[158\]$_DFF_PN0_/D
     440* |       0 |     283 |        0 |      0 |    54 |    +0.0% |   -1.252 |     -302.1 |    -3549.7 |   7612 | issue_stage_i.i_scoreboard/mem_q\[158\]$_DFF_PN0_/D
     450* |       0 |     292 |        0 |      0 |    55 |    +0.0% |   -1.252 |     -302.0 |    -3547.5 |   7612 | issue_stage_i.i_scoreboard/mem_q\[158\]$_DFF_PN0_/D
     460* |       0 |     301 |        0 |      0 |    56 |    +0.0% |   -1.248 |     -299.0 |    -3535.1 |   7612 | issue_stage_i.i_scoreboard/mem_q\[158\]$_DFF_PN0_/D
     470* |       0 |     311 |        0 |      0 |    56 |    +0.0% |   -1.244 |     -298.9 |    -3520.9 |   7612 | issue_stage_i.i_scoreboard/mem_q\[158\]$_DFF_PN0_/D
     480* |       0 |     320 |        0 |      0 |    57 |    +0.0% |   -1.243 |     -298.6 |    -3516.9 |   7612 | issue_stage_i.i_scoreboard/mem_q\[158\]$_DFF_PN0_/D
     490* |       0 |     329 |        0 |      0 |    58 |    +0.0% |   -1.240 |     -298.6 |    -3509.1 |   7612 | issue_stage_i.i_scoreboard/mem_q\[158\]$_DFF_PN0_/D
     500* |       0 |     335 |        0 |      0 |    62 |    +0.0% |   -1.233 |     -291.7 |    -3443.1 |   7612 | ex_stage_i/i_mult.i_div.op_a_q\[63\]$_DFFE_PN0P_/D
     510* |       0 |     342 |        0 |      0 |    65 |    +0.0% |   -1.238 |     -292.1 |    -3441.3 |   7612 | ex_stage_i/i_mult.i_div.op_a_q\[63\]$_DFFE_PN0P_/D
     511* |       0 |     340 |        0 |      0 |    63 |    +0.0% |   -1.233 |     -291.3 |    -3431.4 |   7612 | ex_stage_i/i_mult.i_div.op_a_q\[63\]$_DFFE_PN0P_/D
     516* |       0 |     340 |        0 |      0 |    63 |    +0.0% |   -1.233 |     -291.3 |    -3431.4 |   7612 | ex_stage_i/i_mult.i_div.op_a_q\[63\]$_DFFE_PN0P_/D
     520* |       0 |     342 |        0 |      0 |    64 |    +0.0% |   -1.235 |     -291.6 |    -3436.2 |   7612 | ex_stage_i/i_mult.i_div.op_a_q\[63\]$_DFFE_PN0P_/D
     520* |       0 |     340 |        0 |      0 |    63 |    +0.0% |   -1.233 |     -291.3 |    -3431.4 |   7612 | ex_stage_i/i_mult.i_div.op_a_q\[63\]$_DFFE_PN0P_/D
     524* |       0 |     340 |        0 |      0 |    63 |    +0.0% |   -1.233 |     -291.3 |    -3431.4 |   7612 | ex_stage_i/i_mult.i_div.op_a_q\[63\]$_DFFE_PN0P_/D
     528* |       0 |     340 |        0 |      0 |    63 |    +0.0% |   -1.233 |     -291.3 |    -3431.4 |   7612 | ex_stage_i/i_mult.i_div.op_a_q\[63\]$_DFFE_PN0P_/D
     530* |       0 |     341 |        0 |      0 |    63 |    +0.0% |   -1.235 |     -291.4 |    -3434.7 |   7612 | ex_stage_i/i_mult.i_div.op_a_q\[63\]$_DFFE_PN0P_/D
     532* |       0 |     340 |        0 |      0 |    63 |    +0.0% |   -1.233 |     -291.3 |    -3431.4 |   7612 | ex_stage_i/i_mult.i_div.op_a_q\[63\]$_DFFE_PN0P_/D
     536* |       0 |     340 |        0 |      0 |    63 |    +0.0% |   -1.233 |     -291.3 |    -3431.4 |   7612 | ex_stage_i/i_mult.i_div.op_a_q\[63\]$_DFFE_PN0P_/D
     540* |       0 |     342 |        0 |      0 |    64 |    +0.0% |   -1.235 |     -291.6 |    -3436.2 |   7612 | ex_stage_i/i_mult.i_div.op_a_q\[63\]$_DFFE_PN0P_/D
     540* |       0 |     340 |        0 |      0 |    63 |    +0.0% |   -1.233 |     -291.3 |    -3431.4 |   7612 | ex_stage_i/i_mult.i_div.op_a_q\[63\]$_DFFE_PN0P_/D
     548* |       0 |     341 |        0 |      0 |    63 |    +0.0% |   -1.233 |     -291.4 |    -3431.4 |   7612 | ex_stage_i/i_mult.i_div.op_a_q\[63\]$_DFFE_PN0P_/D
     550* |       0 |     342 |        0 |      0 |    63 |    +0.0% |   -1.235 |     -291.5 |    -3434.7 |   7612 | ex_stage_i/i_mult.i_div.op_a_q\[63\]$_DFFE_PN0P_/D
     555* |       0 |     341 |        0 |      0 |    63 |    +0.0% |   -1.233 |     -291.4 |    -3431.4 |   7612 | ex_stage_i/i_mult.i_div.op_a_q\[63\]$_DFFE_PN0P_/D
     560* |       0 |     344 |        0 |      0 |    64 |    +0.0% |   -1.235 |     -293.1 |    -3436.2 |   7612 | ex_stage_i/i_mult.i_div.op_a_q\[63\]$_DFFE_PN0P_/D
     562* |       0 |     341 |        0 |      0 |    63 |    +0.0% |   -1.233 |     -291.4 |    -3431.4 |   7612 | ex_stage_i/i_mult.i_div.op_a_q\[63\]$_DFFE_PN0P_/D
     569* |       0 |     341 |        0 |      0 |    63 |    +0.0% |   -1.233 |     -291.4 |    -3431.4 |   7612 | ex_stage_i/i_mult.i_div.op_a_q\[63\]$_DFFE_PN0P_/D
     570* |       0 |     341 |        0 |      0 |    63 |    +0.0% |   -1.233 |     -291.4 |    -3431.4 |   7612 | ex_stage_i/i_mult.i_div.op_a_q\[63\]$_DFFE_PN0P_/D
     576* |       0 |     341 |        0 |      0 |    63 |    +0.0% |   -1.233 |     -291.4 |    -3431.4 |   7612 | ex_stage_i/i_mult.i_div.op_a_q\[63\]$_DFFE_PN0P_/D
     580* |       0 |     343 |        0 |      0 |    64 |    +0.0% |   -1.235 |     -291.7 |    -3436.2 |   7612 | ex_stage_i/i_mult.i_div.op_a_q\[63\]$_DFFE_PN0P_/D
     583* |       0 |     341 |        0 |      0 |    63 |    +0.0% |   -1.233 |     -291.4 |    -3431.4 |   7612 | ex_stage_i/i_mult.i_div.op_a_q\[63\]$_DFFE_PN0P_/D
     590* |       0 |     346 |        0 |      0 |    64 |    +0.0% |   -1.235 |     -291.7 |    -3436.2 |   7612 | ex_stage_i/i_mult.i_div.op_a_q\[63\]$_DFFE_PN0P_/D
     590* |       0 |     341 |        0 |      0 |    63 |    +0.0% |   -1.233 |     -291.4 |    -3431.4 |   7612 | ex_stage_i/i_mult.i_div.op_a_q\[63\]$_DFFE_PN0P_/D
     597* |       0 |     341 |        0 |      0 |    63 |    +0.0% |   -1.233 |     -291.4 |    -3431.4 |   7612 | ex_stage_i/i_mult.i_div.op_a_q\[63\]$_DFFE_PN0P_/D
     600* |       0 |     343 |        0 |      0 |    63 |    +0.0% |   -1.235 |     -291.7 |    -3436.2 |   7612 | ex_stage_i/i_mult.i_div.op_a_q\[63\]$_DFFE_PN0P_/D
     604* |       0 |     341 |        0 |      0 |    63 |    +0.0% |   -1.233 |     -291.4 |    -3431.4 |   7612 | ex_stage_i/i_mult.i_div.op_a_q\[63\]$_DFFE_PN0P_/D
     610* |       0 |     345 |        0 |      0 |    64 |    +0.0% |   -1.235 |     -291.7 |    -3436.2 |   7612 | ex_stage_i/i_mult.i_div.op_a_q\[63\]$_DFFE_PN0P_/D
     611* |       0 |     341 |        0 |      0 |    63 |    +0.0% |   -1.233 |     -291.4 |    -3431.4 |   7612 | ex_stage_i/i_mult.i_div.op_a_q\[63\]$_DFFE_PN0P_/D
     619* |       0 |     342 |        0 |      0 |    63 |    +0.0% |   -1.233 |     -291.4 |    -3431.3 |   7612 | ex_stage_i/i_mult.i_div.op_a_q\[63\]$_DFFE_PN0P_/D
     620* |       0 |     342 |        0 |      0 |    63 |    +0.0% |   -1.233 |     -291.4 |    -3431.3 |   7612 | ex_stage_i/i_mult.i_div.op_a_q\[63\]$_DFFE_PN0P_/D
     626* |       0 |     342 |        0 |      0 |    63 |    +0.0% |   -1.233 |     -291.4 |    -3431.3 |   7612 | ex_stage_i/i_mult.i_div.op_a_q\[63\]$_DFFE_PN0P_/D
     630* |       0 |     344 |        0 |      0 |    64 |    +0.0% |   -1.235 |     -291.7 |    -3436.2 |   7612 | ex_stage_i/i_mult.i_div.op_a_q\[63\]$_DFFE_PN0P_/D
     633* |       0 |     342 |        0 |      0 |    63 |    +0.0% |   -1.233 |     -291.4 |    -3431.3 |   7612 | ex_stage_i/i_mult.i_div.op_a_q\[63\]$_DFFE_PN0P_/D
     640* |       0 |     347 |        0 |      0 |    64 |    +0.0% |   -1.235 |     -291.7 |    -3436.2 |   7612 | ex_stage_i/i_mult.i_div.op_a_q\[63\]$_DFFE_PN0P_/D
     640* |       0 |     342 |        0 |      0 |    63 |    +0.0% |   -1.233 |     -291.4 |    -3431.3 |   7612 | ex_stage_i/i_mult.i_div.op_a_q\[63\]$_DFFE_PN0P_/D
     647* |       0 |     342 |        0 |      0 |    63 |    +0.0% |   -1.233 |     -291.4 |    -3431.3 |   7612 | ex_stage_i/i_mult.i_div.op_a_q\[63\]$_DFFE_PN0P_/D
     650* |       0 |     344 |        0 |      0 |    63 |    +0.0% |   -1.235 |     -291.7 |    -3436.2 |   7612 | ex_stage_i/i_mult.i_div.op_a_q\[63\]$_DFFE_PN0P_/D
     654* |       0 |     342 |        0 |      0 |    63 |    +0.0% |   -1.233 |     -291.4 |    -3431.3 |   7612 | ex_stage_i/i_mult.i_div.op_a_q\[63\]$_DFFE_PN0P_/D
     660* |       0 |     346 |        0 |      0 |    64 |    +0.0% |   -1.235 |     -291.7 |    -3436.1 |   7612 | ex_stage_i/i_mult.i_div.op_a_q\[63\]$_DFFE_PN0P_/D
     661* |       0 |     342 |        0 |      0 |    63 |    +0.0% |   -1.233 |     -291.4 |    -3431.3 |   7612 | ex_stage_i/i_mult.i_div.op_a_q\[63\]$_DFFE_PN0P_/D
     668* |       0 |     342 |        0 |      0 |    63 |    +0.0% |   -1.233 |     -291.4 |    -3431.3 |   7612 | ex_stage_i/i_mult.i_div.op_a_q\[63\]$_DFFE_PN0P_/D
     670* |       0 |     343 |        0 |      0 |    63 |    +0.0% |   -1.235 |     -291.5 |    -3434.7 |   7612 | ex_stage_i/i_mult.i_div.op_a_q\[63\]$_DFFE_PN0P_/D
     675* |       0 |     342 |        0 |      0 |    63 |    +0.0% |   -1.233 |     -291.4 |    -3431.3 |   7612 | ex_stage_i/i_mult.i_div.op_a_q\[63\]$_DFFE_PN0P_/D
     680* |       0 |     345 |        0 |      0 |    64 |    +0.0% |   -1.235 |     -293.1 |    -3436.2 |   7612 | ex_stage_i/i_mult.i_div.op_a_q\[63\]$_DFFE_PN0P_/D
     682* |       0 |     342 |        0 |      0 |    63 |    +0.0% |   -1.233 |     -291.4 |    -3431.3 |   7612 | ex_stage_i/i_mult.i_div.op_a_q\[63\]$_DFFE_PN0P_/D
     690* |       0 |     348 |        0 |      0 |    64 |    +0.0% |   -1.235 |     -291.3 |    -3436.1 |   7612 | ex_stage_i/i_mult.i_div.op_a_q\[63\]$_DFFE_PN0P_/D
     690* |       0 |     343 |        0 |      0 |    63 |    +0.0% |   -1.233 |     -291.0 |    -3431.3 |   7612 | ex_stage_i/i_mult.i_div.op_a_q\[63\]$_DFFE_PN0P_/D
     697* |       0 |     343 |        0 |      0 |    63 |    +0.0% |   -1.233 |     -291.0 |    -3431.3 |   7612 | ex_stage_i/i_mult.i_div.op_a_q\[63\]$_DFFE_PN0P_/D
     700* |       0 |     345 |        0 |      0 |    63 |    +0.0% |   -1.235 |     -291.3 |    -3436.1 |   7612 | ex_stage_i/i_mult.i_div.op_a_q\[63\]$_DFFE_PN0P_/D
     704* |       0 |     343 |        0 |      0 |    63 |    +0.0% |   -1.233 |     -291.0 |    -3431.3 |   7612 | ex_stage_i/i_mult.i_div.op_a_q\[63\]$_DFFE_PN0P_/D
     710* |       0 |     347 |        0 |      0 |    64 |    +0.0% |   -1.235 |     -291.3 |    -3436.1 |   7612 | ex_stage_i/i_mult.i_div.op_a_q\[63\]$_DFFE_PN0P_/D
     711* |       0 |     343 |        0 |      0 |    63 |    +0.0% |   -1.233 |     -291.0 |    -3431.3 |   7612 | ex_stage_i/i_mult.i_div.op_a_q\[63\]$_DFFE_PN0P_/D
     718* |       0 |     343 |        0 |      0 |    63 |    +0.0% |   -1.233 |     -291.0 |    -3431.3 |   7612 | ex_stage_i/i_mult.i_div.op_a_q\[63\]$_DFFE_PN0P_/D
     720* |       0 |     344 |        0 |      0 |    63 |    +0.0% |   -1.235 |     -291.1 |    -3434.6 |   7612 | ex_stage_i/i_mult.i_div.op_a_q\[63\]$_DFFE_PN0P_/D
     725* |       0 |     343 |        0 |      0 |    63 |    +0.0% |   -1.233 |     -291.0 |    -3431.3 |   7612 | ex_stage_i/i_mult.i_div.op_a_q\[63\]$_DFFE_PN0P_/D
     730* |       0 |     346 |        0 |      0 |    64 |    +0.0% |   -1.235 |     -293.1 |    -3436.2 |   7612 | ex_stage_i/i_mult.i_div.op_a_q\[63\]$_DFFE_PN0P_/D
     732* |       0 |     343 |        0 |      0 |    63 |    +0.0% |   -1.233 |     -291.0 |    -3431.3 |   7612 | ex_stage_i/i_mult.i_div.op_a_q\[63\]$_DFFE_PN0P_/D
     739* |       0 |     343 |        0 |      0 |    63 |    +0.0% |   -1.233 |     -291.0 |    -3431.3 |   7612 | ex_stage_i/i_mult.i_div.op_a_q\[63\]$_DFFE_PN0P_/D
     740* |       0 |     343 |        0 |      0 |    63 |    +0.0% |   -1.233 |     -291.0 |    -3431.3 |   7612 | ex_stage_i/i_mult.i_div.op_a_q\[63\]$_DFFE_PN0P_/D
     746* |       0 |     343 |        0 |      0 |    63 |    +0.0% |   -1.233 |     -291.0 |    -3431.3 |   7612 | ex_stage_i/i_mult.i_div.op_a_q\[63\]$_DFFE_PN0P_/D
     750* |       0 |     345 |        0 |      0 |    64 |    +0.0% |   -1.235 |     -291.3 |    -3436.1 |   7612 | ex_stage_i/i_mult.i_div.op_a_q\[63\]$_DFFE_PN0P_/D
     753* |       0 |     343 |        0 |      0 |    63 |    +0.0% |   -1.233 |     -291.0 |    -3431.3 |   7612 | ex_stage_i/i_mult.i_div.op_a_q\[63\]$_DFFE_PN0P_/D
     760* |       0 |     348 |        0 |      0 |    64 |    +0.0% |   -1.235 |     -291.3 |    -3436.1 |   7612 | ex_stage_i/i_mult.i_div.op_a_q\[63\]$_DFFE_PN0P_/D
     760* |       0 |     343 |        0 |      0 |    63 |    +0.0% |   -1.233 |     -291.0 |    -3431.3 |   7612 | ex_stage_i/i_mult.i_div.op_a_q\[63\]$_DFFE_PN0P_/D
     767* |       0 |     343 |        0 |      0 |    63 |    +0.0% |   -1.233 |     -291.0 |    -3431.3 |   7612 | ex_stage_i/i_mult.i_div.op_a_q\[63\]$_DFFE_PN0P_/D
     770* |       0 |     345 |        0 |      0 |    63 |    +0.0% |   -1.235 |     -291.3 |    -3436.1 |   7612 | ex_stage_i/i_mult.i_div.op_a_q\[63\]$_DFFE_PN0P_/D
     774* |       0 |     343 |        0 |      0 |    63 |    +0.0% |   -1.233 |     -291.0 |    -3431.3 |   7612 | ex_stage_i/i_mult.i_div.op_a_q\[63\]$_DFFE_PN0P_/D
     780* |       0 |     347 |        0 |      0 |    64 |    +0.0% |   -1.235 |     -291.3 |    -3436.1 |   7612 | ex_stage_i/i_mult.i_div.op_a_q\[63\]$_DFFE_PN0P_/D
     781* |       0 |     343 |        0 |      0 |    63 |    +0.0% |   -1.233 |     -291.0 |    -3431.3 |   7612 | ex_stage_i/i_mult.i_div.op_a_q\[63\]$_DFFE_PN0P_/D
     788* |       0 |     343 |        0 |      0 |    63 |    +0.0% |   -1.233 |     -291.0 |    -3431.3 |   7612 | ex_stage_i/i_mult.i_div.op_a_q\[63\]$_DFFE_PN0P_/D
     790* |       0 |     344 |        0 |      0 |    63 |    +0.0% |   -1.235 |     -291.1 |    -3434.6 |   7612 | ex_stage_i/i_mult.i_div.op_a_q\[63\]$_DFFE_PN0P_/D
     795* |       0 |     343 |        0 |      0 |    63 |    +0.0% |   -1.233 |     -291.0 |    -3431.3 |   7612 | ex_stage_i/i_mult.i_div.op_a_q\[63\]$_DFFE_PN0P_/D
     800* |       0 |     346 |        0 |      0 |    64 |    +0.0% |   -1.235 |     -293.1 |    -3436.2 |   7612 | ex_stage_i/i_mult.i_div.op_a_q\[63\]$_DFFE_PN0P_/D
     802* |       0 |     343 |        0 |      0 |    63 |    +0.0% |   -1.233 |     -291.0 |    -3431.3 |   7612 | ex_stage_i/i_mult.i_div.op_a_q\[63\]$_DFFE_PN0P_/D
     809* |       0 |     343 |        0 |      0 |    63 |    +0.0% |   -1.233 |     -291.0 |    -3431.3 |   7612 | ex_stage_i/i_mult.i_div.op_a_q\[63\]$_DFFE_PN0P_/D
     810* |       0 |     343 |        0 |      0 |    63 |    +0.0% |   -1.233 |     -291.0 |    -3431.3 |   7612 | ex_stage_i/i_mult.i_div.op_a_q\[63\]$_DFFE_PN0P_/D
     816* |       0 |     343 |        0 |      0 |    63 |    +0.0% |   -1.233 |     -291.0 |    -3431.3 |   7612 | ex_stage_i/i_mult.i_div.op_a_q\[63\]$_DFFE_PN0P_/D
     820* |       0 |     345 |        0 |      0 |    64 |    +0.0% |   -1.235 |     -291.3 |    -3436.1 |   7612 | ex_stage_i/i_mult.i_div.op_a_q\[63\]$_DFFE_PN0P_/D
     823* |       0 |     343 |        0 |      0 |    63 |    +0.0% |   -1.233 |     -291.0 |    -3431.3 |   7612 | ex_stage_i/i_mult.i_div.op_a_q\[63\]$_DFFE_PN0P_/D
     830* |       0 |     348 |        0 |      0 |    64 |    +0.0% |   -1.235 |     -291.3 |    -3436.1 |   7612 | ex_stage_i/i_mult.i_div.op_a_q\[63\]$_DFFE_PN0P_/D
     830* |       0 |     343 |        0 |      0 |    63 |    +0.0% |   -1.233 |     -291.0 |    -3431.3 |   7612 | ex_stage_i/i_mult.i_div.op_a_q\[63\]$_DFFE_PN0P_/D
     837* |       0 |     343 |        0 |      0 |    63 |    +0.0% |   -1.233 |     -291.0 |    -3431.3 |   7612 | ex_stage_i/i_mult.i_div.op_a_q\[63\]$_DFFE_PN0P_/D
     840* |       0 |     345 |        0 |      0 |    63 |    +0.0% |   -1.235 |     -291.3 |    -3436.1 |   7612 | ex_stage_i/i_mult.i_div.op_a_q\[63\]$_DFFE_PN0P_/D
     844* |       0 |     343 |        0 |      0 |    63 |    +0.0% |   -1.233 |     -291.0 |    -3431.3 |   7612 | ex_stage_i/i_mult.i_div.op_a_q\[63\]$_DFFE_PN0P_/D
     850* |       0 |     347 |        0 |      0 |    64 |    +0.0% |   -1.235 |     -291.3 |    -3436.1 |   7612 | ex_stage_i/i_mult.i_div.op_a_q\[63\]$_DFFE_PN0P_/D
     851* |       0 |     343 |        0 |      0 |    63 |    +0.0% |   -1.233 |     -291.0 |    -3431.3 |   7612 | ex_stage_i/i_mult.i_div.op_a_q\[63\]$_DFFE_PN0P_/D
     858* |       0 |     343 |        0 |      0 |    63 |    +0.0% |   -1.233 |     -291.0 |    -3431.3 |   7612 | ex_stage_i/i_mult.i_div.op_a_q\[63\]$_DFFE_PN0P_/D
     860* |       0 |     344 |        0 |      0 |    63 |    +0.0% |   -1.235 |     -291.1 |    -3434.6 |   7612 | ex_stage_i/i_mult.i_div.op_a_q\[63\]$_DFFE_PN0P_/D
     865* |       0 |     343 |        0 |      0 |    63 |    +0.0% |   -1.233 |     -291.0 |    -3431.3 |   7612 | ex_stage_i/i_mult.i_div.op_a_q\[63\]$_DFFE_PN0P_/D
     870* |       0 |     346 |        0 |      0 |    64 |    +0.0% |   -1.235 |     -293.1 |    -3436.2 |   7612 | ex_stage_i/i_mult.i_div.op_a_q\[63\]$_DFFE_PN0P_/D
     872* |       0 |     343 |        0 |      0 |    63 |    +0.0% |   -1.233 |     -291.0 |    -3431.3 |   7612 | ex_stage_i/i_mult.i_div.op_a_q\[63\]$_DFFE_PN0P_/D
     879* |       0 |     343 |        0 |      0 |    63 |    +0.0% |   -1.233 |     -291.0 |    -3431.3 |   7612 | ex_stage_i/i_mult.i_div.op_a_q\[63\]$_DFFE_PN0P_/D
     880* |       0 |     343 |        0 |      0 |    63 |    +0.0% |   -1.233 |     -291.0 |    -3431.3 |   7612 | ex_stage_i/i_mult.i_div.op_a_q\[63\]$_DFFE_PN0P_/D
     886* |       0 |     343 |        0 |      0 |    63 |    +0.0% |   -1.233 |     -291.0 |    -3431.3 |   7612 | ex_stage_i/i_mult.i_div.op_a_q\[63\]$_DFFE_PN0P_/D
     890* |       0 |     345 |        0 |      0 |    64 |    +0.0% |   -1.235 |     -291.3 |    -3436.1 |   7612 | ex_stage_i/i_mult.i_div.op_a_q\[63\]$_DFFE_PN0P_/D
     893* |       0 |     343 |        0 |      0 |    63 |    +0.0% |   -1.233 |     -291.0 |    -3431.3 |   7612 | ex_stage_i/i_mult.i_div.op_a_q\[63\]$_DFFE_PN0P_/D
     900* |       0 |     348 |        0 |      0 |    64 |    +0.0% |   -1.233 |     -291.4 |    -3432.0 |   7612 | ex_stage_i/i_mult.i_div.op_a_q\[63\]$_DFFE_PN0P_/D
     910* |       0 |     358 |        0 |      0 |    64 |    +0.0% |   -1.235 |     -291.9 |    -3435.1 |   7612 | ex_stage_i/i_mult.i_div.op_a_q\[63\]$_DFFE_PN0P_/D
     916* |       0 |     352 |        0 |      0 |    64 |    +0.0% |   -1.233 |     -291.4 |    -3432.0 |   7612 | ex_stage_i/i_mult.i_div.op_a_q\[63\]$_DFFE_PN0P_/D
     920* |       0 |     355 |        0 |      0 |    64 |    +0.0% |   -1.235 |     -291.7 |    -3436.8 |   7612 | ex_stage_i/i_mult.i_div.op_a_q\[63\]$_DFFE_PN0P_/D
     930* |       0 |     363 |        0 |      0 |    66 |    +0.0% |   -1.235 |     -291.9 |    -3435.4 |   7612 | ex_stage_i/i_mult.i_div.op_a_q\[63\]$_DFFE_PN0P_/D
     930* |       0 |     353 |        0 |      0 |    64 |    +0.0% |   -1.233 |     -291.4 |    -3432.0 |   7612 | ex_stage_i/i_mult.i_div.op_a_q\[63\]$_DFFE_PN0P_/D
     940* |       0 |     362 |        0 |      0 |    64 |    +0.0% |   -1.235 |     -291.9 |    -3435.3 |   7612 | ex_stage_i/i_mult.i_div.op_a_q\[63\]$_DFFE_PN0P_/D
     944* |       0 |     359 |        0 |      0 |    64 |    +0.0% |   -1.233 |     -291.6 |    -3430.7 |   7612 | ex_stage_i/i_mult.i_div.op_a_q\[63\]$_DFFE_PN0P_/D
     950* |       0 |     363 |        0 |      0 |    65 |    +0.0% |   -1.235 |     -291.9 |    -3435.3 |   7612 | ex_stage_i/i_mult.i_div.op_a_q\[63\]$_DFFE_PN0P_/D
     953* |       0 |     359 |        0 |      0 |    64 |    +0.0% |   -1.233 |     -291.6 |    -3430.7 |   7612 | ex_stage_i/i_mult.i_div.op_a_q\[63\]$_DFFE_PN0P_/D
     960* |       0 |     365 |        0 |      0 |    64 |    +0.0% |   -1.235 |     -291.9 |    -3435.3 |   7612 | ex_stage_i/i_mult.i_div.op_a_q\[63\]$_DFFE_PN0P_/D
     964* |       0 |     361 |        0 |      0 |    64 |    +0.0% |   -1.233 |     -291.6 |    -3430.6 |   7612 | ex_stage_i/i_mult.i_div.op_a_q\[63\]$_DFFE_PN0P_/D
     970* |       0 |     366 |        0 |      0 |    64 |    +0.0% |   -1.235 |     -291.9 |    -3435.3 |   7612 | ex_stage_i/i_mult.i_div.op_a_q\[63\]$_DFFE_PN0P_/D
     974* |       0 |     363 |        0 |      0 |    64 |    +0.0% |   -1.233 |     -291.6 |    -3430.7 |   7612 | ex_stage_i/i_mult.i_div.op_a_q\[63\]$_DFFE_PN0P_/D
     980* |       0 |     367 |        0 |      0 |    65 |    +0.0% |   -1.235 |     -291.9 |    -3435.3 |   7612 | ex_stage_i/i_mult.i_div.op_a_q\[63\]$_DFFE_PN0P_/D
     983* |       0 |     363 |        0 |      0 |    64 |    +0.0% |   -1.233 |     -291.6 |    -3430.7 |   7612 | ex_stage_i/i_mult.i_div.op_a_q\[63\]$_DFFE_PN0P_/D
     990* |       0 |     368 |        0 |      0 |    65 |    +0.0% |   -1.235 |     -291.9 |    -3435.3 |   7612 | ex_stage_i/i_mult.i_div.op_a_q\[63\]$_DFFE_PN0P_/D
     992* |       0 |     363 |        0 |      0 |    64 |    +0.0% |   -1.233 |     -291.6 |    -3430.7 |   7612 | ex_stage_i/i_mult.i_div.op_a_q\[63\]$_DFFE_PN0P_/D
    1000* |       0 |     369 |        0 |      0 |    65 |    +0.0% |   -1.235 |     -291.9 |    -3435.3 |   7612 | ex_stage_i/i_mult.i_div.op_a_q\[63\]$_DFFE_PN0P_/D
    1001* |       0 |     363 |        0 |      0 |    64 |    +0.0% |   -1.233 |     -291.6 |    -3430.7 |   7612 | ex_stage_i/i_mult.i_div.op_a_q\[63\]$_DFFE_PN0P_/D
    1010* |       0 |     369 |        0 |      0 |    66 |    +0.0% |   -1.235 |     -291.9 |    -3435.3 |   7612 | ex_stage_i/i_mult.i_div.op_a_q\[63\]$_DFFE_PN0P_/D
    1010* |       0 |     363 |        0 |      0 |    64 |    +0.0% |   -1.233 |     -291.6 |    -3430.7 |   7612 | ex_stage_i/i_mult.i_div.op_a_q\[63\]$_DFFE_PN0P_/D
    1020* |       0 |     372 |        0 |      0 |    64 |    +0.0% |   -1.233 |     -291.8 |    -3430.5 |   7612 | ex_stage_i/i_mult.i_div.op_a_q\[63\]$_DFFE_PN0P_/D
    1030* |       0 |     381 |        0 |      0 |    65 |    +0.0% |   -1.233 |     -292.9 |    -3417.4 |   7612 | ex_stage_i/i_mult.i_div.op_a_q\[63\]$_DFFE_PN0P_/D
    1040* |       0 |     388 |        0 |      0 |    68 |    +0.0% |   -1.233 |     -292.8 |    -3417.5 |   7612 | ex_stage_i/i_mult.i_div.op_a_q\[63\]$_DFFE_PN0P_/D
    1049* |       0 |     390 |        0 |      0 |    68 |    +0.0% |   -1.233 |     -292.8 |    -3417.5 |   7612 | ex_stage_i/i_mult.i_div.op_a_q\[63\]$_DFFE_PN0P_/D
    1050* |       0 |     390 |        0 |      0 |    68 |    +0.0% |   -1.233 |     -292.8 |    -3417.5 |   7612 | ex_stage_i/i_mult.i_div.op_a_q\[63\]$_DFFE_PN0P_/D
    1058* |       0 |     392 |        0 |      0 |    68 |    +0.0% |   -1.233 |     -292.8 |    -3417.4 |   7612 | ex_stage_i/i_mult.i_div.op_a_q\[63\]$_DFFE_PN0P_/D
    1060* |       0 |     393 |        0 |      0 |    68 |    +0.0% |   -1.233 |     -292.8 |    -3417.4 |   7612 | ex_stage_i/i_mult.i_div.op_a_q\[63\]$_DFFE_PN0P_/D
    1067* |       0 |     394 |        0 |      0 |    68 |    +0.0% |   -1.233 |     -292.8 |    -3417.6 |   7612 | ex_stage_i/i_mult.i_div.op_a_q\[63\]$_DFFE_PN0P_/D
    1070* |       0 |     396 |        0 |      0 |    68 |    +0.0% |   -1.235 |     -292.9 |    -3420.9 |   7612 | ex_stage_i/i_mult.i_div.op_a_q\[63\]$_DFFE_PN0P_/D
    1075* |       0 |     395 |        0 |      0 |    68 |    +0.0% |   -1.233 |     -292.8 |    -3417.6 |   7612 | ex_stage_i/i_mult.i_div.op_a_q\[63\]$_DFFE_PN0P_/D
    1080* |       0 |     398 |        0 |      0 |    69 |    +0.1% |   -1.235 |     -293.1 |    -3422.4 |   7612 | ex_stage_i/i_mult.i_div.op_a_q\[63\]$_DFFE_PN0P_/D
    1083* |       0 |     396 |        0 |      0 |    68 |    +0.0% |   -1.233 |     -292.8 |    -3417.6 |   7612 | ex_stage_i/i_mult.i_div.op_a_q\[63\]$_DFFE_PN0P_/D
    1090* |       0 |     401 |        0 |      0 |    69 |    +0.1% |   -1.235 |     -293.1 |    -3422.4 |   7612 | ex_stage_i/i_mult.i_div.op_a_q\[63\]$_DFFE_PN0P_/D
    1092* |       0 |     398 |        0 |      0 |    68 |    +0.1% |   -1.233 |     -292.8 |    -3417.6 |   7612 | ex_stage_i/i_mult.i_div.op_a_q\[63\]$_DFFE_PN0P_/D
    1100* |       0 |     404 |        0 |      0 |    69 |    +0.1% |   -1.235 |     -293.1 |    -3422.4 |   7612 | ex_stage_i/i_mult.i_div.op_a_q\[63\]$_DFFE_PN0P_/D
    1100* |       0 |     399 |        0 |      0 |    68 |    +0.1% |   -1.233 |     -292.8 |    -3417.6 |   7612 | ex_stage_i/i_mult.i_div.op_a_q\[63\]$_DFFE_PN0P_/D
    1108* |       0 |     400 |        0 |      0 |    68 |    +0.1% |   -1.233 |     -292.8 |    -3417.6 |   7612 | ex_stage_i/i_mult.i_div.op_a_q\[63\]$_DFFE_PN0P_/D
    1110* |       0 |     401 |        0 |      0 |    68 |    +0.1% |   -1.233 |     -292.8 |    -3417.6 |   7612 | ex_stage_i/i_mult.i_div.op_a_q\[63\]$_DFFE_PN0P_/D
    1116* |       0 |     401 |        0 |      0 |    68 |    +0.1% |   -1.233 |     -292.8 |    -3417.6 |   7612 | ex_stage_i/i_mult.i_div.op_a_q\[63\]$_DFFE_PN0P_/D
    1120* |       0 |     404 |        0 |      0 |    68 |    +0.1% |   -1.233 |     -292.8 |    -3417.6 |   7612 | ex_stage_i/i_mult.i_div.op_a_q\[63\]$_DFFE_PN0P_/D
    1126* |       0 |     404 |        0 |      0 |    68 |    +0.1% |   -1.233 |     -292.8 |    -3417.6 |   7612 | ex_stage_i/i_mult.i_div.op_a_q\[63\]$_DFFE_PN0P_/D
    1130* |       0 |     406 |        0 |      0 |    69 |    +0.1% |   -1.233 |     -292.8 |    -3417.7 |   7612 | ex_stage_i/i_mult.i_div.op_a_q\[63\]$_DFFE_PN0P_/D
    1140* |       0 |     415 |        0 |      0 |    70 |    +0.1% |   -1.233 |     -292.8 |    -3417.8 |   7612 | ex_stage_i/i_mult.i_div.op_a_q\[63\]$_DFFE_PN0P_/D
    1148* |       0 |     416 |        0 |      0 |    70 |    +0.1% |   -1.233 |     -292.8 |    -3417.8 |   7612 | ex_stage_i/i_mult.i_div.op_a_q\[63\]$_DFFE_PN0P_/D
    1150* |       0 |     417 |        0 |      0 |    70 |    +0.1% |   -1.233 |     -292.8 |    -3417.8 |   7612 | ex_stage_i/i_mult.i_div.op_a_q\[63\]$_DFFE_PN0P_/D
    1158* |       0 |     418 |        0 |      0 |    70 |    +0.1% |   -1.233 |     -292.8 |    -3417.8 |   7612 | ex_stage_i/i_mult.i_div.op_a_q\[63\]$_DFFE_PN0P_/D
    1160* |       0 |     419 |        0 |      0 |    70 |    +0.1% |   -1.233 |     -292.8 |    -3417.8 |   7612 | ex_stage_i/i_mult.i_div.op_a_q\[63\]$_DFFE_PN0P_/D
    1169* |       0 |     421 |        0 |      0 |    70 |    +0.1% |   -1.233 |     -292.8 |    -3417.8 |   7612 | ex_stage_i/i_mult.i_div.op_a_q\[63\]$_DFFE_PN0P_/D
    1170* |       0 |     421 |        0 |      0 |    70 |    +0.1% |   -1.233 |     -292.8 |    -3417.8 |   7612 | ex_stage_i/i_mult.i_div.op_a_q\[63\]$_DFFE_PN0P_/D
    1179* |       0 |     423 |        0 |      0 |    70 |    +0.1% |   -1.233 |     -292.8 |    -3417.8 |   7612 | ex_stage_i/i_mult.i_div.op_a_q\[63\]$_DFFE_PN0P_/D
    1180* |       0 |     423 |        0 |      0 |    70 |    +0.1% |   -1.233 |     -292.8 |    -3417.8 |   7612 | ex_stage_i/i_mult.i_div.op_a_q\[63\]$_DFFE_PN0P_/D
    1189* |       0 |     425 |        0 |      0 |    70 |    +0.1% |   -1.233 |     -292.8 |    -3417.8 |   7612 | ex_stage_i/i_mult.i_div.op_a_q\[63\]$_DFFE_PN0P_/D
    1190* |       0 |     425 |        0 |      0 |    70 |    +0.1% |   -1.233 |     -292.8 |    -3417.8 |   7612 | ex_stage_i/i_mult.i_div.op_a_q\[63\]$_DFFE_PN0P_/D
    1199* |       0 |     427 |        0 |      0 |    70 |    +0.1% |   -1.233 |     -292.8 |    -3417.8 |   7612 | ex_stage_i/i_mult.i_div.op_a_q\[63\]$_DFFE_PN0P_/D
    1200* |       0 |     427 |        0 |      0 |    70 |    +0.1% |   -1.233 |     -292.8 |    -3417.8 |   7612 | ex_stage_i/i_mult.i_div.op_a_q\[63\]$_DFFE_PN0P_/D
    1210* |       0 |     436 |        0 |      0 |    71 |    +0.1% |   -1.235 |     -293.1 |    -3422.6 |   7612 | ex_stage_i/i_mult.i_div.op_a_q\[63\]$_DFFE_PN0P_/D
    1210* |       0 |     430 |        0 |      0 |    70 |    +0.1% |   -1.233 |     -292.8 |    -3417.8 |   7612 | ex_stage_i/i_mult.i_div.op_a_q\[63\]$_DFFE_PN0P_/D
    1220* |       0 |     438 |        0 |      0 |    71 |    +0.1% |   -1.235 |     -293.1 |    -3422.6 |   7612 | ex_stage_i/i_mult.i_div.op_a_q\[63\]$_DFFE_PN0P_/D
    1220* |       0 |     432 |        0 |      0 |    70 |    +0.1% |   -1.233 |     -292.8 |    -3417.8 |   7612 | ex_stage_i/i_mult.i_div.op_a_q\[63\]$_DFFE_PN0P_/D
    1230* |       0 |     440 |        0 |      0 |    71 |    +0.1% |   -1.235 |     -293.1 |    -3422.6 |   7612 | ex_stage_i/i_mult.i_div.op_a_q\[63\]$_DFFE_PN0P_/D
    1231* |       0 |     435 |        0 |      0 |    70 |    +0.1% |   -1.233 |     -292.8 |    -3417.8 |   7612 | ex_stage_i/i_mult.i_div.op_a_q\[63\]$_DFFE_PN0P_/D
    1240* |       0 |     440 |        0 |      0 |    73 |    +0.1% |   -1.235 |     -293.1 |    -3425.2 |   7612 | ex_stage_i/i_mult.i_div.op_a_q\[63\]$_DFFE_PN0P_/D
    1250* |       0 |     449 |        0 |      0 |    74 |    +0.1% |   -1.235 |     -293.1 |    -3424.9 |   7612 | ex_stage_i/i_mult.i_div.op_a_q\[63\]$_DFFE_PN0P_/D
    1253* |       0 |     436 |        0 |      0 |    70 |    +0.1% |   -1.233 |     -292.8 |    -3417.7 |   7612 | ex_stage_i/i_mult.i_div.op_a_q\[63\]$_DFFE_PN0P_/D
    1260* |       0 |     442 |        0 |      0 |    70 |    +0.1% |   -1.233 |     -292.8 |    -3417.5 |   7612 | ex_stage_i/i_mult.i_div.op_a_q\[63\]$_DFFE_PN0P_/D
    1268* |       0 |     443 |        0 |      0 |    70 |    +0.1% |   -1.233 |     -292.8 |    -3417.5 |   7612 | ex_stage_i/i_mult.i_div.op_a_q\[63\]$_DFFE_PN0P_/D
    1270* |       0 |     444 |        0 |      0 |    70 |    +0.1% |   -1.233 |     -292.8 |    -3417.5 |   7612 | ex_stage_i/i_mult.i_div.op_a_q\[63\]$_DFFE_PN0P_/D
    1277* |       0 |     444 |        0 |      0 |    70 |    +0.1% |   -1.233 |     -292.8 |    -3417.5 |   7612 | ex_stage_i/i_mult.i_div.op_a_q\[63\]$_DFFE_PN0P_/D
    1280* |       0 |     446 |        0 |      0 |    70 |    +0.1% |   -1.233 |     -292.8 |    -3417.5 |   7612 | ex_stage_i/i_mult.i_div.op_a_q\[63\]$_DFFE_PN0P_/D
    1286* |       0 |     446 |        0 |      0 |    70 |    +0.1% |   -1.233 |     -292.8 |    -3417.5 |   7612 | ex_stage_i/i_mult.i_div.op_a_q\[63\]$_DFFE_PN0P_/D
    1290* |       0 |     449 |        0 |      0 |    70 |    +0.1% |   -1.235 |     -293.1 |    -3422.3 |   7612 | ex_stage_i/i_mult.i_div.op_a_q\[63\]$_DFFE_PN0P_/D
    1294* |       0 |     446 |        0 |      0 |    70 |    +0.1% |   -1.233 |     -292.8 |    -3417.5 |   7612 | ex_stage_i/i_mult.i_div.op_a_q\[63\]$_DFFE_PN0P_/D
    1300* |       0 |     450 |        0 |      0 |    71 |    +0.1% |   -1.235 |     -293.1 |    -3422.3 |   7612 | ex_stage_i/i_mult.i_div.op_a_q\[63\]$_DFFE_PN0P_/D
    1300* |       0 |     446 |        0 |      0 |    70 |    +0.1% |   -1.233 |     -292.8 |    -3417.5 |   7612 | ex_stage_i/i_mult.i_div.op_a_q\[63\]$_DFFE_PN0P_/D
    1308* |       0 |     446 |        0 |      0 |    70 |    +0.1% |   -1.233 |     -292.8 |    -3417.5 |   7612 | ex_stage_i/i_mult.i_div.op_a_q\[63\]$_DFFE_PN0P_/D
    1310* |       0 |     447 |        0 |      0 |    70 |    +0.1% |   -1.235 |     -292.9 |    -3420.8 |   7612 | ex_stage_i/i_mult.i_div.op_a_q\[63\]$_DFFE_PN0P_/D
    1316* |       0 |     446 |        0 |      0 |    70 |    +0.1% |   -1.233 |     -292.8 |    -3417.5 |   7612 | ex_stage_i/i_mult.i_div.op_a_q\[63\]$_DFFE_PN0P_/D
    1320* |       0 |     449 |        0 |      0 |    70 |    +0.1% |   -1.235 |     -293.1 |    -3422.3 |   7612 | ex_stage_i/i_mult.i_div.op_a_q\[63\]$_DFFE_PN0P_/D
    1324* |       0 |     446 |        0 |      0 |    70 |    +0.1% |   -1.233 |     -292.8 |    -3417.5 |   7612 | ex_stage_i/i_mult.i_div.op_a_q\[63\]$_DFFE_PN0P_/D
    1330* |       0 |     450 |        0 |      0 |    71 |    +0.1% |   -1.235 |     -293.1 |    -3422.3 |   7612 | ex_stage_i/i_mult.i_div.op_a_q\[63\]$_DFFE_PN0P_/D
    1332* |       0 |     446 |        0 |      0 |    70 |    +0.1% |   -1.233 |     -292.8 |    -3417.5 |   7612 | ex_stage_i/i_mult.i_div.op_a_q\[63\]$_DFFE_PN0P_/D
    1340* |       0 |     451 |        0 |      0 |    72 |    +0.1% |   -1.235 |     -293.1 |    -3422.4 |   7612 | ex_stage_i/i_mult.i_div.op_a_q\[63\]$_DFFE_PN0P_/D
    1340* |       0 |     446 |        0 |      0 |    70 |    +0.1% |   -1.233 |     -292.8 |    -3417.5 |   7612 | ex_stage_i/i_mult.i_div.op_a_q\[63\]$_DFFE_PN0P_/D
    1350* |       0 |     454 |        0 |      0 |    71 |    +0.1% |   -1.235 |     -293.1 |    -3422.2 |   7612 | ex_stage_i/i_mult.i_div.op_a_q\[63\]$_DFFE_PN0P_/D
    1355* |       0 |     451 |        0 |      0 |    70 |    +0.1% |   -1.233 |     -292.8 |    -3417.4 |   7612 | ex_stage_i/i_mult.i_div.op_a_q\[63\]$_DFFE_PN0P_/D
    1360* |       0 |     454 |        0 |      0 |    71 |    +0.1% |   -1.235 |     -293.1 |    -3422.2 |   7612 | ex_stage_i/i_mult.i_div.op_a_q\[63\]$_DFFE_PN0P_/D
    1365* |       0 |     451 |        0 |      0 |    70 |    +0.1% |   -1.233 |     -292.8 |    -3417.4 |   7612 | ex_stage_i/i_mult.i_div.op_a_q\[63\]$_DFFE_PN0P_/D
    1370* |       0 |     454 |        0 |      0 |    71 |    +0.1% |   -1.235 |     -293.1 |    -3422.2 |   7612 | ex_stage_i/i_mult.i_div.op_a_q\[63\]$_DFFE_PN0P_/D
    1375* |       0 |     451 |        0 |      0 |    70 |    +0.1% |   -1.233 |     -292.8 |    -3417.4 |   7612 | ex_stage_i/i_mult.i_div.op_a_q\[63\]$_DFFE_PN0P_/D
    1380* |       0 |     454 |        0 |      0 |    71 |    +0.1% |   -1.235 |     -293.1 |    -3422.2 |   7612 | ex_stage_i/i_mult.i_div.op_a_q\[63\]$_DFFE_PN0P_/D
    1385* |       0 |     451 |        0 |      0 |    70 |    +0.1% |   -1.233 |     -292.8 |    -3417.4 |   7612 | ex_stage_i/i_mult.i_div.op_a_q\[63\]$_DFFE_PN0P_/D
    1390* |       0 |     454 |        0 |      0 |    71 |    +0.1% |   -1.235 |     -293.1 |    -3422.2 |   7612 | ex_stage_i/i_mult.i_div.op_a_q\[63\]$_DFFE_PN0P_/D
    1395* |       0 |     451 |        0 |      0 |    70 |    +0.1% |   -1.233 |     -292.8 |    -3417.4 |   7612 | ex_stage_i/i_mult.i_div.op_a_q\[63\]$_DFFE_PN0P_/D
    1400* |       0 |     454 |        0 |      0 |    71 |    +0.1% |   -1.235 |     -293.1 |    -3422.2 |   7612 | ex_stage_i/i_mult.i_div.op_a_q\[63\]$_DFFE_PN0P_/D
    1400* |       0 |     451 |        0 |      0 |    70 |    +0.1% |   -1.233 |     -292.8 |    -3417.4 |   7612 | ex_stage_i/i_mult.i_div.op_a_q\[63\]$_DFFE_PN0P_/D
    1400* |       0 |     451 |        0 |      0 |    70 |    +0.1% |   -1.233 |     -292.8 |    -3417.4 |   7612 | ex_stage_i/i_mult.i_div.op_a_q\[63\]$_DFFE_PN0P_/D
    final |       0 |     451 |        0 |      0 |    70 |    +0.1% |   -1.233 |     -292.8 |    -3417.4 |   3493 | ex_stage_i/i_mult.i_div.op_a_q\[63\]$_DFFE_PN0P_/D
------------------------------------------------------------------------------------------------------------------------------
[INFO RSZ-0051] Resized 451 instances: 451 up, 0 up match, 0 down, 0 VT
[INFO RSZ-0043] Swapped pins on 70 instances.
[WARNING RSZ-0062] Unable to repair all setup violations.
Took 630 seconds: repair_timing -setup_margin 0 -hold_margin 0 -repair_tns 100 -setup -skip_last_gasp -sequence unbuffer,sizeup,swap,vt_swap -verbose
Default units for flow
 time 1ns
 capacitance 1fF
 resistance 1kohm
 voltage 1v
 current 1mA
 power 1nW
 distance 1um
   Layer   | Unit Resistance | Unit Capacitance 
           |       (kohm/um) |          (fF/um)
------------------------------------------------
    metal1 |        5.43e-03 |         7.42e-02
    metal2 |        3.71e-03 |         8.34e-02
    metal3 |        3.58e-03 |         1.04e-01
    metal4 |        1.47e-03 |         1.19e-01
    metal5 |        1.49e-03 |         1.09e-01
    metal6 |        1.50e-03 |         1.14e-01
    metal7 |        2.64e-04 |         1.17e-01
    metal8 |        1.89e-04 |         9.45e-02
    metal9 |        3.43e-05 |         1.06e-01
   metal10 |        3.87e-05 |         7.37e-01
------------------------------------------------

   Layer   | Via Resistance 
           |         (kohm) 
----------------------------
      via1 |       5.00e-03 
      via2 |       5.00e-03 
      via3 |       5.00e-03 
      via4 |       3.00e-03 
      via5 |       3.00e-03 
      via6 |       3.00e-03 
      via7 |       1.00e-03 
      via8 |       1.00e-03 
      via9 |       5.00e-04 
----------------------------
Report metrics stage 2, floorplan final...

==========================================================================
floorplan final report_design_area
--------------------------------------------------------------------------
Design area 713614 um^2 35% utilization.
source /work/constraints/io.tcl
write_db ./results/nangate45/ariane133/base/2_1_floorplan.odb
write_sdc -no_timestamp ./results/nangate45/ariane133/base/2_1_floorplan.sdc
Elapsed time: 11:21.03[h:]min:sec. CPU time: user 2358.31 sys 380.63 (402%). Peak memory: 873320KB.
Log                        Elapsed/s Peak Memory/MB  sha1sum .odb [0:20)
2_1_floorplan                    681            852 f0c891fa34d09388021d
