OpenROAD 26Q1-2900-gdf79404cd8 
Features included (+) or not (-): +GPU +GUI +Python
This program is licensed under the BSD-3 license. See the LICENSE file for details.
Components of this program may be licensed under more restrictive licenses which must be honored.
[INFO ORD-0030] Using 8 thread(s).
read_liberty /OpenROAD-flow-scripts/flow/platforms/nangate45/lib/NangateOpenCellLibrary_typical.lib
read_liberty /OpenROAD-flow-scripts/flow/platforms/nangate45/lib/fakeram45_256x16.lib
read_db ./results/nangate45/ariane133/base/3_3_place_gp.odb
read_sdc ./results/nangate45/ariane133/base/2_floorplan.sdc
source /OpenROAD-flow-scripts/flow/platforms/nangate45/setRC.tcl
estimate_parasitics -placement
Took 11 seconds: estimate_parasitics -placement
Perform buffer insertion and gate resizing...
repair_design -verbose
Iteration |   Area    | Resized | Buffers | Nets repaired | Remaining
---------------------------------------------------------------------
        0 |     +0.0% |       0 |       0 |             0 |    200121
     1000 |     +0.0% |       0 |       0 |             0 |    199121
     2000 |     +0.0% |       0 |       0 |             0 |    198121
     3000 |     +0.0% |       0 |       0 |             0 |    197121
     4000 |     +0.0% |       0 |       0 |             0 |    196121
     5000 |     +0.0% |       0 |       0 |             0 |    195121
     6000 |     +0.0% |       0 |       0 |             0 |    194121
     7000 |     +0.0% |       0 |       0 |             0 |    193121
     8000 |     +0.0% |       0 |       0 |             0 |    192121
     9000 |     +0.0% |       0 |       0 |             0 |    191121
    10000 |     +0.0% |       0 |       0 |             0 |    190121
    11000 |     +0.0% |       0 |       0 |             0 |    189121
    12000 |     +0.0% |       0 |       0 |             0 |    188121
    13000 |     +0.0% |       0 |       0 |             0 |    187121
    14000 |     +0.0% |       0 |       0 |             0 |    186121
    15000 |     +0.0% |       0 |       0 |             0 |    185121
    16000 |     +0.0% |       0 |       0 |             0 |    184121
    17000 |     +0.0% |       0 |       0 |             0 |    183121
    18000 |     +0.0% |       0 |       0 |             0 |    182121
    19000 |     +0.0% |       0 |       0 |             0 |    181121
    20000 |     +0.0% |       0 |       0 |             0 |    180121
    21000 |     +0.0% |       0 |       0 |             0 |    179121
    22000 |     +0.0% |       0 |       0 |             0 |    178121
    23000 |     +0.0% |       0 |       0 |             0 |    177121
    24000 |     +0.0% |       0 |       0 |             0 |    176121
    25000 |     +0.0% |       0 |       2 |             2 |    175121
    26000 |     +0.0% |       0 |       7 |             7 |    174121
    27000 |     +0.0% |       0 |      15 |            15 |    173121
    28000 |     +0.0% |       0 |      15 |            15 |    172121
    29000 |     +0.0% |       0 |      15 |            15 |    171121
    30000 |     +0.0% |       0 |      15 |            20 |    170121
    31000 |     +0.0% |       0 |      19 |            34 |    169121
    32000 |     +0.0% |       0 |      23 |            38 |    168121
    33000 |     +0.0% |       0 |      36 |            51 |    167121
    34000 |     +0.0% |       0 |      36 |            51 |    166121
    35000 |     +0.0% |       0 |      36 |            51 |    165121
    36000 |     +0.0% |       0 |      48 |            63 |    164121
    37000 |     +0.0% |       0 |      48 |            63 |    163121
    38000 |     +0.0% |       0 |      51 |            66 |    162121
    39000 |     +0.0% |       0 |      51 |            66 |    161121
    40000 |     +0.0% |       0 |      51 |            66 |    160121
    41000 |     +0.0% |       0 |      53 |            68 |    159121
    42000 |     +0.0% |       0 |      53 |            68 |    158121
    43000 |     +0.0% |       0 |      53 |            68 |    157121
    44000 |     +0.0% |       0 |      53 |            68 |    156121
    45000 |     +0.0% |       0 |      53 |            68 |    155121
    46000 |     +0.0% |       0 |      53 |            68 |    154121
    47000 |     +0.0% |       0 |      53 |            68 |    153121
    48000 |     +0.0% |       0 |      53 |            68 |    152121
    49000 |     +0.0% |       0 |      53 |            68 |    151121
    50000 |     +0.0% |       0 |      57 |            72 |    150121
    51000 |     +0.0% |       0 |      58 |            73 |    149121
    52000 |     +0.0% |       2 |      61 |            76 |    148121
    53000 |     +0.0% |       2 |      61 |            76 |    147121
    54000 |     +0.0% |       2 |      61 |            76 |    146121
    55000 |     +0.0% |       2 |      62 |            77 |    145121
    56000 |     +0.0% |       2 |      63 |            78 |    144121
    57000 |     +0.0% |       2 |      63 |            78 |    143121
    58000 |     +0.0% |       2 |      63 |            78 |    142121
    59000 |     +0.0% |       2 |      63 |            78 |    141121
    60000 |     +0.0% |       2 |      63 |            78 |    140121
    61000 |     +0.0% |       2 |      64 |            79 |    139121
    62000 |     +0.0% |       2 |      64 |            79 |    138121
    63000 |     +0.0% |       2 |      64 |            79 |    137121
    64000 |     +0.0% |       2 |      64 |            79 |    136121
    65000 |     +0.0% |       2 |      64 |            79 |    135121
    66000 |     +0.0% |       2 |      64 |            79 |    134121
    67000 |     +0.0% |       2 |      64 |            79 |    133121
    68000 |     +0.0% |       2 |      64 |            79 |    132121
    69000 |     +0.0% |       2 |      64 |            79 |    131121
    70000 |     +0.0% |       2 |      65 |            80 |    130121
    71000 |     +0.0% |       2 |      65 |            80 |    129121
    72000 |     +0.0% |       2 |      65 |            80 |    128121
    73000 |     +0.0% |       2 |      73 |            88 |    127121
    74000 |     +0.0% |       2 |      73 |            88 |    126121
    75000 |     +0.0% |       2 |      77 |            92 |    125121
    76000 |     +0.0% |       2 |      77 |            92 |    124121
    77000 |     +0.0% |       2 |     104 |           121 |    123121
    78000 |     +0.0% |       2 |     104 |           121 |    122121
    79000 |     +0.0% |       2 |     104 |           121 |    121121
    80000 |     +0.0% |       2 |     109 |           126 |    120121
    81000 |     +0.0% |       2 |     109 |           126 |    119121
    82000 |     +0.0% |      11 |     148 |           166 |    118121
    83000 |     +0.0% |      11 |     148 |           166 |    117121
    84000 |     +0.0% |      11 |     148 |           166 |    116121
    85000 |     +0.0% |      11 |     153 |           171 |    115121
    86000 |     +0.0% |      11 |     153 |           171 |    114121
    87000 |     +0.0% |      11 |     153 |           171 |    113121
    88000 |     +0.0% |      28 |     177 |           196 |    112121
    89000 |     +0.0% |      28 |     177 |           196 |    111121
    90000 |     +0.0% |      28 |     177 |           196 |    110121
    91000 |     +0.0% |      28 |     180 |           199 |    109121
    92000 |     +0.0% |      28 |     180 |           199 |    108121
    93000 |     +0.0% |      28 |     180 |           199 |    107121
    94000 |     +0.1% |      29 |     198 |           214 |    106121
    95000 |     +0.1% |      29 |     198 |           214 |    105121
    96000 |     +0.1% |      29 |     198 |           214 |    104121
    97000 |     +0.1% |      29 |     198 |           214 |    103121
    98000 |     +0.1% |      29 |     201 |           217 |    102121
    99000 |     +0.1% |      29 |     201 |           217 |    101121
   100000 |     +0.1% |      29 |     201 |           217 |    100121
   101000 |     +0.1% |      29 |     201 |           217 |     99121
   102000 |     +0.1% |      29 |     202 |           218 |     98121
   103000 |     +0.1% |      29 |     202 |           218 |     97121
   104000 |     +0.1% |      29 |     202 |           218 |     96121
   105000 |     +0.1% |      29 |     202 |           218 |     95121
   106000 |     +0.1% |      29 |     204 |           220 |     94121
   107000 |     +0.1% |      29 |     204 |           220 |     93121
   108000 |     +0.1% |      29 |     204 |           220 |     92121
   109000 |     +0.1% |      29 |     204 |           220 |     91121
   110000 |     +0.1% |      29 |     207 |           223 |     90121
   111000 |     +0.1% |      29 |     208 |           224 |     89121
   112000 |     +0.1% |      29 |     208 |           224 |     88121
   113000 |     +0.1% |      29 |     208 |           224 |     87121
   114000 |     +0.1% |      29 |     208 |           224 |     86121
   115000 |     +0.1% |      29 |     208 |           224 |     85121
   116000 |     +0.1% |      29 |     208 |           224 |     84121
   117000 |     +0.1% |      29 |     208 |           224 |     83121
   118000 |     +0.1% |      30 |     213 |           230 |     82121
   119000 |     +0.1% |      30 |     213 |           230 |     81121
   120000 |     +0.1% |      30 |     213 |           230 |     80121
   121000 |     +0.1% |      30 |     213 |           230 |     79121
   122000 |     +0.1% |      30 |     213 |           230 |     78121
   123000 |     +0.1% |      30 |     213 |           230 |     77121
   124000 |     +0.1% |      30 |     213 |           230 |     76121
   125000 |     +0.1% |      30 |     213 |           230 |     75121
   126000 |     +0.1% |      30 |     214 |           231 |     74121
   127000 |     +0.1% |      30 |     215 |           232 |     73121
   128000 |     +0.1% |      30 |     215 |           232 |     72121
   129000 |     +0.1% |      30 |     215 |           232 |     71121
   130000 |     +0.1% |      30 |     215 |           232 |     70121
   131000 |     +0.1% |      30 |     219 |           236 |     69121
   132000 |     +0.1% |      30 |     219 |           236 |     68121
   133000 |     +0.1% |      30 |     220 |           237 |     67121
   134000 |     +0.1% |      30 |     220 |           237 |     66121
   135000 |     +0.1% |      30 |     220 |           237 |     65121
   136000 |     +0.1% |      30 |     220 |           237 |     64121
   137000 |     +0.1% |      30 |     220 |           237 |     63121
   138000 |     +0.1% |      30 |     220 |           237 |     62121
   139000 |     +0.1% |      30 |     220 |           237 |     61121
   140000 |     +0.1% |      30 |     221 |           238 |     60121
   141000 |     +0.1% |      30 |     223 |           240 |     59121
   142000 |     +0.1% |      30 |     223 |           240 |     58121
   143000 |     +0.1% |      30 |     226 |           243 |     57121
   144000 |     +0.1% |      30 |     229 |           246 |     56121
   145000 |     +0.1% |      30 |     229 |           246 |     55121
   146000 |     +0.1% |      30 |     229 |           246 |     54121
   147000 |     +0.1% |      30 |     244 |           261 |     53121
   148000 |     +0.1% |      30 |     244 |           261 |     52121
   149000 |     +0.1% |      30 |     244 |           261 |     51121
   150000 |     +0.1% |      30 |     244 |           261 |     50121
   151000 |     +0.1% |      30 |     244 |           261 |     49121
   152000 |     +0.1% |      30 |     244 |           261 |     48121
   153000 |     +0.1% |      30 |     244 |           261 |     47121
   154000 |     +0.1% |      30 |     244 |           261 |     46121
   155000 |     +0.1% |      30 |     244 |           261 |     45121
   156000 |     +0.1% |      30 |     244 |           261 |     44121
   157000 |     +0.1% |      30 |     244 |           261 |     43121
   158000 |     +0.1% |      30 |     244 |           261 |     42121
   159000 |     +0.1% |      30 |     244 |           261 |     41121
   160000 |     +0.1% |      30 |     244 |           261 |     40121
   161000 |     +0.1% |      30 |     244 |           261 |     39121
   162000 |     +0.1% |      30 |     244 |           261 |     38121
   163000 |     +0.1% |      30 |     244 |           261 |     37121
   164000 |     +0.1% |      30 |     246 |           263 |     36121
   165000 |     +0.1% |      30 |     246 |           263 |     35121
   166000 |     +0.1% |      30 |     246 |           263 |     34121
   167000 |     +0.1% |      30 |     246 |           263 |     33121
   168000 |     +0.1% |      30 |     246 |           263 |     32121
   169000 |     +0.1% |      30 |     246 |           263 |     31121
   170000 |     +0.1% |      30 |     246 |           263 |     30121
   171000 |     +0.1% |      30 |     246 |           263 |     29121
   172000 |     +0.1% |      30 |     246 |           263 |     28121
   173000 |     +0.1% |      30 |     246 |           263 |     27121
   174000 |     +0.1% |      30 |     246 |           263 |     26121
   175000 |     +0.1% |      30 |     246 |           263 |     25121
   176000 |     +0.1% |      30 |     246 |           263 |     24121
   177000 |     +0.1% |      30 |     246 |           263 |     23121
   178000 |     +0.1% |      30 |     246 |           263 |     22121
   179000 |     +0.1% |      30 |     246 |           263 |     21121
   180000 |     +0.1% |      30 |     246 |           263 |     20121
   181000 |     +0.1% |      30 |     246 |           263 |     19121
   182000 |     +0.1% |      30 |     246 |           263 |     18121
   183000 |     +0.1% |      30 |     246 |           263 |     17121
   184000 |     +0.1% |      30 |     246 |           263 |     16121
   185000 |     +0.1% |      30 |     246 |           263 |     15121
   186000 |     +0.1% |      30 |     246 |           263 |     14121
   187000 |     +0.1% |      30 |     246 |           263 |     13121
   188000 |     +0.1% |      30 |     246 |           263 |     12121
   189000 |     +0.1% |      30 |     246 |           263 |     11121
   190000 |     +0.1% |      30 |     246 |           263 |     10121
   191000 |     +0.1% |      30 |     246 |           263 |      9121
   192000 |     +0.1% |      30 |     246 |           263 |      8121
   193000 |     +0.1% |      30 |     246 |           263 |      7121
   194000 |     +0.1% |      30 |     246 |           263 |      6121
   195000 |     +0.1% |      30 |     246 |           263 |      5121
   196000 |     +0.1% |      30 |     246 |           263 |      4121
   197000 |     +0.1% |      30 |     246 |           263 |      3121
   198000 |     +0.1% |      30 |     246 |           263 |      2121
   199000 |     +0.1% |      30 |     246 |           263 |      1121
   200000 |     +0.1% |      30 |     246 |           263 |       121
    final |     +0.1% |      30 |     246 |           263 |         0
---------------------------------------------------------------------
[INFO RSZ-0034] Found 211 slew violations.
[INFO RSZ-0036] Found 162 capacitance violations.
[INFO RSZ-0039] Resized 30 instances.
[INFO RSZ-0038] Inserted 246 buffers in 263 nets.
Took 29 seconds: repair_design -verbose
Floating nets: 
Report metrics stage 3, resizer...

==========================================================================
resizer report_design_area
--------------------------------------------------------------------------
Design area 736503 um^2 36% utilization.
Instance count before 186257, after 186503
Pin count before 630950, after 631442
write_db ./results/nangate45/ariane133/base/3_4_place_resized.odb
Elapsed time: 1:51.32[h:]min:sec. CPU time: user 184.68 sys 20.17 (184%). Peak memory: 1210532KB.
Log                        Elapsed/s Peak Memory/MB  sha1sum .odb [0:20)
3_4_place_resized                111           1182 c35636457ed0d26dd713
