OpenROAD 26Q1-2900-gdf79404cd8 
Features included (+) or not (-): +GPU +GUI +Python
This program is licensed under the BSD-3 license. See the LICENSE file for details.
Components of this program may be licensed under more restrictive licenses which must be honored.
[INFO ORD-0030] Using 8 thread(s).
read_liberty /OpenROAD-flow-scripts/flow/platforms/nangate45/lib/NangateOpenCellLibrary_typical.lib
read_liberty /OpenROAD-flow-scripts/flow/platforms/nangate45/lib/fakeram45_256x16.lib
read_db ./results/nangate45/ariane133/base/3_4_place_resized.odb
read_sdc ./results/nangate45/ariane133/base/2_floorplan.sdc
source /OpenROAD-flow-scripts/flow/platforms/nangate45/setRC.tcl
[INFO DPL-0005] Max displacement: +/- 500 sites horizontally, +/- 100 rows vertically.
Movements Summary
---------------------------------------
Total cells:                  171428
Diamond Move Success:         171428 (100.00%)
Diamond Move Failure:              0
Rip-up and replace Success:        0 (  0.00% of diamond failures)
Rip-up and replace Failure:        0
Total Placement Failures:          0
---------------------------------------
Placement Analysis
---------------------------------
total displacement     119000.0 u
average displacement        0.6 u
max displacement           23.8 u
original HPWL         6903958.9 u
legalized HPWL        6974069.8 u
delta HPWL                    1 %

Detailed placement improvement.
[INFO DPL-0401] Setting random seed to 1.
[INFO DPL-0402] Setting maximum displacement 5 1 to 14000 2800 units.
[INFO DPL-0320] Collected 19909 fixed cells.
[INFO DPL-0318] Collected 171428 single height cells.
[INFO DPL-0321] Collected 0 wide cells.
[INFO DPL-0322] Image (20140, 25200) - (2895980, 2895200)
[INFO DPL-0310] Assigned 171428 cells into segments.  Movement in X-direction is 0.000000, movement in Y-direction is 0.000000.
[INFO DPL-0313] Found 0 cells in wrong regions.
[INFO DPL-0315] Found 0 row alignment problems.
[INFO DPL-0314] Found 0 site alignment problems.
[INFO DPL-0311] Found 0 overlaps between adjacent cells.
[INFO DPL-0312] Found 0 edge spacing violations and 0 padding violations.
[INFO DPL-0303] Running algorithm for independent set matching.
[INFO DPL-0300] Set matching objective is wirelength.
[INFO DPL-0301] Pass   1 of matching; objective is 1.426524e+10.
[INFO DPL-0302] End of matching; objective is 1.426152e+10, improvement is 0.03 percent.
[INFO DPL-0303] Running algorithm for global swaps.
[INFO DPL-0306] Pass   1 of global swaps; hpwl is 1.410699e+10.
[INFO DPL-0306] Pass   2 of global swaps; hpwl is 1.407712e+10.
[INFO DPL-0307] End of global swaps; objective is 1.407712e+10, improvement is 1.29 percent.
[INFO DPL-0303] Running algorithm for vertical swaps.
[INFO DPL-0308] Pass   1 of vertical swaps; hpwl is 1.405502e+10.
[INFO DPL-0309] End of vertical swaps; objective is 1.405502e+10, improvement is 0.16 percent.
[INFO DPL-0303] Running algorithm for reordering.
[INFO DPL-0304] Pass   1 of reordering; objective is 1.404989e+10.
[INFO DPL-0305] End of reordering; objective is 1.404989e+10, improvement is 0.04 percent.
[INFO DPL-0303] Running algorithm for random improvement.
[INFO DPL-0324] Random improver is using random generator.
[INFO DPL-0325] Random improver is using hpwl objective.
[INFO DPL-0326] Random improver cost string is (a).
[INFO DPL-0332] End of pass, Generator random called 3428560 times.
[INFO DPL-0335] Generator random, Cumulative attempts 3428560, swaps 191181, moves 1505004 since last reset.
[INFO DPL-0333] End of pass, Objective hpwl, Initial cost 1.403064e+10, Scratch cost 1.395851e+10, Incremental cost 1.395851e+10, Mismatch? N
[INFO DPL-0338] End of pass, Total cost is 1.395851e+10.
[INFO DPL-0327] Pass   1 of random improver; improvement in cost is 0.51 percent.
[INFO DPL-0328] End of random improver; improvement is 0.514121 percent.
[INFO DPL-0380] Cell flipping.
[INFO DPL-0382] Changed 0 cell orientations for row compatibility.
[INFO DPL-0383] Performed 59474 cell flips.
[INFO DPL-0384] End of flipping; objective is 1.389198e+10, improvement is 0.61 percent.
[INFO DPL-0313] Found 0 cells in wrong regions.
[INFO DPL-0315] Found 0 row alignment problems.
[INFO DPL-0314] Found 0 site alignment problems.
[INFO DPL-0311] Found 0 overlaps between adjacent cells.
[INFO DPL-0312] Found 0 edge spacing violations and 0 padding violations.
Detailed Improvement Results
------------------------------------------
Original HPWL          6974069.8 u ( 3469460.5,  3504609.2)
Final HPWL             6795457.8 u ( 3360375.8,  3435082.1)
Delta HPWL                  -2.6 % (      -3.1,       -2.0)

[INFO DPL-0020] Mirrored 11424 instances
[INFO DPL-0021] HPWL before          6795457.8 u
[INFO DPL-0022] HPWL after           6794177.6 u
[INFO DPL-0023] HPWL delta               -0.0 %
[INFO FLW-0012] Placement violations .
estimate_parasitics -placement
Took 10 seconds: estimate_parasitics -placement
Report metrics stage 3, detailed place...

==========================================================================
detailed place report_design_area
--------------------------------------------------------------------------
Design area 736503 um^2 36% utilization.
write_db ./results/nangate45/ariane133/base/3_5_place_dp.odb
Elapsed time: 2:47.96[h:]min:sec. CPU time: user 220.64 sys 15.59 (140%). Peak memory: 1661000KB.
Log                        Elapsed/s Peak Memory/MB  sha1sum .odb [0:20)
3_5_place_dp                     167           1622 78cab3fe8f1e4be30769
