[2026-07-03 07:19:56.636] [miter_logger] [info] MiterStrategy::run starting
[2026-07-03 07:19:56.636] [miter_logger] [info] Collecting POs for design 0: ariane

[2026-07-03 07:19:57.489] [miter_logger] [info] Collected 67812 POs for design 0

[2026-07-03 07:19:57.496] [miter_logger] [info] Collecting POs for design 1: ariane

[2026-07-03 07:19:58.345] [miter_logger] [info] Collected 67812 POs for design 1

[2026-07-03 07:19:58.345] [miter_logger] [info] normalizeInputs: starting
[2026-07-03 07:19:58.517] [miter_logger] [info] size of common inputs: 46611
[2026-07-03 07:19:58.517] [miter_logger] [info] size of diff0 inputs: 0
[2026-07-03 07:19:58.517] [miter_logger] [info] size of diff1 inputs: 0
[2026-07-03 07:19:58.542] [miter_logger] [info] normalizeOutputs: starting
[2026-07-03 07:19:58.802] [miter_logger] [info] size of common outputs: 67812
[2026-07-03 07:19:58.802] [miter_logger] [info] size of diff0 outputs: 0
[2026-07-03 07:19:58.802] [miter_logger] [info] size of diff1 outputs: 0
[2026-07-03 07:19:58.835] [miter_logger] [info] size of PIs in circuit 0: 46611
[2026-07-03 07:19:58.835] [miter_logger] [info] size of PIs in circuit 1: 46611
[2026-07-03 07:19:58.835] [miter_logger] [info] size of POs in circuit 0: 67812
[2026-07-03 07:19:58.835] [miter_logger] [info] size of POs in circuit 1: 67812
[2026-07-03 07:20:03.989] [miter_logger] [info] Building miter expression
[2026-07-03 07:20:04.016] [miter_logger] [info] Finished building miter expression
[2026-07-03 07:20:05.696] [miter_logger] [info] SAT solver starting
[2026-07-03 07:24:36.023] [miter_logger] [info] SAT solver finished: UNSAT
[2026-07-03 07:24:36.023] [miter_logger] [info] Circuits are IDENTICAL
