OpenROAD 26Q1-2900-gdf79404cd8 
Features included (+) or not (-): +GPU +GUI +Python
This program is licensed under the BSD-3 license. See the LICENSE file for details.
Components of this program may be licensed under more restrictive licenses which must be honored.
[INFO ORD-0030] Using 8 thread(s).
read_liberty /OpenROAD-flow-scripts/flow/platforms/nangate45/lib/NangateOpenCellLibrary_typical.lib
read_liberty /OpenROAD-flow-scripts/flow/platforms/nangate45/lib/fakeram45_256x16.lib
read_db ./results/nangate45/ariane133/base/5_1_grt.odb
read_sdc ./results/nangate45/ariane133/base/5_1_grt.sdc
source /OpenROAD-flow-scripts/flow/platforms/nangate45/setRC.tcl
[WARNING STA-0450] virtual clock vclk_core_clock can not be propagated.
detailed_route -output_drc ./reports/nangate45/ariane133/base/5_route_drc.rpt -output_maze ./results/nangate45/ariane133/base/maze.log -droute_end_iter 4
[INFO DRT-0149] Reading tech and libs.

Units:                2000
Number of layers:     21
Number of macros:     136
Number of vias:       78
Number of viarulegen: 19

[INFO DRT-0150] Reading design.
[WARNING DRT-0120] Large net i_cache_subsystem.i_nbdcache/i_miss_handler/_02361_ has 137 pins which may impact routing performance. Consider optimization.
[WARNING DRT-0120] Large net i_cache_subsystem.i_nbdcache/i_miss_handler/_02369_ has 175 pins which may impact routing performance. Consider optimization.
[WARNING DRT-0120] Large net i_cache_subsystem.i_nbdcache/i_miss_handler/_02370_ has 176 pins which may impact routing performance. Consider optimization.
[WARNING DRT-0120] Large net i_cache_subsystem.i_nbdcache/i_miss_handler/_02373_ has 172 pins which may impact routing performance. Consider optimization.
[WARNING DRT-0120] Large net i_cache_subsystem.i_nbdcache/i_miss_handler/_02376_ has 174 pins which may impact routing performance. Consider optimization.
[WARNING DRT-0120] Large net i_cache_subsystem.i_nbdcache/i_miss_handler/_02390_ has 175 pins which may impact routing performance. Consider optimization.
[WARNING DRT-0120] Large net i_cache_subsystem.i_nbdcache/i_miss_handler/_02392_ has 159 pins which may impact routing performance. Consider optimization.
[WARNING DRT-0120] Large net i_cache_subsystem.i_nbdcache/i_miss_handler/_02403_ has 136 pins which may impact routing performance. Consider optimization.
[WARNING DRT-0120] Large net issue_stage_i.i_scoreboard/_11359_ has 101 pins which may impact routing performance. Consider optimization.
[WARNING DRT-0120] Large net issue_stage_i.i_scoreboard/_13897_ has 129 pins which may impact routing performance. Consider optimization.
[WARNING DRT-0120] Large net net has 132 pins which may impact routing performance. Consider optimization.

Design:                   ariane
Die area:                 ( 0 0 ) ( 3000000 3000000 )
Number of track patterns: 20
Number of DEF vias:       0
Number of components:     193566
Number of terminals:      497
Number of snets:          2
Number of nets:           204597

[INFO DRT-0167] List of default vias:
  Layer via2
    default via: via2_5
  Layer via3
    default via: via3_2
  Layer via4
    default via: via4_0
  Layer via5
    default via: via5_0
  Layer via6
    default via: via6_0
  Layer via7
    default via: via7_0
  Layer via8
    default via: via8_0
  Layer via9
    default via: via9_0
[INFO DRT-0162] Library cell analysis.
[INFO DRT-0163] Instance analysis.
  Complete 100000 instances.
[INFO DRT-0164] Number of unique instances = 238.
[INFO DRT-0168] Init region query.
[INFO DRT-0018]   Complete 100000 insts.
[INFO DRT-0024]   Complete active.
[INFO DRT-0024]   Complete Fr_VIA.
[INFO DRT-0024]   Complete metal1.
[INFO DRT-0024]   Complete via1.
[INFO DRT-0024]   Complete metal2.
[INFO DRT-0024]   Complete via2.
[INFO DRT-0024]   Complete metal3.
[INFO DRT-0024]   Complete via3.
[INFO DRT-0024]   Complete metal4.
[INFO DRT-0024]   Complete via4.
[INFO DRT-0024]   Complete metal5.
[INFO DRT-0024]   Complete via5.
[INFO DRT-0024]   Complete metal6.
[INFO DRT-0024]   Complete via6.
[INFO DRT-0024]   Complete metal7.
[INFO DRT-0024]   Complete via7.
[INFO DRT-0024]   Complete metal8.
[INFO DRT-0024]   Complete via8.
[INFO DRT-0024]   Complete metal9.
[INFO DRT-0024]   Complete via9.
[INFO DRT-0024]   Complete metal10.
[INFO DRT-0033] active shape region query size = 0.
[INFO DRT-0033] FR_VIA shape region query size = 0.
[INFO DRT-0033] metal1 shape region query size = 3773313.
[INFO DRT-0033] via1 shape region query size = 71697.
[INFO DRT-0033] metal2 shape region query size = 47930.
[INFO DRT-0033] via2 shape region query size = 71697.
[INFO DRT-0033] metal3 shape region query size = 63638.
[INFO DRT-0033] via3 shape region query size = 71697.
[INFO DRT-0033] metal4 shape region query size = 51328.
[INFO DRT-0033] via4 shape region query size = 70002.
[INFO DRT-0033] metal5 shape region query size = 30165.
[INFO DRT-0033] via5 shape region query size = 100494.
[INFO DRT-0033] metal6 shape region query size = 18434.
[INFO DRT-0033] via6 shape region query size = 32877.
[INFO DRT-0033] metal7 shape region query size = 5623.
[INFO DRT-0033] via7 shape region query size = 0.
[INFO DRT-0033] metal8 shape region query size = 0.
[INFO DRT-0033] via8 shape region query size = 0.
[INFO DRT-0033] metal9 shape region query size = 0.
[INFO DRT-0033] via9 shape region query size = 0.
[INFO DRT-0033] metal10 shape region query size = 0.
[INFO DRT-0165] Start pin access.
[INFO DRT-0076]   Complete 1000 pins.
[INFO DRT-0076]   Complete 2000 pins.
[INFO DRT-0078]   Complete 2952 pins.
[INFO DRT-0079]   Complete 100 unique inst patterns.
[INFO DRT-0081]   Complete 188 unique inst patterns.
[INFO DRT-0082]   Complete 10000 groups.
[INFO DRT-0082]   Complete 20000 groups.
[INFO DRT-0082]   Complete 30000 groups.
[INFO DRT-0082]   Complete 40000 groups.
[INFO DRT-0082]   Complete 50000 groups.
[INFO DRT-0082]   Complete 60000 groups.
[INFO DRT-0082]   Complete 70000 groups.
[INFO DRT-0082]   Complete 80000 groups.
[INFO DRT-0082]   Complete 90000 groups.
[INFO DRT-0082]   Complete 100000 groups.
[INFO DRT-0084]   Complete 121839 groups.
#scanned instances     = 193566
#unique  instances     = 218
#stdCellGenAp          = 7246
#stdCellValidPlanarAp  = 0
#stdCellValidViaAp     = 4888
#stdCellPinNoAp        = 0
#stdCellPinCnt         = 634949
#instTermValidViaApCnt = 0
#macroGenAp            = 2537
#macroValidPlanarAp    = 2537
#macroValidViaAp       = 0
#macroNoAp             = 0
[INFO DRT-0166] Complete pin access.
[INFO DRT-0267] cpu time = 00:39:23, elapsed time = 00:04:56, memory = 1824.23 (MB), peak = 1929.46 (MB)
[INFO DRT-0156] guideIn read 100000 guides.
[INFO DRT-0156] guideIn read 200000 guides.
[INFO DRT-0156] guideIn read 300000 guides.
[INFO DRT-0156] guideIn read 400000 guides.
[INFO DRT-0156] guideIn read 500000 guides.
[INFO DRT-0156] guideIn read 600000 guides.
[INFO DRT-0156] guideIn read 700000 guides.
[INFO DRT-0156] guideIn read 800000 guides.
[INFO DRT-0156] guideIn read 900000 guides.
[INFO DRT-0156] guideIn read 1000000 guides.

[INFO DRT-0157] Number of guides:     1708668

[INFO DRT-0169] Post process guides.
[INFO DRT-0176] GCELLGRID X 0 DO 526 STEP 5700 ;
[INFO DRT-0177] GCELLGRID Y 0 DO 526 STEP 5700 ;
[INFO DRT-0026]   Complete 100000 origin guides.
[INFO DRT-0026]   Complete 200000 origin guides.
[INFO DRT-0026]   Complete 300000 origin guides.
[INFO DRT-0026]   Complete 400000 origin guides.
[INFO DRT-0026]   Complete 500000 origin guides.
[INFO DRT-0026]   Complete 600000 origin guides.
[INFO DRT-0026]   Complete 700000 origin guides.
[INFO DRT-0026]   Complete 800000 origin guides.
[INFO DRT-0026]   Complete 900000 origin guides.
[INFO DRT-0027]   Complete 1000000 origin guides.
[INFO DRT-0028]   Complete active.
[INFO DRT-0028]   Complete Fr_VIA.
[INFO DRT-0028]   Complete metal1.
[INFO DRT-0028]   Complete via1.
[INFO DRT-0028]   Complete metal2.
[INFO DRT-0028]   Complete via2.
[INFO DRT-0028]   Complete metal3.
[INFO DRT-0028]   Complete via3.
[INFO DRT-0028]   Complete metal4.
[INFO DRT-0028]   Complete via4.
[INFO DRT-0028]   Complete metal5.
[INFO DRT-0028]   Complete via5.
[INFO DRT-0028]   Complete metal6.
[INFO DRT-0028]   Complete via6.
[INFO DRT-0028]   Complete metal7.
[INFO DRT-0028]   Complete via7.
[INFO DRT-0028]   Complete metal8.
[INFO DRT-0028]   Complete via8.
[INFO DRT-0028]   Complete metal9.
[INFO DRT-0028]   Complete via9.
[INFO DRT-0028]   Complete metal10.
  complete 100000 nets.
[INFO DRT-0178] Init guide query.
[INFO DRT-0029]   Complete 100000 nets (guide).
[INFO DRT-0029]   Complete 200000 nets (guide).
[INFO DRT-0035]   Complete active (guide).
[INFO DRT-0035]   Complete Fr_VIA (guide).
[INFO DRT-0035]   Complete metal1 (guide).
[INFO DRT-0035]   Complete via1 (guide).
[INFO DRT-0035]   Complete metal2 (guide).
[INFO DRT-0035]   Complete via2 (guide).
[INFO DRT-0035]   Complete metal3 (guide).
[INFO DRT-0035]   Complete via3 (guide).
[INFO DRT-0035]   Complete metal4 (guide).
[INFO DRT-0035]   Complete via4 (guide).
[INFO DRT-0035]   Complete metal5 (guide).
[INFO DRT-0035]   Complete via5 (guide).
[INFO DRT-0035]   Complete metal6 (guide).
[INFO DRT-0035]   Complete via6 (guide).
[INFO DRT-0035]   Complete metal7 (guide).
[INFO DRT-0035]   Complete via7 (guide).
[INFO DRT-0035]   Complete metal8 (guide).
[INFO DRT-0035]   Complete via8 (guide).
[INFO DRT-0035]   Complete metal9 (guide).
[INFO DRT-0035]   Complete via9 (guide).
[INFO DRT-0035]   Complete metal10 (guide).
[INFO DRT-0036] active guide region query size = 0.
[INFO DRT-0036] FR_VIA guide region query size = 0.
[INFO DRT-0036] metal1 guide region query size = 543003.
[INFO DRT-0036] via1 guide region query size = 0.
[INFO DRT-0036] metal2 guide region query size = 496435.
[INFO DRT-0036] via2 guide region query size = 0.
[INFO DRT-0036] metal3 guide region query size = 291456.
[INFO DRT-0036] via3 guide region query size = 0.
[INFO DRT-0036] metal4 guide region query size = 50652.
[INFO DRT-0036] via4 guide region query size = 0.
[INFO DRT-0036] metal5 guide region query size = 22812.
[INFO DRT-0036] via5 guide region query size = 0.
[INFO DRT-0036] metal6 guide region query size = 6689.
[INFO DRT-0036] via6 guide region query size = 0.
[INFO DRT-0036] metal7 guide region query size = 887.
[INFO DRT-0036] via7 guide region query size = 0.
[INFO DRT-0036] metal8 guide region query size = 298.
[INFO DRT-0036] via8 guide region query size = 0.
[INFO DRT-0036] metal9 guide region query size = 101.
[INFO DRT-0036] via9 guide region query size = 0.
[INFO DRT-0036] metal10 guide region query size = 18.
[INFO DRT-0179] Init gr pin query.
[INFO DRT-0267] cpu time = 00:00:10, elapsed time = 00:00:02, memory = 2471.21 (MB), peak = 2470.39 (MB)
[INFO DRT-0245] skipped writing guide updates to database.
[INFO DRT-0181] Start track assignment.
[INFO DRT-0184] Done with 554092 vertical wires in 11 frboxes and 858259 horizontal wires in 11 frboxes.
[INFO DRT-0186] Done with 133234 vertical wires in 11 frboxes and 162966 horizontal wires in 11 frboxes.
[INFO DRT-0182] Complete track assignment.
[INFO DRT-0267] cpu time = 00:03:05, elapsed time = 00:00:49, memory = 5237.79 (MB), peak = 5236.92 (MB)
[INFO DRT-0187] Start routing data preparation.
[INFO DRT-0267] cpu time = 00:00:02, elapsed time = 00:00:02, memory = 5492.88 (MB), peak = 5492.04 (MB)
[INFO DRT-0194] Start detail routing.
[INFO DRT-0195] Start 0th optimization iteration.
    Completing 10% with 0 violations.
    elapsed time = 00:01:08, memory = 5933.00 (MB).
    Completing 20% with 5892 violations.
    elapsed time = 00:02:15, memory = 6783.79 (MB).
    Completing 30% with 6740 violations.
    elapsed time = 00:03:02, memory = 6783.87 (MB).
    Completing 40% with 6740 violations.
    elapsed time = 00:04:29, memory = 6811.23 (MB).
    Completing 50% with 13114 violations.
    elapsed time = 00:05:08, memory = 7093.84 (MB).
    Completing 60% with 14140 violations.
    elapsed time = 00:06:24, memory = 7095.17 (MB).
    Completing 70% with 20158 violations.
    elapsed time = 00:07:31, memory = 7315.92 (MB).
    Completing 80% with 21157 violations.
    elapsed time = 00:08:24, memory = 7386.73 (MB).
    Completing 90% with 21157 violations.
    elapsed time = 00:09:53, memory = 7465.54 (MB).
    Completing 100% with 28402 violations.
    elapsed time = 00:10:35, memory = 7710.84 (MB).
[INFO DRT-0199]   Number of violations = 41839.
Viol/Layer      metal1   via1 metal2   via2 metal3   via3 metal4   via4 metal5   via5 metal6   via6 metal7
Cut Spacing          0     10      0     30      0      2      0     90      0     18      0      0      0
Metal Spacing        2      0   2292      0    280      0     37      0    265      0     96      0    111
Recheck            223      0   6856      0   4390      0    226      0   1113      0    346      0    283
Short                0     28  18182     37   3964     17    465      8   1208     34   1016     72    138
[INFO DRT-0267] cpu time = 01:22:13, elapsed time = 00:10:42, memory = 7710.96 (MB), peak = 7729.26 (MB)
Total wire length = 7800575 um.
Total wire length on LAYER metal1 = 0 um.
Total wire length on LAYER metal2 = 1830021 um.
Total wire length on LAYER metal3 = 2522248 um.
Total wire length on LAYER metal4 = 1367097 um.
Total wire length on LAYER metal5 = 1227984 um.
Total wire length on LAYER metal6 = 723996 um.
Total wire length on LAYER metal7 = 88961 um.
Total wire length on LAYER metal8 = 25825 um.
Total wire length on LAYER metal9 = 12947 um.
Total wire length on LAYER metal10 = 1492 um.
Total number of vias = 1407772.
Up-via summary (total 1407772):

------------------
 active          0
 metal1     629282
 metal2     660547
 metal3      68773
 metal4      31779
 metal5      14738
 metal6       1953
 metal7        511
 metal8        161
 metal9         28
------------------
       1407772


[INFO DRT-0195] Start 1st optimization iteration.
    Completing 10% with 41839 violations.
    elapsed time = 00:01:09, memory = 7711.04 (MB).
    Completing 20% with 35519 violations.
    elapsed time = 00:02:16, memory = 7800.75 (MB).
    Completing 30% with 34313 violations.
    elapsed time = 00:02:57, memory = 7844.62 (MB).
    Completing 40% with 34313 violations.
    elapsed time = 00:04:16, memory = 7816.16 (MB).
    Completing 50% with 26853 violations.
    elapsed time = 00:04:53, memory = 7816.26 (MB).
    Completing 60% with 25461 violations.
    elapsed time = 00:06:05, memory = 7816.45 (MB).
    Completing 70% with 18947 violations.
    elapsed time = 00:07:11, memory = 7821.26 (MB).
    Completing 80% with 17948 violations.
    elapsed time = 00:07:54, memory = 7821.26 (MB).
    Completing 90% with 17948 violations.
    elapsed time = 00:09:11, memory = 7834.80 (MB).
    Completing 100% with 9957 violations.
    elapsed time = 00:09:47, memory = 7874.54 (MB).
[INFO DRT-0199]   Number of violations = 9957.
Viol/Layer      metal1   via1 metal2   via2 metal3 metal4   via4 metal5   via5 metal6 metal7
Cut Spacing          0     26      0     13      0      0     10      0      1      0      0
Metal Spacing        2      0   1784      0    118      7      0     14      0      7      0
NS Metal             0      0      1      0      0      0      0      0      0      0      0
Recheck              0      0     11      0      6      0      0      0      0      0      1
Short                0      0   6613      2    932     38      0    245      0    124      2
[INFO DRT-0267] cpu time = 01:15:44, elapsed time = 00:09:53, memory = 7841.15 (MB), peak = 8025.62 (MB)
Total wire length = 7781668 um.
Total wire length on LAYER metal1 = 0 um.
Total wire length on LAYER metal2 = 1820511 um.
Total wire length on LAYER metal3 = 2515727 um.
Total wire length on LAYER metal4 = 1367044 um.
Total wire length on LAYER metal5 = 1226605 um.
Total wire length on LAYER metal6 = 722693 um.
Total wire length on LAYER metal7 = 88888 um.
Total wire length on LAYER metal8 = 25778 um.
Total wire length on LAYER metal9 = 12928 um.
Total wire length on LAYER metal10 = 1489 um.
Total number of vias = 1394134.
Up-via summary (total 1394134):

------------------
 active          0
 metal1     629725
 metal2     648061
 metal3      68670
 metal4      31823
 metal5      13620
 metal6       1596
 metal7        455
 metal8        158
 metal9         26
------------------
       1394134


[INFO DRT-0195] Start 2nd optimization iteration.
    Completing 10% with 9957 violations.
    elapsed time = 00:00:51, memory = 7841.15 (MB).
    Completing 20% with 9508 violations.
    elapsed time = 00:01:33, memory = 7841.15 (MB).
    Completing 30% with 9439 violations.
    elapsed time = 00:02:01, memory = 7841.15 (MB).
    Completing 40% with 9439 violations.
    elapsed time = 00:02:56, memory = 7841.15 (MB).
    Completing 50% with 8892 violations.
    elapsed time = 00:03:16, memory = 7841.15 (MB).
    Completing 60% with 8807 violations.
    elapsed time = 00:04:09, memory = 7841.15 (MB).
    Completing 70% with 8300 violations.
    elapsed time = 00:04:55, memory = 7841.15 (MB).
    Completing 80% with 8196 violations.
    elapsed time = 00:05:24, memory = 7841.15 (MB).
    Completing 90% with 8196 violations.
    elapsed time = 00:06:21, memory = 7841.15 (MB).
    Completing 100% with 7335 violations.
    elapsed time = 00:06:44, memory = 7841.15 (MB).
[INFO DRT-0199]   Number of violations = 7335.
Viol/Layer      metal1   via1 metal2   via2 metal3 metal4   via4 metal5 metal6
Cut Spacing          0     17      0     14      0      0      6      0      0
Metal Spacing        1      0   1313      0     56      7      0      9      0
Short                0      0   5036      0    677     25      0    109     65
[INFO DRT-0267] cpu time = 00:52:08, elapsed time = 00:06:50, memory = 7777.93 (MB), peak = 8025.62 (MB)
Total wire length = 7778778 um.
Total wire length on LAYER metal1 = 0 um.
Total wire length on LAYER metal2 = 1819051 um.
Total wire length on LAYER metal3 = 2514900 um.
Total wire length on LAYER metal4 = 1366830 um.
Total wire length on LAYER metal5 = 1226490 um.
Total wire length on LAYER metal6 = 722653 um.
Total wire length on LAYER metal7 = 88711 um.
Total wire length on LAYER metal8 = 25718 um.
Total wire length on LAYER metal9 = 12932 um.
Total wire length on LAYER metal10 = 1489 um.
Total number of vias = 1390352.
Up-via summary (total 1390352):

------------------
 active          0
 metal1     629606
 metal2     644639
 metal3      68613
 metal4      31716
 metal5      13598
 metal6       1554
 metal7        442
 metal8        158
 metal9         26
------------------
       1390352


[INFO DRT-0195] Start 3rd optimization iteration.
    Completing 10% with 7335 violations.
    elapsed time = 00:00:21, memory = 7713.97 (MB).
    Completing 20% with 5550 violations.
    elapsed time = 00:00:41, memory = 7713.97 (MB).
    Completing 30% with 5443 violations.
    elapsed time = 00:00:52, memory = 7713.97 (MB).
    Completing 40% with 5443 violations.
    elapsed time = 00:01:20, memory = 7713.97 (MB).
    Completing 50% with 3753 violations.
    elapsed time = 00:01:27, memory = 7713.97 (MB).
    Completing 60% with 3624 violations.
    elapsed time = 00:01:48, memory = 7713.97 (MB).
    Completing 70% with 2047 violations.
    elapsed time = 00:02:08, memory = 7713.97 (MB).
    Completing 80% with 1836 violations.
    elapsed time = 00:02:20, memory = 7713.97 (MB).
    Completing 90% with 1836 violations.
    elapsed time = 00:02:43, memory = 7713.97 (MB).
    Completing 100% with 231 violations.
    elapsed time = 00:02:55, memory = 7713.97 (MB).
[INFO DRT-0199]   Number of violations = 231.
Viol/Layer      metal2   via2 metal3   via4 metal5 metal6
Cut Spacing          0      2      0      1      0      0
Metal Spacing       35      0     12      0      0      0
Short              140      1     22      0     11      7
[INFO DRT-0267] cpu time = 00:21:33, elapsed time = 00:02:56, memory = 7713.97 (MB), peak = 8025.62 (MB)
Total wire length = 7779390 um.
Total wire length on LAYER metal1 = 0 um.
Total wire length on LAYER metal2 = 1807727 um.
Total wire length on LAYER metal3 = 2517025 um.
Total wire length on LAYER metal4 = 1376798 um.
Total wire length on LAYER metal5 = 1226217 um.
Total wire length on LAYER metal6 = 722383 um.
Total wire length on LAYER metal7 = 88954 um.
Total wire length on LAYER metal8 = 25860 um.
Total wire length on LAYER metal9 = 12932 um.
Total wire length on LAYER metal10 = 1489 um.
Total number of vias = 1398167.
Up-via summary (total 1398167):

------------------
 active          0
 metal1     629598
 metal2     649316
 metal3      71478
 metal4      31808
 metal5      13679
 metal6       1628
 metal7        476
 metal8        158
 metal9         26
------------------
       1398167


[INFO DRT-0195] Start 4th optimization iteration.
    Completing 10% with 231 violations.
    elapsed time = 00:00:00, memory = 7713.97 (MB).
    Completing 20% with 153 violations.
    elapsed time = 00:00:07, memory = 7713.97 (MB).
    Completing 30% with 150 violations.
    elapsed time = 00:00:08, memory = 7713.97 (MB).
    Completing 40% with 150 violations.
    elapsed time = 00:00:09, memory = 7713.97 (MB).
    Completing 50% with 134 violations.
    elapsed time = 00:00:11, memory = 7713.97 (MB).
    Completing 60% with 134 violations.
    elapsed time = 00:00:11, memory = 7713.97 (MB).
    Completing 70% with 66 violations.
    elapsed time = 00:00:13, memory = 7713.97 (MB).
    Completing 80% with 55 violations.
    elapsed time = 00:00:14, memory = 7713.97 (MB).
    Completing 90% with 55 violations.
    elapsed time = 00:00:14, memory = 7713.97 (MB).
    Completing 100% with 19 violations.
    elapsed time = 00:00:15, memory = 7713.97 (MB).
[INFO DRT-0199]   Number of violations = 19.
Viol/Layer      metal2 metal3   via4 metal5 metal6
Cut Spacing          0      0      1      0      0
Metal Spacing        2      0      0      0      0
Short                3      2      0      4      7
[INFO DRT-0267] cpu time = 00:00:55, elapsed time = 00:00:16, memory = 7713.97 (MB), peak = 8025.62 (MB)
Total wire length = 7779396 um.
Total wire length on LAYER metal1 = 0 um.
Total wire length on LAYER metal2 = 1807530 um.
Total wire length on LAYER metal3 = 2517093 um.
Total wire length on LAYER metal4 = 1376956 um.
Total wire length on LAYER metal5 = 1226206 um.
Total wire length on LAYER metal6 = 722386 um.
Total wire length on LAYER metal7 = 88940 um.
Total wire length on LAYER metal8 = 25860 um.
Total wire length on LAYER metal9 = 12932 um.
Total wire length on LAYER metal10 = 1489 um.
Total number of vias = 1398301.
Up-via summary (total 1398301):

------------------
 active          0
 metal1     629599
 metal2     649405
 metal3      71528
 metal4      31806
 metal5      13677
 metal6       1626
 metal7        476
 metal8        158
 metal9         26
------------------
       1398301


[INFO DRT-0198] Complete detail routing.
Total wire length = 7779396 um.
Total wire length on LAYER metal1 = 0 um.
Total wire length on LAYER metal2 = 1807530 um.
Total wire length on LAYER metal3 = 2517093 um.
Total wire length on LAYER metal4 = 1376956 um.
Total wire length on LAYER metal5 = 1226206 um.
Total wire length on LAYER metal6 = 722386 um.
Total wire length on LAYER metal7 = 88940 um.
Total wire length on LAYER metal8 = 25860 um.
Total wire length on LAYER metal9 = 12932 um.
Total wire length on LAYER metal10 = 1489 um.
Total number of vias = 1398301.
Up-via summary (total 1398301):

------------------
 active          0
 metal1     629599
 metal2     649405
 metal3      71528
 metal4      31806
 metal5      13677
 metal6       1626
 metal7        476
 metal8        158
 metal9         26
------------------
       1398301


[INFO DRT-0267] cpu time = 03:52:38, elapsed time = 00:30:42, memory = 7714.22 (MB), peak = 8025.62 (MB)

[INFO DRT-0180] Post processing.
Took 2200 seconds: detailed_route -output_drc ./reports/nangate45/ariane133/base/5_route_drc.rpt -output_maze ./results/nangate45/ariane133/base/maze.log -droute_end_iter 4
[WARNING GRT-0246] No diode with LEF class CORE ANTENNACELL found.
[INFO ANT-0002] Found 0 net violations.
[INFO ANT-0001] Found 0 pin violations.
[INFO ANT-0002] Found 0 net violations.
[INFO ANT-0001] Found 0 pin violations.
Design area 744533 um^2 36% utilization.
write_db ./results/nangate45/ariane133/base/5_2_route.odb
Elapsed time: 38:02.28[h:]min:sec. CPU time: user 17002.46 sys 11.72 (745%). Peak memory: 8218236KB.
Log                        Elapsed/s Peak Memory/MB  sha1sum .odb [0:20)
5_2_route                       2282           8025 7d6cfd3cf266d855242f
