
==========================================================================
floorplan final report_tns
--------------------------------------------------------------------------
tns max -3417.42

==========================================================================
floorplan final report_wns
--------------------------------------------------------------------------
wns max -1.23

==========================================================================
floorplan final report_worst_slack
--------------------------------------------------------------------------
worst slack max -1.23

==========================================================================
floorplan final report_clock_min_period
--------------------------------------------------------------------------
core_clock period_min = 3.45 fmax = 289.46

==========================================================================
floorplan final report_checks -path_delay min
--------------------------------------------------------------------------
Startpoint: csr_regfile_i/priv_lvl_q[1]$_DFFE_PN1P_
            (rising edge-triggered flip-flop clocked by core_clock)
Endpoint: csr_regfile_i/mstatus_q_mpp__1_$_DFF_PN0_
          (rising edge-triggered flip-flop clocked by core_clock)
Path Group: core_clock
Path Type: min

Fanout     Cap    Slew   Delay    Time   Description
-----------------------------------------------------------------------------
                  0.00    0.00    0.00   clock core_clock (rise edge)
                          0.00    0.00   clock network delay (ideal)
                  0.00    0.00    0.00 ^ csr_regfile_i/priv_lvl_q[1]$_DFFE_PN1P_/CK (DFFS_X1)
     1    1.71    0.01    0.06    0.06 ^ csr_regfile_i/priv_lvl_q[1]$_DFFE_PN1P_/QN (DFFS_X1)
                                         csr_regfile_i/_00363_ (net)
                  0.01    0.00    0.06 ^ csr_regfile_i/_13904_/C2 (AOI221_X1)
     1    1.05    0.01    0.01    0.08 v csr_regfile_i/_13904_/ZN (AOI221_X1)
                                         csr_regfile_i/mstatus_d_mpp__1_ (net)
                  0.01    0.00    0.08 v csr_regfile_i/mstatus_q_mpp__1_$_DFF_PN0_/D (DFFR_X1)
                                  0.08   data arrival time

                  0.00    0.00    0.00   clock core_clock (rise edge)
                          0.00    0.00   clock network delay (ideal)
                          0.00    0.00   clock reconvergence pessimism
                                  0.00 ^ csr_regfile_i/mstatus_q_mpp__1_$_DFF_PN0_/CK (DFFR_X1)
                          0.00    0.00   library hold time
                                  0.00   data required time
-----------------------------------------------------------------------------
                                  0.00   data required time
                                 -0.08   data arrival time
-----------------------------------------------------------------------------
                                  0.08   slack (MET)



==========================================================================
floorplan final report_checks -path_delay max
--------------------------------------------------------------------------
Startpoint: issue_stage_i.i_scoreboard/commit_pointer_q[0]$_DFF_PN0_
            (rising edge-triggered flip-flop clocked by core_clock)
Endpoint: ex_stage_i/i_mult.i_div.op_a_q[63]$_DFFE_PN0P_
          (rising edge-triggered flip-flop clocked by core_clock)
Path Group: core_clock
Path Type: max

Fanout     Cap    Slew   Delay    Time   Description
-----------------------------------------------------------------------------
                  0.00    0.00    0.00   clock core_clock (rise edge)
                          0.00    0.00   clock network delay (ideal)
                  0.00    0.00    0.00 ^ issue_stage_i.i_scoreboard/commit_pointer_q[0]$_DFF_PN0_/CK (DFFR_X1)
     4   12.44    0.03    0.12    0.12 ^ issue_stage_i.i_scoreboard/commit_pointer_q[0]$_DFF_PN0_/Q (DFFR_X1)
                                         issue_stage_i.i_scoreboard/N68 (net)
                  0.03    0.00    0.12 ^ issue_stage_i.i_scoreboard/_59746_/B (HA_X1)
     2    4.38    0.01    0.04    0.17 ^ issue_stage_i.i_scoreboard/_59746_/CO (HA_X1)
                                         issue_stage_i.i_scoreboard/_00112_ (net)
                  0.01    0.00    0.17 ^ issue_stage_i.i_scoreboard/_33322_/A (BUF_X4)
    10   16.10    0.01    0.03    0.20 ^ issue_stage_i.i_scoreboard/_33322_/Z (BUF_X4)
                                         issue_stage_i.i_scoreboard/_02665_ (net)
                  0.01    0.00    0.20 ^ issue_stage_i.i_scoreboard/_33323_/A2 (AND2_X4)
     1    6.59    0.01    0.03    0.23 ^ issue_stage_i.i_scoreboard/_33323_/ZN (AND2_X4)
                                         issue_stage_i.i_scoreboard/_02666_ (net)
                  0.01    0.00    0.23 ^ issue_stage_i.i_scoreboard/_33324_/A (BUF_X8)
     8   20.04    0.01    0.02    0.25 ^ issue_stage_i.i_scoreboard/_33324_/Z (BUF_X8)
                                         issue_stage_i.i_scoreboard/_02667_ (net)
                  0.01    0.00    0.25 ^ issue_stage_i.i_scoreboard/_33325_/A (BUF_X16)
    10   32.42    0.01    0.02    0.27 ^ issue_stage_i.i_scoreboard/_33325_/Z (BUF_X16)
                                         issue_stage_i.i_scoreboard/_02668_ (net)
                  0.01    0.00    0.27 ^ issue_stage_i.i_scoreboard/_51644_/A (BUF_X16)
     7   17.41    0.01    0.02    0.29 ^ issue_stage_i.i_scoreboard/_51644_/Z (BUF_X16)
                                         issue_stage_i.i_scoreboard/_18685_ (net)
                  0.01    0.00    0.29 ^ issue_stage_i.i_scoreboard/_51799_/A (AOI21_X4)
     1    2.94    0.01    0.01    0.30 v issue_stage_i.i_scoreboard/_51799_/ZN (AOI21_X4)
                                         issue_stage_i.i_scoreboard/_18827_ (net)
                  0.01    0.00    0.30 v issue_stage_i.i_scoreboard/_51800_/A (AOI21_X2)
     1    1.66    0.02    0.03    0.34 ^ issue_stage_i.i_scoreboard/_51800_/ZN (AOI21_X2)
                                         issue_stage_i.i_scoreboard/_18828_ (net)
                  0.02    0.00    0.34 ^ issue_stage_i.i_scoreboard/_51801_/B1 (OAI21_X1)
     1    0.91    0.01    0.01    0.35 v issue_stage_i.i_scoreboard/_51801_/ZN (OAI21_X1)
                                         issue_stage_i.i_scoreboard/_18829_ (net)
                  0.01    0.00    0.35 v issue_stage_i.i_scoreboard/_51802_/A (MUX2_X1)
     1    0.90    0.01    0.06    0.41 v issue_stage_i.i_scoreboard/_51802_/Z (MUX2_X1)
                                         issue_stage_i.i_scoreboard/_18830_ (net)
                  0.01    0.00    0.41 v issue_stage_i.i_scoreboard/_51803_/B (MUX2_X1)
     1    0.90    0.01    0.06    0.46 v issue_stage_i.i_scoreboard/_51803_/Z (MUX2_X1)
                                         issue_stage_i.i_scoreboard/_18831_ (net)
                  0.01    0.00    0.46 v issue_stage_i.i_scoreboard/_51804_/B (MUX2_X1)
     1    0.90    0.01    0.06    0.52 v issue_stage_i.i_scoreboard/_51804_/Z (MUX2_X1)
                                         issue_stage_i.i_scoreboard/_18832_ (net)
                  0.01    0.00    0.52 v issue_stage_i.i_scoreboard/_51805_/B (MUX2_X1)
     3    5.93    0.01    0.07    0.59 v issue_stage_i.i_scoreboard/_51805_/Z (MUX2_X1)
                                         commit_instr_id_commit[285] (net)
                  0.01    0.00    0.59 v _05341_/A (BUF_X4)
     4   11.06    0.01    0.03    0.62 v _05341_/Z (BUF_X4)
                                         _00569_ (net)
                  0.01    0.00    0.62 v _05342_/C2 (OAI211_X4)
     1    6.40    0.02    0.03    0.65 ^ _05342_/ZN (OAI211_X4)
                                         _00570_ (net)
                  0.02    0.00    0.65 ^ _05343_/B1 (AOI21_X4)
     1    5.68    0.01    0.02    0.67 v _05343_/ZN (AOI21_X4)
                                         _00571_ (net)
                  0.01    0.00    0.67 v _05348_/A1 (AOI22_X4)
     3    9.97    0.03    0.04    0.70 ^ _05348_/ZN (AOI22_X4)
                                         _00576_ (net)
                  0.03    0.00    0.70 ^ _05349_/A1 (NOR2_X4)
     5   17.15    0.01    0.02    0.72 v _05349_/ZN (NOR2_X4)
                                         _00577_ (net)
                  0.01    0.00    0.72 v _05350_/A (INV_X4)
     2    8.12    0.01    0.02    0.74 ^ _05350_/ZN (INV_X4)
                                         _00578_ (net)
                  0.01    0.00    0.74 ^ _05357_/B1 (AOI21_X4)
     5   11.11    0.02    0.02    0.75 v _05357_/ZN (AOI21_X4)
                                         _00583_ (net)
                  0.02    0.00    0.75 v _05831_/A2 (NAND2_X4)
     6   13.73    0.01    0.03    0.78 ^ _05831_/ZN (NAND2_X4)
                                         _00924_ (net)
                  0.01    0.00    0.78 ^ _05936_/A (BUF_X8)
    10   28.75    0.01    0.03    0.81 ^ _05936_/Z (BUF_X8)
                                         _00964_ (net)
                  0.01    0.00    0.81 ^ _05937_/A (BUF_X16)
    10   28.24    0.01    0.02    0.83 ^ _05937_/Z (BUF_X16)
                                         _00965_ (net)
                  0.01    0.00    0.83 ^ _06077_/A2 (NOR2_X4)
     1    3.00    0.01    0.01    0.84 v _06077_/ZN (NOR2_X4)
                                         commit_stage_i.csr_op_o[1] (net)
                  0.01    0.00    0.84 v csr_regfile_i/_07760_/A (BUF_X4)
     5    7.69    0.01    0.02    0.86 v csr_regfile_i/_07760_/Z (BUF_X4)
                                         csr_regfile_i/_02548_ (net)
                  0.01    0.00    0.86 v csr_regfile_i/_07761_/A2 (OR3_X4)
     3   10.22    0.01    0.07    0.93 v csr_regfile_i/_07761_/ZN (OR3_X4)
                                         csr_regfile_i/_02549_ (net)
                  0.01    0.00    0.93 v csr_regfile_i/_07762_/A1 (NOR3_X4)
    10   22.82    0.06    0.07    1.00 ^ csr_regfile_i/_07762_/ZN (NOR3_X4)
                                         csr_regfile_i/_02550_ (net)
                  0.06    0.00    1.00 ^ csr_regfile_i/_07768_/A (AOI21_X4)
     5   15.67    0.02    0.03    1.02 v csr_regfile_i/_07768_/ZN (AOI21_X4)
                                         csr_regfile_i/_02556_ (net)
                  0.02    0.00    1.02 v csr_regfile_i/_07769_/A1 (NOR2_X4)
     2    7.22    0.02    0.03    1.05 ^ csr_regfile_i/_07769_/ZN (NOR2_X4)
                                         csr_regfile_i/_02557_ (net)
                  0.02    0.00    1.05 ^ csr_regfile_i/_07883_/A1 (NAND4_X4)
     2    4.54    0.02    0.02    1.08 v csr_regfile_i/_07883_/ZN (NAND4_X4)
                                         csr_regfile_i/_02671_ (net)
                  0.02    0.00    1.08 v csr_regfile_i/_07956_/A1 (AND4_X4)
     4   10.77    0.01    0.04    1.12 v csr_regfile_i/_07956_/ZN (AND4_X4)
                                         csr_regfile_i/_02744_ (net)
                  0.01    0.00    1.12 v csr_regfile_i/_07991_/A2 (NOR2_X4)
     4   13.41    0.02    0.04    1.15 ^ csr_regfile_i/_07991_/ZN (NOR2_X4)
                                         csr_regfile_i/_02778_ (net)
                  0.02    0.00    1.15 ^ csr_regfile_i/_08013_/A2 (OR2_X4)
     3   14.35    0.01    0.03    1.18 ^ csr_regfile_i/_08013_/ZN (OR2_X4)
                                         commit_stage_i.csr_exception_i[0] (net)
                  0.01    0.00    1.18 ^ _05368_/A1 (NAND3_X4)
     1   11.00    0.01    0.02    1.21 v _05368_/ZN (NAND3_X4)
                                         _00593_ (net)
                  0.01    0.00    1.21 v _05369_/A (BUF_X16)
    10   44.66    0.01    0.03    1.24 v _05369_/Z (BUF_X16)
                                         _00594_ (net)
                  0.01    0.00    1.24 v _05573_/A (BUF_X16)
    10   19.91    0.00    0.02    1.26 v _05573_/Z (BUF_X16)
                                         _00764_ (net)
                  0.00    0.00    1.26 v _05594_/A3 (NAND3_X4)
     1    6.71    0.02    0.02    1.28 ^ _05594_/ZN (NAND3_X4)
                                         _00781_ (net)
                  0.02    0.00    1.28 ^ _05595_/B2 (AOI21_X4)
     1    2.94    0.01    0.01    1.29 v _05595_/ZN (AOI21_X4)
                                         _00782_ (net)
                  0.01    0.00    1.29 v _05596_/A (AOI21_X2)
     1    3.35    0.02    0.04    1.33 ^ _05596_/ZN (AOI21_X2)
                                         _00783_ (net)
                  0.02    0.00    1.33 ^ _05597_/A2 (NOR2_X2)
     3    5.31    0.01    0.01    1.35 v _05597_/ZN (NOR2_X2)
                                         commit_stage_i.exception_o[93] (net)
                  0.01    0.00    1.35 v csr_regfile_i/_08843_/A4 (NOR4_X2)
     1    3.29    0.04    0.08    1.43 ^ csr_regfile_i/_08843_/ZN (NOR4_X2)
                                         csr_regfile_i/_03606_ (net)
                  0.04    0.00    1.43 ^ csr_regfile_i/_08844_/A2 (NAND3_X2)
     2    7.35    0.02    0.04    1.46 v csr_regfile_i/_08844_/ZN (NAND3_X2)
                                         csr_regfile_i/_03607_ (net)
                  0.02    0.00    1.46 v csr_regfile_i/_08857_/A4 (NOR4_X4)
     2    7.87    0.05    0.09    1.55 ^ csr_regfile_i/_08857_/ZN (NOR4_X4)
                                         csr_regfile_i/_03620_ (net)
                  0.05    0.00    1.55 ^ csr_regfile_i/_13884_/A1 (NAND3_X4)
     1    6.16    0.02    0.03    1.58 v csr_regfile_i/_13884_/ZN (NAND3_X4)
                                         csr_regfile_i/_01767_ (net)
                  0.02    0.00    1.58 v csr_regfile_i/_13885_/A1 (NAND3_X4)
     2    7.86    0.01    0.02    1.60 ^ csr_regfile_i/_13885_/ZN (NAND3_X4)
                                         csr_regfile_i/_01768_ (net)
                  0.01    0.00    1.60 ^ csr_regfile_i/_13886_/A2 (NAND2_X4)
     1    5.62    0.01    0.01    1.61 v csr_regfile_i/_13886_/ZN (NAND2_X4)
                                         csr_regfile_i/_01769_ (net)
                  0.01    0.00    1.61 v csr_regfile_i/_13887_/A (OAI21_X4)
     3    9.16    0.02    0.02    1.64 ^ csr_regfile_i/_13887_/ZN (OAI21_X4)
                                         controller_i.set_debug_pc_i (net)
                  0.02    0.00    1.64 ^ _05388_/A1 (NOR3_X4)
     1    5.70    0.01    0.01    1.65 v _05388_/ZN (NOR3_X4)
                                         _00612_ (net)
                  0.01    0.00    1.65 v _05389_/A1 (NAND2_X4)
     7   20.18    0.02    0.02    1.67 ^ _05389_/ZN (NAND2_X4)
                                         controller_i.flush_ex_o (net)
                  0.02    0.00    1.67 ^ ex_stage_i/_19849_/A (BUF_X16)
     8   35.05    0.01    0.03    1.70 ^ ex_stage_i/_19849_/Z (BUF_X16)
                                         ex_stage_i/_15433_ (net)
                  0.01    0.00    1.70 ^ ex_stage_i/_19852_/A1 (NOR3_X1)
     2    2.37    0.01    0.01    1.71 v ex_stage_i/_19852_/ZN (NOR3_X1)
                                         ex_stage_i/_15436_ (net)
                  0.01    0.00    1.71 v ex_stage_i/_19853_/A3 (NAND3_X1)
     5    5.41    0.02    0.03    1.74 ^ ex_stage_i/_19853_/ZN (NAND3_X1)
                                         ex_stage_i/_15437_ (net)
                  0.02    0.00    1.74 ^ ex_stage_i/_19854_/A (BUF_X1)
    10   15.98    0.04    0.06    1.80 ^ ex_stage_i/_19854_/Z (BUF_X1)
                                         ex_stage_i/_15438_ (net)
                  0.04    0.00    1.80 ^ ex_stage_i/_19855_/A (BUF_X1)
    10   16.10    0.04    0.06    1.86 ^ ex_stage_i/_19855_/Z (BUF_X1)
                                         ex_stage_i/_15439_ (net)
                  0.04    0.00    1.86 ^ ex_stage_i/_19876_/A (BUF_X2)
    10   16.86    0.02    0.05    1.91 ^ ex_stage_i/_19876_/Z (BUF_X2)
                                         ex_stage_i/_15460_ (net)
                  0.02    0.00    1.91 ^ ex_stage_i/_19877_/A (BUF_X2)
    10   16.76    0.02    0.04    1.95 ^ ex_stage_i/_19877_/Z (BUF_X2)
                                         ex_stage_i/_15461_ (net)
                  0.02    0.00    1.95 ^ ex_stage_i/_20386_/A (BUF_X2)
    10   16.16    0.02    0.04    1.99 ^ ex_stage_i/_20386_/Z (BUF_X2)
                                         ex_stage_i/_15854_ (net)
                  0.02    0.00    1.99 ^ ex_stage_i/_20387_/A (BUF_X1)
    10   14.22    0.04    0.06    2.05 ^ ex_stage_i/_20387_/Z (BUF_X1)
                                         ex_stage_i/_15855_ (net)
                  0.04    0.00    2.05 ^ ex_stage_i/_20393_/A (BUF_X1)
    10   14.09    0.03    0.06    2.10 ^ ex_stage_i/_20393_/Z (BUF_X1)
                                         ex_stage_i/_15860_ (net)
                  0.03    0.00    2.10 ^ ex_stage_i/_20394_/A (BUF_X1)
    10   11.87    0.03    0.05    2.16 ^ ex_stage_i/_20394_/Z (BUF_X1)
                                         ex_stage_i/_15861_ (net)
                  0.03    0.00    2.16 ^ ex_stage_i/_20395_/A1 (NOR2_X1)
     1    1.54    0.01    0.01    2.17 v ex_stage_i/_20395_/ZN (NOR2_X1)
                                         ex_stage_i/_15862_ (net)
                  0.01    0.00    2.17 v ex_stage_i/_20399_/A (AOI21_X1)
     1    3.45    0.03    0.05    2.22 ^ ex_stage_i/_20399_/ZN (AOI21_X1)
                                         ex_stage_i/_00313_ (net)
                  0.03    0.00    2.22 ^ ex_stage_i/_36625_/B (HA_X1)
     3    4.81    0.02    0.04    2.26 ^ ex_stage_i/_36625_/CO (HA_X1)
                                         ex_stage_i/_00314_ (net)
                  0.02    0.00    2.26 ^ ex_stage_i/_20186_/A1 (NAND3_X1)
     3    5.45    0.02    0.03    2.29 v ex_stage_i/_20186_/ZN (NAND3_X1)
                                         ex_stage_i/_15754_ (net)
                  0.02    0.00    2.29 v ex_stage_i/_20190_/A (AOI21_X1)
     4    7.55    0.05    0.07    2.37 ^ ex_stage_i/_20190_/ZN (AOI21_X1)
                                         ex_stage_i/_15758_ (net)
                  0.05    0.00    2.37 ^ ex_stage_i/_20448_/A (INV_X1)
     3    4.61    0.02    0.02    2.38 v ex_stage_i/_20448_/ZN (INV_X1)
                                         ex_stage_i/_15903_ (net)
                  0.02    0.00    2.38 v ex_stage_i/_20449_/A2 (NOR2_X1)
     3    5.89    0.03    0.05    2.44 ^ ex_stage_i/_20449_/ZN (NOR2_X1)
                                         ex_stage_i/_15904_ (net)
                  0.03    0.00    2.44 ^ ex_stage_i/_20491_/A2 (NAND2_X1)
     4    5.41    0.02    0.03    2.46 v ex_stage_i/_20491_/ZN (NAND2_X1)
                                         ex_stage_i/_15938_ (net)
                  0.02    0.00    2.46 v ex_stage_i/_20520_/A2 (OR2_X1)
     2    2.19    0.01    0.05    2.52 v ex_stage_i/_20520_/ZN (OR2_X1)
                                         ex_stage_i/_15962_ (net)
                  0.01    0.00    2.52 v ex_stage_i/_20541_/A1 (OR3_X1)
     2    3.91    0.02    0.07    2.59 v ex_stage_i/_20541_/ZN (OR3_X1)
                                         ex_stage_i/_15980_ (net)
                  0.02    0.00    2.59 v ex_stage_i/_20542_/B (XOR2_X1)
     1    0.91    0.01    0.06    2.65 v ex_stage_i/_20542_/Z (XOR2_X1)
                                         ex_stage_i/_15981_ (net)
                  0.01    0.00    2.65 v ex_stage_i/_20547_/A (MUX2_X1)
     1    3.34    0.01    0.06    2.71 v ex_stage_i/_20547_/Z (MUX2_X1)
                                         ex_stage_i/_00245_ (net)
                  0.01    0.00    2.71 v ex_stage_i/_36608_/B (HA_X1)
     1    0.88    0.01    0.05    2.76 v ex_stage_i/_36608_/S (HA_X1)
                                         ex_stage_i/_00247_ (net)
                  0.01    0.00    2.76 v ex_stage_i/_32445_/A (BUF_X1)
     6    8.86    0.01    0.04    2.80 v ex_stage_i/_32445_/Z (BUF_X1)
                                         ex_stage_i/_13136_ (net)
                  0.01    0.00    2.80 v ex_stage_i/_33048_/B1 (AOI21_X1)
     1    1.57    0.02    0.03    2.83 ^ ex_stage_i/_33048_/ZN (AOI21_X1)
                                         ex_stage_i/_13720_ (net)
                  0.02    0.00    2.83 ^ ex_stage_i/_33049_/B2 (OAI21_X1)
     1    0.89    0.01    0.02    2.85 v ex_stage_i/_33049_/ZN (OAI21_X1)
                                         ex_stage_i/_13721_ (net)
                  0.01    0.00    2.85 v ex_stage_i/_33050_/A2 (AND2_X1)
     1    1.55    0.01    0.03    2.88 v ex_stage_i/_33050_/ZN (AND2_X1)
                                         ex_stage_i/_13722_ (net)
                  0.01    0.00    2.88 v ex_stage_i/_33051_/A4 (NOR4_X1)
     1    1.67    0.04    0.08    2.95 ^ ex_stage_i/_33051_/ZN (NOR4_X1)
                                         ex_stage_i/_13723_ (net)
                  0.04    0.00    2.95 ^ ex_stage_i/_33054_/A (OAI21_X1)
     5    8.28    0.03    0.04    3.00 v ex_stage_i/_33054_/ZN (OAI21_X1)
                                         ex_stage_i/_13726_ (net)
                  0.03    0.00    3.00 v ex_stage_i/_33056_/B1 (OAI21_X1)
     2    3.22    0.03    0.04    3.04 ^ ex_stage_i/_33056_/ZN (OAI21_X1)
                                         ex_stage_i/_13728_ (net)
                  0.03    0.00    3.04 ^ ex_stage_i/_33073_/A2 (NAND4_X1)
     3    4.44    0.03    0.04    3.08 v ex_stage_i/_33073_/ZN (NAND4_X1)
                                         ex_stage_i/_13745_ (net)
                  0.03    0.00    3.08 v ex_stage_i/_33483_/B1 (OAI21_X1)
     3    4.92    0.03    0.05    3.14 ^ ex_stage_i/_33483_/ZN (OAI21_X1)
                                         ex_stage_i/_14122_ (net)
                  0.03    0.00    3.14 ^ ex_stage_i/_33484_/B2 (AOI21_X1)
     1    3.04    0.02    0.02    3.16 v ex_stage_i/_33484_/ZN (AOI21_X1)
                                         ex_stage_i/_14123_ (net)
                  0.02    0.00    3.16 v ex_stage_i/_33491_/A2 (NOR3_X2)
     3    7.14    0.04    0.06    3.22 ^ ex_stage_i/_33491_/ZN (NOR3_X2)
                                         ex_stage_i/_14130_ (net)
                  0.04    0.00    3.22 ^ ex_stage_i/_34450_/C1 (OAI211_X2)
     1    1.55    0.02    0.02    3.25 v ex_stage_i/_34450_/ZN (OAI211_X2)
                                         ex_stage_i/_14791_ (net)
                  0.02    0.00    3.25 v ex_stage_i/_34451_/B2 (AOI221_X1)
     1    2.57    0.05    0.09    3.33 ^ ex_stage_i/_34451_/ZN (AOI221_X1)
                                         ex_stage_i/_14792_ (net)
                  0.05    0.00    3.33 ^ ex_stage_i/_34452_/B (XNOR2_X1)
     1    0.90    0.02    0.02    3.36 v ex_stage_i/_34452_/ZN (XNOR2_X1)
                                         ex_stage_i/_14793_ (net)
                  0.02    0.00    3.36 v ex_stage_i/_34453_/B (MUX2_X1)
     1    1.05    0.01    0.06    3.41 v ex_stage_i/_34453_/Z (MUX2_X1)
                                         ex_stage_i/_02363_ (net)
                  0.01    0.00    3.41 v ex_stage_i/i_mult.i_div.op_a_q[63]$_DFFE_PN0P_/D (DFFR_X1)
                                  3.41   data arrival time

                  0.00    2.22    2.22   clock core_clock (rise edge)
                          0.00    2.22   clock network delay (ideal)
                          0.00    2.22   clock reconvergence pessimism
                                  2.22 ^ ex_stage_i/i_mult.i_div.op_a_q[63]$_DFFE_PN0P_/CK (DFFR_X1)
                         -0.04    2.18   library setup time
                                  2.18   data required time
-----------------------------------------------------------------------------
                                  2.18   data required time
                                 -3.41   data arrival time
-----------------------------------------------------------------------------
                                 -1.23   slack (VIOLATED)



==========================================================================
floorplan final report_checks -unconstrained
--------------------------------------------------------------------------
Startpoint: issue_stage_i.i_scoreboard/commit_pointer_q[0]$_DFF_PN0_
            (rising edge-triggered flip-flop clocked by core_clock)
Endpoint: ex_stage_i/i_mult.i_div.op_a_q[63]$_DFFE_PN0P_
          (rising edge-triggered flip-flop clocked by core_clock)
Path Group: core_clock
Path Type: max

Fanout     Cap    Slew   Delay    Time   Description
-----------------------------------------------------------------------------
                  0.00    0.00    0.00   clock core_clock (rise edge)
                          0.00    0.00   clock network delay (ideal)
                  0.00    0.00    0.00 ^ issue_stage_i.i_scoreboard/commit_pointer_q[0]$_DFF_PN0_/CK (DFFR_X1)
     4   12.44    0.03    0.12    0.12 ^ issue_stage_i.i_scoreboard/commit_pointer_q[0]$_DFF_PN0_/Q (DFFR_X1)
                                         issue_stage_i.i_scoreboard/N68 (net)
                  0.03    0.00    0.12 ^ issue_stage_i.i_scoreboard/_59746_/B (HA_X1)
     2    4.38    0.01    0.04    0.17 ^ issue_stage_i.i_scoreboard/_59746_/CO (HA_X1)
                                         issue_stage_i.i_scoreboard/_00112_ (net)
                  0.01    0.00    0.17 ^ issue_stage_i.i_scoreboard/_33322_/A (BUF_X4)
    10   16.10    0.01    0.03    0.20 ^ issue_stage_i.i_scoreboard/_33322_/Z (BUF_X4)
                                         issue_stage_i.i_scoreboard/_02665_ (net)
                  0.01    0.00    0.20 ^ issue_stage_i.i_scoreboard/_33323_/A2 (AND2_X4)
     1    6.59    0.01    0.03    0.23 ^ issue_stage_i.i_scoreboard/_33323_/ZN (AND2_X4)
                                         issue_stage_i.i_scoreboard/_02666_ (net)
                  0.01    0.00    0.23 ^ issue_stage_i.i_scoreboard/_33324_/A (BUF_X8)
     8   20.04    0.01    0.02    0.25 ^ issue_stage_i.i_scoreboard/_33324_/Z (BUF_X8)
                                         issue_stage_i.i_scoreboard/_02667_ (net)
                  0.01    0.00    0.25 ^ issue_stage_i.i_scoreboard/_33325_/A (BUF_X16)
    10   32.42    0.01    0.02    0.27 ^ issue_stage_i.i_scoreboard/_33325_/Z (BUF_X16)
                                         issue_stage_i.i_scoreboard/_02668_ (net)
                  0.01    0.00    0.27 ^ issue_stage_i.i_scoreboard/_51644_/A (BUF_X16)
     7   17.41    0.01    0.02    0.29 ^ issue_stage_i.i_scoreboard/_51644_/Z (BUF_X16)
                                         issue_stage_i.i_scoreboard/_18685_ (net)
                  0.01    0.00    0.29 ^ issue_stage_i.i_scoreboard/_51799_/A (AOI21_X4)
     1    2.94    0.01    0.01    0.30 v issue_stage_i.i_scoreboard/_51799_/ZN (AOI21_X4)
                                         issue_stage_i.i_scoreboard/_18827_ (net)
                  0.01    0.00    0.30 v issue_stage_i.i_scoreboard/_51800_/A (AOI21_X2)
     1    1.66    0.02    0.03    0.34 ^ issue_stage_i.i_scoreboard/_51800_/ZN (AOI21_X2)
                                         issue_stage_i.i_scoreboard/_18828_ (net)
                  0.02    0.00    0.34 ^ issue_stage_i.i_scoreboard/_51801_/B1 (OAI21_X1)
     1    0.91    0.01    0.01    0.35 v issue_stage_i.i_scoreboard/_51801_/ZN (OAI21_X1)
                                         issue_stage_i.i_scoreboard/_18829_ (net)
                  0.01    0.00    0.35 v issue_stage_i.i_scoreboard/_51802_/A (MUX2_X1)
     1    0.90    0.01    0.06    0.41 v issue_stage_i.i_scoreboard/_51802_/Z (MUX2_X1)
                                         issue_stage_i.i_scoreboard/_18830_ (net)
                  0.01    0.00    0.41 v issue_stage_i.i_scoreboard/_51803_/B (MUX2_X1)
     1    0.90    0.01    0.06    0.46 v issue_stage_i.i_scoreboard/_51803_/Z (MUX2_X1)
                                         issue_stage_i.i_scoreboard/_18831_ (net)
                  0.01    0.00    0.46 v issue_stage_i.i_scoreboard/_51804_/B (MUX2_X1)
     1    0.90    0.01    0.06    0.52 v issue_stage_i.i_scoreboard/_51804_/Z (MUX2_X1)
                                         issue_stage_i.i_scoreboard/_18832_ (net)
                  0.01    0.00    0.52 v issue_stage_i.i_scoreboard/_51805_/B (MUX2_X1)
     3    5.93    0.01    0.07    0.59 v issue_stage_i.i_scoreboard/_51805_/Z (MUX2_X1)
                                         commit_instr_id_commit[285] (net)
                  0.01    0.00    0.59 v _05341_/A (BUF_X4)
     4   11.06    0.01    0.03    0.62 v _05341_/Z (BUF_X4)
                                         _00569_ (net)
                  0.01    0.00    0.62 v _05342_/C2 (OAI211_X4)
     1    6.40    0.02    0.03    0.65 ^ _05342_/ZN (OAI211_X4)
                                         _00570_ (net)
                  0.02    0.00    0.65 ^ _05343_/B1 (AOI21_X4)
     1    5.68    0.01    0.02    0.67 v _05343_/ZN (AOI21_X4)
                                         _00571_ (net)
                  0.01    0.00    0.67 v _05348_/A1 (AOI22_X4)
     3    9.97    0.03    0.04    0.70 ^ _05348_/ZN (AOI22_X4)
                                         _00576_ (net)
                  0.03    0.00    0.70 ^ _05349_/A1 (NOR2_X4)
     5   17.15    0.01    0.02    0.72 v _05349_/ZN (NOR2_X4)
                                         _00577_ (net)
                  0.01    0.00    0.72 v _05350_/A (INV_X4)
     2    8.12    0.01    0.02    0.74 ^ _05350_/ZN (INV_X4)
                                         _00578_ (net)
                  0.01    0.00    0.74 ^ _05357_/B1 (AOI21_X4)
     5   11.11    0.02    0.02    0.75 v _05357_/ZN (AOI21_X4)
                                         _00583_ (net)
                  0.02    0.00    0.75 v _05831_/A2 (NAND2_X4)
     6   13.73    0.01    0.03    0.78 ^ _05831_/ZN (NAND2_X4)
                                         _00924_ (net)
                  0.01    0.00    0.78 ^ _05936_/A (BUF_X8)
    10   28.75    0.01    0.03    0.81 ^ _05936_/Z (BUF_X8)
                                         _00964_ (net)
                  0.01    0.00    0.81 ^ _05937_/A (BUF_X16)
    10   28.24    0.01    0.02    0.83 ^ _05937_/Z (BUF_X16)
                                         _00965_ (net)
                  0.01    0.00    0.83 ^ _06077_/A2 (NOR2_X4)
     1    3.00    0.01    0.01    0.84 v _06077_/ZN (NOR2_X4)
                                         commit_stage_i.csr_op_o[1] (net)
                  0.01    0.00    0.84 v csr_regfile_i/_07760_/A (BUF_X4)
     5    7.69    0.01    0.02    0.86 v csr_regfile_i/_07760_/Z (BUF_X4)
                                         csr_regfile_i/_02548_ (net)
                  0.01    0.00    0.86 v csr_regfile_i/_07761_/A2 (OR3_X4)
     3   10.22    0.01    0.07    0.93 v csr_regfile_i/_07761_/ZN (OR3_X4)
                                         csr_regfile_i/_02549_ (net)
                  0.01    0.00    0.93 v csr_regfile_i/_07762_/A1 (NOR3_X4)
    10   22.82    0.06    0.07    1.00 ^ csr_regfile_i/_07762_/ZN (NOR3_X4)
                                         csr_regfile_i/_02550_ (net)
                  0.06    0.00    1.00 ^ csr_regfile_i/_07768_/A (AOI21_X4)
     5   15.67    0.02    0.03    1.02 v csr_regfile_i/_07768_/ZN (AOI21_X4)
                                         csr_regfile_i/_02556_ (net)
                  0.02    0.00    1.02 v csr_regfile_i/_07769_/A1 (NOR2_X4)
     2    7.22    0.02    0.03    1.05 ^ csr_regfile_i/_07769_/ZN (NOR2_X4)
                                         csr_regfile_i/_02557_ (net)
                  0.02    0.00    1.05 ^ csr_regfile_i/_07883_/A1 (NAND4_X4)
     2    4.54    0.02    0.02    1.08 v csr_regfile_i/_07883_/ZN (NAND4_X4)
                                         csr_regfile_i/_02671_ (net)
                  0.02    0.00    1.08 v csr_regfile_i/_07956_/A1 (AND4_X4)
     4   10.77    0.01    0.04    1.12 v csr_regfile_i/_07956_/ZN (AND4_X4)
                                         csr_regfile_i/_02744_ (net)
                  0.01    0.00    1.12 v csr_regfile_i/_07991_/A2 (NOR2_X4)
     4   13.41    0.02    0.04    1.15 ^ csr_regfile_i/_07991_/ZN (NOR2_X4)
                                         csr_regfile_i/_02778_ (net)
                  0.02    0.00    1.15 ^ csr_regfile_i/_08013_/A2 (OR2_X4)
     3   14.35    0.01    0.03    1.18 ^ csr_regfile_i/_08013_/ZN (OR2_X4)
                                         commit_stage_i.csr_exception_i[0] (net)
                  0.01    0.00    1.18 ^ _05368_/A1 (NAND3_X4)
     1   11.00    0.01    0.02    1.21 v _05368_/ZN (NAND3_X4)
                                         _00593_ (net)
                  0.01    0.00    1.21 v _05369_/A (BUF_X16)
    10   44.66    0.01    0.03    1.24 v _05369_/Z (BUF_X16)
                                         _00594_ (net)
                  0.01    0.00    1.24 v _05573_/A (BUF_X16)
    10   19.91    0.00    0.02    1.26 v _05573_/Z (BUF_X16)
                                         _00764_ (net)
                  0.00    0.00    1.26 v _05594_/A3 (NAND3_X4)
     1    6.71    0.02    0.02    1.28 ^ _05594_/ZN (NAND3_X4)
                                         _00781_ (net)
                  0.02    0.00    1.28 ^ _05595_/B2 (AOI21_X4)
     1    2.94    0.01    0.01    1.29 v _05595_/ZN (AOI21_X4)
                                         _00782_ (net)
                  0.01    0.00    1.29 v _05596_/A (AOI21_X2)
     1    3.35    0.02    0.04    1.33 ^ _05596_/ZN (AOI21_X2)
                                         _00783_ (net)
                  0.02    0.00    1.33 ^ _05597_/A2 (NOR2_X2)
     3    5.31    0.01    0.01    1.35 v _05597_/ZN (NOR2_X2)
                                         commit_stage_i.exception_o[93] (net)
                  0.01    0.00    1.35 v csr_regfile_i/_08843_/A4 (NOR4_X2)
     1    3.29    0.04    0.08    1.43 ^ csr_regfile_i/_08843_/ZN (NOR4_X2)
                                         csr_regfile_i/_03606_ (net)
                  0.04    0.00    1.43 ^ csr_regfile_i/_08844_/A2 (NAND3_X2)
     2    7.35    0.02    0.04    1.46 v csr_regfile_i/_08844_/ZN (NAND3_X2)
                                         csr_regfile_i/_03607_ (net)
                  0.02    0.00    1.46 v csr_regfile_i/_08857_/A4 (NOR4_X4)
     2    7.87    0.05    0.09    1.55 ^ csr_regfile_i/_08857_/ZN (NOR4_X4)
                                         csr_regfile_i/_03620_ (net)
                  0.05    0.00    1.55 ^ csr_regfile_i/_13884_/A1 (NAND3_X4)
     1    6.16    0.02    0.03    1.58 v csr_regfile_i/_13884_/ZN (NAND3_X4)
                                         csr_regfile_i/_01767_ (net)
                  0.02    0.00    1.58 v csr_regfile_i/_13885_/A1 (NAND3_X4)
     2    7.86    0.01    0.02    1.60 ^ csr_regfile_i/_13885_/ZN (NAND3_X4)
                                         csr_regfile_i/_01768_ (net)
                  0.01    0.00    1.60 ^ csr_regfile_i/_13886_/A2 (NAND2_X4)
     1    5.62    0.01    0.01    1.61 v csr_regfile_i/_13886_/ZN (NAND2_X4)
                                         csr_regfile_i/_01769_ (net)
                  0.01    0.00    1.61 v csr_regfile_i/_13887_/A (OAI21_X4)
     3    9.16    0.02    0.02    1.64 ^ csr_regfile_i/_13887_/ZN (OAI21_X4)
                                         controller_i.set_debug_pc_i (net)
                  0.02    0.00    1.64 ^ _05388_/A1 (NOR3_X4)
     1    5.70    0.01    0.01    1.65 v _05388_/ZN (NOR3_X4)
                                         _00612_ (net)
                  0.01    0.00    1.65 v _05389_/A1 (NAND2_X4)
     7   20.18    0.02    0.02    1.67 ^ _05389_/ZN (NAND2_X4)
                                         controller_i.flush_ex_o (net)
                  0.02    0.00    1.67 ^ ex_stage_i/_19849_/A (BUF_X16)
     8   35.05    0.01    0.03    1.70 ^ ex_stage_i/_19849_/Z (BUF_X16)
                                         ex_stage_i/_15433_ (net)
                  0.01    0.00    1.70 ^ ex_stage_i/_19852_/A1 (NOR3_X1)
     2    2.37    0.01    0.01    1.71 v ex_stage_i/_19852_/ZN (NOR3_X1)
                                         ex_stage_i/_15436_ (net)
                  0.01    0.00    1.71 v ex_stage_i/_19853_/A3 (NAND3_X1)
     5    5.41    0.02    0.03    1.74 ^ ex_stage_i/_19853_/ZN (NAND3_X1)
                                         ex_stage_i/_15437_ (net)
                  0.02    0.00    1.74 ^ ex_stage_i/_19854_/A (BUF_X1)
    10   15.98    0.04    0.06    1.80 ^ ex_stage_i/_19854_/Z (BUF_X1)
                                         ex_stage_i/_15438_ (net)
                  0.04    0.00    1.80 ^ ex_stage_i/_19855_/A (BUF_X1)
    10   16.10    0.04    0.06    1.86 ^ ex_stage_i/_19855_/Z (BUF_X1)
                                         ex_stage_i/_15439_ (net)
                  0.04    0.00    1.86 ^ ex_stage_i/_19876_/A (BUF_X2)
    10   16.86    0.02    0.05    1.91 ^ ex_stage_i/_19876_/Z (BUF_X2)
                                         ex_stage_i/_15460_ (net)
                  0.02    0.00    1.91 ^ ex_stage_i/_19877_/A (BUF_X2)
    10   16.76    0.02    0.04    1.95 ^ ex_stage_i/_19877_/Z (BUF_X2)
                                         ex_stage_i/_15461_ (net)
                  0.02    0.00    1.95 ^ ex_stage_i/_20386_/A (BUF_X2)
    10   16.16    0.02    0.04    1.99 ^ ex_stage_i/_20386_/Z (BUF_X2)
                                         ex_stage_i/_15854_ (net)
                  0.02    0.00    1.99 ^ ex_stage_i/_20387_/A (BUF_X1)
    10   14.22    0.04    0.06    2.05 ^ ex_stage_i/_20387_/Z (BUF_X1)
                                         ex_stage_i/_15855_ (net)
                  0.04    0.00    2.05 ^ ex_stage_i/_20393_/A (BUF_X1)
    10   14.09    0.03    0.06    2.10 ^ ex_stage_i/_20393_/Z (BUF_X1)
                                         ex_stage_i/_15860_ (net)
                  0.03    0.00    2.10 ^ ex_stage_i/_20394_/A (BUF_X1)
    10   11.87    0.03    0.05    2.16 ^ ex_stage_i/_20394_/Z (BUF_X1)
                                         ex_stage_i/_15861_ (net)
                  0.03    0.00    2.16 ^ ex_stage_i/_20395_/A1 (NOR2_X1)
     1    1.54    0.01    0.01    2.17 v ex_stage_i/_20395_/ZN (NOR2_X1)
                                         ex_stage_i/_15862_ (net)
                  0.01    0.00    2.17 v ex_stage_i/_20399_/A (AOI21_X1)
     1    3.45    0.03    0.05    2.22 ^ ex_stage_i/_20399_/ZN (AOI21_X1)
                                         ex_stage_i/_00313_ (net)
                  0.03    0.00    2.22 ^ ex_stage_i/_36625_/B (HA_X1)
     3    4.81    0.02    0.04    2.26 ^ ex_stage_i/_36625_/CO (HA_X1)
                                         ex_stage_i/_00314_ (net)
                  0.02    0.00    2.26 ^ ex_stage_i/_20186_/A1 (NAND3_X1)
     3    5.45    0.02    0.03    2.29 v ex_stage_i/_20186_/ZN (NAND3_X1)
                                         ex_stage_i/_15754_ (net)
                  0.02    0.00    2.29 v ex_stage_i/_20190_/A (AOI21_X1)
     4    7.55    0.05    0.07    2.37 ^ ex_stage_i/_20190_/ZN (AOI21_X1)
                                         ex_stage_i/_15758_ (net)
                  0.05    0.00    2.37 ^ ex_stage_i/_20448_/A (INV_X1)
     3    4.61    0.02    0.02    2.38 v ex_stage_i/_20448_/ZN (INV_X1)
                                         ex_stage_i/_15903_ (net)
                  0.02    0.00    2.38 v ex_stage_i/_20449_/A2 (NOR2_X1)
     3    5.89    0.03    0.05    2.44 ^ ex_stage_i/_20449_/ZN (NOR2_X1)
                                         ex_stage_i/_15904_ (net)
                  0.03    0.00    2.44 ^ ex_stage_i/_20491_/A2 (NAND2_X1)
     4    5.41    0.02    0.03    2.46 v ex_stage_i/_20491_/ZN (NAND2_X1)
                                         ex_stage_i/_15938_ (net)
                  0.02    0.00    2.46 v ex_stage_i/_20520_/A2 (OR2_X1)
     2    2.19    0.01    0.05    2.52 v ex_stage_i/_20520_/ZN (OR2_X1)
                                         ex_stage_i/_15962_ (net)
                  0.01    0.00    2.52 v ex_stage_i/_20541_/A1 (OR3_X1)
     2    3.91    0.02    0.07    2.59 v ex_stage_i/_20541_/ZN (OR3_X1)
                                         ex_stage_i/_15980_ (net)
                  0.02    0.00    2.59 v ex_stage_i/_20542_/B (XOR2_X1)
     1    0.91    0.01    0.06    2.65 v ex_stage_i/_20542_/Z (XOR2_X1)
                                         ex_stage_i/_15981_ (net)
                  0.01    0.00    2.65 v ex_stage_i/_20547_/A (MUX2_X1)
     1    3.34    0.01    0.06    2.71 v ex_stage_i/_20547_/Z (MUX2_X1)
                                         ex_stage_i/_00245_ (net)
                  0.01    0.00    2.71 v ex_stage_i/_36608_/B (HA_X1)
     1    0.88    0.01    0.05    2.76 v ex_stage_i/_36608_/S (HA_X1)
                                         ex_stage_i/_00247_ (net)
                  0.01    0.00    2.76 v ex_stage_i/_32445_/A (BUF_X1)
     6    8.86    0.01    0.04    2.80 v ex_stage_i/_32445_/Z (BUF_X1)
                                         ex_stage_i/_13136_ (net)
                  0.01    0.00    2.80 v ex_stage_i/_33048_/B1 (AOI21_X1)
     1    1.57    0.02    0.03    2.83 ^ ex_stage_i/_33048_/ZN (AOI21_X1)
                                         ex_stage_i/_13720_ (net)
                  0.02    0.00    2.83 ^ ex_stage_i/_33049_/B2 (OAI21_X1)
     1    0.89    0.01    0.02    2.85 v ex_stage_i/_33049_/ZN (OAI21_X1)
                                         ex_stage_i/_13721_ (net)
                  0.01    0.00    2.85 v ex_stage_i/_33050_/A2 (AND2_X1)
     1    1.55    0.01    0.03    2.88 v ex_stage_i/_33050_/ZN (AND2_X1)
                                         ex_stage_i/_13722_ (net)
                  0.01    0.00    2.88 v ex_stage_i/_33051_/A4 (NOR4_X1)
     1    1.67    0.04    0.08    2.95 ^ ex_stage_i/_33051_/ZN (NOR4_X1)
                                         ex_stage_i/_13723_ (net)
                  0.04    0.00    2.95 ^ ex_stage_i/_33054_/A (OAI21_X1)
     5    8.28    0.03    0.04    3.00 v ex_stage_i/_33054_/ZN (OAI21_X1)
                                         ex_stage_i/_13726_ (net)
                  0.03    0.00    3.00 v ex_stage_i/_33056_/B1 (OAI21_X1)
     2    3.22    0.03    0.04    3.04 ^ ex_stage_i/_33056_/ZN (OAI21_X1)
                                         ex_stage_i/_13728_ (net)
                  0.03    0.00    3.04 ^ ex_stage_i/_33073_/A2 (NAND4_X1)
     3    4.44    0.03    0.04    3.08 v ex_stage_i/_33073_/ZN (NAND4_X1)
                                         ex_stage_i/_13745_ (net)
                  0.03    0.00    3.08 v ex_stage_i/_33483_/B1 (OAI21_X1)
     3    4.92    0.03    0.05    3.14 ^ ex_stage_i/_33483_/ZN (OAI21_X1)
                                         ex_stage_i/_14122_ (net)
                  0.03    0.00    3.14 ^ ex_stage_i/_33484_/B2 (AOI21_X1)
     1    3.04    0.02    0.02    3.16 v ex_stage_i/_33484_/ZN (AOI21_X1)
                                         ex_stage_i/_14123_ (net)
                  0.02    0.00    3.16 v ex_stage_i/_33491_/A2 (NOR3_X2)
     3    7.14    0.04    0.06    3.22 ^ ex_stage_i/_33491_/ZN (NOR3_X2)
                                         ex_stage_i/_14130_ (net)
                  0.04    0.00    3.22 ^ ex_stage_i/_34450_/C1 (OAI211_X2)
     1    1.55    0.02    0.02    3.25 v ex_stage_i/_34450_/ZN (OAI211_X2)
                                         ex_stage_i/_14791_ (net)
                  0.02    0.00    3.25 v ex_stage_i/_34451_/B2 (AOI221_X1)
     1    2.57    0.05    0.09    3.33 ^ ex_stage_i/_34451_/ZN (AOI221_X1)
                                         ex_stage_i/_14792_ (net)
                  0.05    0.00    3.33 ^ ex_stage_i/_34452_/B (XNOR2_X1)
     1    0.90    0.02    0.02    3.36 v ex_stage_i/_34452_/ZN (XNOR2_X1)
                                         ex_stage_i/_14793_ (net)
                  0.02    0.00    3.36 v ex_stage_i/_34453_/B (MUX2_X1)
     1    1.05    0.01    0.06    3.41 v ex_stage_i/_34453_/Z (MUX2_X1)
                                         ex_stage_i/_02363_ (net)
                  0.01    0.00    3.41 v ex_stage_i/i_mult.i_div.op_a_q[63]$_DFFE_PN0P_/D (DFFR_X1)
                                  3.41   data arrival time

                  0.00    2.22    2.22   clock core_clock (rise edge)
                          0.00    2.22   clock network delay (ideal)
                          0.00    2.22   clock reconvergence pessimism
                                  2.22 ^ ex_stage_i/i_mult.i_div.op_a_q[63]$_DFFE_PN0P_/CK (DFFR_X1)
                         -0.04    2.18   library setup time
                                  2.18   data required time
-----------------------------------------------------------------------------
                                  2.18   data required time
                                 -3.41   data arrival time
-----------------------------------------------------------------------------
                                 -1.23   slack (VIOLATED)



==========================================================================
floorplan final report_power
--------------------------------------------------------------------------
Group                  Internal  Switching    Leakage      Total
                          Power      Power      Power      Power (Watts)
----------------------------------------------------------------
Sequential             6.85e-02   9.44e-04   1.65e-03   7.11e-02  25.7%
Combinational          8.65e-03   7.44e-03   4.10e-03   2.02e-02   7.3%
Clock                  0.00e+00   0.00e+00   0.00e+00   0.00e+00   0.0%
Macro                  1.62e-01   0.00e+00   2.24e-02   1.85e-01  66.9%
Pad                    0.00e+00   0.00e+00   0.00e+00   0.00e+00   0.0%
----------------------------------------------------------------
Total                  2.40e-01   8.39e-03   2.82e-02   2.76e-01 100.0%
                          86.8%       3.0%      10.2%
