
==========================================================================
detailed place report_tns
--------------------------------------------------------------------------
tns max -5221.62

==========================================================================
detailed place report_wns
--------------------------------------------------------------------------
wns max -1.61

==========================================================================
detailed place report_worst_slack
--------------------------------------------------------------------------
worst slack max -1.61

==========================================================================
detailed place report_clock_min_period
--------------------------------------------------------------------------
core_clock period_min = 3.83 fmax = 261.28

==========================================================================
detailed place report_checks -path_delay min
--------------------------------------------------------------------------
Startpoint: ex_stage_i/lsu_i.i_store_unit.store_buffer_i.speculative_queue_q_0__valid_$_DFF_PN0_
            (rising edge-triggered flip-flop clocked by core_clock)
Endpoint: ex_stage_i/lsu_i.i_store_unit.store_buffer_i.speculative_queue_q_0__valid_$_DFF_PN0_
          (rising edge-triggered flip-flop clocked by core_clock)
Path Group: core_clock
Path Type: min

Fanout     Cap    Slew   Delay    Time   Description
-----------------------------------------------------------------------------
                  0.00    0.00    0.00   clock core_clock (rise edge)
                          0.00    0.00   clock network delay (ideal)
                  0.00    0.00    0.00 ^ ex_stage_i/lsu_i.i_store_unit.store_buffer_i.speculative_queue_q_0__valid_$_DFF_PN0_/CK (DFFR_X1)
     1    1.78    0.01    0.07    0.07 ^ ex_stage_i/lsu_i.i_store_unit.store_buffer_i.speculative_queue_q_0__valid_$_DFF_PN0_/QN (DFFR_X1)
                                         ex_stage_i/_00021_ (net)
                  0.01    0.00    0.07 ^ ex_stage_i/_26476_/C1 (AOI221_X1)
     1    1.48    0.01    0.01    0.08 v ex_stage_i/_26476_/ZN (AOI221_X1)
                                         ex_stage_i/lsu_i.i_store_unit.store_buffer_i.speculative_queue_n_0__valid_ (net)
                  0.01    0.00    0.08 v ex_stage_i/lsu_i.i_store_unit.store_buffer_i.speculative_queue_q_0__valid_$_DFF_PN0_/D (DFFR_X1)
                                  0.08   data arrival time

                  0.00    0.00    0.00   clock core_clock (rise edge)
                          0.00    0.00   clock network delay (ideal)
                          0.00    0.00   clock reconvergence pessimism
                                  0.00 ^ ex_stage_i/lsu_i.i_store_unit.store_buffer_i.speculative_queue_q_0__valid_$_DFF_PN0_/CK (DFFR_X1)
                          0.00    0.00   library hold time
                                  0.00   data required time
-----------------------------------------------------------------------------
                                  0.00   data required time
                                 -0.08   data arrival time
-----------------------------------------------------------------------------
                                  0.08   slack (MET)



==========================================================================
detailed place report_checks -path_delay max
--------------------------------------------------------------------------
Startpoint: issue_stage_i.i_scoreboard/commit_pointer_q[1]$_DFF_PN0_
            (rising edge-triggered flip-flop clocked by core_clock)
Endpoint: issue_stage_i.i_scoreboard/mem_q[2733]$_DFF_PN0_
          (rising edge-triggered flip-flop clocked by core_clock)
Path Group: core_clock
Path Type: max

Fanout     Cap    Slew   Delay    Time   Description
-----------------------------------------------------------------------------
                  0.00    0.00    0.00   clock core_clock (rise edge)
                          0.00    0.00   clock network delay (ideal)
                  0.00    0.00    0.00 ^ issue_stage_i.i_scoreboard/commit_pointer_q[1]$_DFF_PN0_/CK (DFFR_X1)
     3    8.24    0.02    0.11    0.11 ^ issue_stage_i.i_scoreboard/commit_pointer_q[1]$_DFF_PN0_/Q (DFFR_X1)
                                         issue_stage_i.i_scoreboard/commit_pointer_q[1] (net)
                  0.02    0.00    0.11 ^ issue_stage_i.i_scoreboard/_59744_/A (HA_X1)
     2    7.17    0.02    0.05    0.16 ^ issue_stage_i.i_scoreboard/_59744_/CO (HA_X1)
                                         issue_stage_i.i_scoreboard/_00110_ (net)
                  0.02    0.00    0.16 ^ issue_stage_i.i_scoreboard/_33259_/A2 (AND2_X4)
     3   12.07    0.01    0.04    0.20 ^ issue_stage_i.i_scoreboard/_33259_/ZN (AND2_X4)
                                         issue_stage_i.i_scoreboard/_02605_ (net)
                  0.01    0.00    0.20 ^ issue_stage_i.i_scoreboard/_51694_/A3 (NOR3_X1)
     1    1.95    0.01    0.01    0.21 v issue_stage_i.i_scoreboard/_51694_/ZN (NOR3_X1)
                                         issue_stage_i.i_scoreboard/_18731_ (net)
                  0.01    0.00    0.21 v issue_stage_i.i_scoreboard/_51697_/A (AOI221_X1)
     1    2.22    0.05    0.07    0.29 ^ issue_stage_i.i_scoreboard/_51697_/ZN (AOI221_X1)
                                         issue_stage_i.i_scoreboard/_18734_ (net)
                  0.05    0.00    0.29 ^ issue_stage_i.i_scoreboard/_51698_/A3 (NOR3_X1)
     1    4.82    0.02    0.02    0.31 v issue_stage_i.i_scoreboard/_51698_/ZN (NOR3_X1)
                                         issue_stage_i.i_scoreboard/_18735_ (net)
                  0.02    0.00    0.31 v issue_stage_i.i_scoreboard/_51699_/A (AOI21_X1)
     1    6.92    0.04    0.07    0.38 ^ issue_stage_i.i_scoreboard/_51699_/ZN (AOI21_X1)
                                         issue_stage_i.i_scoreboard/_18736_ (net)
                  0.04    0.00    0.38 ^ issue_stage_i.i_scoreboard/_51700_/B1 (OAI21_X1)
     1    1.31    0.01    0.02    0.40 v issue_stage_i.i_scoreboard/_51700_/ZN (OAI21_X1)
                                         issue_stage_i.i_scoreboard/_18737_ (net)
                  0.01    0.00    0.40 v issue_stage_i.i_scoreboard/_51701_/B (MUX2_X1)
     1    1.11    0.01    0.06    0.46 v issue_stage_i.i_scoreboard/_51701_/Z (MUX2_X1)
                                         issue_stage_i.i_scoreboard/_18738_ (net)
                  0.01    0.00    0.46 v issue_stage_i.i_scoreboard/_51702_/B (MUX2_X1)
     1    1.68    0.01    0.06    0.52 v issue_stage_i.i_scoreboard/_51702_/Z (MUX2_X1)
                                         issue_stage_i.i_scoreboard/_18739_ (net)
                  0.01    0.00    0.52 v issue_stage_i.i_scoreboard/_51703_/B (MUX2_X1)
     2    4.52    0.01    0.07    0.58 v issue_stage_i.i_scoreboard/_51703_/Z (MUX2_X1)
                                         commit_instr_id_commit[294] (net)
                  0.01    0.00    0.58 v _05366_/A1 (NOR2_X1)
     1   12.26    0.06    0.08    0.66 ^ _05366_/ZN (NOR2_X1)
                                         _00591_ (net)
                  0.06    0.00    0.66 ^ place44023/A (BUF_X4)
     2    8.72    0.01    0.03    0.69 ^ place44023/Z (BUF_X4)
                                         net44022 (net)
                  0.01    0.00    0.69 ^ _05829_/A2 (NAND2_X1)
     2    3.85    0.02    0.02    0.71 v _05829_/ZN (NAND2_X1)
                                         _00922_ (net)
                  0.02    0.00    0.71 v _05830_/A2 (NOR2_X1)
     1    6.95    0.04    0.06    0.77 ^ _05830_/ZN (NOR2_X1)
                                         _00923_ (net)
                  0.04    0.00    0.77 ^ place43567/A (BUF_X4)
     1   12.56    0.01    0.03    0.80 ^ place43567/Z (BUF_X4)
                                         net43566 (net)
                  0.01    0.00    0.80 ^ _05831_/A1 (NAND2_X4)
     6   24.68    0.01    0.02    0.82 v _05831_/ZN (NAND2_X4)
                                         _00924_ (net)
                  0.01    0.00    0.83 v _05832_/A (INV_X2)
     3    5.92    0.01    0.02    0.85 ^ _05832_/ZN (INV_X2)
                                         _00925_ (net)
                  0.01    0.00    0.85 ^ _06073_/A2 (AND2_X4)
     2    5.90    0.01    0.03    0.88 ^ _06073_/ZN (AND2_X4)
                                         commit_stage_i.csr_op_o[5] (net)
                  0.01    0.00    0.88 ^ csr_regfile_i/_07758_/A (INV_X2)
     2    7.24    0.01    0.01    0.89 v csr_regfile_i/_07758_/ZN (INV_X2)
                                         csr_regfile_i/_02546_ (net)
                  0.01    0.00    0.89 v csr_regfile_i/_07762_/A3 (NOR3_X4)
     2    9.00    0.03    0.05    0.94 ^ csr_regfile_i/_07762_/ZN (NOR3_X4)
                                         csr_regfile_i/_02550_ (net)
                  0.03    0.00    0.94 ^ csr_regfile_i/_07768_/A (AOI21_X4)
     2    8.39    0.01    0.02    0.96 v csr_regfile_i/_07768_/ZN (AOI21_X4)
                                         csr_regfile_i/_02556_ (net)
                  0.01    0.00    0.96 v csr_regfile_i/_07769_/A1 (NOR2_X4)
     2   19.34    0.03    0.04    1.00 ^ csr_regfile_i/_07769_/ZN (NOR2_X4)
                                         csr_regfile_i/_02557_ (net)
                  0.03    0.01    1.00 ^ csr_regfile_i/_07883_/A1 (NAND4_X4)
     2    4.47    0.02    0.03    1.03 v csr_regfile_i/_07883_/ZN (NAND4_X4)
                                         csr_regfile_i/_02671_ (net)
                  0.02    0.00    1.03 v csr_regfile_i/_07956_/A1 (AND4_X4)
     2   23.54    0.01    0.04    1.07 v csr_regfile_i/_07956_/ZN (AND4_X4)
                                         csr_regfile_i/_02744_ (net)
                  0.01    0.01    1.08 v csr_regfile_i/_07991_/A2 (NOR2_X4)
     4   13.75    0.02    0.04    1.12 ^ csr_regfile_i/_07991_/ZN (NOR2_X4)
                                         csr_regfile_i/_02778_ (net)
                  0.02    0.00    1.12 ^ csr_regfile_i/_08013_/A2 (OR2_X4)
     2   19.67    0.01    0.03    1.15 ^ csr_regfile_i/_08013_/ZN (OR2_X4)
                                         commit_stage_i.csr_exception_i[0] (net)
                  0.01    0.00    1.16 ^ _05368_/A1 (NAND3_X4)
     5   18.18    0.02    0.03    1.19 v _05368_/ZN (NAND3_X4)
                                         _00593_ (net)
                  0.02    0.00    1.19 v place40937/A (BUF_X4)
    11   22.82    0.01    0.04    1.22 v place40937/Z (BUF_X4)
                                         net40936 (net)
                  0.01    0.00    1.23 v _05477_/A3 (NAND3_X1)
     1    2.73    0.02    0.02    1.25 ^ _05477_/ZN (NAND3_X1)
                                         _00685_ (net)
                  0.02    0.00    1.25 ^ _05478_/B2 (AOI21_X1)
     1    1.84    0.01    0.02    1.27 v _05478_/ZN (AOI21_X1)
                                         _00686_ (net)
                  0.01    0.00    1.27 v _05479_/A (AOI21_X1)
     1    4.54    0.03    0.05    1.32 ^ _05479_/ZN (AOI21_X1)
                                         _00687_ (net)
                  0.03    0.00    1.32 ^ _05480_/A2 (NOR2_X1)
     2    5.32    0.02    0.02    1.34 v _05480_/ZN (NOR2_X1)
                                         commit_stage_i.exception_o[114] (net)
                  0.02    0.00    1.34 v csr_regfile_i/_08853_/A4 (NOR4_X1)
     1    7.42    0.09    0.14    1.49 ^ csr_regfile_i/_08853_/ZN (NOR4_X1)
                                         csr_regfile_i/_03616_ (net)
                  0.09    0.00    1.49 ^ csr_regfile_i/_08856_/A1 (NAND4_X1)
     2    3.48    0.04    0.05    1.54 v csr_regfile_i/_08856_/ZN (NAND4_X1)
                                         csr_regfile_i/_03619_ (net)
                  0.04    0.00    1.54 v csr_regfile_i/_09159_/A3 (NOR3_X1)
     1    2.16    0.03    0.06    1.60 ^ csr_regfile_i/_09159_/ZN (NOR3_X1)
                                         csr_regfile_i/_03901_ (net)
                  0.03    0.00    1.60 ^ csr_regfile_i/_09160_/A3 (NAND3_X1)
     1   14.65    0.04    0.06    1.66 v csr_regfile_i/_09160_/ZN (NAND3_X1)
                                         csr_regfile_i/_03902_ (net)
                  0.04    0.00    1.67 v csr_regfile_i/place37950/A (BUF_X4)
     2    7.48    0.01    0.04    1.71 v csr_regfile_i/place37950/Z (BUF_X4)
                                         csr_regfile_i/net37949 (net)
                  0.01    0.00    1.71 v csr_regfile_i/_13887_/B1 (OAI21_X4)
     2   13.96    0.03    0.03    1.74 ^ csr_regfile_i/_13887_/ZN (OAI21_X4)
                                         controller_i.set_debug_pc_i (net)
                  0.03    0.00    1.74 ^ _05388_/A1 (NOR3_X4)
     1    6.70    0.01    0.01    1.75 v _05388_/ZN (NOR3_X4)
                                         _00612_ (net)
                  0.01    0.00    1.75 v _05389_/A1 (NAND2_X4)
     3   38.71    0.02    0.03    1.78 ^ _05389_/ZN (NAND2_X4)
                                         controller_i.flush_ex_o (net)
                  0.03    0.02    1.80 ^ ex_stage_i/place36955/A (BUF_X8)
     2   49.34    0.01    0.03    1.83 ^ ex_stage_i/place36955/Z (BUF_X8)
                                         ex_stage_i/net36954 (net)
                  0.03    0.02    1.86 ^ ex_stage_i/_24918_/A (INV_X16)
     3    8.77    0.01    0.01    1.86 v ex_stage_i/_24918_/ZN (INV_X16)
                                         ex_stage_i/_06613_ (net)
                  0.01    0.00    1.86 v ex_stage_i/_27495_/B1 (AOI21_X4)
     2    8.85    0.03    0.03    1.89 ^ ex_stage_i/_27495_/ZN (AOI21_X4)
                                         ex_stage_i/_08770_ (net)
                  0.03    0.00    1.89 ^ ex_stage_i/_27496_/A1 (NOR2_X4)
     4   46.39    0.02    0.02    1.91 v ex_stage_i/_27496_/ZN (NOR2_X4)
                                         ex_stage_i/_08771_ (net)
                  0.04    0.03    1.94 v ex_stage_i/_27498_/S (MUX2_X2)
     9   27.87    0.03    0.10    2.04 ^ ex_stage_i/_27498_/Z (MUX2_X2)
                                         flu_trans_id_ex_id[1] (net)
                  0.03    0.00    2.04 ^ issue_stage_i.i_scoreboard/place36506/A (BUF_X2)
     6   20.75    0.03    0.05    2.09 ^ issue_stage_i.i_scoreboard/place36506/Z (BUF_X2)
                                         issue_stage_i.i_scoreboard/net36505 (net)
                  0.03    0.00    2.09 ^ issue_stage_i.i_scoreboard/_33066_/A (INV_X1)
     3    8.45    0.01    0.02    2.12 v issue_stage_i.i_scoreboard/_33066_/ZN (INV_X1)
                                         issue_stage_i.i_scoreboard/_02414_ (net)
                  0.01    0.00    2.12 v issue_stage_i.i_scoreboard/place36366/A (BUF_X4)
     1    5.67    0.01    0.03    2.14 v issue_stage_i.i_scoreboard/place36366/Z (BUF_X4)
                                         issue_stage_i.i_scoreboard/net36365 (net)
                  0.01    0.00    2.14 v issue_stage_i.i_scoreboard/_48242_/A2 (NOR3_X4)
     1    6.96    0.03    0.05    2.19 ^ issue_stage_i.i_scoreboard/_48242_/ZN (NOR3_X4)
                                         issue_stage_i.i_scoreboard/_15485_ (net)
                  0.03    0.00    2.19 ^ issue_stage_i.i_scoreboard/_48250_/A1 (NOR4_X4)
     3    7.23    0.01    0.01    2.20 v issue_stage_i.i_scoreboard/_48250_/ZN (NOR4_X4)
                                         issue_stage_i.i_scoreboard/_15493_ (net)
                  0.01    0.00    2.20 v issue_stage_i.i_scoreboard/_48288_/A (XNOR2_X2)
     1    3.05    0.02    0.04    2.24 v issue_stage_i.i_scoreboard/_48288_/ZN (XNOR2_X2)
                                         issue_stage_i.i_scoreboard/_15531_ (net)
                  0.02    0.00    2.24 v issue_stage_i.i_scoreboard/_48290_/A2 (OR4_X4)
     2    5.72    0.02    0.09    2.33 v issue_stage_i.i_scoreboard/_48290_/ZN (OR4_X4)
                                         issue_stage_i.i_scoreboard/_15533_ (net)
                  0.02    0.00    2.33 v issue_stage_i.i_scoreboard/_48377_/A4 (OR4_X4)
     2    8.58    0.02    0.11    2.45 v issue_stage_i.i_scoreboard/_48377_/ZN (OR4_X4)
                                         issue_stage_i.i_scoreboard/_15619_ (net)
                  0.02    0.00    2.45 v issue_stage_i.i_scoreboard/_48378_/B3 (OAI33_X1)
     1    7.78    0.10    0.13    2.58 ^ issue_stage_i.i_scoreboard/_48378_/ZN (OAI33_X1)
                                         issue_stage_i.i_scoreboard/_15620_ (net)
                  0.10    0.00    2.58 ^ issue_stage_i.i_scoreboard/place35995/A (BUF_X2)
     1    5.43    0.01    0.04    2.62 ^ issue_stage_i.i_scoreboard/place35995/Z (BUF_X2)
                                         issue_stage_i.i_scoreboard/net35994 (net)
                  0.01    0.00    2.62 ^ issue_stage_i.i_scoreboard/_48379_/A1 (NAND4_X2)
     2    7.31    0.04    0.03    2.65 v issue_stage_i.i_scoreboard/_48379_/ZN (NAND4_X2)
                                         issue_stage_i.i_scoreboard/_15621_ (net)
                  0.04    0.00    2.65 v issue_stage_i.i_scoreboard/_48381_/B2 (AOI21_X4)
     2    8.55    0.03    0.05    2.70 ^ issue_stage_i.i_scoreboard/_48381_/ZN (AOI21_X4)
                                         issue_stage_i.i_scoreboard/_15623_ (net)
                  0.03    0.00    2.70 ^ issue_stage_i.i_scoreboard/_50913_/A2 (NOR2_X4)
     1    6.41    0.16    0.01    2.71 v issue_stage_i.i_scoreboard/_50913_/ZN (NOR2_X4)
                                         issue_stage_i.i_scoreboard/_18019_ (net)
                  0.16    0.00    2.71 v issue_stage_i.i_scoreboard/_50914_/B1 (AOI22_X4)
     2   11.14    0.04    0.09    2.80 ^ issue_stage_i.i_scoreboard/_50914_/ZN (AOI22_X4)
                                         issue_stage_i.rs1_valid_sb_iro (net)
                  0.04    0.00    2.80 ^ issue_stage_i.i_issue_read_operands/_15244_/A (INV_X4)
     2    7.23    0.01    0.01    2.81 v issue_stage_i.i_issue_read_operands/_15244_/ZN (INV_X4)
                                         issue_stage_i.i_issue_read_operands/_11708_ (net)
                  0.01    0.00    2.81 v issue_stage_i.i_issue_read_operands/_15295_/A1 (NOR2_X4)
     1    6.78    0.02    0.02    2.84 ^ issue_stage_i.i_issue_read_operands/_15295_/ZN (NOR2_X4)
                                         issue_stage_i.i_issue_read_operands/_11759_ (net)
                  0.02    0.00    2.84 ^ issue_stage_i.i_issue_read_operands/_15409_/B2 (AOI22_X4)
     1    3.71    0.01    0.02    2.86 v issue_stage_i.i_issue_read_operands/_15409_/ZN (AOI22_X4)
                                         issue_stage_i.i_issue_read_operands/_11873_ (net)
                  0.01    0.00    2.86 v issue_stage_i.i_issue_read_operands/_15681_/A (OAI221_X2)
     2    4.68    0.04    0.03    2.88 ^ issue_stage_i.i_issue_read_operands/_15681_/ZN (OAI221_X2)
                                         issue_stage_i.i_issue_read_operands/_12145_ (net)
                  0.04    0.00    2.88 ^ issue_stage_i.i_issue_read_operands/_15687_/B2 (OAI221_X2)
     2    7.40    0.03    0.05    2.93 v issue_stage_i.i_issue_read_operands/_15687_/ZN (OAI221_X2)
                                         issue_stage_i.i_issue_read_operands/_12151_ (net)
                  0.03    0.00    2.93 v issue_stage_i.i_issue_read_operands/_15689_/A1 (NOR2_X4)
     2   18.95    0.03    0.05    2.98 ^ issue_stage_i.i_issue_read_operands/_15689_/ZN (NOR2_X4)
                                         issue_stage_i.issue_ack_iro_sb (net)
                  0.03    0.01    2.98 ^ issue_stage_i.i_scoreboard/_33060_/A1 (AND2_X4)
     7   26.94    0.02    0.05    3.03 ^ issue_stage_i.i_scoreboard/_33060_/ZN (AND2_X4)
                                         issue_stage_i.i_scoreboard/_02408_ (net)
                  0.02    0.01    3.03 ^ issue_stage_i.i_scoreboard/place35660/A (BUF_X2)
     2    7.94    0.01    0.03    3.07 ^ issue_stage_i.i_scoreboard/place35660/Z (BUF_X2)
                                         issue_stage_i.i_scoreboard/net35659 (net)
                  0.01    0.00    3.07 ^ issue_stage_i.i_scoreboard/_33174_/A4 (AND4_X4)
     9   36.30    0.03    0.07    3.14 ^ issue_stage_i.i_scoreboard/_33174_/ZN (AND4_X4)
                                         issue_stage_i.i_scoreboard/_02522_ (net)
                  0.03    0.00    3.14 ^ issue_stage_i.i_scoreboard/_34476_/B2 (AOI21_X1)
     2    4.61    0.02    0.03    3.17 v issue_stage_i.i_scoreboard/_34476_/ZN (AOI21_X1)
                                         issue_stage_i.i_scoreboard/_03730_ (net)
                  0.02    0.00    3.17 v issue_stage_i.i_scoreboard/_34477_/A2 (NOR2_X2)
     2    5.43    0.02    0.04    3.21 ^ issue_stage_i.i_scoreboard/_34477_/ZN (NOR2_X2)
                                         issue_stage_i.i_scoreboard/_03731_ (net)
                  0.02    0.00    3.21 ^ issue_stage_i.i_scoreboard/_34478_/A (INV_X1)
     3    6.18    0.01    0.02    3.23 v issue_stage_i.i_scoreboard/_34478_/ZN (INV_X1)
                                         issue_stage_i.i_scoreboard/mem_n[1020] (net)
                  0.01    0.00    3.23 v issue_stage_i.i_scoreboard/_34640_/B (MUX2_X1)
     1    3.26    0.01    0.06    3.29 v issue_stage_i.i_scoreboard/_34640_/Z (MUX2_X1)
                                         issue_stage_i.i_scoreboard/_03868_ (net)
                  0.01    0.00    3.29 v issue_stage_i.i_scoreboard/_34649_/B1 (AOI222_X2)
     3   10.55    0.07    0.11    3.40 ^ issue_stage_i.i_scoreboard/_34649_/ZN (AOI222_X2)
                                         issue_stage_i.i_scoreboard/_03877_ (net)
                  0.07    0.00    3.40 ^ issue_stage_i.i_scoreboard/_34680_/B (OAI211_X2)
     2    4.56    0.02    0.04    3.44 v issue_stage_i.i_scoreboard/_34680_/ZN (OAI211_X2)
                                         issue_stage_i.i_scoreboard/_03907_ (net)
                  0.02    0.00    3.44 v issue_stage_i.i_scoreboard/_34691_/B1 (OAI221_X2)
     1   13.57    0.06    0.08    3.51 ^ issue_stage_i.i_scoreboard/_34691_/ZN (OAI221_X2)
                                         issue_stage_i.i_scoreboard/_03918_ (net)
                  0.06    0.00    3.52 ^ issue_stage_i.i_scoreboard/place34623/A (BUF_X8)
     6   22.66    0.01    0.03    3.55 ^ issue_stage_i.i_scoreboard/place34623/Z (BUF_X8)
                                         issue_stage_i.i_scoreboard/net34622 (net)
                  0.01    0.00    3.55 ^ issue_stage_i.i_scoreboard/_34693_/A2 (AND2_X4)
     6   37.28    0.02    0.04    3.59 ^ issue_stage_i.i_scoreboard/_34693_/ZN (AND2_X4)
                                         issue_stage_i.i_scoreboard/_03920_ (net)
                  0.02    0.01    3.60 ^ issue_stage_i.i_scoreboard/place34570/A (BUF_X2)
     4   10.13    0.01    0.03    3.64 ^ issue_stage_i.i_scoreboard/place34570/Z (BUF_X2)
                                         issue_stage_i.i_scoreboard/net34569 (net)
                  0.01    0.00    3.64 ^ issue_stage_i.i_scoreboard/place34568/A (BUF_X1)
     7   12.34    0.03    0.05    3.69 ^ issue_stage_i.i_scoreboard/place34568/Z (BUF_X1)
                                         issue_stage_i.i_scoreboard/net34567 (net)
                  0.03    0.00    3.69 ^ issue_stage_i.i_scoreboard/_34936_/B1 (AOI21_X1)
     1    1.86    0.02    0.02    3.70 v issue_stage_i.i_scoreboard/_34936_/ZN (AOI21_X1)
                                         issue_stage_i.i_scoreboard/_04158_ (net)
                  0.02    0.00    3.70 v issue_stage_i.i_scoreboard/_34939_/B2 (AOI221_X1)
     1    1.55    0.04    0.08    3.79 ^ issue_stage_i.i_scoreboard/_34939_/ZN (AOI221_X1)
                                         issue_stage_i.i_scoreboard/mem_n[2733] (net)
                  0.04    0.00    3.79 ^ issue_stage_i.i_scoreboard/mem_q[2733]$_DFF_PN0_/D (DFFR_X1)
                                  3.79   data arrival time

                  0.00    2.22    2.22   clock core_clock (rise edge)
                          0.00    2.22   clock network delay (ideal)
                          0.00    2.22   clock reconvergence pessimism
                                  2.22 ^ issue_stage_i.i_scoreboard/mem_q[2733]$_DFF_PN0_/CK (DFFR_X1)
                         -0.04    2.18   library setup time
                                  2.18   data required time
-----------------------------------------------------------------------------
                                  2.18   data required time
                                 -3.79   data arrival time
-----------------------------------------------------------------------------
                                 -1.61   slack (VIOLATED)



==========================================================================
detailed place report_checks -unconstrained
--------------------------------------------------------------------------
Startpoint: issue_stage_i.i_scoreboard/commit_pointer_q[1]$_DFF_PN0_
            (rising edge-triggered flip-flop clocked by core_clock)
Endpoint: issue_stage_i.i_scoreboard/mem_q[2733]$_DFF_PN0_
          (rising edge-triggered flip-flop clocked by core_clock)
Path Group: core_clock
Path Type: max

Fanout     Cap    Slew   Delay    Time   Description
-----------------------------------------------------------------------------
                  0.00    0.00    0.00   clock core_clock (rise edge)
                          0.00    0.00   clock network delay (ideal)
                  0.00    0.00    0.00 ^ issue_stage_i.i_scoreboard/commit_pointer_q[1]$_DFF_PN0_/CK (DFFR_X1)
     3    8.24    0.02    0.11    0.11 ^ issue_stage_i.i_scoreboard/commit_pointer_q[1]$_DFF_PN0_/Q (DFFR_X1)
                                         issue_stage_i.i_scoreboard/commit_pointer_q[1] (net)
                  0.02    0.00    0.11 ^ issue_stage_i.i_scoreboard/_59744_/A (HA_X1)
     2    7.17    0.02    0.05    0.16 ^ issue_stage_i.i_scoreboard/_59744_/CO (HA_X1)
                                         issue_stage_i.i_scoreboard/_00110_ (net)
                  0.02    0.00    0.16 ^ issue_stage_i.i_scoreboard/_33259_/A2 (AND2_X4)
     3   12.07    0.01    0.04    0.20 ^ issue_stage_i.i_scoreboard/_33259_/ZN (AND2_X4)
                                         issue_stage_i.i_scoreboard/_02605_ (net)
                  0.01    0.00    0.20 ^ issue_stage_i.i_scoreboard/_51694_/A3 (NOR3_X1)
     1    1.95    0.01    0.01    0.21 v issue_stage_i.i_scoreboard/_51694_/ZN (NOR3_X1)
                                         issue_stage_i.i_scoreboard/_18731_ (net)
                  0.01    0.00    0.21 v issue_stage_i.i_scoreboard/_51697_/A (AOI221_X1)
     1    2.22    0.05    0.07    0.29 ^ issue_stage_i.i_scoreboard/_51697_/ZN (AOI221_X1)
                                         issue_stage_i.i_scoreboard/_18734_ (net)
                  0.05    0.00    0.29 ^ issue_stage_i.i_scoreboard/_51698_/A3 (NOR3_X1)
     1    4.82    0.02    0.02    0.31 v issue_stage_i.i_scoreboard/_51698_/ZN (NOR3_X1)
                                         issue_stage_i.i_scoreboard/_18735_ (net)
                  0.02    0.00    0.31 v issue_stage_i.i_scoreboard/_51699_/A (AOI21_X1)
     1    6.92    0.04    0.07    0.38 ^ issue_stage_i.i_scoreboard/_51699_/ZN (AOI21_X1)
                                         issue_stage_i.i_scoreboard/_18736_ (net)
                  0.04    0.00    0.38 ^ issue_stage_i.i_scoreboard/_51700_/B1 (OAI21_X1)
     1    1.31    0.01    0.02    0.40 v issue_stage_i.i_scoreboard/_51700_/ZN (OAI21_X1)
                                         issue_stage_i.i_scoreboard/_18737_ (net)
                  0.01    0.00    0.40 v issue_stage_i.i_scoreboard/_51701_/B (MUX2_X1)
     1    1.11    0.01    0.06    0.46 v issue_stage_i.i_scoreboard/_51701_/Z (MUX2_X1)
                                         issue_stage_i.i_scoreboard/_18738_ (net)
                  0.01    0.00    0.46 v issue_stage_i.i_scoreboard/_51702_/B (MUX2_X1)
     1    1.68    0.01    0.06    0.52 v issue_stage_i.i_scoreboard/_51702_/Z (MUX2_X1)
                                         issue_stage_i.i_scoreboard/_18739_ (net)
                  0.01    0.00    0.52 v issue_stage_i.i_scoreboard/_51703_/B (MUX2_X1)
     2    4.52    0.01    0.07    0.58 v issue_stage_i.i_scoreboard/_51703_/Z (MUX2_X1)
                                         commit_instr_id_commit[294] (net)
                  0.01    0.00    0.58 v _05366_/A1 (NOR2_X1)
     1   12.26    0.06    0.08    0.66 ^ _05366_/ZN (NOR2_X1)
                                         _00591_ (net)
                  0.06    0.00    0.66 ^ place44023/A (BUF_X4)
     2    8.72    0.01    0.03    0.69 ^ place44023/Z (BUF_X4)
                                         net44022 (net)
                  0.01    0.00    0.69 ^ _05829_/A2 (NAND2_X1)
     2    3.85    0.02    0.02    0.71 v _05829_/ZN (NAND2_X1)
                                         _00922_ (net)
                  0.02    0.00    0.71 v _05830_/A2 (NOR2_X1)
     1    6.95    0.04    0.06    0.77 ^ _05830_/ZN (NOR2_X1)
                                         _00923_ (net)
                  0.04    0.00    0.77 ^ place43567/A (BUF_X4)
     1   12.56    0.01    0.03    0.80 ^ place43567/Z (BUF_X4)
                                         net43566 (net)
                  0.01    0.00    0.80 ^ _05831_/A1 (NAND2_X4)
     6   24.68    0.01    0.02    0.82 v _05831_/ZN (NAND2_X4)
                                         _00924_ (net)
                  0.01    0.00    0.83 v _05832_/A (INV_X2)
     3    5.92    0.01    0.02    0.85 ^ _05832_/ZN (INV_X2)
                                         _00925_ (net)
                  0.01    0.00    0.85 ^ _06073_/A2 (AND2_X4)
     2    5.90    0.01    0.03    0.88 ^ _06073_/ZN (AND2_X4)
                                         commit_stage_i.csr_op_o[5] (net)
                  0.01    0.00    0.88 ^ csr_regfile_i/_07758_/A (INV_X2)
     2    7.24    0.01    0.01    0.89 v csr_regfile_i/_07758_/ZN (INV_X2)
                                         csr_regfile_i/_02546_ (net)
                  0.01    0.00    0.89 v csr_regfile_i/_07762_/A3 (NOR3_X4)
     2    9.00    0.03    0.05    0.94 ^ csr_regfile_i/_07762_/ZN (NOR3_X4)
                                         csr_regfile_i/_02550_ (net)
                  0.03    0.00    0.94 ^ csr_regfile_i/_07768_/A (AOI21_X4)
     2    8.39    0.01    0.02    0.96 v csr_regfile_i/_07768_/ZN (AOI21_X4)
                                         csr_regfile_i/_02556_ (net)
                  0.01    0.00    0.96 v csr_regfile_i/_07769_/A1 (NOR2_X4)
     2   19.34    0.03    0.04    1.00 ^ csr_regfile_i/_07769_/ZN (NOR2_X4)
                                         csr_regfile_i/_02557_ (net)
                  0.03    0.01    1.00 ^ csr_regfile_i/_07883_/A1 (NAND4_X4)
     2    4.47    0.02    0.03    1.03 v csr_regfile_i/_07883_/ZN (NAND4_X4)
                                         csr_regfile_i/_02671_ (net)
                  0.02    0.00    1.03 v csr_regfile_i/_07956_/A1 (AND4_X4)
     2   23.54    0.01    0.04    1.07 v csr_regfile_i/_07956_/ZN (AND4_X4)
                                         csr_regfile_i/_02744_ (net)
                  0.01    0.01    1.08 v csr_regfile_i/_07991_/A2 (NOR2_X4)
     4   13.75    0.02    0.04    1.12 ^ csr_regfile_i/_07991_/ZN (NOR2_X4)
                                         csr_regfile_i/_02778_ (net)
                  0.02    0.00    1.12 ^ csr_regfile_i/_08013_/A2 (OR2_X4)
     2   19.67    0.01    0.03    1.15 ^ csr_regfile_i/_08013_/ZN (OR2_X4)
                                         commit_stage_i.csr_exception_i[0] (net)
                  0.01    0.00    1.16 ^ _05368_/A1 (NAND3_X4)
     5   18.18    0.02    0.03    1.19 v _05368_/ZN (NAND3_X4)
                                         _00593_ (net)
                  0.02    0.00    1.19 v place40937/A (BUF_X4)
    11   22.82    0.01    0.04    1.22 v place40937/Z (BUF_X4)
                                         net40936 (net)
                  0.01    0.00    1.23 v _05477_/A3 (NAND3_X1)
     1    2.73    0.02    0.02    1.25 ^ _05477_/ZN (NAND3_X1)
                                         _00685_ (net)
                  0.02    0.00    1.25 ^ _05478_/B2 (AOI21_X1)
     1    1.84    0.01    0.02    1.27 v _05478_/ZN (AOI21_X1)
                                         _00686_ (net)
                  0.01    0.00    1.27 v _05479_/A (AOI21_X1)
     1    4.54    0.03    0.05    1.32 ^ _05479_/ZN (AOI21_X1)
                                         _00687_ (net)
                  0.03    0.00    1.32 ^ _05480_/A2 (NOR2_X1)
     2    5.32    0.02    0.02    1.34 v _05480_/ZN (NOR2_X1)
                                         commit_stage_i.exception_o[114] (net)
                  0.02    0.00    1.34 v csr_regfile_i/_08853_/A4 (NOR4_X1)
     1    7.42    0.09    0.14    1.49 ^ csr_regfile_i/_08853_/ZN (NOR4_X1)
                                         csr_regfile_i/_03616_ (net)
                  0.09    0.00    1.49 ^ csr_regfile_i/_08856_/A1 (NAND4_X1)
     2    3.48    0.04    0.05    1.54 v csr_regfile_i/_08856_/ZN (NAND4_X1)
                                         csr_regfile_i/_03619_ (net)
                  0.04    0.00    1.54 v csr_regfile_i/_09159_/A3 (NOR3_X1)
     1    2.16    0.03    0.06    1.60 ^ csr_regfile_i/_09159_/ZN (NOR3_X1)
                                         csr_regfile_i/_03901_ (net)
                  0.03    0.00    1.60 ^ csr_regfile_i/_09160_/A3 (NAND3_X1)
     1   14.65    0.04    0.06    1.66 v csr_regfile_i/_09160_/ZN (NAND3_X1)
                                         csr_regfile_i/_03902_ (net)
                  0.04    0.00    1.67 v csr_regfile_i/place37950/A (BUF_X4)
     2    7.48    0.01    0.04    1.71 v csr_regfile_i/place37950/Z (BUF_X4)
                                         csr_regfile_i/net37949 (net)
                  0.01    0.00    1.71 v csr_regfile_i/_13887_/B1 (OAI21_X4)
     2   13.96    0.03    0.03    1.74 ^ csr_regfile_i/_13887_/ZN (OAI21_X4)
                                         controller_i.set_debug_pc_i (net)
                  0.03    0.00    1.74 ^ _05388_/A1 (NOR3_X4)
     1    6.70    0.01    0.01    1.75 v _05388_/ZN (NOR3_X4)
                                         _00612_ (net)
                  0.01    0.00    1.75 v _05389_/A1 (NAND2_X4)
     3   38.71    0.02    0.03    1.78 ^ _05389_/ZN (NAND2_X4)
                                         controller_i.flush_ex_o (net)
                  0.03    0.02    1.80 ^ ex_stage_i/place36955/A (BUF_X8)
     2   49.34    0.01    0.03    1.83 ^ ex_stage_i/place36955/Z (BUF_X8)
                                         ex_stage_i/net36954 (net)
                  0.03    0.02    1.86 ^ ex_stage_i/_24918_/A (INV_X16)
     3    8.77    0.01    0.01    1.86 v ex_stage_i/_24918_/ZN (INV_X16)
                                         ex_stage_i/_06613_ (net)
                  0.01    0.00    1.86 v ex_stage_i/_27495_/B1 (AOI21_X4)
     2    8.85    0.03    0.03    1.89 ^ ex_stage_i/_27495_/ZN (AOI21_X4)
                                         ex_stage_i/_08770_ (net)
                  0.03    0.00    1.89 ^ ex_stage_i/_27496_/A1 (NOR2_X4)
     4   46.39    0.02    0.02    1.91 v ex_stage_i/_27496_/ZN (NOR2_X4)
                                         ex_stage_i/_08771_ (net)
                  0.04    0.03    1.94 v ex_stage_i/_27498_/S (MUX2_X2)
     9   27.87    0.03    0.10    2.04 ^ ex_stage_i/_27498_/Z (MUX2_X2)
                                         flu_trans_id_ex_id[1] (net)
                  0.03    0.00    2.04 ^ issue_stage_i.i_scoreboard/place36506/A (BUF_X2)
     6   20.75    0.03    0.05    2.09 ^ issue_stage_i.i_scoreboard/place36506/Z (BUF_X2)
                                         issue_stage_i.i_scoreboard/net36505 (net)
                  0.03    0.00    2.09 ^ issue_stage_i.i_scoreboard/_33066_/A (INV_X1)
     3    8.45    0.01    0.02    2.12 v issue_stage_i.i_scoreboard/_33066_/ZN (INV_X1)
                                         issue_stage_i.i_scoreboard/_02414_ (net)
                  0.01    0.00    2.12 v issue_stage_i.i_scoreboard/place36366/A (BUF_X4)
     1    5.67    0.01    0.03    2.14 v issue_stage_i.i_scoreboard/place36366/Z (BUF_X4)
                                         issue_stage_i.i_scoreboard/net36365 (net)
                  0.01    0.00    2.14 v issue_stage_i.i_scoreboard/_48242_/A2 (NOR3_X4)
     1    6.96    0.03    0.05    2.19 ^ issue_stage_i.i_scoreboard/_48242_/ZN (NOR3_X4)
                                         issue_stage_i.i_scoreboard/_15485_ (net)
                  0.03    0.00    2.19 ^ issue_stage_i.i_scoreboard/_48250_/A1 (NOR4_X4)
     3    7.23    0.01    0.01    2.20 v issue_stage_i.i_scoreboard/_48250_/ZN (NOR4_X4)
                                         issue_stage_i.i_scoreboard/_15493_ (net)
                  0.01    0.00    2.20 v issue_stage_i.i_scoreboard/_48288_/A (XNOR2_X2)
     1    3.05    0.02    0.04    2.24 v issue_stage_i.i_scoreboard/_48288_/ZN (XNOR2_X2)
                                         issue_stage_i.i_scoreboard/_15531_ (net)
                  0.02    0.00    2.24 v issue_stage_i.i_scoreboard/_48290_/A2 (OR4_X4)
     2    5.72    0.02    0.09    2.33 v issue_stage_i.i_scoreboard/_48290_/ZN (OR4_X4)
                                         issue_stage_i.i_scoreboard/_15533_ (net)
                  0.02    0.00    2.33 v issue_stage_i.i_scoreboard/_48377_/A4 (OR4_X4)
     2    8.58    0.02    0.11    2.45 v issue_stage_i.i_scoreboard/_48377_/ZN (OR4_X4)
                                         issue_stage_i.i_scoreboard/_15619_ (net)
                  0.02    0.00    2.45 v issue_stage_i.i_scoreboard/_48378_/B3 (OAI33_X1)
     1    7.78    0.10    0.13    2.58 ^ issue_stage_i.i_scoreboard/_48378_/ZN (OAI33_X1)
                                         issue_stage_i.i_scoreboard/_15620_ (net)
                  0.10    0.00    2.58 ^ issue_stage_i.i_scoreboard/place35995/A (BUF_X2)
     1    5.43    0.01    0.04    2.62 ^ issue_stage_i.i_scoreboard/place35995/Z (BUF_X2)
                                         issue_stage_i.i_scoreboard/net35994 (net)
                  0.01    0.00    2.62 ^ issue_stage_i.i_scoreboard/_48379_/A1 (NAND4_X2)
     2    7.31    0.04    0.03    2.65 v issue_stage_i.i_scoreboard/_48379_/ZN (NAND4_X2)
                                         issue_stage_i.i_scoreboard/_15621_ (net)
                  0.04    0.00    2.65 v issue_stage_i.i_scoreboard/_48381_/B2 (AOI21_X4)
     2    8.55    0.03    0.05    2.70 ^ issue_stage_i.i_scoreboard/_48381_/ZN (AOI21_X4)
                                         issue_stage_i.i_scoreboard/_15623_ (net)
                  0.03    0.00    2.70 ^ issue_stage_i.i_scoreboard/_50913_/A2 (NOR2_X4)
     1    6.41    0.16    0.01    2.71 v issue_stage_i.i_scoreboard/_50913_/ZN (NOR2_X4)
                                         issue_stage_i.i_scoreboard/_18019_ (net)
                  0.16    0.00    2.71 v issue_stage_i.i_scoreboard/_50914_/B1 (AOI22_X4)
     2   11.14    0.04    0.09    2.80 ^ issue_stage_i.i_scoreboard/_50914_/ZN (AOI22_X4)
                                         issue_stage_i.rs1_valid_sb_iro (net)
                  0.04    0.00    2.80 ^ issue_stage_i.i_issue_read_operands/_15244_/A (INV_X4)
     2    7.23    0.01    0.01    2.81 v issue_stage_i.i_issue_read_operands/_15244_/ZN (INV_X4)
                                         issue_stage_i.i_issue_read_operands/_11708_ (net)
                  0.01    0.00    2.81 v issue_stage_i.i_issue_read_operands/_15295_/A1 (NOR2_X4)
     1    6.78    0.02    0.02    2.84 ^ issue_stage_i.i_issue_read_operands/_15295_/ZN (NOR2_X4)
                                         issue_stage_i.i_issue_read_operands/_11759_ (net)
                  0.02    0.00    2.84 ^ issue_stage_i.i_issue_read_operands/_15409_/B2 (AOI22_X4)
     1    3.71    0.01    0.02    2.86 v issue_stage_i.i_issue_read_operands/_15409_/ZN (AOI22_X4)
                                         issue_stage_i.i_issue_read_operands/_11873_ (net)
                  0.01    0.00    2.86 v issue_stage_i.i_issue_read_operands/_15681_/A (OAI221_X2)
     2    4.68    0.04    0.03    2.88 ^ issue_stage_i.i_issue_read_operands/_15681_/ZN (OAI221_X2)
                                         issue_stage_i.i_issue_read_operands/_12145_ (net)
                  0.04    0.00    2.88 ^ issue_stage_i.i_issue_read_operands/_15687_/B2 (OAI221_X2)
     2    7.40    0.03    0.05    2.93 v issue_stage_i.i_issue_read_operands/_15687_/ZN (OAI221_X2)
                                         issue_stage_i.i_issue_read_operands/_12151_ (net)
                  0.03    0.00    2.93 v issue_stage_i.i_issue_read_operands/_15689_/A1 (NOR2_X4)
     2   18.95    0.03    0.05    2.98 ^ issue_stage_i.i_issue_read_operands/_15689_/ZN (NOR2_X4)
                                         issue_stage_i.issue_ack_iro_sb (net)
                  0.03    0.01    2.98 ^ issue_stage_i.i_scoreboard/_33060_/A1 (AND2_X4)
     7   26.94    0.02    0.05    3.03 ^ issue_stage_i.i_scoreboard/_33060_/ZN (AND2_X4)
                                         issue_stage_i.i_scoreboard/_02408_ (net)
                  0.02    0.01    3.03 ^ issue_stage_i.i_scoreboard/place35660/A (BUF_X2)
     2    7.94    0.01    0.03    3.07 ^ issue_stage_i.i_scoreboard/place35660/Z (BUF_X2)
                                         issue_stage_i.i_scoreboard/net35659 (net)
                  0.01    0.00    3.07 ^ issue_stage_i.i_scoreboard/_33174_/A4 (AND4_X4)
     9   36.30    0.03    0.07    3.14 ^ issue_stage_i.i_scoreboard/_33174_/ZN (AND4_X4)
                                         issue_stage_i.i_scoreboard/_02522_ (net)
                  0.03    0.00    3.14 ^ issue_stage_i.i_scoreboard/_34476_/B2 (AOI21_X1)
     2    4.61    0.02    0.03    3.17 v issue_stage_i.i_scoreboard/_34476_/ZN (AOI21_X1)
                                         issue_stage_i.i_scoreboard/_03730_ (net)
                  0.02    0.00    3.17 v issue_stage_i.i_scoreboard/_34477_/A2 (NOR2_X2)
     2    5.43    0.02    0.04    3.21 ^ issue_stage_i.i_scoreboard/_34477_/ZN (NOR2_X2)
                                         issue_stage_i.i_scoreboard/_03731_ (net)
                  0.02    0.00    3.21 ^ issue_stage_i.i_scoreboard/_34478_/A (INV_X1)
     3    6.18    0.01    0.02    3.23 v issue_stage_i.i_scoreboard/_34478_/ZN (INV_X1)
                                         issue_stage_i.i_scoreboard/mem_n[1020] (net)
                  0.01    0.00    3.23 v issue_stage_i.i_scoreboard/_34640_/B (MUX2_X1)
     1    3.26    0.01    0.06    3.29 v issue_stage_i.i_scoreboard/_34640_/Z (MUX2_X1)
                                         issue_stage_i.i_scoreboard/_03868_ (net)
                  0.01    0.00    3.29 v issue_stage_i.i_scoreboard/_34649_/B1 (AOI222_X2)
     3   10.55    0.07    0.11    3.40 ^ issue_stage_i.i_scoreboard/_34649_/ZN (AOI222_X2)
                                         issue_stage_i.i_scoreboard/_03877_ (net)
                  0.07    0.00    3.40 ^ issue_stage_i.i_scoreboard/_34680_/B (OAI211_X2)
     2    4.56    0.02    0.04    3.44 v issue_stage_i.i_scoreboard/_34680_/ZN (OAI211_X2)
                                         issue_stage_i.i_scoreboard/_03907_ (net)
                  0.02    0.00    3.44 v issue_stage_i.i_scoreboard/_34691_/B1 (OAI221_X2)
     1   13.57    0.06    0.08    3.51 ^ issue_stage_i.i_scoreboard/_34691_/ZN (OAI221_X2)
                                         issue_stage_i.i_scoreboard/_03918_ (net)
                  0.06    0.00    3.52 ^ issue_stage_i.i_scoreboard/place34623/A (BUF_X8)
     6   22.66    0.01    0.03    3.55 ^ issue_stage_i.i_scoreboard/place34623/Z (BUF_X8)
                                         issue_stage_i.i_scoreboard/net34622 (net)
                  0.01    0.00    3.55 ^ issue_stage_i.i_scoreboard/_34693_/A2 (AND2_X4)
     6   37.28    0.02    0.04    3.59 ^ issue_stage_i.i_scoreboard/_34693_/ZN (AND2_X4)
                                         issue_stage_i.i_scoreboard/_03920_ (net)
                  0.02    0.01    3.60 ^ issue_stage_i.i_scoreboard/place34570/A (BUF_X2)
     4   10.13    0.01    0.03    3.64 ^ issue_stage_i.i_scoreboard/place34570/Z (BUF_X2)
                                         issue_stage_i.i_scoreboard/net34569 (net)
                  0.01    0.00    3.64 ^ issue_stage_i.i_scoreboard/place34568/A (BUF_X1)
     7   12.34    0.03    0.05    3.69 ^ issue_stage_i.i_scoreboard/place34568/Z (BUF_X1)
                                         issue_stage_i.i_scoreboard/net34567 (net)
                  0.03    0.00    3.69 ^ issue_stage_i.i_scoreboard/_34936_/B1 (AOI21_X1)
     1    1.86    0.02    0.02    3.70 v issue_stage_i.i_scoreboard/_34936_/ZN (AOI21_X1)
                                         issue_stage_i.i_scoreboard/_04158_ (net)
                  0.02    0.00    3.70 v issue_stage_i.i_scoreboard/_34939_/B2 (AOI221_X1)
     1    1.55    0.04    0.08    3.79 ^ issue_stage_i.i_scoreboard/_34939_/ZN (AOI221_X1)
                                         issue_stage_i.i_scoreboard/mem_n[2733] (net)
                  0.04    0.00    3.79 ^ issue_stage_i.i_scoreboard/mem_q[2733]$_DFF_PN0_/D (DFFR_X1)
                                  3.79   data arrival time

                  0.00    2.22    2.22   clock core_clock (rise edge)
                          0.00    2.22   clock network delay (ideal)
                          0.00    2.22   clock reconvergence pessimism
                                  2.22 ^ issue_stage_i.i_scoreboard/mem_q[2733]$_DFF_PN0_/CK (DFFR_X1)
                         -0.04    2.18   library setup time
                                  2.18   data required time
-----------------------------------------------------------------------------
                                  2.18   data required time
                                 -3.79   data arrival time
-----------------------------------------------------------------------------
                                 -1.61   slack (VIOLATED)



==========================================================================
detailed place report_check_types -max_slew -max_cap -max_fanout -violators
--------------------------------------------------------------------------
max slew

Pin                                    Limit    Slew   Slack
------------------------------------------------------------
i_cache_subsystem.i_nbdcache/i_miss_handler/_17229_/ZN    0.20    4.91   -4.71 (VIOLATED)
i_cache_subsystem.i_nbdcache/i_miss_handler/_17216_/ZN    0.20    2.14   -1.94 (VIOLATED)
i_cache_subsystem.i_nbdcache/i_miss_handler/_17218_/ZN    0.20    2.08   -1.88 (VIOLATED)
issue_stage_i.i_scoreboard/_33185_/ZN    0.20    1.93   -1.73 (VIOLATED)
issue_stage_i.i_scoreboard/_33363_/ZN    0.20    1.81   -1.61 (VIOLATED)
issue_stage_i.i_scoreboard/_48368_/ZN    0.20    1.07   -0.88 (VIOLATED)
i_cache_subsystem.i_nbdcache/i_miss_handler/_17199_/ZN    0.20    1.03   -0.83 (VIOLATED)
i_cache_subsystem.i_nbdcache/i_miss_handler/_17195_/ZN    0.20    1.02   -0.82 (VIOLATED)
i_cache_subsystem.i_nbdcache/i_miss_handler/_17196_/ZN    0.20    1.00   -0.80 (VIOLATED)
i_cache_subsystem.i_nbdcache/i_miss_handler/_17202_/ZN    0.20    0.99   -0.79 (VIOLATED)
i_cache_subsystem.i_nbdcache/i_miss_handler/_18939_/ZN    0.20    0.93   -0.73 (VIOLATED)
i_cache_subsystem.i_nbdcache/i_miss_handler/_17187_/ZN    0.20    0.88   -0.68 (VIOLATED)
i_cache_subsystem.i_nbdcache/i_miss_handler/_17220_/ZN    0.20    0.85   -0.65 (VIOLATED)
issue_stage_i.i_scoreboard/_40359_/ZN    0.20    0.83   -0.63 (VIOLATED)
issue_stage_i.i_scoreboard/_37274_/ZN    0.20    0.77   -0.58 (VIOLATED)
issue_stage_i.i_scoreboard/_33394_/ZN    0.20    0.77   -0.58 (VIOLATED)
issue_stage_i.i_scoreboard/_38847_/ZN    0.20    0.76   -0.56 (VIOLATED)
issue_stage_i.i_scoreboard/_41836_/ZN    0.20    0.73   -0.53 (VIOLATED)
issue_stage_i.i_scoreboard/_44976_/ZN    0.20    0.72   -0.52 (VIOLATED)
i_cache_subsystem.i_nbdcache/i_miss_handler/_20415_/ZN    0.20    0.69   -0.49 (VIOLATED)
i_cache_subsystem.i_nbdcache/i_miss_handler/_19062_/ZN    0.20    0.69   -0.49 (VIOLATED)
i_cache_subsystem.i_nbdcache/i_miss_handler/_22551_/ZN    0.20    0.69   -0.49 (VIOLATED)
i_cache_subsystem.i_nbdcache/i_miss_handler/_18998_/ZN    0.20    0.68   -0.49 (VIOLATED)
i_cache_subsystem.i_nbdcache/i_miss_handler/_20537_/ZN    0.20    0.68   -0.48 (VIOLATED)
i_cache_subsystem.i_nbdcache/i_miss_handler/_18181_/ZN    0.20    0.68   -0.48 (VIOLATED)
i_cache_subsystem.i_nbdcache/i_miss_handler/_17556_/ZN    0.20    0.68   -0.48 (VIOLATED)
i_cache_subsystem.i_nbdcache/i_miss_handler/_17798_/ZN    0.20    0.68   -0.48 (VIOLATED)
i_cache_subsystem.i_nbdcache/i_miss_handler/_18937_/ZN    0.20    0.67   -0.48 (VIOLATED)
i_cache_subsystem.i_nbdcache/i_miss_handler/_21033_/ZN    0.20    0.67   -0.47 (VIOLATED)
i_cache_subsystem.i_nbdcache/i_miss_handler/_18671_/ZN    0.20    0.62   -0.42 (VIOLATED)
i_cache_subsystem.i_nbdcache/i_miss_handler/_20482_/ZN    0.20    0.60   -0.41 (VIOLATED)
i_cache_subsystem.i_nbdcache/i_miss_handler/_22479_/ZN    0.20    0.60   -0.40 (VIOLATED)
i_cache_subsystem.i_nbdcache/i_miss_handler/_17931_/ZN    0.20    0.60   -0.40 (VIOLATED)
i_cache_subsystem.i_nbdcache/i_miss_handler/_18835_/ZN    0.20    0.60   -0.40 (VIOLATED)
i_cache_subsystem.i_nbdcache/i_miss_handler/_19384_/ZN    0.20    0.59   -0.40 (VIOLATED)
i_cache_subsystem.i_nbdcache/i_miss_handler/_22593_/ZN    0.20    0.59   -0.40 (VIOLATED)
i_cache_subsystem.i_nbdcache/i_miss_handler/_18579_/ZN    0.20    0.59   -0.40 (VIOLATED)
i_cache_subsystem.i_nbdcache/i_miss_handler/_21032_/ZN    0.20    0.59   -0.40 (VIOLATED)
i_cache_subsystem.i_nbdcache/i_miss_handler/_19883_/ZN    0.20    0.59   -0.39 (VIOLATED)
i_cache_subsystem.i_nbdcache/i_miss_handler/_19309_/ZN    0.20    0.59   -0.39 (VIOLATED)
i_cache_subsystem.i_nbdcache/i_miss_handler/_19110_/ZN    0.20    0.59   -0.39 (VIOLATED)
i_cache_subsystem.i_nbdcache/i_miss_handler/_20555_/ZN    0.20    0.59   -0.39 (VIOLATED)
i_cache_subsystem.i_nbdcache/i_miss_handler/_18864_/ZN    0.20    0.59   -0.39 (VIOLATED)
i_cache_subsystem.i_nbdcache/i_miss_handler/_18624_/ZN    0.20    0.59   -0.39 (VIOLATED)
i_cache_subsystem.i_nbdcache/i_miss_handler/_22366_/ZN    0.20    0.59   -0.39 (VIOLATED)
i_cache_subsystem.i_nbdcache/i_miss_handler/_18979_/ZN    0.20    0.59   -0.39 (VIOLATED)
i_cache_subsystem.i_nbdcache/i_miss_handler/_21112_/ZN    0.20    0.59   -0.39 (VIOLATED)
i_cache_subsystem.i_nbdcache/i_miss_handler/_19582_/ZN    0.20    0.59   -0.39 (VIOLATED)
i_cache_subsystem.i_nbdcache/i_miss_handler/_18055_/ZN    0.20    0.59   -0.39 (VIOLATED)
i_cache_subsystem.i_nbdcache/i_miss_handler/_22504_/ZN    0.20    0.59   -0.39 (VIOLATED)
i_cache_subsystem.i_nbdcache/i_miss_handler/_17864_/ZN    0.20    0.59   -0.39 (VIOLATED)
i_cache_subsystem.i_nbdcache/i_miss_handler/_18036_/ZN    0.20    0.59   -0.39 (VIOLATED)
i_cache_subsystem.i_nbdcache/i_miss_handler/_19419_/ZN    0.20    0.59   -0.39 (VIOLATED)
i_cache_subsystem.i_nbdcache/i_miss_handler/_17817_/ZN    0.20    0.59   -0.39 (VIOLATED)
i_cache_subsystem.i_nbdcache/i_miss_handler/_18081_/ZN    0.20    0.59   -0.39 (VIOLATED)
i_cache_subsystem.i_nbdcache/i_miss_handler/_19196_/ZN    0.20    0.59   -0.39 (VIOLATED)
i_cache_subsystem.i_nbdcache/i_miss_handler/_20721_/ZN    0.20    0.59   -0.39 (VIOLATED)
i_cache_subsystem.i_nbdcache/i_miss_handler/_19901_/ZN    0.20    0.59   -0.39 (VIOLATED)
i_cache_subsystem.i_nbdcache/i_miss_handler/_20370_/ZN    0.20    0.59   -0.39 (VIOLATED)
i_cache_subsystem.i_nbdcache/i_miss_handler/_20501_/ZN    0.20    0.59   -0.39 (VIOLATED)
i_cache_subsystem.i_nbdcache/i_miss_handler/_20268_/ZN    0.20    0.59   -0.39 (VIOLATED)
i_cache_subsystem.i_nbdcache/i_miss_handler/_20653_/ZN    0.20    0.59   -0.39 (VIOLATED)
i_cache_subsystem.i_nbdcache/i_miss_handler/_20815_/ZN    0.20    0.59   -0.39 (VIOLATED)
i_cache_subsystem.i_nbdcache/i_miss_handler/_20961_/ZN    0.20    0.59   -0.39 (VIOLATED)
i_cache_subsystem.i_nbdcache/i_miss_handler/_18198_/ZN    0.20    0.59   -0.39 (VIOLATED)
i_cache_subsystem.i_nbdcache/i_miss_handler/_19041_/ZN    0.20    0.59   -0.39 (VIOLATED)
i_cache_subsystem.i_nbdcache/i_miss_handler/_20054_/ZN    0.20    0.59   -0.39 (VIOLATED)
i_cache_subsystem.i_nbdcache/i_miss_handler/_17840_/ZN    0.20    0.59   -0.39 (VIOLATED)
i_cache_subsystem.i_nbdcache/i_miss_handler/_20746_/ZN    0.20    0.59   -0.39 (VIOLATED)
i_cache_subsystem.i_nbdcache/i_miss_handler/_20170_/ZN    0.20    0.59   -0.39 (VIOLATED)
i_cache_subsystem.i_nbdcache/i_miss_handler/_17773_/ZN    0.20    0.59   -0.39 (VIOLATED)
i_cache_subsystem.i_nbdcache/i_miss_handler/_21158_/ZN    0.20    0.59   -0.39 (VIOLATED)
i_cache_subsystem.i_nbdcache/i_miss_handler/_18002_/ZN    0.20    0.59   -0.39 (VIOLATED)
i_cache_subsystem.i_nbdcache/i_miss_handler/_20414_/ZN    0.20    0.59   -0.39 (VIOLATED)
i_cache_subsystem.i_nbdcache/i_miss_handler/_19221_/ZN    0.20    0.59   -0.39 (VIOLATED)
i_cache_subsystem.i_nbdcache/i_miss_handler/_21300_/ZN    0.20    0.58   -0.39 (VIOLATED)
i_cache_subsystem.i_nbdcache/i_miss_handler/_17909_/ZN    0.20    0.58   -0.39 (VIOLATED)
i_cache_subsystem.i_nbdcache/i_miss_handler/_20241_/ZN    0.20    0.58   -0.39 (VIOLATED)
i_cache_subsystem.i_nbdcache/i_miss_handler/_19810_/ZN    0.20    0.58   -0.39 (VIOLATED)
i_cache_subsystem.i_nbdcache/i_miss_handler/_18155_/ZN    0.20    0.58   -0.39 (VIOLATED)
i_cache_subsystem.i_nbdcache/i_miss_handler/_17887_/ZN    0.20    0.58   -0.39 (VIOLATED)
i_cache_subsystem.i_nbdcache/i_miss_handler/_20152_/ZN    0.20    0.58   -0.38 (VIOLATED)
i_cache_subsystem.i_nbdcache/i_miss_handler/_22527_/ZN    0.20    0.58   -0.38 (VIOLATED)
i_cache_subsystem.i_nbdcache/i_miss_handler/_18935_/ZN    0.20    0.58   -0.38 (VIOLATED)
i_cache_subsystem.i_nbdcache/i_miss_handler/_19534_/ZN    0.20    0.58   -0.38 (VIOLATED)
i_cache_subsystem.i_nbdcache/i_miss_handler/_19131_/ZN    0.20    0.58   -0.38 (VIOLATED)
i_cache_subsystem.i_nbdcache/i_miss_handler/_17618_/ZN    0.20    0.58   -0.38 (VIOLATED)
i_cache_subsystem.i_nbdcache/i_miss_handler/_18560_/ZN    0.20    0.58   -0.38 (VIOLATED)
i_cache_subsystem.i_nbdcache/i_miss_handler/_18274_/ZN    0.20    0.58   -0.38 (VIOLATED)
i_cache_subsystem.i_nbdcache/i_miss_handler/_17954_/ZN    0.20    0.58   -0.38 (VIOLATED)
i_cache_subsystem.i_nbdcache/i_miss_handler/_17377_/ZN    0.20    0.58   -0.38 (VIOLATED)
i_cache_subsystem.i_nbdcache/i_miss_handler/_18324_/ZN    0.20    0.58   -0.38 (VIOLATED)
i_cache_subsystem.i_nbdcache/i_miss_handler/_18815_/ZN    0.20    0.58   -0.38 (VIOLATED)
i_cache_subsystem.i_nbdcache/i_miss_handler/_20314_/ZN    0.20    0.58   -0.38 (VIOLATED)
i_cache_subsystem.i_nbdcache/i_miss_handler/_17415_/ZN    0.20    0.58   -0.38 (VIOLATED)
i_cache_subsystem.i_nbdcache/i_miss_handler/_19612_/ZN    0.20    0.58   -0.38 (VIOLATED)
i_cache_subsystem.i_nbdcache/i_miss_handler/_18957_/ZN    0.20    0.58   -0.38 (VIOLATED)
i_cache_subsystem.i_nbdcache/i_miss_handler/_17351_/ZN    0.20    0.58   -0.38 (VIOLATED)
i_cache_subsystem.i_nbdcache/i_miss_handler/_22826_/ZN    0.20    0.58   -0.38 (VIOLATED)
i_cache_subsystem.i_nbdcache/i_miss_handler/_20438_/ZN    0.20    0.58   -0.38 (VIOLATED)
i_cache_subsystem.i_nbdcache/i_miss_handler/_21006_/ZN    0.20    0.58   -0.38 (VIOLATED)
i_cache_subsystem.i_nbdcache/i_miss_handler/_19855_/ZN    0.20    0.58   -0.38 (VIOLATED)
i_cache_subsystem.i_nbdcache/i_miss_handler/_22703_/ZN    0.20    0.58   -0.38 (VIOLATED)
i_cache_subsystem.i_nbdcache/i_miss_handler/_17981_/ZN    0.20    0.58   -0.38 (VIOLATED)
i_cache_subsystem.i_nbdcache/i_miss_handler/_20861_/ZN    0.20    0.58   -0.38 (VIOLATED)
i_cache_subsystem.i_nbdcache/i_miss_handler/_20790_/ZN    0.20    0.58   -0.38 (VIOLATED)
i_cache_subsystem.i_nbdcache/i_miss_handler/_20935_/ZN    0.20    0.58   -0.38 (VIOLATED)
i_cache_subsystem.i_nbdcache/i_miss_handler/_22809_/ZN    0.20    0.58   -0.38 (VIOLATED)
i_cache_subsystem.i_nbdcache/i_miss_handler/_20675_/ZN    0.20    0.58   -0.38 (VIOLATED)
i_cache_subsystem.i_nbdcache/i_miss_handler/_21232_/ZN    0.20    0.58   -0.38 (VIOLATED)
i_cache_subsystem.i_nbdcache/i_miss_handler/_19484_/ZN    0.20    0.58   -0.38 (VIOLATED)
i_cache_subsystem.i_nbdcache/i_miss_handler/_17528_/ZN    0.20    0.58   -0.38 (VIOLATED)
i_cache_subsystem.i_nbdcache/i_miss_handler/_17693_/ZN    0.20    0.58   -0.38 (VIOLATED)
i_cache_subsystem.i_nbdcache/i_miss_handler/_19565_/ZN    0.20    0.58   -0.38 (VIOLATED)
i_cache_subsystem.i_nbdcache/i_miss_handler/_20219_/ZN    0.20    0.58   -0.38 (VIOLATED)
i_cache_subsystem.i_nbdcache/i_miss_handler/_20463_/ZN    0.20    0.58   -0.38 (VIOLATED)
i_cache_subsystem.i_nbdcache/i_miss_handler/_20579_/ZN    0.20    0.58   -0.38 (VIOLATED)
i_cache_subsystem.i_nbdcache/i_miss_handler/_19513_/ZN    0.20    0.58   -0.38 (VIOLATED)
i_cache_subsystem.i_nbdcache/i_miss_handler/_22386_/ZN    0.20    0.58   -0.38 (VIOLATED)
i_cache_subsystem.i_nbdcache/i_miss_handler/_20606_/ZN    0.20    0.58   -0.38 (VIOLATED)
i_cache_subsystem.i_nbdcache/i_miss_handler/_18692_/ZN    0.20    0.58   -0.38 (VIOLATED)
i_cache_subsystem.i_nbdcache/i_miss_handler/_21206_/ZN    0.20    0.58   -0.38 (VIOLATED)
i_cache_subsystem.i_nbdcache/i_miss_handler/_21056_/ZN    0.20    0.58   -0.38 (VIOLATED)
i_cache_subsystem.i_nbdcache/i_miss_handler/_21137_/ZN    0.20    0.58   -0.38 (VIOLATED)
i_cache_subsystem.i_nbdcache/i_miss_handler/_17651_/ZN    0.20    0.58   -0.38 (VIOLATED)
i_cache_subsystem.i_nbdcache/i_miss_handler/_18643_/ZN    0.20    0.58   -0.38 (VIOLATED)
i_cache_subsystem.i_nbdcache/i_miss_handler/_22460_/ZN    0.20    0.58   -0.38 (VIOLATED)
i_cache_subsystem.i_nbdcache/i_miss_handler/_18785_/ZN    0.20    0.58   -0.38 (VIOLATED)
i_cache_subsystem.i_nbdcache/i_miss_handler/_18908_/ZN    0.20    0.58   -0.38 (VIOLATED)
i_cache_subsystem.i_nbdcache/i_miss_handler/_20981_/ZN    0.20    0.58   -0.38 (VIOLATED)
i_cache_subsystem.i_nbdcache/i_miss_handler/_22433_/ZN    0.20    0.58   -0.38 (VIOLATED)
i_cache_subsystem.i_nbdcache/i_miss_handler/_22638_/ZN    0.20    0.58   -0.38 (VIOLATED)
i_cache_subsystem.i_nbdcache/i_miss_handler/_19977_/ZN    0.20    0.58   -0.38 (VIOLATED)
i_cache_subsystem.i_nbdcache/i_miss_handler/_18596_/ZN    0.20    0.58   -0.38 (VIOLATED)
i_cache_subsystem.i_nbdcache/i_miss_handler/_19436_/ZN    0.20    0.58   -0.38 (VIOLATED)
i_cache_subsystem.i_nbdcache/i_miss_handler/_20840_/ZN    0.20    0.58   -0.38 (VIOLATED)
i_cache_subsystem.i_nbdcache/i_miss_handler/_20917_/ZN    0.20    0.58   -0.38 (VIOLATED)
i_cache_subsystem.i_nbdcache/i_miss_handler/_22614_/ZN    0.20    0.58   -0.38 (VIOLATED)
issue_stage_i.i_scoreboard/_46462_/ZN    0.20    0.58   -0.38 (VIOLATED)
i_cache_subsystem.i_nbdcache/i_miss_handler/_21251_/ZN    0.20    0.58   -0.38 (VIOLATED)
i_cache_subsystem.i_nbdcache/i_miss_handler/_17745_/ZN    0.20    0.58   -0.38 (VIOLATED)
i_cache_subsystem.i_nbdcache/i_miss_handler/_18130_/ZN    0.20    0.58   -0.38 (VIOLATED)
i_cache_subsystem.i_nbdcache/i_miss_handler/_19084_/ZN    0.20    0.58   -0.38 (VIOLATED)
i_cache_subsystem.i_nbdcache/i_miss_handler/_17396_/ZN    0.20    0.58   -0.38 (VIOLATED)
i_cache_subsystem.i_nbdcache/i_miss_handler/_19923_/ZN    0.20    0.58   -0.38 (VIOLATED)
i_cache_subsystem.i_nbdcache/i_miss_handler/_20339_/ZN    0.20    0.58   -0.38 (VIOLATED)
i_cache_subsystem.i_nbdcache/i_miss_handler/_20700_/ZN    0.20    0.58   -0.38 (VIOLATED)
i_cache_subsystem.i_nbdcache/i_miss_handler/_20889_/ZN    0.20    0.58   -0.38 (VIOLATED)
i_cache_subsystem.i_nbdcache/i_miss_handler/_22792_/ZN    0.20    0.58   -0.38 (VIOLATED)
i_cache_subsystem.i_nbdcache/i_miss_handler/_19289_/ZN    0.20    0.58   -0.38 (VIOLATED)
i_cache_subsystem.i_nbdcache/i_miss_handler/_19957_/ZN    0.20    0.58   -0.38 (VIOLATED)
i_cache_subsystem.i_nbdcache/i_miss_handler/_20097_/ZN    0.20    0.58   -0.38 (VIOLATED)
i_cache_subsystem.i_nbdcache/i_miss_handler/_20127_/ZN    0.20    0.58   -0.38 (VIOLATED)
issue_stage_i.i_scoreboard/_47611_/ZN    0.20    0.58   -0.38 (VIOLATED)
issue_stage_i.i_scoreboard/_47768_/ZN    0.20    0.53   -0.33 (VIOLATED)
issue_stage_i.i_scoreboard/_47662_/ZN    0.20    0.52   -0.32 (VIOLATED)
issue_stage_i.i_scoreboard/_33308_/ZN    0.20    0.49   -0.29 (VIOLATED)
issue_stage_i.i_scoreboard/_33280_/ZN    0.20    0.49   -0.29 (VIOLATED)
issue_stage_i.i_scoreboard/_33515_/ZN    0.20    0.48   -0.28 (VIOLATED)
issue_stage_i.i_scoreboard/_33465_/ZN    0.20    0.47   -0.27 (VIOLATED)
issue_stage_i.i_scoreboard/_33500_/ZN    0.20    0.46   -0.26 (VIOLATED)
i_cache_subsystem.i_nbdcache/i_miss_handler/_20619_/ZN    0.20    0.45   -0.25 (VIOLATED)
issue_stage_i.i_scoreboard/_44475_/ZN    0.20    0.45   -0.25 (VIOLATED)
i_cache_subsystem.i_nbdcache/i_miss_handler/_17484_/ZN    0.20    0.45   -0.25 (VIOLATED)
issue_stage_i.i_scoreboard/_33452_/ZN    0.20    0.45   -0.25 (VIOLATED)
issue_stage_i.i_scoreboard/_33419_/ZN    0.20    0.44   -0.24 (VIOLATED)
issue_stage_i.i_scoreboard/_33364_/ZN    0.20    0.44   -0.24 (VIOLATED)
issue_stage_i.i_scoreboard/_33619_/ZN    0.20    0.44   -0.24 (VIOLATED)
issue_stage_i.i_scoreboard/_33253_/ZN    0.20    0.43   -0.23 (VIOLATED)
issue_stage_i.i_scoreboard/_33566_/ZN    0.20    0.42   -0.22 (VIOLATED)
issue_stage_i.i_scoreboard/_46044_/ZN    0.20    0.42   -0.22 (VIOLATED)
i_cache_subsystem.i_nbdcache/i_miss_handler/_19017_/ZN    0.20    0.38   -0.18 (VIOLATED)
issue_stage_i.i_scoreboard/_34769_/ZN    0.20    0.37   -0.17 (VIOLATED)
i_cache_subsystem.i_nbdcache/i_miss_handler/_19266_/ZN    0.20    0.37   -0.17 (VIOLATED)
i_cache_subsystem.i_nbdcache/i_miss_handler/_22721_/ZN    0.20    0.36   -0.16 (VIOLATED)
issue_stage_i.i_scoreboard/_38843_/ZN    0.20    0.36   -0.16 (VIOLATED)
i_cache_subsystem.i_nbdcache/i_miss_handler/_18929_/ZN    0.20    0.35   -0.15 (VIOLATED)
i_cache_subsystem.i_nbdcache/i_miss_handler/_19171_/ZN    0.20    0.35   -0.15 (VIOLATED)
issue_stage_i.i_scoreboard/_37270_/ZN    0.20    0.34   -0.15 (VIOLATED)
issue_stage_i.i_scoreboard/_44972_/ZN    0.20    0.34   -0.15 (VIOLATED)
issue_stage_i.i_scoreboard/_34764_/ZN    0.20    0.34   -0.15 (VIOLATED)
i_cache_subsystem.i_nbdcache/i_miss_handler/_19147_/ZN    0.20    0.34   -0.15 (VIOLATED)
issue_stage_i.i_scoreboard/_41832_/ZN    0.20    0.34   -0.14 (VIOLATED)
i_cache_subsystem.i_nbdcache/i_miss_handler/_20073_/ZN    0.20    0.34   -0.14 (VIOLATED)
i_cache_subsystem.i_nbdcache/i_miss_handler/_18734_/ZN    0.20    0.34   -0.14 (VIOLATED)
i_cache_subsystem.i_nbdcache/i_miss_handler/_20183_/ZN    0.20    0.33   -0.14 (VIOLATED)
i_cache_subsystem.i_nbdcache/i_miss_handler/_19625_/ZN    0.20    0.33   -0.14 (VIOLATED)
i_cache_subsystem.i_nbdcache/i_miss_handler/_22564_/ZN    0.20    0.33   -0.14 (VIOLATED)
i_cache_subsystem.i_nbdcache/i_miss_handler/_17477_/ZN    0.20    0.33   -0.13 (VIOLATED)
i_cache_subsystem.i_nbdcache/i_miss_handler/_19236_/ZN    0.20    0.33   -0.13 (VIOLATED)
i_cache_subsystem.i_nbdcache/i_miss_handler/_21068_/ZN    0.20    0.33   -0.13 (VIOLATED)
i_cache_subsystem.i_nbdcache/i_miss_handler/_19672_/ZN    0.20    0.33   -0.13 (VIOLATED)
i_cache_subsystem.i_nbdcache/i_miss_handler/_17590_/ZN    0.20    0.33   -0.13 (VIOLATED)
i_cache_subsystem.i_nbdcache/i_miss_handler/_18105_/ZN    0.20    0.33   -0.13 (VIOLATED)
i_cache_subsystem.i_nbdcache/i_miss_handler/_18295_/ZN    0.20    0.33   -0.13 (VIOLATED)
i_cache_subsystem.i_nbdcache/i_miss_handler/_18878_/ZN    0.20    0.32   -0.13 (VIOLATED)
i_cache_subsystem.i_nbdcache/i_miss_handler/_17231_/ZN    0.20    0.32   -0.12 (VIOLATED)
issue_stage_i.i_scoreboard/_33229_/ZN    0.20    0.31   -0.12 (VIOLATED)
issue_stage_i.i_scoreboard/_49760_/ZN    0.20    0.30   -0.10 (VIOLATED)
i_cache_subsystem.i_nbdcache/i_miss_handler/_20286_/ZN    0.20    0.30   -0.10 (VIOLATED)
issue_stage_i.i_scoreboard/_43412_/ZN    0.20    0.30   -0.10 (VIOLATED)
i_cache_subsystem.i_nbdcache/i_miss_handler/_21073_/ZN    0.20    0.29   -0.09 (VIOLATED)
i_cache_subsystem.i_nbdcache/i_miss_handler/_20787_/ZN    0.20    0.29   -0.09 (VIOLATED)
i_cache_subsystem.i_nbdcache/i_miss_handler/_20078_/ZN    0.20    0.29   -0.09 (VIOLATED)
i_cache_subsystem.i_nbdcache/i_miss_handler/_19237_/ZN    0.20    0.28   -0.09 (VIOLATED)
i_cache_subsystem.i_nbdcache/i_miss_handler/_19306_/ZN    0.20    0.28   -0.09 (VIOLATED)
i_cache_subsystem.i_nbdcache/i_miss_handler/_19218_/ZN    0.20    0.28   -0.09 (VIOLATED)
i_cache_subsystem.i_nbdcache/i_miss_handler/_19107_/ZN    0.20    0.28   -0.09 (VIOLATED)
i_cache_subsystem.i_nbdcache/i_miss_handler/_19038_/ZN    0.20    0.28   -0.09 (VIOLATED)
i_cache_subsystem.i_nbdcache/i_miss_handler/_20885_/ZN    0.20    0.28   -0.09 (VIOLATED)
i_cache_subsystem.i_nbdcache/i_miss_handler/_22744_/ZN    0.20    0.28   -0.09 (VIOLATED)
i_cache_subsystem.i_nbdcache/i_miss_handler/_18110_/ZN    0.20    0.28   -0.09 (VIOLATED)
i_cache_subsystem.i_nbdcache/i_miss_handler/_18884_/ZN    0.20    0.28   -0.09 (VIOLATED)
i_cache_subsystem.i_nbdcache/i_miss_handler/_20534_/ZN    0.20    0.28   -0.09 (VIOLATED)
i_cache_subsystem.i_nbdcache/i_miss_handler/_19059_/ZN    0.20    0.28   -0.08 (VIOLATED)
i_cache_subsystem.i_nbdcache/i_miss_handler/_20696_/ZN    0.20    0.28   -0.08 (VIOLATED)
i_cache_subsystem.i_nbdcache/i_miss_handler/_22762_/ZN    0.20    0.28   -0.08 (VIOLATED)
i_cache_subsystem.i_nbdcache/i_miss_handler/_19241_/ZN    0.20    0.28   -0.08 (VIOLATED)
i_cache_subsystem.i_nbdcache/i_miss_handler/_20957_/ZN    0.20    0.28   -0.08 (VIOLATED)
i_cache_subsystem.i_nbdcache/i_miss_handler/_20238_/ZN    0.20    0.28   -0.08 (VIOLATED)
i_cache_subsystem.i_nbdcache/i_miss_handler/_20812_/ZN    0.20    0.28   -0.08 (VIOLATED)
i_cache_subsystem.i_nbdcache/i_miss_handler/_18975_/ZN    0.20    0.28   -0.08 (VIOLATED)
i_cache_subsystem.i_nbdcache/i_miss_handler/_19510_/ZN    0.20    0.28   -0.08 (VIOLATED)
i_cache_subsystem.i_nbdcache/i_miss_handler/_20311_/ZN    0.20    0.28   -0.08 (VIOLATED)
i_cache_subsystem.i_nbdcache/i_miss_handler/_22611_/ZN    0.20    0.28   -0.08 (VIOLATED)
i_cache_subsystem.i_nbdcache/i_miss_handler/_20672_/ZN    0.20    0.28   -0.08 (VIOLATED)
i_cache_subsystem.i_nbdcache/i_miss_handler/_21181_/ZN    0.20    0.28   -0.08 (VIOLATED)
i_cache_subsystem.i_nbdcache/i_miss_handler/_20756_/ZN    0.20    0.28   -0.08 (VIOLATED)
i_cache_subsystem.i_nbdcache/i_miss_handler/_17742_/ZN    0.20    0.28   -0.08 (VIOLATED)
i_cache_subsystem.i_nbdcache/i_miss_handler/_19080_/ZN    0.20    0.28   -0.08 (VIOLATED)
i_cache_subsystem.i_nbdcache/i_miss_handler/_19192_/ZN    0.20    0.28   -0.08 (VIOLATED)
i_cache_subsystem.i_nbdcache/i_miss_handler/_20978_/ZN    0.20    0.28   -0.08 (VIOLATED)
i_cache_subsystem.i_nbdcache/i_miss_handler/_22726_/ZN    0.20    0.28   -0.08 (VIOLATED)
i_cache_subsystem.i_nbdcache/i_miss_handler/_19154_/ZN    0.20    0.28   -0.08 (VIOLATED)
i_cache_subsystem.i_nbdcache/i_miss_handler/_20602_/ZN    0.20    0.28   -0.08 (VIOLATED)
i_cache_subsystem.i_nbdcache/i_miss_handler/_18954_/ZN    0.20    0.28   -0.08 (VIOLATED)
i_cache_subsystem.i_nbdcache/i_miss_handler/_18995_/ZN    0.20    0.28   -0.08 (VIOLATED)
i_cache_subsystem.i_nbdcache/i_miss_handler/_20742_/ZN    0.20    0.28   -0.08 (VIOLATED)
i_cache_subsystem.i_nbdcache/i_miss_handler/_19128_/ZN    0.20    0.28   -0.08 (VIOLATED)
i_cache_subsystem.i_nbdcache/i_miss_handler/_20914_/ZN    0.20    0.28   -0.08 (VIOLATED)
i_cache_subsystem.i_nbdcache/i_miss_handler/_20576_/ZN    0.20    0.28   -0.08 (VIOLATED)
i_cache_subsystem.i_nbdcache/i_miss_handler/_19415_/ZN    0.20    0.28   -0.08 (VIOLATED)
i_cache_subsystem.i_nbdcache/i_miss_handler/_20650_/ZN    0.20    0.28   -0.08 (VIOLATED)
i_cache_subsystem.i_nbdcache/i_miss_handler/_17550_/ZN    0.20    0.28   -0.08 (VIOLATED)
i_cache_subsystem.i_nbdcache/i_miss_handler/_22649_/ZN    0.20    0.28   -0.08 (VIOLATED)
i_cache_subsystem.i_nbdcache/i_miss_handler/_20718_/ZN    0.20    0.28   -0.08 (VIOLATED)
i_cache_subsystem.i_nbdcache/i_miss_handler/_20836_/ZN    0.20    0.28   -0.08 (VIOLATED)
i_cache_subsystem.i_nbdcache/i_miss_handler/_22700_/ZN    0.20    0.28   -0.08 (VIOLATED)
i_cache_subsystem.i_nbdcache/i_miss_handler/_18556_/ZN    0.20    0.28   -0.08 (VIOLATED)
i_cache_subsystem.i_nbdcache/i_miss_handler/_19561_/ZN    0.20    0.28   -0.08 (VIOLATED)
i_cache_subsystem.i_nbdcache/i_miss_handler/_19919_/ZN    0.20    0.28   -0.08 (VIOLATED)
i_cache_subsystem.i_nbdcache/i_miss_handler/_19807_/ZN    0.20    0.28   -0.08 (VIOLATED)
i_cache_subsystem.i_nbdcache/i_miss_handler/_19852_/ZN    0.20    0.28   -0.08 (VIOLATED)
i_cache_subsystem.i_nbdcache/i_miss_handler/_19608_/ZN    0.20    0.28   -0.08 (VIOLATED)
i_cache_subsystem.i_nbdcache/i_miss_handler/_22363_/ZN    0.20    0.28   -0.08 (VIOLATED)
i_cache_subsystem.i_nbdcache/i_miss_handler/_19954_/ZN    0.20    0.28   -0.08 (VIOLATED)
i_cache_subsystem.i_nbdcache/i_miss_handler/_19172_/ZN    0.20    0.28   -0.08 (VIOLATED)
i_cache_subsystem.i_nbdcache/i_miss_handler/_21002_/ZN    0.20    0.28   -0.08 (VIOLATED)
i_cache_subsystem.i_nbdcache/i_miss_handler/_20858_/ZN    0.20    0.28   -0.08 (VIOLATED)
i_cache_subsystem.i_nbdcache/i_miss_handler/_19879_/ZN    0.20    0.28   -0.08 (VIOLATED)
i_cache_subsystem.i_nbdcache/i_miss_handler/_19898_/ZN    0.20    0.28   -0.08 (VIOLATED)
i_cache_subsystem.i_nbdcache/i_miss_handler/_20479_/ZN    0.20    0.28   -0.08 (VIOLATED)
i_cache_subsystem.i_nbdcache/i_miss_handler/_21133_/ZN    0.20    0.28   -0.08 (VIOLATED)
i_cache_subsystem.i_nbdcache/i_miss_handler/_22457_/ZN    0.20    0.28   -0.08 (VIOLATED)
i_cache_subsystem.i_nbdcache/i_miss_handler/_21109_/ZN    0.20    0.28   -0.08 (VIOLATED)
i_cache_subsystem.i_nbdcache/i_miss_handler/_20215_/ZN    0.20    0.28   -0.08 (VIOLATED)
i_cache_subsystem.i_nbdcache/i_miss_handler/_18832_/ZN    0.20    0.28   -0.08 (VIOLATED)
i_cache_subsystem.i_nbdcache/i_miss_handler/_19480_/ZN    0.20    0.28   -0.08 (VIOLATED)
i_cache_subsystem.i_nbdcache/i_miss_handler/_19988_/ZN    0.20    0.28   -0.08 (VIOLATED)
i_cache_subsystem.i_nbdcache/i_miss_handler/_18269_/ZN    0.20    0.28   -0.08 (VIOLATED)
i_cache_subsystem.i_nbdcache/i_miss_handler/_20336_/ZN    0.20    0.28   -0.08 (VIOLATED)
i_cache_subsystem.i_nbdcache/i_miss_handler/_21053_/ZN    0.20    0.28   -0.08 (VIOLATED)
i_cache_subsystem.i_nbdcache/i_miss_handler/_19630_/ZN    0.20    0.28   -0.08 (VIOLATED)
i_cache_subsystem.i_nbdcache/i_miss_handler/_18195_/ZN    0.20    0.28   -0.08 (VIOLATED)
i_cache_subsystem.i_nbdcache/i_miss_handler/_20094_/ZN    0.20    0.28   -0.08 (VIOLATED)
i_cache_subsystem.i_nbdcache/i_miss_handler/_18051_/ZN    0.20    0.28   -0.08 (VIOLATED)
i_cache_subsystem.i_nbdcache/i_miss_handler/_18905_/ZN    0.20    0.28   -0.08 (VIOLATED)
i_cache_subsystem.i_nbdcache/i_miss_handler/_20123_/ZN    0.20    0.28   -0.08 (VIOLATED)
i_cache_subsystem.i_nbdcache/i_miss_handler/_20050_/ZN    0.20    0.28   -0.08 (VIOLATED)
i_cache_subsystem.i_nbdcache/i_miss_handler/_19353_/ZN    0.20    0.28   -0.08 (VIOLATED)
i_cache_subsystem.i_nbdcache/i_miss_handler/_20932_/ZN    0.20    0.28   -0.08 (VIOLATED)
i_cache_subsystem.i_nbdcache/i_miss_handler/_18689_/ZN    0.20    0.28   -0.08 (VIOLATED)
i_cache_subsystem.i_nbdcache/i_miss_handler/_18667_/ZN    0.20    0.28   -0.08 (VIOLATED)
i_cache_subsystem.i_nbdcache/i_miss_handler/_17374_/ZN    0.20    0.28   -0.08 (VIOLATED)
i_cache_subsystem.i_nbdcache/i_miss_handler/_20167_/ZN    0.20    0.28   -0.08 (VIOLATED)
i_cache_subsystem.i_nbdcache/i_miss_handler/_18576_/ZN    0.20    0.28   -0.08 (VIOLATED)
i_cache_subsystem.i_nbdcache/i_miss_handler/_20381_/ZN    0.20    0.28   -0.08 (VIOLATED)
i_cache_subsystem.i_nbdcache/i_miss_handler/_18782_/ZN    0.20    0.28   -0.08 (VIOLATED)
i_cache_subsystem.i_nbdcache/i_miss_handler/_18593_/ZN    0.20    0.28   -0.08 (VIOLATED)
i_cache_subsystem.i_nbdcache/i_miss_handler/_19433_/ZN    0.20    0.28   -0.08 (VIOLATED)
i_cache_subsystem.i_nbdcache/i_miss_handler/_19974_/ZN    0.20    0.28   -0.08 (VIOLATED)
i_cache_subsystem.i_nbdcache/i_miss_handler/_22430_/ZN    0.20    0.28   -0.08 (VIOLATED)
i_cache_subsystem.i_nbdcache/i_miss_handler/_21202_/ZN    0.20    0.28   -0.08 (VIOLATED)
i_cache_subsystem.i_nbdcache/i_miss_handler/_17489_/ZN    0.20    0.28   -0.08 (VIOLATED)
i_cache_subsystem.i_nbdcache/i_miss_handler/_19531_/ZN    0.20    0.28   -0.08 (VIOLATED)
i_cache_subsystem.i_nbdcache/i_miss_handler/_22635_/ZN    0.20    0.28   -0.08 (VIOLATED)
i_cache_subsystem.i_nbdcache/i_miss_handler/_22524_/ZN    0.20    0.28   -0.08 (VIOLATED)
i_cache_subsystem.i_nbdcache/i_miss_handler/_19381_/ZN    0.20    0.28   -0.08 (VIOLATED)
i_cache_subsystem.i_nbdcache/i_miss_handler/_19579_/ZN    0.20    0.28   -0.08 (VIOLATED)
i_cache_subsystem.i_nbdcache/i_miss_handler/_19285_/ZN    0.20    0.28   -0.08 (VIOLATED)
i_cache_subsystem.i_nbdcache/i_miss_handler/_18640_/ZN    0.20    0.28   -0.08 (VIOLATED)
i_cache_subsystem.i_nbdcache/i_miss_handler/_19835_/ZN    0.20    0.28   -0.08 (VIOLATED)
i_cache_subsystem.i_nbdcache/i_miss_handler/_19678_/ZN    0.20    0.28   -0.08 (VIOLATED)
i_cache_subsystem.i_nbdcache/i_miss_handler/_19654_/ZN    0.20    0.28   -0.08 (VIOLATED)
i_cache_subsystem.i_nbdcache/i_miss_handler/_17648_/ZN    0.20    0.28   -0.08 (VIOLATED)
i_cache_subsystem.i_nbdcache/i_miss_handler/_21155_/ZN    0.20    0.28   -0.08 (VIOLATED)
i_cache_subsystem.i_nbdcache/i_miss_handler/_22382_/ZN    0.20    0.28   -0.08 (VIOLATED)
i_cache_subsystem.i_nbdcache/i_miss_handler/_22548_/ZN    0.20    0.28   -0.08 (VIOLATED)
i_cache_subsystem.i_nbdcache/i_miss_handler/_20459_/ZN    0.20    0.28   -0.08 (VIOLATED)
i_cache_subsystem.i_nbdcache/i_miss_handler/_22475_/ZN    0.20    0.28   -0.08 (VIOLATED)
i_cache_subsystem.i_nbdcache/i_miss_handler/_17595_/ZN    0.20    0.28   -0.08 (VIOLATED)
i_cache_subsystem.i_nbdcache/i_miss_handler/_17999_/ZN    0.20    0.28   -0.08 (VIOLATED)
i_cache_subsystem.i_nbdcache/i_miss_handler/_20435_/ZN    0.20    0.28   -0.08 (VIOLATED)
i_cache_subsystem.i_nbdcache/i_miss_handler/_18301_/ZN    0.20    0.28   -0.08 (VIOLATED)
i_cache_subsystem.i_nbdcache/i_miss_handler/_17795_/ZN    0.20    0.28   -0.08 (VIOLATED)
i_cache_subsystem.i_nbdcache/i_miss_handler/_22789_/ZN    0.20    0.28   -0.08 (VIOLATED)
i_cache_subsystem.i_nbdcache/i_miss_handler/_17391_/ZN    0.20    0.28   -0.08 (VIOLATED)
i_cache_subsystem.i_nbdcache/i_miss_handler/_22501_/ZN    0.20    0.28   -0.08 (VIOLATED)
i_cache_subsystem.i_nbdcache/i_miss_handler/_22590_/ZN    0.20    0.28   -0.08 (VIOLATED)
i_cache_subsystem.i_nbdcache/i_miss_handler/_17614_/ZN    0.20    0.28   -0.08 (VIOLATED)
i_cache_subsystem.i_nbdcache/i_miss_handler/_22673_/ZN    0.20    0.28   -0.08 (VIOLATED)
i_cache_subsystem.i_nbdcache/i_miss_handler/_22569_/ZN    0.20    0.28   -0.08 (VIOLATED)
i_cache_subsystem.i_nbdcache/i_miss_handler/_21248_/ZN    0.20    0.28   -0.08 (VIOLATED)
i_cache_subsystem.i_nbdcache/i_miss_handler/_17689_/ZN    0.20    0.28   -0.08 (VIOLATED)
i_cache_subsystem.i_nbdcache/i_miss_handler/_20498_/ZN    0.20    0.28   -0.08 (VIOLATED)
i_cache_subsystem.i_nbdcache/i_miss_handler/_20551_/ZN    0.20    0.28   -0.08 (VIOLATED)
i_cache_subsystem.i_nbdcache/i_miss_handler/_22403_/ZN    0.20    0.28   -0.08 (VIOLATED)
i_cache_subsystem.i_nbdcache/i_miss_handler/_17813_/ZN    0.20    0.28   -0.08 (VIOLATED)
i_cache_subsystem.i_nbdcache/i_miss_handler/_18860_/ZN    0.20    0.28   -0.08 (VIOLATED)
i_cache_subsystem.i_nbdcache/i_miss_handler/_20264_/ZN    0.20    0.28   -0.08 (VIOLATED)
i_cache_subsystem.i_nbdcache/i_miss_handler/_18178_/ZN    0.20    0.28   -0.08 (VIOLATED)
i_cache_subsystem.i_nbdcache/i_miss_handler/_18126_/ZN    0.20    0.28   -0.08 (VIOLATED)
i_cache_subsystem.i_nbdcache/i_miss_handler/_20149_/ZN    0.20    0.28   -0.08 (VIOLATED)
i_cache_subsystem.i_nbdcache/i_miss_handler/_21296_/ZN    0.20    0.28   -0.08 (VIOLATED)
i_cache_subsystem.i_nbdcache/i_miss_handler/_21229_/ZN    0.20    0.28   -0.08 (VIOLATED)
i_cache_subsystem.i_nbdcache/i_miss_handler/_20188_/ZN    0.20    0.28   -0.08 (VIOLATED)
i_cache_subsystem.i_nbdcache/i_miss_handler/_19018_/ZN    0.20    0.28   -0.08 (VIOLATED)
i_cache_subsystem.i_nbdcache/i_miss_handler/_18152_/ZN    0.20    0.28   -0.08 (VIOLATED)
i_cache_subsystem.i_nbdcache/i_miss_handler/_22806_/ZN    0.20    0.28   -0.08 (VIOLATED)
i_cache_subsystem.i_nbdcache/i_miss_handler/_17860_/ZN    0.20    0.28   -0.08 (VIOLATED)
i_cache_subsystem.i_nbdcache/i_miss_handler/_17837_/ZN    0.20    0.28   -0.08 (VIOLATED)
i_cache_subsystem.i_nbdcache/i_miss_handler/_17525_/ZN    0.20    0.28   -0.08 (VIOLATED)
i_cache_subsystem.i_nbdcache/i_miss_handler/_17341_/ZN    0.20    0.28   -0.08 (VIOLATED)
i_cache_subsystem.i_nbdcache/i_miss_handler/_20366_/ZN    0.20    0.28   -0.08 (VIOLATED)
i_cache_subsystem.i_nbdcache/i_miss_handler/_18811_/ZN    0.20    0.28   -0.08 (VIOLATED)
i_cache_subsystem.i_nbdcache/i_miss_handler/_20411_/ZN    0.20    0.28   -0.08 (VIOLATED)
i_cache_subsystem.i_nbdcache/i_miss_handler/_19268_/ZN    0.20    0.28   -0.08 (VIOLATED)
i_cache_subsystem.i_nbdcache/i_miss_handler/_17770_/ZN    0.20    0.28   -0.08 (VIOLATED)
i_cache_subsystem.i_nbdcache/i_miss_handler/_17927_/ZN    0.20    0.28   -0.08 (VIOLATED)
i_cache_subsystem.i_nbdcache/i_miss_handler/_18619_/ZN    0.20    0.28   -0.08 (VIOLATED)
i_cache_subsystem.i_nbdcache/i_miss_handler/_18758_/ZN    0.20    0.28   -0.08 (VIOLATED)
i_cache_subsystem.i_nbdcache/i_miss_handler/_17569_/ZN    0.20    0.28   -0.08 (VIOLATED)
i_cache_subsystem.i_nbdcache/i_miss_handler/_17234_/ZN    0.20    0.28   -0.08 (VIOLATED)
i_cache_subsystem.i_nbdcache/i_miss_handler/_18321_/ZN    0.20    0.28   -0.08 (VIOLATED)
i_cache_subsystem.i_nbdcache/i_miss_handler/_21029_/ZN    0.20    0.28   -0.08 (VIOLATED)
i_cache_subsystem.i_nbdcache/i_miss_handler/_18033_/ZN    0.20    0.28   -0.08 (VIOLATED)
i_cache_subsystem.i_nbdcache/i_miss_handler/_17977_/ZN    0.20    0.28   -0.08 (VIOLATED)
i_cache_subsystem.i_nbdcache/i_miss_handler/_17906_/ZN    0.20    0.28   -0.08 (VIOLATED)
i_cache_subsystem.i_nbdcache/i_miss_handler/_17951_/ZN    0.20    0.28   -0.08 (VIOLATED)
i_cache_subsystem.i_nbdcache/i_miss_handler/_18932_/ZN    0.20    0.28   -0.08 (VIOLATED)
i_cache_subsystem.i_nbdcache/i_miss_handler/_20624_/ZN    0.20    0.28   -0.08 (VIOLATED)
i_cache_subsystem.i_nbdcache/i_miss_handler/_21269_/ZN    0.20    0.28   -0.08 (VIOLATED)
i_cache_subsystem.i_nbdcache/i_miss_handler/_19333_/ZN    0.20    0.28   -0.08 (VIOLATED)
i_cache_subsystem.i_nbdcache/i_miss_handler/_18078_/ZN    0.20    0.28   -0.08 (VIOLATED)
i_cache_subsystem.i_nbdcache/i_miss_handler/_17884_/ZN    0.20    0.28   -0.08 (VIOLATED)
i_cache_subsystem.i_nbdcache/i_miss_handler/_17412_/ZN    0.20    0.28   -0.08 (VIOLATED)
i_cache_subsystem.i_nbdcache/i_miss_handler/_22823_/ZN    0.20    0.28   -0.08 (VIOLATED)
i_cache_subsystem.i_nbdcache/i_miss_handler/_20023_/ZN    0.20    0.28   -0.08 (VIOLATED)
i_cache_subsystem.i_nbdcache/i_miss_handler/_18720_/ZN    0.20    0.28   -0.08 (VIOLATED)
i_cache_subsystem.i_nbdcache/i_miss_handler/_17710_/ZN    0.20    0.28   -0.08 (VIOLATED)
i_cache_subsystem.i_nbdcache/i_miss_handler/_19777_/ZN    0.20    0.28   -0.08 (VIOLATED)
i_cache_subsystem.i_nbdcache/i_miss_handler/_21069_/ZN    0.20    0.28   -0.08 (VIOLATED)
i_cache_subsystem.i_nbdcache/i_miss_handler/_19454_/ZN    0.20    0.28   -0.08 (VIOLATED)
i_cache_subsystem.i_nbdcache/i_miss_handler/_17205_/ZN    0.20    0.27   -0.07 (VIOLATED)
i_cache_subsystem.i_nbdcache/i_miss_handler/_22758_/ZN    0.20    0.27   -0.07 (VIOLATED)
i_cache_subsystem.i_nbdcache/i_miss_handler/_22669_/ZN    0.20    0.27   -0.07 (VIOLATED)
i_cache_subsystem.i_nbdcache/i_miss_handler/_20184_/ZN    0.20    0.27   -0.07 (VIOLATED)
i_cache_subsystem.i_nbdcache/i_miss_handler/_19626_/ZN    0.20    0.26   -0.07 (VIOLATED)
i_cache_subsystem.i_nbdcache/i_miss_handler/_22722_/ZN    0.20    0.26   -0.07 (VIOLATED)
i_cache_subsystem.i_nbdcache/i_miss_handler/_20377_/ZN    0.20    0.26   -0.06 (VIOLATED)
i_cache_subsystem.i_nbdcache/i_miss_handler/_22645_/ZN    0.20    0.26   -0.06 (VIOLATED)
issue_stage_i.i_scoreboard/_49105_/ZN    0.20    0.26   -0.06 (VIOLATED)
i_cache_subsystem.i_nbdcache/i_miss_handler/_19150_/ZN    0.20    0.25   -0.05 (VIOLATED)
issue_stage_i.i_scoreboard/_49180_/ZN    0.20    0.25   -0.05 (VIOLATED)
issue_stage_i.i_scoreboard/_48714_/ZN    0.20    0.25   -0.05 (VIOLATED)
i_cache_subsystem.i_nbdcache/i_miss_handler/_19014_/ZN    0.20    0.24   -0.05 (VIOLATED)
i_cache_subsystem.i_nbdcache/i_miss_handler/_17215_/ZN    0.20    0.24   -0.04 (VIOLATED)
i_cache_subsystem.i_nbdcache/i_miss_handler/_17591_/ZN    0.20    0.23   -0.04 (VIOLATED)
i_cache_subsystem.i_nbdcache/i_miss_handler/_20717_/ZN    0.20    0.23   -0.03 (VIOLATED)
i_cache_subsystem.i_nbdcache/i_miss_handler/_18296_/ZN    0.20    0.23   -0.03 (VIOLATED)
i_cache_subsystem.i_nbdcache/i_miss_handler/_20601_/ZN    0.20    0.23   -0.03 (VIOLATED)
i_cache_subsystem.i_nbdcache/i_miss_handler/_20670_/ZN    0.20    0.23   -0.03 (VIOLATED)
i_cache_subsystem.i_nbdcache/i_miss_handler/_20074_/ZN    0.20    0.23   -0.03 (VIOLATED)
i_cache_subsystem.i_nbdcache/i_miss_handler/_19984_/ZN    0.20    0.22   -0.03 (VIOLATED)
i_cache_subsystem.i_nbdcache/i_miss_handler/_20835_/ZN    0.20    0.22   -0.03 (VIOLATED)
i_cache_subsystem.i_nbdcache/i_miss_handler/_19673_/ZN    0.20    0.22   -0.03 (VIOLATED)
i_cache_subsystem.i_nbdcache/i_miss_handler/_20856_/ZN    0.20    0.22   -0.03 (VIOLATED)
i_cache_subsystem.i_nbdcache/i_miss_handler/_20620_/ZN    0.20    0.22   -0.02 (VIOLATED)
i_cache_subsystem.i_nbdcache/i_miss_handler/_20019_/ZN    0.20    0.22   -0.02 (VIOLATED)
i_cache_subsystem.i_nbdcache/i_miss_handler/_19449_/ZN    0.20    0.22   -0.02 (VIOLATED)
i_cache_subsystem.i_nbdcache/i_miss_handler/_19650_/ZN    0.20    0.22   -0.02 (VIOLATED)
i_cache_subsystem.i_nbdcache/i_miss_handler/_19773_/ZN    0.20    0.22   -0.02 (VIOLATED)
i_cache_subsystem.i_nbdcache/i_miss_handler/_17565_/ZN    0.20    0.22   -0.02 (VIOLATED)
i_cache_subsystem.i_nbdcache/i_miss_handler/_19328_/ZN    0.20    0.22   -0.02 (VIOLATED)
i_cache_subsystem.i_nbdcache/i_miss_handler/_19349_/ZN    0.20    0.22   -0.02 (VIOLATED)
i_cache_subsystem.i_nbdcache/i_miss_handler/_20752_/ZN    0.20    0.22   -0.02 (VIOLATED)
i_cache_subsystem.i_nbdcache/i_miss_handler/_20811_/ZN    0.20    0.22   -0.02 (VIOLATED)
i_cache_subsystem.i_nbdcache/i_miss_handler/_22740_/ZN    0.20    0.22   -0.02 (VIOLATED)
i_cache_subsystem.i_nbdcache/i_miss_handler/_19263_/ZN    0.20    0.22   -0.02 (VIOLATED)
i_cache_subsystem.i_nbdcache/i_miss_handler/_19831_/ZN    0.20    0.22   -0.02 (VIOLATED)
i_cache_subsystem.i_nbdcache/i_miss_handler/_19168_/ZN    0.20    0.22   -0.02 (VIOLATED)
i_cache_subsystem.i_nbdcache/i_miss_handler/_22565_/ZN    0.20    0.22   -0.02 (VIOLATED)
i_cache_subsystem.i_nbdcache/i_miss_handler/_18754_/ZN    0.20    0.21   -0.02 (VIOLATED)
i_cache_subsystem.i_nbdcache/i_miss_handler/_20884_/ZN    0.20    0.21   -0.02 (VIOLATED)
issue_stage_i.i_scoreboard/_49166_/ZN    0.20    0.21   -0.02 (VIOLATED)
i_cache_subsystem.i_nbdcache/i_miss_handler/_20122_/ZN    0.20    0.21   -0.02 (VIOLATED)
i_cache_subsystem.i_nbdcache/i_miss_handler/_20282_/ZN    0.20    0.21   -0.02 (VIOLATED)
i_cache_subsystem.i_nbdcache/i_miss_handler/_17480_/ZN    0.20    0.21   -0.01 (VIOLATED)
i_cache_subsystem.i_nbdcache/i_miss_handler/_21177_/ZN    0.20    0.21   -0.01 (VIOLATED)
i_cache_subsystem.i_nbdcache/i_miss_handler/_22399_/ZN    0.20    0.21   -0.01 (VIOLATED)
i_cache_subsystem.i_nbdcache/i_miss_handler/_20977_/ZN    0.20    0.21   -0.01 (VIOLATED)
i_cache_subsystem.i_nbdcache/i_miss_handler/_20913_/ZN    0.20    0.21   -0.01 (VIOLATED)
issue_stage_i.i_scoreboard/_49005_/ZN    0.20    0.21   -0.01 (VIOLATED)
i_cache_subsystem.i_nbdcache/i_miss_handler/_21265_/ZN    0.20    0.21   -0.01 (VIOLATED)
i_cache_subsystem.i_nbdcache/i_miss_handler/_18880_/ZN    0.20    0.21   -0.01 (VIOLATED)
i_cache_subsystem.i_nbdcache/i_miss_handler/_20410_/ZN    0.20    0.21   -0.01 (VIOLATED)
i_cache_subsystem.i_nbdcache/i_miss_handler/_20263_/ZN    0.20    0.21   -0.01 (VIOLATED)
issue_stage_i.i_scoreboard/_48959_/ZN    0.20    0.21   -0.01 (VIOLATED)
i_cache_subsystem.i_nbdcache/i_miss_handler/_17706_/ZN    0.20    0.21   -0.01 (VIOLATED)
i_cache_subsystem.i_nbdcache/i_miss_handler/_20695_/ZN    0.20    0.21   -0.01 (VIOLATED)
i_cache_subsystem.i_nbdcache/i_miss_handler/_18106_/ZN    0.20    0.21   -0.01 (VIOLATED)
i_cache_subsystem.i_nbdcache/i_miss_handler/_18714_/ZN    0.20    0.21   -0.01 (VIOLATED)
issue_stage_i.i_scoreboard/_49449_/ZN    0.20    0.21   -0.01 (VIOLATED)
i_cache_subsystem.i_nbdcache/i_miss_handler/_20285_/ZN    0.20    0.21   -0.01 (VIOLATED)
issue_stage_i.i_scoreboard/_48699_/ZN    0.20    0.21   -0.01 (VIOLATED)
i_cache_subsystem.i_nbdcache/i_miss_handler/_20434_/ZN    0.20    0.21   -0.01 (VIOLATED)
i_cache_subsystem.i_nbdcache/i_miss_handler/_20147_/ZN    0.20    0.20   -0.01 (VIOLATED)
issue_stage_i.i_scoreboard/_49210_/ZN    0.20    0.20   -0.01 (VIOLATED)
issue_stage_i.i_scoreboard/_49087_/ZN    0.20    0.20   -0.01 (VIOLATED)
i_cache_subsystem.i_nbdcache/i_miss_handler/_21001_/ZN    0.20    0.20   -0.01 (VIOLATED)
i_cache_subsystem.i_nbdcache/i_miss_handler/_19153_/ZN    0.20    0.20   -0.00 (VIOLATED)
i_cache_subsystem.i_nbdcache/i_miss_handler/_19653_/ZN    0.20    0.20   -0.00 (VIOLATED)
issue_stage_i.i_scoreboard/_49239_/ZN    0.20    0.20   -0.00 (VIOLATED)
issue_stage_i.i_scoreboard/_49356_/ZN    0.20    0.20   -0.00 (VIOLATED)
issue_stage_i.i_scoreboard/_34088_/ZN    0.20    0.20   -0.00 (VIOLATED)
issue_stage_i.i_scoreboard/_49523_/ZN    0.20    0.20   -0.00 (VIOLATED)
i_cache_subsystem.i_nbdcache/i_miss_handler/_18974_/ZN    0.20    0.20   -0.00 (VIOLATED)
issue_stage_i.i_scoreboard/_48614_/ZN    0.20    0.20   -0.00 (VIOLATED)


==========================================================================
detailed place max_slew_check_slack
--------------------------------------------------------------------------
-4.707057952880859

==========================================================================
detailed place max_slew_check_limit
--------------------------------------------------------------------------
0.1985349953174591

==========================================================================
detailed place max_slew_check_slack_limit
--------------------------------------------------------------------------
-23.7090

==========================================================================
detailed place max_fanout_check_slack
--------------------------------------------------------------------------
1.0000000150474662e+30

==========================================================================
detailed place max_fanout_check_limit
--------------------------------------------------------------------------
1.0000000150474662e+30

==========================================================================
detailed place max_capacitance_check_slack
--------------------------------------------------------------------------
-0.132618248462677

==========================================================================
detailed place max_capacitance_check_limit
--------------------------------------------------------------------------
60.65370559692383

==========================================================================
detailed place max_capacitance_check_slack_limit
--------------------------------------------------------------------------
-0.0022

==========================================================================
detailed place max_slew_violation_count
--------------------------------------------------------------------------
max slew violation count 448

==========================================================================
detailed place max_fanout_violation_count
--------------------------------------------------------------------------
max fanout violation count 0

==========================================================================
detailed place max_cap_violation_count
--------------------------------------------------------------------------
max cap violation count 0

==========================================================================
detailed place setup_violation_count
--------------------------------------------------------------------------
setup violation count 5285

==========================================================================
detailed place hold_violation_count
--------------------------------------------------------------------------
hold violation count 0

==========================================================================
detailed place report_checks -path_delay max reg to reg
--------------------------------------------------------------------------
Startpoint: issue_stage_i.i_scoreboard/commit_pointer_q[1]$_DFF_PN0_
            (rising edge-triggered flip-flop clocked by core_clock)
Endpoint: issue_stage_i.i_scoreboard/mem_q[2733]$_DFF_PN0_
          (rising edge-triggered flip-flop clocked by core_clock)
Path Group: core_clock
Path Type: max

  Delay    Time   Description
---------------------------------------------------------
   0.00    0.00   clock core_clock (rise edge)
   0.00    0.00   clock network delay (ideal)
   0.00    0.00 ^ issue_stage_i.i_scoreboard/commit_pointer_q[1]$_DFF_PN0_/CK (DFFR_X1)
   0.11    0.11 ^ issue_stage_i.i_scoreboard/commit_pointer_q[1]$_DFF_PN0_/Q (DFFR_X1)
   0.05    0.16 ^ issue_stage_i.i_scoreboard/_59744_/CO (HA_X1)
   0.04    0.20 ^ issue_stage_i.i_scoreboard/_33259_/ZN (AND2_X4)
   0.01    0.21 v issue_stage_i.i_scoreboard/_51694_/ZN (NOR3_X1)
   0.07    0.29 ^ issue_stage_i.i_scoreboard/_51697_/ZN (AOI221_X1)
   0.02    0.31 v issue_stage_i.i_scoreboard/_51698_/ZN (NOR3_X1)
   0.07    0.38 ^ issue_stage_i.i_scoreboard/_51699_/ZN (AOI21_X1)
   0.02    0.40 v issue_stage_i.i_scoreboard/_51700_/ZN (OAI21_X1)
   0.06    0.46 v issue_stage_i.i_scoreboard/_51701_/Z (MUX2_X1)
   0.06    0.52 v issue_stage_i.i_scoreboard/_51702_/Z (MUX2_X1)
   0.07    0.58 v issue_stage_i.i_scoreboard/_51703_/Z (MUX2_X1)
   0.08    0.66 ^ _05366_/ZN (NOR2_X1)
   0.03    0.69 ^ place44023/Z (BUF_X4)
   0.02    0.71 v _05829_/ZN (NAND2_X1)
   0.06    0.77 ^ _05830_/ZN (NOR2_X1)
   0.03    0.80 ^ place43567/Z (BUF_X4)
   0.02    0.82 v _05831_/ZN (NAND2_X4)
   0.02    0.85 ^ _05832_/ZN (INV_X2)
   0.03    0.88 ^ _06073_/ZN (AND2_X4)
   0.01    0.89 v csr_regfile_i/_07758_/ZN (INV_X2)
   0.05    0.94 ^ csr_regfile_i/_07762_/ZN (NOR3_X4)
   0.02    0.96 v csr_regfile_i/_07768_/ZN (AOI21_X4)
   0.04    1.00 ^ csr_regfile_i/_07769_/ZN (NOR2_X4)
   0.03    1.03 v csr_regfile_i/_07883_/ZN (NAND4_X4)
   0.04    1.07 v csr_regfile_i/_07956_/ZN (AND4_X4)
   0.05    1.12 ^ csr_regfile_i/_07991_/ZN (NOR2_X4)
   0.03    1.15 ^ csr_regfile_i/_08013_/ZN (OR2_X4)
   0.03    1.19 v _05368_/ZN (NAND3_X4)
   0.04    1.22 v place40937/Z (BUF_X4)
   0.02    1.25 ^ _05477_/ZN (NAND3_X1)
   0.02    1.27 v _05478_/ZN (AOI21_X1)
   0.05    1.32 ^ _05479_/ZN (AOI21_X1)
   0.02    1.34 v _05480_/ZN (NOR2_X1)
   0.14    1.49 ^ csr_regfile_i/_08853_/ZN (NOR4_X1)
   0.05    1.54 v csr_regfile_i/_08856_/ZN (NAND4_X1)
   0.06    1.60 ^ csr_regfile_i/_09159_/ZN (NOR3_X1)
   0.06    1.66 v csr_regfile_i/_09160_/ZN (NAND3_X1)
   0.04    1.71 v csr_regfile_i/place37950/Z (BUF_X4)
   0.03    1.74 ^ csr_regfile_i/_13887_/ZN (OAI21_X4)
   0.01    1.75 v _05388_/ZN (NOR3_X4)
   0.03    1.78 ^ _05389_/ZN (NAND2_X4)
   0.05    1.83 ^ ex_stage_i/place36955/Z (BUF_X8)
   0.03    1.86 v ex_stage_i/_24918_/ZN (INV_X16)
   0.03    1.89 ^ ex_stage_i/_27495_/ZN (AOI21_X4)
   0.02    1.91 v ex_stage_i/_27496_/ZN (NOR2_X4)
   0.13    2.04 ^ ex_stage_i/_27498_/Z (MUX2_X2)
   0.05    2.09 ^ issue_stage_i.i_scoreboard/place36506/Z (BUF_X2)
   0.02    2.12 v issue_stage_i.i_scoreboard/_33066_/ZN (INV_X1)
   0.03    2.14 v issue_stage_i.i_scoreboard/place36366/Z (BUF_X4)
   0.05    2.19 ^ issue_stage_i.i_scoreboard/_48242_/ZN (NOR3_X4)
   0.01    2.20 v issue_stage_i.i_scoreboard/_48250_/ZN (NOR4_X4)
   0.04    2.24 v issue_stage_i.i_scoreboard/_48288_/ZN (XNOR2_X2)
   0.09    2.33 v issue_stage_i.i_scoreboard/_48290_/ZN (OR4_X4)
   0.11    2.45 v issue_stage_i.i_scoreboard/_48377_/ZN (OR4_X4)
   0.13    2.58 ^ issue_stage_i.i_scoreboard/_48378_/ZN (OAI33_X1)
   0.04    2.62 ^ issue_stage_i.i_scoreboard/place35995/Z (BUF_X2)
   0.03    2.65 v issue_stage_i.i_scoreboard/_48379_/ZN (NAND4_X2)
   0.05    2.70 ^ issue_stage_i.i_scoreboard/_48381_/ZN (AOI21_X4)
   0.01    2.71 v issue_stage_i.i_scoreboard/_50913_/ZN (NOR2_X4)
   0.09    2.80 ^ issue_stage_i.i_scoreboard/_50914_/ZN (AOI22_X4)
   0.01    2.81 v issue_stage_i.i_issue_read_operands/_15244_/ZN (INV_X4)
   0.02    2.84 ^ issue_stage_i.i_issue_read_operands/_15295_/ZN (NOR2_X4)
   0.02    2.86 v issue_stage_i.i_issue_read_operands/_15409_/ZN (AOI22_X4)
   0.03    2.88 ^ issue_stage_i.i_issue_read_operands/_15681_/ZN (OAI221_X2)
   0.05    2.93 v issue_stage_i.i_issue_read_operands/_15687_/ZN (OAI221_X2)
   0.05    2.98 ^ issue_stage_i.i_issue_read_operands/_15689_/ZN (NOR2_X4)
   0.05    3.03 ^ issue_stage_i.i_scoreboard/_33060_/ZN (AND2_X4)
   0.04    3.07 ^ issue_stage_i.i_scoreboard/place35660/Z (BUF_X2)
   0.07    3.14 ^ issue_stage_i.i_scoreboard/_33174_/ZN (AND4_X4)
   0.03    3.17 v issue_stage_i.i_scoreboard/_34476_/ZN (AOI21_X1)
   0.04    3.21 ^ issue_stage_i.i_scoreboard/_34477_/ZN (NOR2_X2)
   0.02    3.23 v issue_stage_i.i_scoreboard/_34478_/ZN (INV_X1)
   0.06    3.29 v issue_stage_i.i_scoreboard/_34640_/Z (MUX2_X1)
   0.11    3.40 ^ issue_stage_i.i_scoreboard/_34649_/ZN (AOI222_X2)
   0.04    3.44 v issue_stage_i.i_scoreboard/_34680_/ZN (OAI211_X2)
   0.08    3.51 ^ issue_stage_i.i_scoreboard/_34691_/ZN (OAI221_X2)
   0.03    3.55 ^ issue_stage_i.i_scoreboard/place34623/Z (BUF_X8)
   0.04    3.59 ^ issue_stage_i.i_scoreboard/_34693_/ZN (AND2_X4)
   0.05    3.64 ^ issue_stage_i.i_scoreboard/place34570/Z (BUF_X2)
   0.05    3.69 ^ issue_stage_i.i_scoreboard/place34568/Z (BUF_X1)
   0.02    3.70 v issue_stage_i.i_scoreboard/_34936_/ZN (AOI21_X1)
   0.08    3.79 ^ issue_stage_i.i_scoreboard/_34939_/ZN (AOI221_X1)
   0.00    3.79 ^ issue_stage_i.i_scoreboard/mem_q[2733]$_DFF_PN0_/D (DFFR_X1)
           3.79   data arrival time

   2.22    2.22   clock core_clock (rise edge)
   0.00    2.22   clock network delay (ideal)
   0.00    2.22   clock reconvergence pessimism
           2.22 ^ issue_stage_i.i_scoreboard/mem_q[2733]$_DFF_PN0_/CK (DFFR_X1)
  -0.04    2.18   library setup time
           2.18   data required time
---------------------------------------------------------
           2.18   data required time
          -3.79   data arrival time
---------------------------------------------------------
          -1.61   slack (VIOLATED)



==========================================================================
detailed place report_checks -path_delay min reg to reg
--------------------------------------------------------------------------
Startpoint: ex_stage_i/lsu_i.i_store_unit.store_buffer_i.speculative_queue_q_0__valid_$_DFF_PN0_
            (rising edge-triggered flip-flop clocked by core_clock)
Endpoint: ex_stage_i/lsu_i.i_store_unit.store_buffer_i.speculative_queue_q_0__valid_$_DFF_PN0_
          (rising edge-triggered flip-flop clocked by core_clock)
Path Group: core_clock
Path Type: min

  Delay    Time   Description
---------------------------------------------------------
   0.00    0.00   clock core_clock (rise edge)
   0.00    0.00   clock network delay (ideal)
   0.00    0.00 ^ ex_stage_i/lsu_i.i_store_unit.store_buffer_i.speculative_queue_q_0__valid_$_DFF_PN0_/CK (DFFR_X1)
   0.07    0.07 ^ ex_stage_i/lsu_i.i_store_unit.store_buffer_i.speculative_queue_q_0__valid_$_DFF_PN0_/QN (DFFR_X1)
   0.01    0.08 v ex_stage_i/_26476_/ZN (AOI221_X1)
   0.00    0.08 v ex_stage_i/lsu_i.i_store_unit.store_buffer_i.speculative_queue_q_0__valid_$_DFF_PN0_/D (DFFR_X1)
           0.08   data arrival time

   0.00    0.00   clock core_clock (rise edge)
   0.00    0.00   clock network delay (ideal)
   0.00    0.00   clock reconvergence pessimism
           0.00 ^ ex_stage_i/lsu_i.i_store_unit.store_buffer_i.speculative_queue_q_0__valid_$_DFF_PN0_/CK (DFFR_X1)
   0.00    0.00   library hold time
           0.00   data required time
---------------------------------------------------------
           0.00   data required time
          -0.08   data arrival time
---------------------------------------------------------
           0.08   slack (MET)



==========================================================================
detailed place critical path target clock latency max path
--------------------------------------------------------------------------
0

==========================================================================
detailed place critical path target clock latency min path
--------------------------------------------------------------------------
0

==========================================================================
detailed place critical path source clock latency min path
--------------------------------------------------------------------------
0

==========================================================================
detailed place critical path delay
--------------------------------------------------------------------------
3.7855

==========================================================================
detailed place critical path slack
--------------------------------------------------------------------------
-1.6053

==========================================================================
detailed place slack div critical path delay
--------------------------------------------------------------------------
-42.406551

==========================================================================
detailed place report_power
--------------------------------------------------------------------------
Group                  Internal  Switching    Leakage      Total
                          Power      Power      Power      Power (Watts)
----------------------------------------------------------------
Sequential             6.86e-02   2.91e-03   1.66e-03   7.31e-02  25.3%
Combinational          9.84e-03   1.66e-02   5.00e-03   3.14e-02  10.9%
Clock                  0.00e+00   0.00e+00   0.00e+00   0.00e+00   0.0%
Macro                  1.62e-01   0.00e+00   2.24e-02   1.85e-01  63.9%
Pad                    0.00e+00   0.00e+00   0.00e+00   0.00e+00   0.0%
----------------------------------------------------------------
Total                  2.41e-01   1.95e-02   2.91e-02   2.90e-01 100.0%
                          83.2%       6.7%      10.0%
