
==========================================================================
global place report_tns
--------------------------------------------------------------------------
tns max -5392.59

==========================================================================
global place report_wns
--------------------------------------------------------------------------
wns max -1.65

==========================================================================
global place report_worst_slack
--------------------------------------------------------------------------
worst slack max -1.65

==========================================================================
global place report_clock_min_period
--------------------------------------------------------------------------
core_clock period_min = 3.87 fmax = 258.59

==========================================================================
global place report_checks -path_delay min
--------------------------------------------------------------------------
Startpoint: ex_stage_i/lsu_i.i_store_unit.store_buffer_i.speculative_queue_q_0__valid_$_DFF_PN0_
            (rising edge-triggered flip-flop clocked by core_clock)
Endpoint: ex_stage_i/lsu_i.i_store_unit.store_buffer_i.speculative_queue_q_0__valid_$_DFF_PN0_
          (rising edge-triggered flip-flop clocked by core_clock)
Path Group: core_clock
Path Type: min

Fanout     Cap    Slew   Delay    Time   Description
-----------------------------------------------------------------------------
                  0.00    0.00    0.00   clock core_clock (rise edge)
                          0.00    0.00   clock network delay (ideal)
                  0.00    0.00    0.00 ^ ex_stage_i/lsu_i.i_store_unit.store_buffer_i.speculative_queue_q_0__valid_$_DFF_PN0_/CK (DFFR_X1)
     1    1.79    0.01    0.07    0.07 ^ ex_stage_i/lsu_i.i_store_unit.store_buffer_i.speculative_queue_q_0__valid_$_DFF_PN0_/QN (DFFR_X1)
                                         ex_stage_i/_00021_ (net)
                  0.01    0.00    0.07 ^ ex_stage_i/_26476_/C1 (AOI221_X1)
     1    1.23    0.01    0.01    0.08 v ex_stage_i/_26476_/ZN (AOI221_X1)
                                         ex_stage_i/lsu_i.i_store_unit.store_buffer_i.speculative_queue_n_0__valid_ (net)
                  0.01    0.00    0.08 v ex_stage_i/lsu_i.i_store_unit.store_buffer_i.speculative_queue_q_0__valid_$_DFF_PN0_/D (DFFR_X1)
                                  0.08   data arrival time

                  0.00    0.00    0.00   clock core_clock (rise edge)
                          0.00    0.00   clock network delay (ideal)
                          0.00    0.00   clock reconvergence pessimism
                                  0.00 ^ ex_stage_i/lsu_i.i_store_unit.store_buffer_i.speculative_queue_q_0__valid_$_DFF_PN0_/CK (DFFR_X1)
                          0.00    0.00   library hold time
                                  0.00   data required time
-----------------------------------------------------------------------------
                                  0.00   data required time
                                 -0.08   data arrival time
-----------------------------------------------------------------------------
                                  0.08   slack (MET)



==========================================================================
global place report_checks -path_delay max
--------------------------------------------------------------------------
Startpoint: issue_stage_i.i_scoreboard/commit_pointer_q[1]$_DFF_PN0_
            (rising edge-triggered flip-flop clocked by core_clock)
Endpoint: issue_stage_i.i_scoreboard/mem_q[2733]$_DFF_PN0_
          (rising edge-triggered flip-flop clocked by core_clock)
Path Group: core_clock
Path Type: max

Fanout     Cap    Slew   Delay    Time   Description
-----------------------------------------------------------------------------
                  0.00    0.00    0.00   clock core_clock (rise edge)
                          0.00    0.00   clock network delay (ideal)
                  0.00    0.00    0.00 ^ issue_stage_i.i_scoreboard/commit_pointer_q[1]$_DFF_PN0_/CK (DFFR_X1)
     3    8.56    0.02    0.12    0.12 ^ issue_stage_i.i_scoreboard/commit_pointer_q[1]$_DFF_PN0_/Q (DFFR_X1)
                                         issue_stage_i.i_scoreboard/commit_pointer_q[1] (net)
                  0.02    0.00    0.12 ^ issue_stage_i.i_scoreboard/_59744_/A (HA_X1)
     2    7.57    0.02    0.05    0.17 ^ issue_stage_i.i_scoreboard/_59744_/CO (HA_X1)
                                         issue_stage_i.i_scoreboard/_00110_ (net)
                  0.02    0.00    0.17 ^ issue_stage_i.i_scoreboard/_33259_/A2 (AND2_X4)
     3   11.89    0.01    0.04    0.20 ^ issue_stage_i.i_scoreboard/_33259_/ZN (AND2_X4)
                                         issue_stage_i.i_scoreboard/_02605_ (net)
                  0.01    0.00    0.20 ^ issue_stage_i.i_scoreboard/_51694_/A3 (NOR3_X1)
     1    1.89    0.01    0.01    0.21 v issue_stage_i.i_scoreboard/_51694_/ZN (NOR3_X1)
                                         issue_stage_i.i_scoreboard/_18731_ (net)
                  0.01    0.00    0.21 v issue_stage_i.i_scoreboard/_51697_/A (AOI221_X1)
     1    2.95    0.05    0.08    0.29 ^ issue_stage_i.i_scoreboard/_51697_/ZN (AOI221_X1)
                                         issue_stage_i.i_scoreboard/_18734_ (net)
                  0.05    0.00    0.29 ^ issue_stage_i.i_scoreboard/_51698_/A3 (NOR3_X1)
     1    4.66    0.02    0.02    0.32 v issue_stage_i.i_scoreboard/_51698_/ZN (NOR3_X1)
                                         issue_stage_i.i_scoreboard/_18735_ (net)
                  0.02    0.00    0.32 v issue_stage_i.i_scoreboard/_51699_/A (AOI21_X1)
     1    6.86    0.04    0.07    0.39 ^ issue_stage_i.i_scoreboard/_51699_/ZN (AOI21_X1)
                                         issue_stage_i.i_scoreboard/_18736_ (net)
                  0.04    0.00    0.39 ^ issue_stage_i.i_scoreboard/_51700_/B1 (OAI21_X1)
     1    2.02    0.02    0.02    0.41 v issue_stage_i.i_scoreboard/_51700_/ZN (OAI21_X1)
                                         issue_stage_i.i_scoreboard/_18737_ (net)
                  0.02    0.00    0.41 v issue_stage_i.i_scoreboard/_51701_/B (MUX2_X1)
     1    1.64    0.01    0.06    0.47 v issue_stage_i.i_scoreboard/_51701_/Z (MUX2_X1)
                                         issue_stage_i.i_scoreboard/_18738_ (net)
                  0.01    0.00    0.47 v issue_stage_i.i_scoreboard/_51702_/B (MUX2_X1)
     1    1.43    0.01    0.06    0.53 v issue_stage_i.i_scoreboard/_51702_/Z (MUX2_X1)
                                         issue_stage_i.i_scoreboard/_18739_ (net)
                  0.01    0.00    0.53 v issue_stage_i.i_scoreboard/_51703_/B (MUX2_X1)
     2    5.20    0.01    0.07    0.60 v issue_stage_i.i_scoreboard/_51703_/Z (MUX2_X1)
                                         commit_instr_id_commit[294] (net)
                  0.01    0.00    0.60 v _05366_/A1 (NOR2_X1)
     1   12.97    0.07    0.08    0.68 ^ _05366_/ZN (NOR2_X1)
                                         _00591_ (net)
                  0.07    0.00    0.68 ^ place44023/A (BUF_X4)
     2    9.04    0.01    0.03    0.71 ^ place44023/Z (BUF_X4)
                                         net44022 (net)
                  0.01    0.00    0.71 ^ _05829_/A2 (NAND2_X1)
     2    4.90    0.02    0.02    0.73 v _05829_/ZN (NAND2_X1)
                                         _00922_ (net)
                  0.02    0.00    0.73 v _05830_/A2 (NOR2_X1)
     1    6.72    0.04    0.06    0.79 ^ _05830_/ZN (NOR2_X1)
                                         _00923_ (net)
                  0.04    0.00    0.79 ^ place43567/A (BUF_X4)
     1   13.07    0.01    0.03    0.82 ^ place43567/Z (BUF_X4)
                                         net43566 (net)
                  0.01    0.00    0.82 ^ _05831_/A1 (NAND2_X4)
     6   24.70    0.01    0.02    0.84 v _05831_/ZN (NAND2_X4)
                                         _00924_ (net)
                  0.01    0.00    0.85 v _05832_/A (INV_X2)
     3    6.79    0.01    0.02    0.87 ^ _05832_/ZN (INV_X2)
                                         _00925_ (net)
                  0.01    0.00    0.87 ^ _06073_/A2 (AND2_X4)
     2    5.96    0.01    0.03    0.90 ^ _06073_/ZN (AND2_X4)
                                         commit_stage_i.csr_op_o[5] (net)
                  0.01    0.00    0.90 ^ csr_regfile_i/_07758_/A (INV_X2)
     2    7.91    0.01    0.01    0.91 v csr_regfile_i/_07758_/ZN (INV_X2)
                                         csr_regfile_i/_02546_ (net)
                  0.01    0.00    0.91 v csr_regfile_i/_07762_/A3 (NOR3_X4)
     2    9.41    0.03    0.06    0.96 ^ csr_regfile_i/_07762_/ZN (NOR3_X4)
                                         csr_regfile_i/_02550_ (net)
                  0.03    0.00    0.96 ^ csr_regfile_i/_07768_/A (AOI21_X4)
     2    8.29    0.01    0.02    0.98 v csr_regfile_i/_07768_/ZN (AOI21_X4)
                                         csr_regfile_i/_02556_ (net)
                  0.01    0.00    0.98 v csr_regfile_i/_07769_/A1 (NOR2_X4)
     2   20.09    0.03    0.04    1.02 ^ csr_regfile_i/_07769_/ZN (NOR2_X4)
                                         csr_regfile_i/_02557_ (net)
                  0.03    0.01    1.03 ^ csr_regfile_i/_07883_/A1 (NAND4_X4)
     2    4.51    0.02    0.03    1.05 v csr_regfile_i/_07883_/ZN (NAND4_X4)
                                         csr_regfile_i/_02671_ (net)
                  0.02    0.00    1.05 v csr_regfile_i/_07956_/A1 (AND4_X4)
     2   23.72    0.01    0.04    1.10 v csr_regfile_i/_07956_/ZN (AND4_X4)
                                         csr_regfile_i/_02744_ (net)
                  0.01    0.01    1.10 v csr_regfile_i/_07991_/A2 (NOR2_X4)
     4   13.64    0.02    0.04    1.14 ^ csr_regfile_i/_07991_/ZN (NOR2_X4)
                                         csr_regfile_i/_02778_ (net)
                  0.02    0.00    1.14 ^ csr_regfile_i/_08013_/A2 (OR2_X4)
     2   19.57    0.01    0.03    1.18 ^ csr_regfile_i/_08013_/ZN (OR2_X4)
                                         commit_stage_i.csr_exception_i[0] (net)
                  0.01    0.00    1.18 ^ _05368_/A1 (NAND3_X4)
     5   18.00    0.02    0.03    1.21 v _05368_/ZN (NAND3_X4)
                                         _00593_ (net)
                  0.02    0.00    1.21 v place40937/A (BUF_X4)
    11   23.73    0.01    0.04    1.25 v place40937/Z (BUF_X4)
                                         net40936 (net)
                  0.01    0.00    1.25 v _05477_/A3 (NAND3_X1)
     1    2.10    0.02    0.02    1.27 ^ _05477_/ZN (NAND3_X1)
                                         _00685_ (net)
                  0.02    0.00    1.27 ^ _05478_/B2 (AOI21_X1)
     1    1.98    0.01    0.02    1.29 v _05478_/ZN (AOI21_X1)
                                         _00686_ (net)
                  0.01    0.00    1.29 v _05479_/A (AOI21_X1)
     1    4.80    0.04    0.06    1.34 ^ _05479_/ZN (AOI21_X1)
                                         _00687_ (net)
                  0.04    0.00    1.34 ^ _05480_/A2 (NOR2_X1)
     2    4.91    0.02    0.02    1.36 v _05480_/ZN (NOR2_X1)
                                         commit_stage_i.exception_o[114] (net)
                  0.02    0.00    1.36 v csr_regfile_i/_08853_/A4 (NOR4_X1)
     1    7.23    0.09    0.14    1.51 ^ csr_regfile_i/_08853_/ZN (NOR4_X1)
                                         csr_regfile_i/_03616_ (net)
                  0.09    0.00    1.51 ^ csr_regfile_i/_08856_/A1 (NAND4_X1)
     2    3.98    0.04    0.05    1.56 v csr_regfile_i/_08856_/ZN (NAND4_X1)
                                         csr_regfile_i/_03619_ (net)
                  0.04    0.00    1.56 v csr_regfile_i/_09159_/A3 (NOR3_X1)
     1    2.49    0.03    0.06    1.63 ^ csr_regfile_i/_09159_/ZN (NOR3_X1)
                                         csr_regfile_i/_03901_ (net)
                  0.03    0.00    1.63 ^ csr_regfile_i/_09160_/A3 (NAND3_X1)
     1   14.53    0.04    0.06    1.69 v csr_regfile_i/_09160_/ZN (NAND3_X1)
                                         csr_regfile_i/_03902_ (net)
                  0.04    0.00    1.69 v csr_regfile_i/place37950/A (BUF_X4)
     2    7.97    0.01    0.04    1.73 v csr_regfile_i/place37950/Z (BUF_X4)
                                         csr_regfile_i/net37949 (net)
                  0.01    0.00    1.73 v csr_regfile_i/_13887_/B1 (OAI21_X4)
     2   12.83    0.03    0.03    1.77 ^ csr_regfile_i/_13887_/ZN (OAI21_X4)
                                         controller_i.set_debug_pc_i (net)
                  0.03    0.00    1.77 ^ _05388_/A1 (NOR3_X4)
     1    6.66    0.01    0.01    1.78 v _05388_/ZN (NOR3_X4)
                                         _00612_ (net)
                  0.01    0.00    1.78 v _05389_/A1 (NAND2_X4)
     3   38.19    0.02    0.03    1.81 ^ _05389_/ZN (NAND2_X4)
                                         controller_i.flush_ex_o (net)
                  0.03    0.02    1.83 ^ ex_stage_i/place36955/A (BUF_X8)
     2   49.50    0.01    0.03    1.86 ^ ex_stage_i/place36955/Z (BUF_X8)
                                         ex_stage_i/net36954 (net)
                  0.03    0.02    1.88 ^ ex_stage_i/_24918_/A (INV_X16)
     3    8.18    0.01    0.01    1.89 v ex_stage_i/_24918_/ZN (INV_X16)
                                         ex_stage_i/_06613_ (net)
                  0.01    0.00    1.89 v ex_stage_i/_27495_/B1 (AOI21_X4)
     2    8.98    0.03    0.03    1.92 ^ ex_stage_i/_27495_/ZN (AOI21_X4)
                                         ex_stage_i/_08770_ (net)
                  0.03    0.00    1.92 ^ ex_stage_i/_27496_/A1 (NOR2_X4)
     4   45.95    0.02    0.02    1.94 v ex_stage_i/_27496_/ZN (NOR2_X4)
                                         ex_stage_i/_08771_ (net)
                  0.04    0.03    1.97 v ex_stage_i/_27498_/S (MUX2_X2)
     9   29.52    0.04    0.10    2.07 ^ ex_stage_i/_27498_/Z (MUX2_X2)
                                         flu_trans_id_ex_id[1] (net)
                  0.04    0.00    2.07 ^ issue_stage_i.i_scoreboard/place36506/A (BUF_X2)
     6   20.81    0.03    0.05    2.12 ^ issue_stage_i.i_scoreboard/place36506/Z (BUF_X2)
                                         issue_stage_i.i_scoreboard/net36505 (net)
                  0.03    0.00    2.12 ^ issue_stage_i.i_scoreboard/_33066_/A (INV_X1)
     3    7.92    0.01    0.02    2.14 v issue_stage_i.i_scoreboard/_33066_/ZN (INV_X1)
                                         issue_stage_i.i_scoreboard/_02414_ (net)
                  0.01    0.00    2.14 v issue_stage_i.i_scoreboard/place36366/A (BUF_X4)
     1    5.86    0.01    0.03    2.17 v issue_stage_i.i_scoreboard/place36366/Z (BUF_X4)
                                         issue_stage_i.i_scoreboard/net36365 (net)
                  0.01    0.00    2.17 v issue_stage_i.i_scoreboard/_48242_/A2 (NOR3_X4)
     1    7.33    0.03    0.05    2.22 ^ issue_stage_i.i_scoreboard/_48242_/ZN (NOR3_X4)
                                         issue_stage_i.i_scoreboard/_15485_ (net)
                  0.03    0.00    2.22 ^ issue_stage_i.i_scoreboard/_48250_/A1 (NOR4_X4)
     3    7.42    0.01    0.01    2.23 v issue_stage_i.i_scoreboard/_48250_/ZN (NOR4_X4)
                                         issue_stage_i.i_scoreboard/_15493_ (net)
                  0.01    0.00    2.23 v issue_stage_i.i_scoreboard/_48288_/A (XNOR2_X2)
     1    2.97    0.02    0.04    2.27 v issue_stage_i.i_scoreboard/_48288_/ZN (XNOR2_X2)
                                         issue_stage_i.i_scoreboard/_15531_ (net)
                  0.02    0.00    2.27 v issue_stage_i.i_scoreboard/_48290_/A2 (OR4_X4)
     2    6.23    0.02    0.09    2.36 v issue_stage_i.i_scoreboard/_48290_/ZN (OR4_X4)
                                         issue_stage_i.i_scoreboard/_15533_ (net)
                  0.02    0.00    2.36 v issue_stage_i.i_scoreboard/_48377_/A4 (OR4_X4)
     2    8.73    0.02    0.11    2.47 v issue_stage_i.i_scoreboard/_48377_/ZN (OR4_X4)
                                         issue_stage_i.i_scoreboard/_15619_ (net)
                  0.02    0.00    2.47 v issue_stage_i.i_scoreboard/_48378_/B3 (OAI33_X1)
     1    7.38    0.10    0.13    2.60 ^ issue_stage_i.i_scoreboard/_48378_/ZN (OAI33_X1)
                                         issue_stage_i.i_scoreboard/_15620_ (net)
                  0.10    0.00    2.60 ^ issue_stage_i.i_scoreboard/place35995/A (BUF_X2)
     1    5.98    0.01    0.04    2.64 ^ issue_stage_i.i_scoreboard/place35995/Z (BUF_X2)
                                         issue_stage_i.i_scoreboard/net35994 (net)
                  0.01    0.00    2.64 ^ issue_stage_i.i_scoreboard/_48379_/A1 (NAND4_X2)
     2    6.93    0.04    0.03    2.67 v issue_stage_i.i_scoreboard/_48379_/ZN (NAND4_X2)
                                         issue_stage_i.i_scoreboard/_15621_ (net)
                  0.04    0.00    2.67 v issue_stage_i.i_scoreboard/_48381_/B2 (AOI21_X4)
     2    8.89    0.03    0.05    2.72 ^ issue_stage_i.i_scoreboard/_48381_/ZN (AOI21_X4)
                                         issue_stage_i.i_scoreboard/_15623_ (net)
                  0.03    0.00    2.72 ^ issue_stage_i.i_scoreboard/_50913_/A2 (NOR2_X4)
     1    6.45    0.16    0.01    2.73 v issue_stage_i.i_scoreboard/_50913_/ZN (NOR2_X4)
                                         issue_stage_i.i_scoreboard/_18019_ (net)
                  0.16    0.00    2.74 v issue_stage_i.i_scoreboard/_50914_/B1 (AOI22_X4)
     2   10.34    0.04    0.09    2.83 ^ issue_stage_i.i_scoreboard/_50914_/ZN (AOI22_X4)
                                         issue_stage_i.rs1_valid_sb_iro (net)
                  0.04    0.00    2.83 ^ issue_stage_i.i_issue_read_operands/_15244_/A (INV_X4)
     2    7.68    0.01    0.01    2.84 v issue_stage_i.i_issue_read_operands/_15244_/ZN (INV_X4)
                                         issue_stage_i.i_issue_read_operands/_11708_ (net)
                  0.01    0.00    2.84 v issue_stage_i.i_issue_read_operands/_15295_/A1 (NOR2_X4)
     1    7.09    0.02    0.02    2.86 ^ issue_stage_i.i_issue_read_operands/_15295_/ZN (NOR2_X4)
                                         issue_stage_i.i_issue_read_operands/_11759_ (net)
                  0.02    0.00    2.86 ^ issue_stage_i.i_issue_read_operands/_15409_/B2 (AOI22_X4)
     1    4.05    0.01    0.02    2.88 v issue_stage_i.i_issue_read_operands/_15409_/ZN (AOI22_X4)
                                         issue_stage_i.i_issue_read_operands/_11873_ (net)
                  0.01    0.00    2.88 v issue_stage_i.i_issue_read_operands/_15681_/A (OAI221_X2)
     2    4.93    0.04    0.03    2.91 ^ issue_stage_i.i_issue_read_operands/_15681_/ZN (OAI221_X2)
                                         issue_stage_i.i_issue_read_operands/_12145_ (net)
                  0.04    0.00    2.91 ^ issue_stage_i.i_issue_read_operands/_15687_/B2 (OAI221_X2)
     2    7.11    0.03    0.04    2.95 v issue_stage_i.i_issue_read_operands/_15687_/ZN (OAI221_X2)
                                         issue_stage_i.i_issue_read_operands/_12151_ (net)
                  0.03    0.00    2.95 v issue_stage_i.i_issue_read_operands/_15689_/A1 (NOR2_X4)
     2   19.18    0.03    0.05    3.00 ^ issue_stage_i.i_issue_read_operands/_15689_/ZN (NOR2_X4)
                                         issue_stage_i.issue_ack_iro_sb (net)
                  0.03    0.01    3.01 ^ issue_stage_i.i_scoreboard/_33060_/A1 (AND2_X4)
     7   27.72    0.02    0.05    3.05 ^ issue_stage_i.i_scoreboard/_33060_/ZN (AND2_X4)
                                         issue_stage_i.i_scoreboard/_02408_ (net)
                  0.02    0.01    3.06 ^ issue_stage_i.i_scoreboard/place35660/A (BUF_X2)
     2    8.54    0.01    0.03    3.09 ^ issue_stage_i.i_scoreboard/place35660/Z (BUF_X2)
                                         issue_stage_i.i_scoreboard/net35659 (net)
                  0.01    0.00    3.09 ^ issue_stage_i.i_scoreboard/_33174_/A4 (AND4_X4)
     9   37.12    0.03    0.08    3.17 ^ issue_stage_i.i_scoreboard/_33174_/ZN (AND4_X4)
                                         issue_stage_i.i_scoreboard/_02522_ (net)
                  0.03    0.00    3.17 ^ issue_stage_i.i_scoreboard/_34476_/B2 (AOI21_X1)
     2    5.09    0.02    0.03    3.20 v issue_stage_i.i_scoreboard/_34476_/ZN (AOI21_X1)
                                         issue_stage_i.i_scoreboard/_03730_ (net)
                  0.02    0.00    3.20 v issue_stage_i.i_scoreboard/_34477_/A2 (NOR2_X2)
     2    5.35    0.02    0.04    3.24 ^ issue_stage_i.i_scoreboard/_34477_/ZN (NOR2_X2)
                                         issue_stage_i.i_scoreboard/_03731_ (net)
                  0.02    0.00    3.24 ^ issue_stage_i.i_scoreboard/_34478_/A (INV_X1)
     3    6.16    0.01    0.02    3.25 v issue_stage_i.i_scoreboard/_34478_/ZN (INV_X1)
                                         issue_stage_i.i_scoreboard/mem_n[1020] (net)
                  0.01    0.00    3.25 v issue_stage_i.i_scoreboard/_34640_/B (MUX2_X1)
     1    3.33    0.01    0.06    3.32 v issue_stage_i.i_scoreboard/_34640_/Z (MUX2_X1)
                                         issue_stage_i.i_scoreboard/_03868_ (net)
                  0.01    0.00    3.32 v issue_stage_i.i_scoreboard/_34649_/B1 (AOI222_X2)
     3   11.31    0.08    0.11    3.43 ^ issue_stage_i.i_scoreboard/_34649_/ZN (AOI222_X2)
                                         issue_stage_i.i_scoreboard/_03877_ (net)
                  0.08    0.00    3.43 ^ issue_stage_i.i_scoreboard/_34680_/B (OAI211_X2)
     2    5.03    0.02    0.04    3.47 v issue_stage_i.i_scoreboard/_34680_/ZN (OAI211_X2)
                                         issue_stage_i.i_scoreboard/_03907_ (net)
                  0.02    0.00    3.47 v issue_stage_i.i_scoreboard/_34691_/B1 (OAI221_X2)
     1   13.70    0.06    0.08    3.55 ^ issue_stage_i.i_scoreboard/_34691_/ZN (OAI221_X2)
                                         issue_stage_i.i_scoreboard/_03918_ (net)
                  0.06    0.00    3.55 ^ issue_stage_i.i_scoreboard/place34623/A (BUF_X8)
     6   23.82    0.01    0.03    3.58 ^ issue_stage_i.i_scoreboard/place34623/Z (BUF_X8)
                                         issue_stage_i.i_scoreboard/net34622 (net)
                  0.01    0.00    3.58 ^ issue_stage_i.i_scoreboard/_34693_/A2 (AND2_X4)
     6   38.10    0.02    0.04    3.62 ^ issue_stage_i.i_scoreboard/_34693_/ZN (AND2_X4)
                                         issue_stage_i.i_scoreboard/_03920_ (net)
                  0.03    0.01    3.64 ^ issue_stage_i.i_scoreboard/place34570/A (BUF_X2)
     4   10.61    0.01    0.03    3.67 ^ issue_stage_i.i_scoreboard/place34570/Z (BUF_X2)
                                         issue_stage_i.i_scoreboard/net34569 (net)
                  0.01    0.00    3.67 ^ issue_stage_i.i_scoreboard/place34568/A (BUF_X1)
     7   12.99    0.03    0.05    3.72 ^ issue_stage_i.i_scoreboard/place34568/Z (BUF_X1)
                                         issue_stage_i.i_scoreboard/net34567 (net)
                  0.03    0.00    3.72 ^ issue_stage_i.i_scoreboard/_34936_/B1 (AOI21_X1)
     1    2.10    0.02    0.02    3.74 v issue_stage_i.i_scoreboard/_34936_/ZN (AOI21_X1)
                                         issue_stage_i.i_scoreboard/_04158_ (net)
                  0.02    0.00    3.74 v issue_stage_i.i_scoreboard/_34939_/B2 (AOI221_X1)
     1    1.66    0.04    0.08    3.83 ^ issue_stage_i.i_scoreboard/_34939_/ZN (AOI221_X1)
                                         issue_stage_i.i_scoreboard/mem_n[2733] (net)
                  0.04    0.00    3.83 ^ issue_stage_i.i_scoreboard/mem_q[2733]$_DFF_PN0_/D (DFFR_X1)
                                  3.83   data arrival time

                  0.00    2.22    2.22   clock core_clock (rise edge)
                          0.00    2.22   clock network delay (ideal)
                          0.00    2.22   clock reconvergence pessimism
                                  2.22 ^ issue_stage_i.i_scoreboard/mem_q[2733]$_DFF_PN0_/CK (DFFR_X1)
                         -0.04    2.18   library setup time
                                  2.18   data required time
-----------------------------------------------------------------------------
                                  2.18   data required time
                                 -3.83   data arrival time
-----------------------------------------------------------------------------
                                 -1.65   slack (VIOLATED)



==========================================================================
global place report_checks -unconstrained
--------------------------------------------------------------------------
Startpoint: issue_stage_i.i_scoreboard/commit_pointer_q[1]$_DFF_PN0_
            (rising edge-triggered flip-flop clocked by core_clock)
Endpoint: issue_stage_i.i_scoreboard/mem_q[2733]$_DFF_PN0_
          (rising edge-triggered flip-flop clocked by core_clock)
Path Group: core_clock
Path Type: max

Fanout     Cap    Slew   Delay    Time   Description
-----------------------------------------------------------------------------
                  0.00    0.00    0.00   clock core_clock (rise edge)
                          0.00    0.00   clock network delay (ideal)
                  0.00    0.00    0.00 ^ issue_stage_i.i_scoreboard/commit_pointer_q[1]$_DFF_PN0_/CK (DFFR_X1)
     3    8.56    0.02    0.12    0.12 ^ issue_stage_i.i_scoreboard/commit_pointer_q[1]$_DFF_PN0_/Q (DFFR_X1)
                                         issue_stage_i.i_scoreboard/commit_pointer_q[1] (net)
                  0.02    0.00    0.12 ^ issue_stage_i.i_scoreboard/_59744_/A (HA_X1)
     2    7.57    0.02    0.05    0.17 ^ issue_stage_i.i_scoreboard/_59744_/CO (HA_X1)
                                         issue_stage_i.i_scoreboard/_00110_ (net)
                  0.02    0.00    0.17 ^ issue_stage_i.i_scoreboard/_33259_/A2 (AND2_X4)
     3   11.89    0.01    0.04    0.20 ^ issue_stage_i.i_scoreboard/_33259_/ZN (AND2_X4)
                                         issue_stage_i.i_scoreboard/_02605_ (net)
                  0.01    0.00    0.20 ^ issue_stage_i.i_scoreboard/_51694_/A3 (NOR3_X1)
     1    1.89    0.01    0.01    0.21 v issue_stage_i.i_scoreboard/_51694_/ZN (NOR3_X1)
                                         issue_stage_i.i_scoreboard/_18731_ (net)
                  0.01    0.00    0.21 v issue_stage_i.i_scoreboard/_51697_/A (AOI221_X1)
     1    2.95    0.05    0.08    0.29 ^ issue_stage_i.i_scoreboard/_51697_/ZN (AOI221_X1)
                                         issue_stage_i.i_scoreboard/_18734_ (net)
                  0.05    0.00    0.29 ^ issue_stage_i.i_scoreboard/_51698_/A3 (NOR3_X1)
     1    4.66    0.02    0.02    0.32 v issue_stage_i.i_scoreboard/_51698_/ZN (NOR3_X1)
                                         issue_stage_i.i_scoreboard/_18735_ (net)
                  0.02    0.00    0.32 v issue_stage_i.i_scoreboard/_51699_/A (AOI21_X1)
     1    6.86    0.04    0.07    0.39 ^ issue_stage_i.i_scoreboard/_51699_/ZN (AOI21_X1)
                                         issue_stage_i.i_scoreboard/_18736_ (net)
                  0.04    0.00    0.39 ^ issue_stage_i.i_scoreboard/_51700_/B1 (OAI21_X1)
     1    2.02    0.02    0.02    0.41 v issue_stage_i.i_scoreboard/_51700_/ZN (OAI21_X1)
                                         issue_stage_i.i_scoreboard/_18737_ (net)
                  0.02    0.00    0.41 v issue_stage_i.i_scoreboard/_51701_/B (MUX2_X1)
     1    1.64    0.01    0.06    0.47 v issue_stage_i.i_scoreboard/_51701_/Z (MUX2_X1)
                                         issue_stage_i.i_scoreboard/_18738_ (net)
                  0.01    0.00    0.47 v issue_stage_i.i_scoreboard/_51702_/B (MUX2_X1)
     1    1.43    0.01    0.06    0.53 v issue_stage_i.i_scoreboard/_51702_/Z (MUX2_X1)
                                         issue_stage_i.i_scoreboard/_18739_ (net)
                  0.01    0.00    0.53 v issue_stage_i.i_scoreboard/_51703_/B (MUX2_X1)
     2    5.20    0.01    0.07    0.60 v issue_stage_i.i_scoreboard/_51703_/Z (MUX2_X1)
                                         commit_instr_id_commit[294] (net)
                  0.01    0.00    0.60 v _05366_/A1 (NOR2_X1)
     1   12.97    0.07    0.08    0.68 ^ _05366_/ZN (NOR2_X1)
                                         _00591_ (net)
                  0.07    0.00    0.68 ^ place44023/A (BUF_X4)
     2    9.04    0.01    0.03    0.71 ^ place44023/Z (BUF_X4)
                                         net44022 (net)
                  0.01    0.00    0.71 ^ _05829_/A2 (NAND2_X1)
     2    4.90    0.02    0.02    0.73 v _05829_/ZN (NAND2_X1)
                                         _00922_ (net)
                  0.02    0.00    0.73 v _05830_/A2 (NOR2_X1)
     1    6.72    0.04    0.06    0.79 ^ _05830_/ZN (NOR2_X1)
                                         _00923_ (net)
                  0.04    0.00    0.79 ^ place43567/A (BUF_X4)
     1   13.07    0.01    0.03    0.82 ^ place43567/Z (BUF_X4)
                                         net43566 (net)
                  0.01    0.00    0.82 ^ _05831_/A1 (NAND2_X4)
     6   24.70    0.01    0.02    0.84 v _05831_/ZN (NAND2_X4)
                                         _00924_ (net)
                  0.01    0.00    0.85 v _05832_/A (INV_X2)
     3    6.79    0.01    0.02    0.87 ^ _05832_/ZN (INV_X2)
                                         _00925_ (net)
                  0.01    0.00    0.87 ^ _06073_/A2 (AND2_X4)
     2    5.96    0.01    0.03    0.90 ^ _06073_/ZN (AND2_X4)
                                         commit_stage_i.csr_op_o[5] (net)
                  0.01    0.00    0.90 ^ csr_regfile_i/_07758_/A (INV_X2)
     2    7.91    0.01    0.01    0.91 v csr_regfile_i/_07758_/ZN (INV_X2)
                                         csr_regfile_i/_02546_ (net)
                  0.01    0.00    0.91 v csr_regfile_i/_07762_/A3 (NOR3_X4)
     2    9.41    0.03    0.06    0.96 ^ csr_regfile_i/_07762_/ZN (NOR3_X4)
                                         csr_regfile_i/_02550_ (net)
                  0.03    0.00    0.96 ^ csr_regfile_i/_07768_/A (AOI21_X4)
     2    8.29    0.01    0.02    0.98 v csr_regfile_i/_07768_/ZN (AOI21_X4)
                                         csr_regfile_i/_02556_ (net)
                  0.01    0.00    0.98 v csr_regfile_i/_07769_/A1 (NOR2_X4)
     2   20.09    0.03    0.04    1.02 ^ csr_regfile_i/_07769_/ZN (NOR2_X4)
                                         csr_regfile_i/_02557_ (net)
                  0.03    0.01    1.03 ^ csr_regfile_i/_07883_/A1 (NAND4_X4)
     2    4.51    0.02    0.03    1.05 v csr_regfile_i/_07883_/ZN (NAND4_X4)
                                         csr_regfile_i/_02671_ (net)
                  0.02    0.00    1.05 v csr_regfile_i/_07956_/A1 (AND4_X4)
     2   23.72    0.01    0.04    1.10 v csr_regfile_i/_07956_/ZN (AND4_X4)
                                         csr_regfile_i/_02744_ (net)
                  0.01    0.01    1.10 v csr_regfile_i/_07991_/A2 (NOR2_X4)
     4   13.64    0.02    0.04    1.14 ^ csr_regfile_i/_07991_/ZN (NOR2_X4)
                                         csr_regfile_i/_02778_ (net)
                  0.02    0.00    1.14 ^ csr_regfile_i/_08013_/A2 (OR2_X4)
     2   19.57    0.01    0.03    1.18 ^ csr_regfile_i/_08013_/ZN (OR2_X4)
                                         commit_stage_i.csr_exception_i[0] (net)
                  0.01    0.00    1.18 ^ _05368_/A1 (NAND3_X4)
     5   18.00    0.02    0.03    1.21 v _05368_/ZN (NAND3_X4)
                                         _00593_ (net)
                  0.02    0.00    1.21 v place40937/A (BUF_X4)
    11   23.73    0.01    0.04    1.25 v place40937/Z (BUF_X4)
                                         net40936 (net)
                  0.01    0.00    1.25 v _05477_/A3 (NAND3_X1)
     1    2.10    0.02    0.02    1.27 ^ _05477_/ZN (NAND3_X1)
                                         _00685_ (net)
                  0.02    0.00    1.27 ^ _05478_/B2 (AOI21_X1)
     1    1.98    0.01    0.02    1.29 v _05478_/ZN (AOI21_X1)
                                         _00686_ (net)
                  0.01    0.00    1.29 v _05479_/A (AOI21_X1)
     1    4.80    0.04    0.06    1.34 ^ _05479_/ZN (AOI21_X1)
                                         _00687_ (net)
                  0.04    0.00    1.34 ^ _05480_/A2 (NOR2_X1)
     2    4.91    0.02    0.02    1.36 v _05480_/ZN (NOR2_X1)
                                         commit_stage_i.exception_o[114] (net)
                  0.02    0.00    1.36 v csr_regfile_i/_08853_/A4 (NOR4_X1)
     1    7.23    0.09    0.14    1.51 ^ csr_regfile_i/_08853_/ZN (NOR4_X1)
                                         csr_regfile_i/_03616_ (net)
                  0.09    0.00    1.51 ^ csr_regfile_i/_08856_/A1 (NAND4_X1)
     2    3.98    0.04    0.05    1.56 v csr_regfile_i/_08856_/ZN (NAND4_X1)
                                         csr_regfile_i/_03619_ (net)
                  0.04    0.00    1.56 v csr_regfile_i/_09159_/A3 (NOR3_X1)
     1    2.49    0.03    0.06    1.63 ^ csr_regfile_i/_09159_/ZN (NOR3_X1)
                                         csr_regfile_i/_03901_ (net)
                  0.03    0.00    1.63 ^ csr_regfile_i/_09160_/A3 (NAND3_X1)
     1   14.53    0.04    0.06    1.69 v csr_regfile_i/_09160_/ZN (NAND3_X1)
                                         csr_regfile_i/_03902_ (net)
                  0.04    0.00    1.69 v csr_regfile_i/place37950/A (BUF_X4)
     2    7.97    0.01    0.04    1.73 v csr_regfile_i/place37950/Z (BUF_X4)
                                         csr_regfile_i/net37949 (net)
                  0.01    0.00    1.73 v csr_regfile_i/_13887_/B1 (OAI21_X4)
     2   12.83    0.03    0.03    1.77 ^ csr_regfile_i/_13887_/ZN (OAI21_X4)
                                         controller_i.set_debug_pc_i (net)
                  0.03    0.00    1.77 ^ _05388_/A1 (NOR3_X4)
     1    6.66    0.01    0.01    1.78 v _05388_/ZN (NOR3_X4)
                                         _00612_ (net)
                  0.01    0.00    1.78 v _05389_/A1 (NAND2_X4)
     3   38.19    0.02    0.03    1.81 ^ _05389_/ZN (NAND2_X4)
                                         controller_i.flush_ex_o (net)
                  0.03    0.02    1.83 ^ ex_stage_i/place36955/A (BUF_X8)
     2   49.50    0.01    0.03    1.86 ^ ex_stage_i/place36955/Z (BUF_X8)
                                         ex_stage_i/net36954 (net)
                  0.03    0.02    1.88 ^ ex_stage_i/_24918_/A (INV_X16)
     3    8.18    0.01    0.01    1.89 v ex_stage_i/_24918_/ZN (INV_X16)
                                         ex_stage_i/_06613_ (net)
                  0.01    0.00    1.89 v ex_stage_i/_27495_/B1 (AOI21_X4)
     2    8.98    0.03    0.03    1.92 ^ ex_stage_i/_27495_/ZN (AOI21_X4)
                                         ex_stage_i/_08770_ (net)
                  0.03    0.00    1.92 ^ ex_stage_i/_27496_/A1 (NOR2_X4)
     4   45.95    0.02    0.02    1.94 v ex_stage_i/_27496_/ZN (NOR2_X4)
                                         ex_stage_i/_08771_ (net)
                  0.04    0.03    1.97 v ex_stage_i/_27498_/S (MUX2_X2)
     9   29.52    0.04    0.10    2.07 ^ ex_stage_i/_27498_/Z (MUX2_X2)
                                         flu_trans_id_ex_id[1] (net)
                  0.04    0.00    2.07 ^ issue_stage_i.i_scoreboard/place36506/A (BUF_X2)
     6   20.81    0.03    0.05    2.12 ^ issue_stage_i.i_scoreboard/place36506/Z (BUF_X2)
                                         issue_stage_i.i_scoreboard/net36505 (net)
                  0.03    0.00    2.12 ^ issue_stage_i.i_scoreboard/_33066_/A (INV_X1)
     3    7.92    0.01    0.02    2.14 v issue_stage_i.i_scoreboard/_33066_/ZN (INV_X1)
                                         issue_stage_i.i_scoreboard/_02414_ (net)
                  0.01    0.00    2.14 v issue_stage_i.i_scoreboard/place36366/A (BUF_X4)
     1    5.86    0.01    0.03    2.17 v issue_stage_i.i_scoreboard/place36366/Z (BUF_X4)
                                         issue_stage_i.i_scoreboard/net36365 (net)
                  0.01    0.00    2.17 v issue_stage_i.i_scoreboard/_48242_/A2 (NOR3_X4)
     1    7.33    0.03    0.05    2.22 ^ issue_stage_i.i_scoreboard/_48242_/ZN (NOR3_X4)
                                         issue_stage_i.i_scoreboard/_15485_ (net)
                  0.03    0.00    2.22 ^ issue_stage_i.i_scoreboard/_48250_/A1 (NOR4_X4)
     3    7.42    0.01    0.01    2.23 v issue_stage_i.i_scoreboard/_48250_/ZN (NOR4_X4)
                                         issue_stage_i.i_scoreboard/_15493_ (net)
                  0.01    0.00    2.23 v issue_stage_i.i_scoreboard/_48288_/A (XNOR2_X2)
     1    2.97    0.02    0.04    2.27 v issue_stage_i.i_scoreboard/_48288_/ZN (XNOR2_X2)
                                         issue_stage_i.i_scoreboard/_15531_ (net)
                  0.02    0.00    2.27 v issue_stage_i.i_scoreboard/_48290_/A2 (OR4_X4)
     2    6.23    0.02    0.09    2.36 v issue_stage_i.i_scoreboard/_48290_/ZN (OR4_X4)
                                         issue_stage_i.i_scoreboard/_15533_ (net)
                  0.02    0.00    2.36 v issue_stage_i.i_scoreboard/_48377_/A4 (OR4_X4)
     2    8.73    0.02    0.11    2.47 v issue_stage_i.i_scoreboard/_48377_/ZN (OR4_X4)
                                         issue_stage_i.i_scoreboard/_15619_ (net)
                  0.02    0.00    2.47 v issue_stage_i.i_scoreboard/_48378_/B3 (OAI33_X1)
     1    7.38    0.10    0.13    2.60 ^ issue_stage_i.i_scoreboard/_48378_/ZN (OAI33_X1)
                                         issue_stage_i.i_scoreboard/_15620_ (net)
                  0.10    0.00    2.60 ^ issue_stage_i.i_scoreboard/place35995/A (BUF_X2)
     1    5.98    0.01    0.04    2.64 ^ issue_stage_i.i_scoreboard/place35995/Z (BUF_X2)
                                         issue_stage_i.i_scoreboard/net35994 (net)
                  0.01    0.00    2.64 ^ issue_stage_i.i_scoreboard/_48379_/A1 (NAND4_X2)
     2    6.93    0.04    0.03    2.67 v issue_stage_i.i_scoreboard/_48379_/ZN (NAND4_X2)
                                         issue_stage_i.i_scoreboard/_15621_ (net)
                  0.04    0.00    2.67 v issue_stage_i.i_scoreboard/_48381_/B2 (AOI21_X4)
     2    8.89    0.03    0.05    2.72 ^ issue_stage_i.i_scoreboard/_48381_/ZN (AOI21_X4)
                                         issue_stage_i.i_scoreboard/_15623_ (net)
                  0.03    0.00    2.72 ^ issue_stage_i.i_scoreboard/_50913_/A2 (NOR2_X4)
     1    6.45    0.16    0.01    2.73 v issue_stage_i.i_scoreboard/_50913_/ZN (NOR2_X4)
                                         issue_stage_i.i_scoreboard/_18019_ (net)
                  0.16    0.00    2.74 v issue_stage_i.i_scoreboard/_50914_/B1 (AOI22_X4)
     2   10.34    0.04    0.09    2.83 ^ issue_stage_i.i_scoreboard/_50914_/ZN (AOI22_X4)
                                         issue_stage_i.rs1_valid_sb_iro (net)
                  0.04    0.00    2.83 ^ issue_stage_i.i_issue_read_operands/_15244_/A (INV_X4)
     2    7.68    0.01    0.01    2.84 v issue_stage_i.i_issue_read_operands/_15244_/ZN (INV_X4)
                                         issue_stage_i.i_issue_read_operands/_11708_ (net)
                  0.01    0.00    2.84 v issue_stage_i.i_issue_read_operands/_15295_/A1 (NOR2_X4)
     1    7.09    0.02    0.02    2.86 ^ issue_stage_i.i_issue_read_operands/_15295_/ZN (NOR2_X4)
                                         issue_stage_i.i_issue_read_operands/_11759_ (net)
                  0.02    0.00    2.86 ^ issue_stage_i.i_issue_read_operands/_15409_/B2 (AOI22_X4)
     1    4.05    0.01    0.02    2.88 v issue_stage_i.i_issue_read_operands/_15409_/ZN (AOI22_X4)
                                         issue_stage_i.i_issue_read_operands/_11873_ (net)
                  0.01    0.00    2.88 v issue_stage_i.i_issue_read_operands/_15681_/A (OAI221_X2)
     2    4.93    0.04    0.03    2.91 ^ issue_stage_i.i_issue_read_operands/_15681_/ZN (OAI221_X2)
                                         issue_stage_i.i_issue_read_operands/_12145_ (net)
                  0.04    0.00    2.91 ^ issue_stage_i.i_issue_read_operands/_15687_/B2 (OAI221_X2)
     2    7.11    0.03    0.04    2.95 v issue_stage_i.i_issue_read_operands/_15687_/ZN (OAI221_X2)
                                         issue_stage_i.i_issue_read_operands/_12151_ (net)
                  0.03    0.00    2.95 v issue_stage_i.i_issue_read_operands/_15689_/A1 (NOR2_X4)
     2   19.18    0.03    0.05    3.00 ^ issue_stage_i.i_issue_read_operands/_15689_/ZN (NOR2_X4)
                                         issue_stage_i.issue_ack_iro_sb (net)
                  0.03    0.01    3.01 ^ issue_stage_i.i_scoreboard/_33060_/A1 (AND2_X4)
     7   27.72    0.02    0.05    3.05 ^ issue_stage_i.i_scoreboard/_33060_/ZN (AND2_X4)
                                         issue_stage_i.i_scoreboard/_02408_ (net)
                  0.02    0.01    3.06 ^ issue_stage_i.i_scoreboard/place35660/A (BUF_X2)
     2    8.54    0.01    0.03    3.09 ^ issue_stage_i.i_scoreboard/place35660/Z (BUF_X2)
                                         issue_stage_i.i_scoreboard/net35659 (net)
                  0.01    0.00    3.09 ^ issue_stage_i.i_scoreboard/_33174_/A4 (AND4_X4)
     9   37.12    0.03    0.08    3.17 ^ issue_stage_i.i_scoreboard/_33174_/ZN (AND4_X4)
                                         issue_stage_i.i_scoreboard/_02522_ (net)
                  0.03    0.00    3.17 ^ issue_stage_i.i_scoreboard/_34476_/B2 (AOI21_X1)
     2    5.09    0.02    0.03    3.20 v issue_stage_i.i_scoreboard/_34476_/ZN (AOI21_X1)
                                         issue_stage_i.i_scoreboard/_03730_ (net)
                  0.02    0.00    3.20 v issue_stage_i.i_scoreboard/_34477_/A2 (NOR2_X2)
     2    5.35    0.02    0.04    3.24 ^ issue_stage_i.i_scoreboard/_34477_/ZN (NOR2_X2)
                                         issue_stage_i.i_scoreboard/_03731_ (net)
                  0.02    0.00    3.24 ^ issue_stage_i.i_scoreboard/_34478_/A (INV_X1)
     3    6.16    0.01    0.02    3.25 v issue_stage_i.i_scoreboard/_34478_/ZN (INV_X1)
                                         issue_stage_i.i_scoreboard/mem_n[1020] (net)
                  0.01    0.00    3.25 v issue_stage_i.i_scoreboard/_34640_/B (MUX2_X1)
     1    3.33    0.01    0.06    3.32 v issue_stage_i.i_scoreboard/_34640_/Z (MUX2_X1)
                                         issue_stage_i.i_scoreboard/_03868_ (net)
                  0.01    0.00    3.32 v issue_stage_i.i_scoreboard/_34649_/B1 (AOI222_X2)
     3   11.31    0.08    0.11    3.43 ^ issue_stage_i.i_scoreboard/_34649_/ZN (AOI222_X2)
                                         issue_stage_i.i_scoreboard/_03877_ (net)
                  0.08    0.00    3.43 ^ issue_stage_i.i_scoreboard/_34680_/B (OAI211_X2)
     2    5.03    0.02    0.04    3.47 v issue_stage_i.i_scoreboard/_34680_/ZN (OAI211_X2)
                                         issue_stage_i.i_scoreboard/_03907_ (net)
                  0.02    0.00    3.47 v issue_stage_i.i_scoreboard/_34691_/B1 (OAI221_X2)
     1   13.70    0.06    0.08    3.55 ^ issue_stage_i.i_scoreboard/_34691_/ZN (OAI221_X2)
                                         issue_stage_i.i_scoreboard/_03918_ (net)
                  0.06    0.00    3.55 ^ issue_stage_i.i_scoreboard/place34623/A (BUF_X8)
     6   23.82    0.01    0.03    3.58 ^ issue_stage_i.i_scoreboard/place34623/Z (BUF_X8)
                                         issue_stage_i.i_scoreboard/net34622 (net)
                  0.01    0.00    3.58 ^ issue_stage_i.i_scoreboard/_34693_/A2 (AND2_X4)
     6   38.10    0.02    0.04    3.62 ^ issue_stage_i.i_scoreboard/_34693_/ZN (AND2_X4)
                                         issue_stage_i.i_scoreboard/_03920_ (net)
                  0.03    0.01    3.64 ^ issue_stage_i.i_scoreboard/place34570/A (BUF_X2)
     4   10.61    0.01    0.03    3.67 ^ issue_stage_i.i_scoreboard/place34570/Z (BUF_X2)
                                         issue_stage_i.i_scoreboard/net34569 (net)
                  0.01    0.00    3.67 ^ issue_stage_i.i_scoreboard/place34568/A (BUF_X1)
     7   12.99    0.03    0.05    3.72 ^ issue_stage_i.i_scoreboard/place34568/Z (BUF_X1)
                                         issue_stage_i.i_scoreboard/net34567 (net)
                  0.03    0.00    3.72 ^ issue_stage_i.i_scoreboard/_34936_/B1 (AOI21_X1)
     1    2.10    0.02    0.02    3.74 v issue_stage_i.i_scoreboard/_34936_/ZN (AOI21_X1)
                                         issue_stage_i.i_scoreboard/_04158_ (net)
                  0.02    0.00    3.74 v issue_stage_i.i_scoreboard/_34939_/B2 (AOI221_X1)
     1    1.66    0.04    0.08    3.83 ^ issue_stage_i.i_scoreboard/_34939_/ZN (AOI221_X1)
                                         issue_stage_i.i_scoreboard/mem_n[2733] (net)
                  0.04    0.00    3.83 ^ issue_stage_i.i_scoreboard/mem_q[2733]$_DFF_PN0_/D (DFFR_X1)
                                  3.83   data arrival time

                  0.00    2.22    2.22   clock core_clock (rise edge)
                          0.00    2.22   clock network delay (ideal)
                          0.00    2.22   clock reconvergence pessimism
                                  2.22 ^ issue_stage_i.i_scoreboard/mem_q[2733]$_DFF_PN0_/CK (DFFR_X1)
                         -0.04    2.18   library setup time
                                  2.18   data required time
-----------------------------------------------------------------------------
                                  2.18   data required time
                                 -3.83   data arrival time
-----------------------------------------------------------------------------
                                 -1.65   slack (VIOLATED)



==========================================================================
global place report_power
--------------------------------------------------------------------------
Group                  Internal  Switching    Leakage      Total
                          Power      Power      Power      Power (Watts)
----------------------------------------------------------------
Sequential             6.86e-02   2.98e-03   1.66e-03   7.32e-02  25.3%
Combinational          9.83e-03   1.68e-02   4.98e-03   3.16e-02  10.9%
Clock                  0.00e+00   0.00e+00   0.00e+00   0.00e+00   0.0%
Macro                  1.62e-01   0.00e+00   2.24e-02   1.85e-01  63.8%
Pad                    0.00e+00   0.00e+00   0.00e+00   0.00e+00   0.0%
----------------------------------------------------------------
Total                  2.41e-01   1.98e-02   2.91e-02   2.90e-01 100.0%
                          83.1%       6.8%      10.0%
